<?xml version="1.0" encoding="UTF-8"?>
<testsuite name="com.app.server.service.PasswordAlgoTestCase" tests="4" skipped="0" failures="0" errors="0" timestamp="2016-02-29T10:06:54" hostname="120b32218eb5" time="0.745">
  <properties/>
  <testcase name="test1Save" classname="com.app.server.service.PasswordAlgoTestCase" time="0.288"/>
  <testcase name="test2Update" classname="com.app.server.service.PasswordAlgoTestCase" time="0.308"/>
  <testcase name="test3FindById" classname="com.app.server.service.PasswordAlgoTestCase" time="0.012"/>
  <testcase name="test4Delete" classname="com.app.server.service.PasswordAlgoTestCase" time="0.137"/>
  <system-out><![CDATA[Setting logged in user info for ADD
[EL Fine]: sql: 2016-02-29 10:06:55.079--ClientSession(794795607)--Connection(1135926036)--Thread(Thread[Test worker,5,main])--INSERT INTO ast_PasswordAlgo_M (algoId, algoDescription, algoHelp, algoIcon, algoName, algorithm, versionId, createdBy, createdDate, updatedBy, updatedDate, activeStatus, txnAccessCode) VALUES (?, ?, ?, ?, ?, ?, ?, ?, ?, ?, ?, ?, ?)
	bind => [8A050E9B-3B9A-4315-87EC-6486C15E8E81, 8l5lixghPfsBOfLQxCf65Y5xtaEHUjvVrNT1fgELbb3YwVUGUI, SamxQePFpW9f8EBMkvLVqjAHXwUr8d9bLGo5iLYjBBlRkzTzmk, IzF9vJoKS0lsTz8g0U3RVHyiWAaNNghiYN8QfMgfWuUwduluqk, RZK9K3OuinUrUxxGNvBf35SomeOWlc9a0NYXWPvSkSG5nE56vm, 2, 1, AAAAA, 2016-02-29 10:06:54.999, null, 2016-02-29 10:06:54.999, 1, 51000]
[EL Fine]: sql: 2016-02-29 10:06:55.275--ClientSession(1250883355)--Connection(1135926036)--Thread(Thread[Test worker,5,main])--SELECT algoId, algoDescription, algoHelp, algoIcon, algoName, algorithm, versionId, createdBy, createdDate, updatedBy, updatedDate, activeStatus, txnAccessCode FROM ast_PasswordAlgo_M WHERE ((activeStatus = ?) AND (algoId = ?))
	bind => [1, 8A050E9B-3B9A-4315-87EC-6486C15E8E81]
Setting logged in user info for UPDATE
[EL Fine]: sql: 2016-02-29 10:06:55.288--ClientSession(299741707)--Connection(1135926036)--Thread(Thread[Test worker,5,main])--SELECT algoId, algoDescription, algoHelp, algoIcon, algoName, algorithm, versionId, createdBy, createdDate, updatedBy, updatedDate, activeStatus, txnAccessCode FROM ast_PasswordAlgo_M WHERE (algoId = ?)
	bind => [8A050E9B-3B9A-4315-87EC-6486C15E8E81]
[EL Fine]: sql: 2016-02-29 10:06:55.291--ClientSession(299741707)--Connection(1135926036)--Thread(Thread[Test worker,5,main])--UPDATE ast_PasswordAlgo_M SET algoDescription = ?, algoHelp = ?, algoIcon = ?, algoName = ?, updatedBy = ?, versionId = ? WHERE ((algoId = ?) AND (versionId = ?))
	bind => [OFWsUXXIFVLdLfZ6N816P2M5wCBlx0nPhFGuoPNuzARJmPTf5P, vPaoOKetxI3B5aTn31S3bZbLzgdigAv6oitlEpIXShYw3Rpu1g, 7d4kIIcd6pGGdwmb5orBp4d3OIMGbQ3XfqZW8jMKG0zvDTyYkV, wHQGdRkw2JGRqaZgcikbZxh2Ni2hTpbAekkMu4W2i4UvKulldE, AAAAA, 2, 8A050E9B-3B9A-4315-87EC-6486C15E8E81, 1]
[EL Fine]: sql: 2016-02-29 10:06:55.583--ClientSession(802113002)--Connection(1135926036)--Thread(Thread[Test worker,5,main])--SELECT algoId, algoDescription, algoHelp, algoIcon, algoName, algorithm, versionId, createdBy, createdDate, updatedBy, updatedDate, activeStatus, txnAccessCode FROM ast_PasswordAlgo_M WHERE ((activeStatus = ?) AND (algoId = ?))
	bind => [1, 8A050E9B-3B9A-4315-87EC-6486C15E8E81]
[EL Fine]: sql: 2016-02-29 10:06:55.595--ClientSession(704715108)--Connection(1135926036)--Thread(Thread[Test worker,5,main])--SELECT algoId, algoDescription, algoHelp, algoIcon, algoName, algorithm, versionId, createdBy, createdDate, updatedBy, updatedDate, activeStatus, txnAccessCode FROM ast_PasswordAlgo_M WHERE (algoId = ?)
	bind => [8A050E9B-3B9A-4315-87EC-6486C15E8E81]
[EL Fine]: sql: 2016-02-29 10:06:55.598--ClientSession(704715108)--Connection(1135926036)--Thread(Thread[Test worker,5,main])--DELETE FROM ast_PasswordAlgo_M WHERE ((algoId = ?) AND (versionId = ?))
	bind => [8A050E9B-3B9A-4315-87EC-6486C15E8E81, 2]
]]></system-out>
  <system-err><![CDATA[]]></system-err>
</testsuite>
