<?xml version="1.0" encoding="UTF-8"?>
<testsuite name="testprj.app.server.service.UserAccessLevelTestCase" tests="4" skipped="0" failures="0" errors="0" timestamp="2016-01-18T07:13:50" hostname="a7571ca6abc2" time="0.255">
  <properties/>
  <testcase name="test1Save" classname="testprj.app.server.service.UserAccessLevelTestCase" time="0.089"/>
  <testcase name="test2Update" classname="testprj.app.server.service.UserAccessLevelTestCase" time="0.058"/>
  <testcase name="test3FindById" classname="testprj.app.server.service.UserAccessLevelTestCase" time="0.008"/>
  <testcase name="test4Delete" classname="testprj.app.server.service.UserAccessLevelTestCase" time="0.099"/>
  <system-out><![CDATA[Setting logged in user info for ADD
[EL Fine]: sql: 2016-01-18 07:13:50.178--ClientSession(1192398894)--Connection(322858583)--Thread(Thread[Test worker,5,main])--INSERT INTO ast_UserAccessLevel_M (userAccessLevelId, levelDescription, levelHelp, levelIcon, levelName, userAccessLevel, versionId, createdBy, createdDate, updatedBy, updatedDate, activeStatus, txnAccessCode) VALUES (?, ?, ?, ?, ?, ?, ?, ?, ?, ?, ?, ?, ?)
	bind => [2EA523D1-A090-4C88-90A0-055D9D5FC57F, bdoK0ao6wemH566hsm47tx2vyJZc4skgxy87HxSUa1STG6z2MX, YFEljBuJaeZ80WsEuZgXMkVnCNIFWZpWXBGsrzxM5VVX0vO1xi, P7lhBPfTDGZy9o3SV1cFOGjwTKxiZjBBIAksBY7Wfqycm128UT, MScfmjafaiQkgMmMdAnPy9KQJRlgE8J3VGVVew86bGx77Yg6Cc, 72680, 1, AAAAA, 2016-01-18 07:13:50.142, null, 2016-01-18 07:13:50.142, 1, null]
[EL Fine]: sql: 2016-01-18 07:13:50.225--ClientSession(1554731450)--Connection(322858583)--Thread(Thread[Test worker,5,main])--SELECT userAccessLevelId, levelDescription, levelHelp, levelIcon, levelName, userAccessLevel, versionId, createdBy, createdDate, updatedBy, updatedDate, activeStatus, txnAccessCode FROM ast_UserAccessLevel_M WHERE ((activeStatus = ?) AND (userAccessLevelId = ?))
	bind => [1, 2EA523D1-A090-4C88-90A0-055D9D5FC57F]
Setting logged in user info for UPDATE
[EL Fine]: sql: 2016-01-18 07:13:50.229--ClientSession(799176355)--Connection(322858583)--Thread(Thread[Test worker,5,main])--SELECT userAccessLevelId, levelDescription, levelHelp, levelIcon, levelName, userAccessLevel, versionId, createdBy, createdDate, updatedBy, updatedDate, activeStatus, txnAccessCode FROM ast_UserAccessLevel_M WHERE (userAccessLevelId = ?)
	bind => [2EA523D1-A090-4C88-90A0-055D9D5FC57F]
[EL Fine]: sql: 2016-01-18 07:13:50.232--ClientSession(799176355)--Connection(322858583)--Thread(Thread[Test worker,5,main])--UPDATE ast_UserAccessLevel_M SET levelDescription = ?, levelHelp = ?, levelIcon = ?, levelName = ?, userAccessLevel = ?, updatedBy = ?, versionId = ? WHERE ((userAccessLevelId = ?) AND (versionId = ?))
	bind => [tYSO0ImDSZaNcMGKBcEnwgZl3UaX6fIxBGmf8gfRLEMFe2SNac, scRgfGlRtQ2XdqgKTK0rrROSsdSN8g61UjqQUhc55B2YpQGJW7, VDwVhyvwMtGq0ZwoktAN4Bcqv1KbYCvuIZKKb8jCWDDoKebjzZ, ACsQaf0VBk9moFaC8TwukxhyaL4HLke1mxqDlYpuFFvE3diI3D, 23730, AAAAA, 2, 2EA523D1-A090-4C88-90A0-055D9D5FC57F, 1]
[EL Fine]: sql: 2016-01-18 07:13:50.282--ClientSession(472983066)--Connection(322858583)--Thread(Thread[Test worker,5,main])--SELECT userAccessLevelId, levelDescription, levelHelp, levelIcon, levelName, userAccessLevel, versionId, createdBy, createdDate, updatedBy, updatedDate, activeStatus, txnAccessCode FROM ast_UserAccessLevel_M WHERE ((activeStatus = ?) AND (userAccessLevelId = ?))
	bind => [1, 2EA523D1-A090-4C88-90A0-055D9D5FC57F]
[EL Fine]: sql: 2016-01-18 07:13:50.293--ClientSession(309190033)--Connection(322858583)--Thread(Thread[Test worker,5,main])--SELECT userAccessLevelId, levelDescription, levelHelp, levelIcon, levelName, userAccessLevel, versionId, createdBy, createdDate, updatedBy, updatedDate, activeStatus, txnAccessCode FROM ast_UserAccessLevel_M WHERE (userAccessLevelId = ?)
	bind => [2EA523D1-A090-4C88-90A0-055D9D5FC57F]
[EL Fine]: sql: 2016-01-18 07:13:50.295--ClientSession(309190033)--Connection(322858583)--Thread(Thread[Test worker,5,main])--DELETE FROM ast_UserAccessLevel_M WHERE ((userAccessLevelId = ?) AND (versionId = ?))
	bind => [2EA523D1-A090-4C88-90A0-055D9D5FC57F, 2]
]]></system-out>
  <system-err><![CDATA[]]></system-err>
</testsuite>
