<?xml version="1.0" encoding="UTF-8"?>
<testsuite name="testprj.app.server.service.ChannelTestCase" tests="4" skipped="0" failures="0" errors="0" timestamp="2016-01-14T05:41:10" hostname="efc0db31f0e6" time="0.41">
  <properties/>
  <testcase name="test1Save" classname="testprj.app.server.service.ChannelTestCase" time="0.201"/>
  <testcase name="test2Update" classname="testprj.app.server.service.ChannelTestCase" time="0.15"/>
  <testcase name="test3FindById" classname="testprj.app.server.service.ChannelTestCase" time="0.009"/>
  <testcase name="test4Delete" classname="testprj.app.server.service.ChannelTestCase" time="0.05"/>
  <system-out><![CDATA[Setting logged in user info for ADD
[EL Fine]: sql: 2016-01-14 05:41:10.972--ClientSession(793842768)--Connection(434344004)--Thread(Thread[Test worker,5,main])--INSERT INTO ast_Channel_M (channelId, channel, versionId, createdBy, createdDate, updatedBy, updatedDate, activeStatus, txnAccessCode) VALUES (?, ?, ?, ?, ?, ?, ?, ?, ?)
	bind => [370F3F90-DDFA-4301-9156-9F1D451E0A98, nS1yY8UF8y7Uqz05tj8Vuzd8q780MFUMIQiCKi6ObFep1cUzey, 1, AAAAA, 2016-01-14 05:41:10.937, null, 2016-01-14 05:41:10.937, 1, null]
[EL Fine]: sql: 2016-01-14 05:41:11.131--ClientSession(967305469)--Connection(434344004)--Thread(Thread[Test worker,5,main])--SELECT channelId, channel, versionId, createdBy, createdDate, updatedBy, updatedDate, activeStatus, txnAccessCode FROM ast_Channel_M WHERE ((activeStatus = ?) AND (channelId = ?))
	bind => [1, 370F3F90-DDFA-4301-9156-9F1D451E0A98]
Setting logged in user info for UPDATE
[EL Fine]: sql: 2016-01-14 05:41:11.135--ClientSession(2062123946)--Connection(434344004)--Thread(Thread[Test worker,5,main])--SELECT channelId, channel, versionId, createdBy, createdDate, updatedBy, updatedDate, activeStatus, txnAccessCode FROM ast_Channel_M WHERE (channelId = ?)
	bind => [370F3F90-DDFA-4301-9156-9F1D451E0A98]
[EL Fine]: sql: 2016-01-14 05:41:11.137--ClientSession(2062123946)--Connection(434344004)--Thread(Thread[Test worker,5,main])--UPDATE ast_Channel_M SET channel = ?, updatedBy = ?, versionId = ? WHERE ((channelId = ?) AND (versionId = ?))
	bind => [BnRwBMZoTirLvONiWN6MFjxG7Hv7fzSKXdDZqrStghL4Bgace8, AAAAA, 2, 370F3F90-DDFA-4301-9156-9F1D451E0A98, 1]
[EL Fine]: sql: 2016-01-14 05:41:11.281--ClientSession(1487866322)--Connection(434344004)--Thread(Thread[Test worker,5,main])--SELECT channelId, channel, versionId, createdBy, createdDate, updatedBy, updatedDate, activeStatus, txnAccessCode FROM ast_Channel_M WHERE ((activeStatus = ?) AND (channelId = ?))
	bind => [1, 370F3F90-DDFA-4301-9156-9F1D451E0A98]
[EL Fine]: sql: 2016-01-14 05:41:11.287--ClientSession(493196033)--Connection(434344004)--Thread(Thread[Test worker,5,main])--SELECT channelId, channel, versionId, createdBy, createdDate, updatedBy, updatedDate, activeStatus, txnAccessCode FROM ast_Channel_M WHERE (channelId = ?)
	bind => [370F3F90-DDFA-4301-9156-9F1D451E0A98]
[EL Fine]: sql: 2016-01-14 05:41:11.288--ClientSession(493196033)--Connection(434344004)--Thread(Thread[Test worker,5,main])--DELETE FROM ast_Channel_M WHERE ((channelId = ?) AND (versionId = ?))
	bind => [370F3F90-DDFA-4301-9156-9F1D451E0A98, 2]
]]></system-out>
  <system-err><![CDATA[]]></system-err>
</testsuite>
