<?xml version="1.0" encoding="UTF-8"?>
<testsuite name="testprj.app.server.service.QuestionTestCase" tests="4" skipped="0" failures="0" errors="0" timestamp="2016-01-14T05:41:13" hostname="efc0db31f0e6" time="0.157">
  <properties/>
  <testcase name="test1Save" classname="testprj.app.server.service.QuestionTestCase" time="0.065"/>
  <testcase name="test2Update" classname="testprj.app.server.service.QuestionTestCase" time="0.042"/>
  <testcase name="test3FindById" classname="testprj.app.server.service.QuestionTestCase" time="0.007"/>
  <testcase name="test4Delete" classname="testprj.app.server.service.QuestionTestCase" time="0.043"/>
  <system-out><![CDATA[Setting logged in user info for ADD
[EL Fine]: sql: 2016-01-14 05:41:13.159--ClientSession(319865101)--Connection(434344004)--Thread(Thread[Test worker,5,main])--INSERT INTO ast_Question_M (questionId, levelid, question, questionDetails, questionIcon, versionId, createdBy, createdDate, updatedBy, updatedDate, activeStatus, txnAccessCode) VALUES (?, ?, ?, ?, ?, ?, ?, ?, ?, ?, ?, ?)
	bind => [8B14198A-256B-420F-B830-9ACB72DF98AD, 10, 7jreNNwjZ2gIA4YtWtdub0UiKdTzT3b3LXsLIc7q2WTEFHE5q7, 0Z2, herPo8hFtPknfcKTMmYe44hA0jmGCMIO9dPfwVyTfz9EzcgYHL, 1, AAAAA, 2016-01-14 05:41:13.139, null, 2016-01-14 05:41:13.139, 1, null]
[EL Fine]: sql: 2016-01-14 05:41:13.199--ClientSession(236106122)--Connection(434344004)--Thread(Thread[Test worker,5,main])--SELECT questionId, levelid, question, questionDetails, questionIcon, versionId, createdBy, createdDate, updatedBy, updatedDate, activeStatus, txnAccessCode FROM ast_Question_M WHERE ((activeStatus = ?) AND (questionId = ?))
	bind => [1, 8B14198A-256B-420F-B830-9ACB72DF98AD]
Setting logged in user info for UPDATE
[EL Fine]: sql: 2016-01-14 05:41:13.201--ClientSession(700384921)--Connection(434344004)--Thread(Thread[Test worker,5,main])--SELECT questionId, levelid, question, questionDetails, questionIcon, versionId, createdBy, createdDate, updatedBy, updatedDate, activeStatus, txnAccessCode FROM ast_Question_M WHERE (questionId = ?)
	bind => [8B14198A-256B-420F-B830-9ACB72DF98AD]
[EL Fine]: sql: 2016-01-14 05:41:13.202--ClientSession(700384921)--Connection(434344004)--Thread(Thread[Test worker,5,main])--UPDATE ast_Question_M SET levelid = ?, question = ?, questionDetails = ?, questionIcon = ?, updatedBy = ?, versionId = ? WHERE ((questionId = ?) AND (versionId = ?))
	bind => [5, snFrnHQpVvB7t3j5vZmhsaDYZDRczgMs7wvCPos4suW0xNf9Sk, hJ3, PUehjbDeS9x5CLOxGcrG3fPeofGvMEudk2m20B7XQCQZ1uYbh8, AAAAA, 2, 8B14198A-256B-420F-B830-9ACB72DF98AD, 1]
[EL Fine]: sql: 2016-01-14 05:41:13.243--ClientSession(567216260)--Connection(434344004)--Thread(Thread[Test worker,5,main])--SELECT questionId, levelid, question, questionDetails, questionIcon, versionId, createdBy, createdDate, updatedBy, updatedDate, activeStatus, txnAccessCode FROM ast_Question_M WHERE ((activeStatus = ?) AND (questionId = ?))
	bind => [1, 8B14198A-256B-420F-B830-9ACB72DF98AD]
[EL Fine]: sql: 2016-01-14 05:41:13.251--ClientSession(1742600335)--Connection(434344004)--Thread(Thread[Test worker,5,main])--SELECT questionId, levelid, question, questionDetails, questionIcon, versionId, createdBy, createdDate, updatedBy, updatedDate, activeStatus, txnAccessCode FROM ast_Question_M WHERE (questionId = ?)
	bind => [8B14198A-256B-420F-B830-9ACB72DF98AD]
[EL Fine]: sql: 2016-01-14 05:41:13.253--ClientSession(1742600335)--Connection(434344004)--Thread(Thread[Test worker,5,main])--DELETE FROM ast_Question_M WHERE ((questionId = ?) AND (versionId = ?))
	bind => [8B14198A-256B-420F-B830-9ACB72DF98AD, 2]
]]></system-out>
  <system-err><![CDATA[]]></system-err>
</testsuite>
