<?xml version="1.0" encoding="UTF-8"?>
<testsuite name="testprj.app.server.service.AppCustomerCategoryTestCase" tests="4" skipped="0" failures="0" errors="0" timestamp="2016-01-18T07:13:48" hostname="a7571ca6abc2" time="0.306">
  <properties/>
  <testcase name="test1Save" classname="testprj.app.server.service.AppCustomerCategoryTestCase" time="0.091"/>
  <testcase name="test2Update" classname="testprj.app.server.service.AppCustomerCategoryTestCase" time="0.156"/>
  <testcase name="test3FindById" classname="testprj.app.server.service.AppCustomerCategoryTestCase" time="0.008"/>
  <testcase name="test4Delete" classname="testprj.app.server.service.AppCustomerCategoryTestCase" time="0.05"/>
  <system-out><![CDATA[Setting logged in user info for ADD
[EL Fine]: sql: 2016-01-18 07:13:48.278--ClientSession(41632644)--Connection(322858583)--Thread(Thread[Test worker,5,main])--INSERT INTO ast_AppCustomerCategory_M (appcustCategoryId, customerCategory, versionId, createdBy, createdDate, updatedBy, updatedDate, activeStatus, txnAccessCode) VALUES (?, ?, ?, ?, ?, ?, ?, ?, ?)
	bind => [2EB869C4-D0D9-4500-8C59-99969DDA010B, xYyXVv2eOidPYVwEMvKLWtz8EXbg8J2KskV0H9jj3Z61FZC5sV, 1, AAAAA, 2016-01-18 07:13:48.271, null, 2016-01-18 07:13:48.271, 1, null]
[EL Fine]: sql: 2016-01-18 07:13:48.355--ClientSession(1816716211)--Connection(322858583)--Thread(Thread[Test worker,5,main])--SELECT appcustCategoryId, customerCategory, versionId, createdBy, createdDate, updatedBy, updatedDate, activeStatus, txnAccessCode FROM ast_AppCustomerCategory_M WHERE ((activeStatus = ?) AND (appcustCategoryId = ?))
	bind => [1, 2EB869C4-D0D9-4500-8C59-99969DDA010B]
Setting logged in user info for UPDATE
[EL Fine]: sql: 2016-01-18 07:13:48.359--ClientSession(777899407)--Connection(322858583)--Thread(Thread[Test worker,5,main])--SELECT appcustCategoryId, customerCategory, versionId, createdBy, createdDate, updatedBy, updatedDate, activeStatus, txnAccessCode FROM ast_AppCustomerCategory_M WHERE (appcustCategoryId = ?)
	bind => [2EB869C4-D0D9-4500-8C59-99969DDA010B]
[EL Fine]: sql: 2016-01-18 07:13:48.361--ClientSession(777899407)--Connection(322858583)--Thread(Thread[Test worker,5,main])--UPDATE ast_AppCustomerCategory_M SET customerCategory = ?, updatedBy = ?, versionId = ? WHERE ((appcustCategoryId = ?) AND (versionId = ?))
	bind => [YTsQFWaGRApR4K78tsHXmbmnYd5RXfQkexgxXxfQp0rOShdStP, AAAAA, 2, 2EB869C4-D0D9-4500-8C59-99969DDA010B, 1]
[EL Fine]: sql: 2016-01-18 07:13:48.513--ClientSession(608185219)--Connection(322858583)--Thread(Thread[Test worker,5,main])--SELECT appcustCategoryId, customerCategory, versionId, createdBy, createdDate, updatedBy, updatedDate, activeStatus, txnAccessCode FROM ast_AppCustomerCategory_M WHERE ((activeStatus = ?) AND (appcustCategoryId = ?))
	bind => [1, 2EB869C4-D0D9-4500-8C59-99969DDA010B]
[EL Fine]: sql: 2016-01-18 07:13:48.519--ClientSession(14516621)--Connection(322858583)--Thread(Thread[Test worker,5,main])--SELECT appcustCategoryId, customerCategory, versionId, createdBy, createdDate, updatedBy, updatedDate, activeStatus, txnAccessCode FROM ast_AppCustomerCategory_M WHERE (appcustCategoryId = ?)
	bind => [2EB869C4-D0D9-4500-8C59-99969DDA010B]
[EL Fine]: sql: 2016-01-18 07:13:48.52--ClientSession(14516621)--Connection(322858583)--Thread(Thread[Test worker,5,main])--DELETE FROM ast_AppCustomerCategory_M WHERE ((appcustCategoryId = ?) AND (versionId = ?))
	bind => [2EB869C4-D0D9-4500-8C59-99969DDA010B, 2]
]]></system-out>
  <system-err><![CDATA[]]></system-err>
</testsuite>
