<?xml version="1.0" encoding="UTF-8"?>
<testsuite name="testprj.app.server.service.AppCustomerCategoryTestCase" tests="4" skipped="0" failures="0" errors="0" timestamp="2016-01-14T05:41:07" hostname="efc0db31f0e6" time="0.18">
  <properties/>
  <testcase name="test1Save" classname="testprj.app.server.service.AppCustomerCategoryTestCase" time="0.064"/>
  <testcase name="test2Update" classname="testprj.app.server.service.AppCustomerCategoryTestCase" time="0.058"/>
  <testcase name="test3FindById" classname="testprj.app.server.service.AppCustomerCategoryTestCase" time="0.008"/>
  <testcase name="test4Delete" classname="testprj.app.server.service.AppCustomerCategoryTestCase" time="0.05"/>
  <system-out><![CDATA[Setting logged in user info for ADD
[EL Fine]: sql: 2016-01-14 05:41:07.708--ClientSession(1695252707)--Connection(434344004)--Thread(Thread[Test worker,5,main])--INSERT INTO ast_AppCustomerCategory_M (appcustCategoryId, customerCategory, versionId, createdBy, createdDate, updatedBy, updatedDate, activeStatus, txnAccessCode) VALUES (?, ?, ?, ?, ?, ?, ?, ?, ?)
	bind => [FBC895F9-248F-42FF-9A5F-093FDF681E73, TS1HCfE3tPCT7Li41prsaS4a2n326qz52NW7zBgLqbyS3xGWaq, 1, AAAAA, 2016-01-14 05:41:07.702, null, 2016-01-14 05:41:07.702, 1, null]
[EL Fine]: sql: 2016-01-14 05:41:07.761--ClientSession(28857366)--Connection(434344004)--Thread(Thread[Test worker,5,main])--SELECT appcustCategoryId, customerCategory, versionId, createdBy, createdDate, updatedBy, updatedDate, activeStatus, txnAccessCode FROM ast_AppCustomerCategory_M WHERE ((activeStatus = ?) AND (appcustCategoryId = ?))
	bind => [1, FBC895F9-248F-42FF-9A5F-093FDF681E73]
Setting logged in user info for UPDATE
[EL Fine]: sql: 2016-01-14 05:41:07.765--ClientSession(2138387716)--Connection(434344004)--Thread(Thread[Test worker,5,main])--SELECT appcustCategoryId, customerCategory, versionId, createdBy, createdDate, updatedBy, updatedDate, activeStatus, txnAccessCode FROM ast_AppCustomerCategory_M WHERE (appcustCategoryId = ?)
	bind => [FBC895F9-248F-42FF-9A5F-093FDF681E73]
[EL Fine]: sql: 2016-01-14 05:41:07.767--ClientSession(2138387716)--Connection(434344004)--Thread(Thread[Test worker,5,main])--UPDATE ast_AppCustomerCategory_M SET customerCategory = ?, updatedBy = ?, versionId = ? WHERE ((appcustCategoryId = ?) AND (versionId = ?))
	bind => [nnFMkTUgI70JH0ivVGTtkFJTnObkGcgQfguYMTyCOC8QNUrovp, AAAAA, 2, FBC895F9-248F-42FF-9A5F-093FDF681E73, 1]
[EL Fine]: sql: 2016-01-14 05:41:07.818--ClientSession(1268597406)--Connection(434344004)--Thread(Thread[Test worker,5,main])--SELECT appcustCategoryId, customerCategory, versionId, createdBy, createdDate, updatedBy, updatedDate, activeStatus, txnAccessCode FROM ast_AppCustomerCategory_M WHERE ((activeStatus = ?) AND (appcustCategoryId = ?))
	bind => [1, FBC895F9-248F-42FF-9A5F-093FDF681E73]
[EL Fine]: sql: 2016-01-14 05:41:07.825--ClientSession(1189789898)--Connection(434344004)--Thread(Thread[Test worker,5,main])--SELECT appcustCategoryId, customerCategory, versionId, createdBy, createdDate, updatedBy, updatedDate, activeStatus, txnAccessCode FROM ast_AppCustomerCategory_M WHERE (appcustCategoryId = ?)
	bind => [FBC895F9-248F-42FF-9A5F-093FDF681E73]
[EL Fine]: sql: 2016-01-14 05:41:07.827--ClientSession(1189789898)--Connection(434344004)--Thread(Thread[Test worker,5,main])--DELETE FROM ast_AppCustomerCategory_M WHERE ((appcustCategoryId = ?) AND (versionId = ?))
	bind => [FBC895F9-248F-42FF-9A5F-093FDF681E73, 2]
]]></system-out>
  <system-err><![CDATA[]]></system-err>
</testsuite>
