<?xml version="1.0" encoding="UTF-8"?>
<testsuite name="testprj.app.server.service.CommunicationTypeTestCase" tests="5" skipped="0" failures="0" errors="0" timestamp="2016-01-18T07:13:50" hostname="a7571ca6abc2" time="0.694">
  <properties/>
  <testcase name="test1Save" classname="testprj.app.server.service.CommunicationTypeTestCase" time="0.16"/>
  <testcase name="test2Update" classname="testprj.app.server.service.CommunicationTypeTestCase" time="0.099"/>
  <testcase name="test3FindById" classname="testprj.app.server.service.CommunicationTypeTestCase" time="0.008"/>
  <testcase name="test3findBycommGroupId" classname="testprj.app.server.service.CommunicationTypeTestCase" time="0.006"/>
  <testcase name="test4Delete" classname="testprj.app.server.service.CommunicationTypeTestCase" time="0.419"/>
  <system-out><![CDATA[[EL Fine]: sql: 2016-01-18 07:13:50.663--ClientSession(216744344)--Connection(322858583)--Thread(Thread[Test worker,5,main])--INSERT INTO ast_CommunicationGroup_M (commGroupId, commGroupDescription, commGroupName, versionId, createdBy, createdDate, updatedBy, updatedDate, activeStatus, txnAccessCode) VALUES (?, ?, ?, ?, ?, ?, ?, ?, ?, ?)
	bind => [451D0D0F-D206-4EA0-815A-510A63A0B411, kf91aIk454NLjx4fD2nm0smsTsbWizKSoQnwqBQzPtf5zm9BFF, wcdaCKr06vpfAoCeep3eATTd2HLis8xTOWOl3V6p5qVwMQyexY, 1, AAAAA, 2016-01-18 07:13:50.637, null, 2016-01-18 07:13:50.637, 1, null]
Setting logged in user info for ADD
[EL Fine]: sql: 2016-01-18 07:13:50.743--ClientSession(235606386)--Connection(322858583)--Thread(Thread[Test worker,5,main])--INSERT INTO ast_CommunicationType_M (commType, commGroupId, commTypeDescription, commTypeName, versionId, createdBy, createdDate, updatedBy, updatedDate, activeStatus, txnAccessCode) VALUES (?, ?, ?, ?, ?, ?, ?, ?, ?, ?, ?)
	bind => [0E1F204A-257A-4268-BD59-4509C5D086AC, 451D0D0F-D206-4EA0-815A-510A63A0B411, DPOU5omq6958ivLQRUHbX6fM34AYhe7hql2qocJeHnG1CMh9QB, CwErjaTHsu585IGKg1rl2CmhiVOyknogb2KUm3F01IgnLbjKRp, 1, AAAAA, 2016-01-18 07:13:50.71, null, 2016-01-18 07:13:50.71, 1, null]
[EL Fine]: sql: 2016-01-18 07:13:50.788--ClientSession(1786627967)--Connection(322858583)--Thread(Thread[Test worker,5,main])--SELECT commType, commGroupId, commTypeDescription, commTypeName, versionId, createdBy, createdDate, updatedBy, updatedDate, activeStatus, txnAccessCode FROM ast_CommunicationType_M WHERE ((activeStatus = ?) AND (commType = ?))
	bind => [1, 0E1F204A-257A-4268-BD59-4509C5D086AC]
Setting logged in user info for UPDATE
[EL Fine]: sql: 2016-01-18 07:13:50.79--ClientSession(713170785)--Connection(322858583)--Thread(Thread[Test worker,5,main])--SELECT commType, commGroupId, commTypeDescription, commTypeName, versionId, createdBy, createdDate, updatedBy, updatedDate, activeStatus, txnAccessCode FROM ast_CommunicationType_M WHERE (commType = ?)
	bind => [0E1F204A-257A-4268-BD59-4509C5D086AC]
[EL Fine]: sql: 2016-01-18 07:13:50.792--ClientSession(713170785)--Connection(322858583)--Thread(Thread[Test worker,5,main])--UPDATE ast_CommunicationType_M SET commTypeDescription = ?, commTypeName = ?, updatedBy = ?, versionId = ? WHERE ((commType = ?) AND (versionId = ?))
	bind => [f6M4FgVmezlVRxgiL8QMes6E46JnkofidemTP0bPGCyBIrTAnm, mpFv56opyzBTMN55ukCFNvmMdVMxfbZlrdanPUynPmaDLgePui, AAAAA, 2, 0E1F204A-257A-4268-BD59-4509C5D086AC, 1]
[EL Fine]: sql: 2016-01-18 07:13:50.891--ClientSession(4872063)--Connection(322858583)--Thread(Thread[Test worker,5,main])--SELECT commType, commGroupId, commTypeDescription, commTypeName, versionId, createdBy, createdDate, updatedBy, updatedDate, activeStatus, txnAccessCode FROM ast_CommunicationType_M WHERE ((activeStatus = ?) AND (commType = ?))
	bind => [1, 0E1F204A-257A-4268-BD59-4509C5D086AC]
[EL Fine]: sql: 2016-01-18 07:13:50.897--ClientSession(664704110)--Connection(322858583)--Thread(Thread[Test worker,5,main])--SELECT commType, commGroupId, commTypeDescription, commTypeName, versionId, createdBy, createdDate, updatedBy, updatedDate, activeStatus, txnAccessCode FROM ast_CommunicationType_M WHERE ((activeStatus = ?) AND (commGroupId = ?))
	bind => [1, 451D0D0F-D206-4EA0-815A-510A63A0B411]
[EL Fine]: sql: 2016-01-18 07:13:50.903--ClientSession(1779108360)--Connection(322858583)--Thread(Thread[Test worker,5,main])--SELECT commType, commGroupId, commTypeDescription, commTypeName, versionId, createdBy, createdDate, updatedBy, updatedDate, activeStatus, txnAccessCode FROM ast_CommunicationType_M WHERE (commType = ?)
	bind => [0E1F204A-257A-4268-BD59-4509C5D086AC]
[EL Fine]: sql: 2016-01-18 07:13:50.904--ClientSession(1779108360)--Connection(322858583)--Thread(Thread[Test worker,5,main])--DELETE FROM ast_CommunicationType_M WHERE ((commType = ?) AND (versionId = ?))
	bind => [0E1F204A-257A-4268-BD59-4509C5D086AC, 2]
[EL Fine]: sql: 2016-01-18 07:13:51.233--ClientSession(955821611)--Connection(322858583)--Thread(Thread[Test worker,5,main])--SELECT commGroupId, commGroupDescription, commGroupName, versionId, createdBy, createdDate, updatedBy, updatedDate, activeStatus, txnAccessCode FROM ast_CommunicationGroup_M WHERE (commGroupId = ?)
	bind => [451D0D0F-D206-4EA0-815A-510A63A0B411]
[EL Fine]: sql: 2016-01-18 07:13:51.235--ClientSession(955821611)--Connection(322858583)--Thread(Thread[Test worker,5,main])--DELETE FROM ast_CommunicationGroup_M WHERE ((commGroupId = ?) AND (versionId = ?))
	bind => [451D0D0F-D206-4EA0-815A-510A63A0B411, 1]
]]></system-out>
  <system-err><![CDATA[]]></system-err>
</testsuite>
