<?xml version="1.0" encoding="UTF-8"?>
<testsuite name="testprj.app.server.service.MaterialTestCase" tests="5" skipped="0" failures="0" errors="0" timestamp="2016-01-18T07:13:52" hostname="a7571ca6abc2" time="0.709">
  <properties/>
  <testcase name="test1Save" classname="testprj.app.server.service.MaterialTestCase" time="0.217"/>
  <testcase name="test2Update" classname="testprj.app.server.service.MaterialTestCase" time="0.058"/>
  <testcase name="test3FindById" classname="testprj.app.server.service.MaterialTestCase" time="0.01"/>
  <testcase name="test3findBybrandcode" classname="testprj.app.server.service.MaterialTestCase" time="0.006"/>
  <testcase name="test4Delete" classname="testprj.app.server.service.MaterialTestCase" time="0.417"/>
  <system-out><![CDATA[[EL Fine]: sql: 2016-01-18 07:13:52.384--ClientSession(205271203)--Connection(322858583)--Thread(Thread[Test worker,5,main])--INSERT INTO ast_Category_M (categoryId, category, versionId, createdBy, createdDate, updatedBy, updatedDate, activeStatus, txnAccessCode) VALUES (?, ?, ?, ?, ?, ?, ?, ?, ?)
	bind => [5013AAFC-5FD7-4AE6-B08C-C0A109E93625, RWmMxtG2l157h06rtaNnZwqf3yZlYTE0priAIqhxUbRiEQypPz, 1, AAAAA, 2016-01-18 07:13:52.382, null, 2016-01-18 07:13:52.382, 1, null]
[EL Fine]: sql: 2016-01-18 07:13:52.46--ClientSession(901207839)--Connection(322858583)--Thread(Thread[Test worker,5,main])--INSERT INTO ast_Brand_M (brandcode, branddesc, categoryId, versionId, createdBy, createdDate, updatedBy, updatedDate, activeStatus, txnAccessCode) VALUES (?, ?, ?, ?, ?, ?, ?, ?, ?, ?)
	bind => [03CDDEBB-DE0E-468B-8F53-A73C8664C700, 6oJE07CR7DTn7edMxi294Td0YJeoibhUwy3onWAdnXFfmF1jVs, 5013AAFC-5FD7-4AE6-B08C-C0A109E93625, 1, AAAAA, 2016-01-18 07:13:52.382, null, 2016-01-18 07:13:52.382, 1, null]
Setting logged in user info for ADD
[EL Fine]: sql: 2016-01-18 07:13:52.54--ClientSession(1055127996)--Connection(322858583)--Thread(Thread[Test worker,5,main])--INSERT INTO ast_Material_M (materialcode, brandcode, materialdesc, versionId, createdBy, createdDate, updatedBy, updatedDate, activeStatus, txnAccessCode) VALUES (?, ?, ?, ?, ?, ?, ?, ?, ?, ?)
	bind => [2265F943-714B-4FD3-9007-D65ACD4C60AA, 03CDDEBB-DE0E-468B-8F53-A73C8664C700, bSPBMJq67WjeVBMzRaZ85q40qd1Js7Pra7DLlH7OAvfkFxZ55Q, 1, AAAAA, 2016-01-18 07:13:52.503, null, 2016-01-18 07:13:52.503, 1, null]
[EL Fine]: sql: 2016-01-18 07:13:52.594--ClientSession(1696088647)--Connection(322858583)--Thread(Thread[Test worker,5,main])--SELECT materialcode, brandcode, materialdesc, versionId, createdBy, createdDate, updatedBy, updatedDate, activeStatus, txnAccessCode FROM ast_Material_M WHERE ((activeStatus = ?) AND (materialcode = ?))
	bind => [1, 2265F943-714B-4FD3-9007-D65ACD4C60AA]
Setting logged in user info for UPDATE
[EL Fine]: sql: 2016-01-18 07:13:52.598--ClientSession(1663125619)--Connection(322858583)--Thread(Thread[Test worker,5,main])--SELECT materialcode, brandcode, materialdesc, versionId, createdBy, createdDate, updatedBy, updatedDate, activeStatus, txnAccessCode FROM ast_Material_M WHERE (materialcode = ?)
	bind => [2265F943-714B-4FD3-9007-D65ACD4C60AA]
[EL Fine]: sql: 2016-01-18 07:13:52.599--ClientSession(1663125619)--Connection(322858583)--Thread(Thread[Test worker,5,main])--UPDATE ast_Material_M SET materialdesc = ?, updatedBy = ?, versionId = ? WHERE ((materialcode = ?) AND (versionId = ?))
	bind => [3bsHnj6bght3IjdFQt9MlEJvBneIMphlueDWTmYi6LHiGpoTha, AAAAA, 2, 2265F943-714B-4FD3-9007-D65ACD4C60AA, 1]
[EL Fine]: sql: 2016-01-18 07:13:52.652--ClientSession(1065199983)--Connection(322858583)--Thread(Thread[Test worker,5,main])--SELECT materialcode, brandcode, materialdesc, versionId, createdBy, createdDate, updatedBy, updatedDate, activeStatus, txnAccessCode FROM ast_Material_M WHERE ((activeStatus = ?) AND (materialcode = ?))
	bind => [1, 2265F943-714B-4FD3-9007-D65ACD4C60AA]
[EL Fine]: sql: 2016-01-18 07:13:52.66--ClientSession(2058344824)--Connection(322858583)--Thread(Thread[Test worker,5,main])--SELECT materialcode, brandcode, materialdesc, versionId, createdBy, createdDate, updatedBy, updatedDate, activeStatus, txnAccessCode FROM ast_Material_M WHERE ((activeStatus = ?) AND (brandcode = ?))
	bind => [1, 03CDDEBB-DE0E-468B-8F53-A73C8664C700]
[EL Fine]: sql: 2016-01-18 07:13:52.665--ClientSession(201339715)--Connection(322858583)--Thread(Thread[Test worker,5,main])--SELECT materialcode, brandcode, materialdesc, versionId, createdBy, createdDate, updatedBy, updatedDate, activeStatus, txnAccessCode FROM ast_Material_M WHERE (materialcode = ?)
	bind => [2265F943-714B-4FD3-9007-D65ACD4C60AA]
[EL Fine]: sql: 2016-01-18 07:13:52.666--ClientSession(201339715)--Connection(322858583)--Thread(Thread[Test worker,5,main])--DELETE FROM ast_Material_M WHERE ((materialcode = ?) AND (versionId = ?))
	bind => [2265F943-714B-4FD3-9007-D65ACD4C60AA, 2]
[EL Fine]: sql: 2016-01-18 07:13:52.722--ClientSession(2064032505)--Connection(322858583)--Thread(Thread[Test worker,5,main])--SELECT brandcode, branddesc, categoryId, versionId, createdBy, createdDate, updatedBy, updatedDate, activeStatus, txnAccessCode FROM ast_Brand_M WHERE (brandcode = ?)
	bind => [03CDDEBB-DE0E-468B-8F53-A73C8664C700]
[EL Fine]: sql: 2016-01-18 07:13:52.724--ClientSession(2064032505)--Connection(322858583)--Thread(Thread[Test worker,5,main])--DELETE FROM ast_Brand_M WHERE ((brandcode = ?) AND (versionId = ?))
	bind => [03CDDEBB-DE0E-468B-8F53-A73C8664C700, 1]
[EL Fine]: sql: 2016-01-18 07:13:52.999--ClientSession(1942394312)--Connection(322858583)--Thread(Thread[Test worker,5,main])--SELECT categoryId, category, versionId, createdBy, createdDate, updatedBy, updatedDate, activeStatus, txnAccessCode FROM ast_Category_M WHERE (categoryId = ?)
	bind => [5013AAFC-5FD7-4AE6-B08C-C0A109E93625]
[EL Fine]: sql: 2016-01-18 07:13:53.001--ClientSession(1942394312)--Connection(322858583)--Thread(Thread[Test worker,5,main])--DELETE FROM ast_Category_M WHERE ((categoryId = ?) AND (versionId = ?))
	bind => [5013AAFC-5FD7-4AE6-B08C-C0A109E93625, 1]
]]></system-out>
  <system-err><![CDATA[]]></system-err>
</testsuite>
