<?xml version="1.0" encoding="UTF-8"?>
<testsuite name="testprj.app.server.service.DistributorTestCase" tests="5" skipped="0" failures="0" errors="0" timestamp="2016-01-18T07:14:03" hostname="a7571ca6abc2" time="0.48">
  <properties/>
  <testcase name="test1Save" classname="testprj.app.server.service.DistributorTestCase" time="0.18"/>
  <testcase name="test2Update" classname="testprj.app.server.service.DistributorTestCase" time="0.117"/>
  <testcase name="test3FindById" classname="testprj.app.server.service.DistributorTestCase" time="0.008"/>
  <testcase name="test3findByregioncode" classname="testprj.app.server.service.DistributorTestCase" time="0.006"/>
  <testcase name="test4Delete" classname="testprj.app.server.service.DistributorTestCase" time="0.169"/>
  <system-out><![CDATA[[EL Fine]: sql: 2016-01-18 07:14:03.785--ClientSession(714165206)--Connection(322858583)--Thread(Thread[Test worker,5,main])--INSERT INTO ast_SalesRegion_M (regioncode, regionname, versionId, createdBy, createdDate, updatedBy, updatedDate, activeStatus, txnAccessCode) VALUES (?, ?, ?, ?, ?, ?, ?, ?, ?)
	bind => [EA7CF5C8-0ACE-4F46-81AC-17C33C8A16FA, Tn3XHrw2Siztpjpc9Vx0RVMn2NjjMrOGqKehrvQEI0bcAhS3Yx, 1, AAAAA, 2016-01-18 07:14:03.782, null, 2016-01-18 07:14:03.782, 1, null]
Setting logged in user info for ADD
[EL Fine]: sql: 2016-01-18 07:14:03.861--ClientSession(292695276)--Connection(322858583)--Thread(Thread[Test worker,5,main])--INSERT INTO ast_Distributor_M (distributorcode, distributorname, lattitude, longitude, regioncode, versionId, createdBy, createdDate, updatedBy, updatedDate, activeStatus, txnAccessCode) VALUES (?, ?, ?, ?, ?, ?, ?, ?, ?, ?, ?, ?)
	bind => [6D2C1C7A-36EE-4996-B5A1-3843DFEFCA60, 028rT2rfu1HYzzp20Xpm2tepM6CltiZpAiLSaPx0xN7psNvtRJ, 12.34, 12.34, EA7CF5C8-0ACE-4F46-81AC-17C33C8A16FA, 1, AAAAA, 2016-01-18 07:14:03.85, null, 2016-01-18 07:14:03.85, 1, null]
[EL Fine]: sql: 2016-01-18 07:14:03.954--ClientSession(1584351570)--Connection(322858583)--Thread(Thread[Test worker,5,main])--SELECT distributorcode, distributorname, lattitude, longitude, regioncode, versionId, createdBy, createdDate, updatedBy, updatedDate, activeStatus, txnAccessCode FROM ast_Distributor_M WHERE ((activeStatus = ?) AND (distributorcode = ?))
	bind => [1, 6D2C1C7A-36EE-4996-B5A1-3843DFEFCA60]
Setting logged in user info for UPDATE
[EL Fine]: sql: 2016-01-18 07:14:03.957--ClientSession(325766551)--Connection(322858583)--Thread(Thread[Test worker,5,main])--SELECT distributorcode, distributorname, lattitude, longitude, regioncode, versionId, createdBy, createdDate, updatedBy, updatedDate, activeStatus, txnAccessCode FROM ast_Distributor_M WHERE (distributorcode = ?)
	bind => [6D2C1C7A-36EE-4996-B5A1-3843DFEFCA60]
[EL Fine]: sql: 2016-01-18 07:14:03.959--ClientSession(325766551)--Connection(322858583)--Thread(Thread[Test worker,5,main])--UPDATE ast_Distributor_M SET distributorname = ?, updatedBy = ?, versionId = ? WHERE ((distributorcode = ?) AND (versionId = ?))
	bind => [PVX3gSFXdDyosgMg7Eo9agC2ittFgL6INHFhtiP0AZai7r7UQT, AAAAA, 2, 6D2C1C7A-36EE-4996-B5A1-3843DFEFCA60, 1]
[EL Fine]: sql: 2016-01-18 07:14:04.073--ClientSession(121585237)--Connection(322858583)--Thread(Thread[Test worker,5,main])--SELECT distributorcode, distributorname, lattitude, longitude, regioncode, versionId, createdBy, createdDate, updatedBy, updatedDate, activeStatus, txnAccessCode FROM ast_Distributor_M WHERE ((activeStatus = ?) AND (distributorcode = ?))
	bind => [1, 6D2C1C7A-36EE-4996-B5A1-3843DFEFCA60]
[EL Fine]: sql: 2016-01-18 07:14:04.079--ClientSession(1523021025)--Connection(322858583)--Thread(Thread[Test worker,5,main])--SELECT distributorcode, distributorname, lattitude, longitude, regioncode, versionId, createdBy, createdDate, updatedBy, updatedDate, activeStatus, txnAccessCode FROM ast_Distributor_M WHERE ((activeStatus = ?) AND (regioncode = ?))
	bind => [1, EA7CF5C8-0ACE-4F46-81AC-17C33C8A16FA]
[EL Fine]: sql: 2016-01-18 07:14:04.084--ClientSession(437418157)--Connection(322858583)--Thread(Thread[Test worker,5,main])--SELECT distributorcode, distributorname, lattitude, longitude, regioncode, versionId, createdBy, createdDate, updatedBy, updatedDate, activeStatus, txnAccessCode FROM ast_Distributor_M WHERE (distributorcode = ?)
	bind => [6D2C1C7A-36EE-4996-B5A1-3843DFEFCA60]
[EL Fine]: sql: 2016-01-18 07:14:04.085--ClientSession(437418157)--Connection(322858583)--Thread(Thread[Test worker,5,main])--DELETE FROM ast_Distributor_M WHERE ((distributorcode = ?) AND (versionId = ?))
	bind => [6D2C1C7A-36EE-4996-B5A1-3843DFEFCA60, 2]
[EL Fine]: sql: 2016-01-18 07:14:04.129--ClientSession(1869432798)--Connection(322858583)--Thread(Thread[Test worker,5,main])--SELECT regioncode, regionname, versionId, createdBy, createdDate, updatedBy, updatedDate, activeStatus, txnAccessCode FROM ast_SalesRegion_M WHERE (regioncode = ?)
	bind => [EA7CF5C8-0ACE-4F46-81AC-17C33C8A16FA]
[EL Fine]: sql: 2016-01-18 07:14:04.131--ClientSession(1869432798)--Connection(322858583)--Thread(Thread[Test worker,5,main])--DELETE FROM ast_SalesRegion_M WHERE ((regioncode = ?) AND (versionId = ?))
	bind => [EA7CF5C8-0ACE-4F46-81AC-17C33C8A16FA, 1]
]]></system-out>
  <system-err><![CDATA[]]></system-err>
</testsuite>
