<?xml version="1.0" encoding="UTF-8"?>
<testsuite name="testprj.app.server.service.TitleTestCase" tests="4" skipped="0" failures="0" errors="0" timestamp="2016-01-14T05:41:13" hostname="efc0db31f0e6" time="0.166">
  <properties/>
  <testcase name="test1Save" classname="testprj.app.server.service.TitleTestCase" time="0.049"/>
  <testcase name="test2Update" classname="testprj.app.server.service.TitleTestCase" time="0.041"/>
  <testcase name="test3FindById" classname="testprj.app.server.service.TitleTestCase" time="0.005"/>
  <testcase name="test4Delete" classname="testprj.app.server.service.TitleTestCase" time="0.071"/>
  <system-out><![CDATA[Setting logged in user info for ADD
[EL Fine]: sql: 2016-01-14 05:41:13.3--ClientSession(2136598052)--Connection(434344004)--Thread(Thread[Test worker,5,main])--INSERT INTO ast_Title_M (titleId, titles, versionId, createdBy, createdDate, updatedBy, updatedDate, activeStatus, txnAccessCode) VALUES (?, ?, ?, ?, ?, ?, ?, ?, ?)
	bind => [BC00C72C-8272-49FE-9211-B6ACDD5278F5, MzZq8rb8s03L2ewOElEhS4ZgwPvyYVr3PRqFgEdv63iWuFoZ2o, 1, AAAAA, 2016-01-14 05:41:13.296, null, 2016-01-14 05:41:13.296, 1, null]
[EL Fine]: sql: 2016-01-14 05:41:13.341--ClientSession(1423074845)--Connection(434344004)--Thread(Thread[Test worker,5,main])--SELECT titleId, titles, versionId, createdBy, createdDate, updatedBy, updatedDate, activeStatus, txnAccessCode FROM ast_Title_M WHERE ((activeStatus = ?) AND (titleId = ?))
	bind => [1, BC00C72C-8272-49FE-9211-B6ACDD5278F5]
Setting logged in user info for UPDATE
[EL Fine]: sql: 2016-01-14 05:41:13.343--ClientSession(29193749)--Connection(434344004)--Thread(Thread[Test worker,5,main])--SELECT titleId, titles, versionId, createdBy, createdDate, updatedBy, updatedDate, activeStatus, txnAccessCode FROM ast_Title_M WHERE (titleId = ?)
	bind => [BC00C72C-8272-49FE-9211-B6ACDD5278F5]
[EL Fine]: sql: 2016-01-14 05:41:13.345--ClientSession(29193749)--Connection(434344004)--Thread(Thread[Test worker,5,main])--UPDATE ast_Title_M SET titles = ?, updatedBy = ?, versionId = ? WHERE ((titleId = ?) AND (versionId = ?))
	bind => [cllBfZAvF1ZU4dp2XmiG4yQgQRMXnZQal4OLYiP62qvjYwFfgT, AAAAA, 2, BC00C72C-8272-49FE-9211-B6ACDD5278F5, 1]
[EL Fine]: sql: 2016-01-14 05:41:13.382--ClientSession(1051146449)--Connection(434344004)--Thread(Thread[Test worker,5,main])--SELECT titleId, titles, versionId, createdBy, createdDate, updatedBy, updatedDate, activeStatus, txnAccessCode FROM ast_Title_M WHERE ((activeStatus = ?) AND (titleId = ?))
	bind => [1, BC00C72C-8272-49FE-9211-B6ACDD5278F5]
[EL Fine]: sql: 2016-01-14 05:41:13.387--ClientSession(1735314924)--Connection(434344004)--Thread(Thread[Test worker,5,main])--SELECT titleId, titles, versionId, createdBy, createdDate, updatedBy, updatedDate, activeStatus, txnAccessCode FROM ast_Title_M WHERE (titleId = ?)
	bind => [BC00C72C-8272-49FE-9211-B6ACDD5278F5]
[EL Fine]: sql: 2016-01-14 05:41:13.388--ClientSession(1735314924)--Connection(434344004)--Thread(Thread[Test worker,5,main])--DELETE FROM ast_Title_M WHERE ((titleId = ?) AND (versionId = ?))
	bind => [BC00C72C-8272-49FE-9211-B6ACDD5278F5, 2]
]]></system-out>
  <system-err><![CDATA[]]></system-err>
</testsuite>
