<?xml version="1.0" encoding="UTF-8"?>
<testsuite name="testprj.app.server.service.GenderTestCase" tests="4" skipped="0" failures="0" errors="0" timestamp="2016-01-18T07:13:48" hostname="a7571ca6abc2" time="0.206">
  <properties/>
  <testcase name="test1Save" classname="testprj.app.server.service.GenderTestCase" time="0.056"/>
  <testcase name="test2Update" classname="testprj.app.server.service.GenderTestCase" time="0.058"/>
  <testcase name="test3FindById" classname="testprj.app.server.service.GenderTestCase" time="0.009"/>
  <testcase name="test4Delete" classname="testprj.app.server.service.GenderTestCase" time="0.082"/>
  <system-out><![CDATA[Setting logged in user info for ADD
[EL Fine]: sql: 2016-01-18 07:13:48.583--ClientSession(321622264)--Connection(322858583)--Thread(Thread[Test worker,5,main])--INSERT INTO ast_Gender_M (genderId, gender, versionId, createdBy, createdDate, updatedBy, updatedDate, activeStatus, txnAccessCode) VALUES (?, ?, ?, ?, ?, ?, ?, ?, ?)
	bind => [90A5E830-3242-45FF-875B-920515BCA94F, LxjcGfFMBFsZW1XqmBtYShLuDII6vjYuT3LHDzMM1tqV2cPttC, 1, AAAAA, 2016-01-18 07:13:48.579, null, 2016-01-18 07:13:48.579, 1, null]
[EL Fine]: sql: 2016-01-18 07:13:48.63--ClientSession(167337980)--Connection(322858583)--Thread(Thread[Test worker,5,main])--SELECT genderId, gender, versionId, createdBy, createdDate, updatedBy, updatedDate, activeStatus, txnAccessCode FROM ast_Gender_M WHERE ((activeStatus = ?) AND (genderId = ?))
	bind => [1, 90A5E830-3242-45FF-875B-920515BCA94F]
Setting logged in user info for UPDATE
[EL Fine]: sql: 2016-01-18 07:13:48.635--ClientSession(272920033)--Connection(322858583)--Thread(Thread[Test worker,5,main])--SELECT genderId, gender, versionId, createdBy, createdDate, updatedBy, updatedDate, activeStatus, txnAccessCode FROM ast_Gender_M WHERE (genderId = ?)
	bind => [90A5E830-3242-45FF-875B-920515BCA94F]
[EL Fine]: sql: 2016-01-18 07:13:48.637--ClientSession(272920033)--Connection(322858583)--Thread(Thread[Test worker,5,main])--UPDATE ast_Gender_M SET gender = ?, updatedBy = ?, versionId = ? WHERE ((genderId = ?) AND (versionId = ?))
	bind => [wxrEVGIZTYJip1LGUn514Ppqcdgxg1y4en8F7M829ENpFuyE84, AAAAA, 2, 90A5E830-3242-45FF-875B-920515BCA94F, 1]
[EL Fine]: sql: 2016-01-18 07:13:48.688--ClientSession(526431881)--Connection(322858583)--Thread(Thread[Test worker,5,main])--SELECT genderId, gender, versionId, createdBy, createdDate, updatedBy, updatedDate, activeStatus, txnAccessCode FROM ast_Gender_M WHERE ((activeStatus = ?) AND (genderId = ?))
	bind => [1, 90A5E830-3242-45FF-875B-920515BCA94F]
[EL Fine]: sql: 2016-01-18 07:13:48.697--ClientSession(428956902)--Connection(322858583)--Thread(Thread[Test worker,5,main])--SELECT genderId, gender, versionId, createdBy, createdDate, updatedBy, updatedDate, activeStatus, txnAccessCode FROM ast_Gender_M WHERE (genderId = ?)
	bind => [90A5E830-3242-45FF-875B-920515BCA94F]
[EL Fine]: sql: 2016-01-18 07:13:48.699--ClientSession(428956902)--Connection(322858583)--Thread(Thread[Test worker,5,main])--DELETE FROM ast_Gender_M WHERE ((genderId = ?) AND (versionId = ?))
	bind => [90A5E830-3242-45FF-875B-920515BCA94F, 2]
]]></system-out>
  <system-err><![CDATA[]]></system-err>
</testsuite>
