<?xml version="1.0" encoding="UTF-8"?>
<testsuite name="testprj.app.server.service.CurrentMonthTestCase" tests="4" skipped="0" failures="0" errors="0" timestamp="2016-01-14T05:41:23" hostname="efc0db31f0e6" time="0.155">
  <properties/>
  <testcase name="test1Save" classname="testprj.app.server.service.CurrentMonthTestCase" time="0.063"/>
  <testcase name="test2Update" classname="testprj.app.server.service.CurrentMonthTestCase" time="0.042"/>
  <testcase name="test3FindById" classname="testprj.app.server.service.CurrentMonthTestCase" time="0.008"/>
  <testcase name="test4Delete" classname="testprj.app.server.service.CurrentMonthTestCase" time="0.042"/>
  <system-out><![CDATA[Setting logged in user info for ADD
[EL Fine]: sql: 2016-01-14 05:41:23.618--ClientSession(814268655)--Connection(434344004)--Thread(Thread[Test worker,5,main])--INSERT INTO ast_CurrentMonth_M (monthname, versionId, createdBy, createdDate, updatedBy, updatedDate, activeStatus, txnAccessCode) VALUES (?, ?, ?, ?, ?, ?, ?, ?)
	bind => [f25LG0zTU8USnt86ndPsj7mEFOWeqmgmXw5cx2UKRjFyU8rQTI, 1, AAAAA, 2016-01-14 05:41:23.6, null, 2016-01-14 05:41:23.6, 1, null]
[EL Fine]: sql: 2016-01-14 05:41:23.62--ClientSession(814268655)--Connection(434344004)--Thread(Thread[Test worker,5,main])--SELECT LAST_INSERT_ID()
[EL Fine]: sql: 2016-01-14 05:41:23.657--ClientSession(528577338)--Connection(434344004)--Thread(Thread[Test worker,5,main])--SELECT monthid, monthname, versionId, createdBy, createdDate, updatedBy, updatedDate, activeStatus, txnAccessCode FROM ast_CurrentMonth_M WHERE ((activeStatus = ?) AND (monthid = ?))
	bind => [1, 13]
Setting logged in user info for UPDATE
[EL Fine]: sql: 2016-01-14 05:41:23.661--ClientSession(1582615230)--Connection(434344004)--Thread(Thread[Test worker,5,main])--SELECT monthid, monthname, versionId, createdBy, createdDate, updatedBy, updatedDate, activeStatus, txnAccessCode FROM ast_CurrentMonth_M WHERE (monthid = ?)
	bind => [13]
[EL Fine]: sql: 2016-01-14 05:41:23.663--ClientSession(1582615230)--Connection(434344004)--Thread(Thread[Test worker,5,main])--UPDATE ast_CurrentMonth_M SET monthname = ?, updatedBy = ?, versionId = ? WHERE ((monthid = ?) AND (versionId = ?))
	bind => [S1ELSRs5qzbFQXLgQz6FdCzHxVEp2bs7uFS11chBLEHPMgptjq, AAAAA, 2, 13, 1]
[EL Fine]: sql: 2016-01-14 05:41:23.7--ClientSession(655106344)--Connection(434344004)--Thread(Thread[Test worker,5,main])--SELECT monthid, monthname, versionId, createdBy, createdDate, updatedBy, updatedDate, activeStatus, txnAccessCode FROM ast_CurrentMonth_M WHERE ((activeStatus = ?) AND (monthid = ?))
	bind => [1, 13]
[EL Fine]: sql: 2016-01-14 05:41:23.706--ClientSession(1894867405)--Connection(434344004)--Thread(Thread[Test worker,5,main])--SELECT monthid, monthname, versionId, createdBy, createdDate, updatedBy, updatedDate, activeStatus, txnAccessCode FROM ast_CurrentMonth_M WHERE (monthid = ?)
	bind => [13]
[EL Fine]: sql: 2016-01-14 05:41:23.707--ClientSession(1894867405)--Connection(434344004)--Thread(Thread[Test worker,5,main])--DELETE FROM ast_CurrentMonth_M WHERE ((monthid = ?) AND (versionId = ?))
	bind => [13, 2]
]]></system-out>
  <system-err><![CDATA[]]></system-err>
</testsuite>
