<?xml version="1.0" encoding="UTF-8"?>
<testsuite name="testprj.app.server.service.UserAccessDomainTestCase" tests="4" skipped="0" failures="0" errors="0" timestamp="2016-01-14T05:41:13" hostname="efc0db31f0e6" time="0.207">
  <properties/>
  <testcase name="test1Save" classname="testprj.app.server.service.UserAccessDomainTestCase" time="0.065"/>
  <testcase name="test2Update" classname="testprj.app.server.service.UserAccessDomainTestCase" time="0.075"/>
  <testcase name="test3FindById" classname="testprj.app.server.service.UserAccessDomainTestCase" time="0.005"/>
  <testcase name="test4Delete" classname="testprj.app.server.service.UserAccessDomainTestCase" time="0.062"/>
  <system-out><![CDATA[Setting logged in user info for ADD
[EL Fine]: sql: 2016-01-14 05:41:13.736--ClientSession(496281636)--Connection(434344004)--Thread(Thread[Test worker,5,main])--INSERT INTO ast_UserAccessDomain_M (userAccessDomainId, domainDescription, domainHelp, domainIcon, domainName, userAccessDomain, versionId, createdBy, createdDate, updatedBy, updatedDate, activeStatus, txnAccessCode) VALUES (?, ?, ?, ?, ?, ?, ?, ?, ?, ?, ?, ?, ?)
	bind => [80815FC6-EE82-4018-AE8A-BCBC6E4331F5, sU74Q2CyzOVeBSINLTarxABilfjOtdFwMs6s4IE567ipVhljBQ, 3QF90XLc84ebFyVPwis2Dd0onNFZy2zXy5TCT7R5vo37oB3ig8, vOHsVw3LG3jODmIL8PDxz2BFJANDLPBlLKGKPGq7kibpWxwg7u, rZcWMIX8i6J5vonoxWXfqWcw2QgObLd8NTGN5lEqrJ6x6N7QAG, 35244, 1, AAAAA, 2016-01-14 05:41:13.715, null, 2016-01-14 05:41:13.715, 1, null]
[EL Fine]: sql: 2016-01-14 05:41:13.775--ClientSession(960141848)--Connection(434344004)--Thread(Thread[Test worker,5,main])--SELECT userAccessDomainId, domainDescription, domainHelp, domainIcon, domainName, userAccessDomain, versionId, createdBy, createdDate, updatedBy, updatedDate, activeStatus, txnAccessCode FROM ast_UserAccessDomain_M WHERE ((activeStatus = ?) AND (userAccessDomainId = ?))
	bind => [1, 80815FC6-EE82-4018-AE8A-BCBC6E4331F5]
Setting logged in user info for UPDATE
[EL Fine]: sql: 2016-01-14 05:41:13.778--ClientSession(147643785)--Connection(434344004)--Thread(Thread[Test worker,5,main])--SELECT userAccessDomainId, domainDescription, domainHelp, domainIcon, domainName, userAccessDomain, versionId, createdBy, createdDate, updatedBy, updatedDate, activeStatus, txnAccessCode FROM ast_UserAccessDomain_M WHERE (userAccessDomainId = ?)
	bind => [80815FC6-EE82-4018-AE8A-BCBC6E4331F5]
[EL Fine]: sql: 2016-01-14 05:41:13.779--ClientSession(147643785)--Connection(434344004)--Thread(Thread[Test worker,5,main])--UPDATE ast_UserAccessDomain_M SET domainDescription = ?, domainHelp = ?, domainIcon = ?, domainName = ?, userAccessDomain = ?, updatedBy = ?, versionId = ? WHERE ((userAccessDomainId = ?) AND (versionId = ?))
	bind => [tSClCSEFBOF1PRrD2qC1vtPT82OPI7lkAj9bzWoCnTKogjQ9gC, bRnRKR3xtpMhC7a9PA3E9Q4PplHCpUT30CVqAB96L0sAnpmKIy, ZoTbgLFPHE4Wf2Z6k1pjQcvi426S2AJfe3S7b4yE9PViQoczMa, pHEdXDrJlTyZb4ZLtZ7wwNNVLcOYxn6Xo8lPogGcwC46pnJ8yn, 50277, AAAAA, 2, 80815FC6-EE82-4018-AE8A-BCBC6E4331F5, 1]
[EL Fine]: sql: 2016-01-14 05:41:13.85--ClientSession(1944956161)--Connection(434344004)--Thread(Thread[Test worker,5,main])--SELECT userAccessDomainId, domainDescription, domainHelp, domainIcon, domainName, userAccessDomain, versionId, createdBy, createdDate, updatedBy, updatedDate, activeStatus, txnAccessCode FROM ast_UserAccessDomain_M WHERE ((activeStatus = ?) AND (userAccessDomainId = ?))
	bind => [1, 80815FC6-EE82-4018-AE8A-BCBC6E4331F5]
[EL Fine]: sql: 2016-01-14 05:41:13.855--ClientSession(1071041869)--Connection(434344004)--Thread(Thread[Test worker,5,main])--SELECT userAccessDomainId, domainDescription, domainHelp, domainIcon, domainName, userAccessDomain, versionId, createdBy, createdDate, updatedBy, updatedDate, activeStatus, txnAccessCode FROM ast_UserAccessDomain_M WHERE (userAccessDomainId = ?)
	bind => [80815FC6-EE82-4018-AE8A-BCBC6E4331F5]
[EL Fine]: sql: 2016-01-14 05:41:13.856--ClientSession(1071041869)--Connection(434344004)--Thread(Thread[Test worker,5,main])--DELETE FROM ast_UserAccessDomain_M WHERE ((userAccessDomainId = ?) AND (versionId = ?))
	bind => [80815FC6-EE82-4018-AE8A-BCBC6E4331F5, 2]
]]></system-out>
  <system-err><![CDATA[]]></system-err>
</testsuite>
