<?xml version="1.0" encoding="UTF-8"?>
<testsuite name="testprj.app.server.service.ChannelTestCase" tests="4" skipped="0" failures="0" errors="0" timestamp="2016-01-18T07:13:52" hostname="a7571ca6abc2" time="0.238">
  <properties/>
  <testcase name="test1Save" classname="testprj.app.server.service.ChannelTestCase" time="0.079"/>
  <testcase name="test2Update" classname="testprj.app.server.service.ChannelTestCase" time="0.058"/>
  <testcase name="test3FindById" classname="testprj.app.server.service.ChannelTestCase" time="0.008"/>
  <testcase name="test4Delete" classname="testprj.app.server.service.ChannelTestCase" time="0.091"/>
  <system-out><![CDATA[Setting logged in user info for ADD
[EL Fine]: sql: 2016-01-18 07:13:52.163--ClientSession(569106362)--Connection(322858583)--Thread(Thread[Test worker,5,main])--INSERT INTO ast_Channel_M (channelId, channel, versionId, createdBy, createdDate, updatedBy, updatedDate, activeStatus, txnAccessCode) VALUES (?, ?, ?, ?, ?, ?, ?, ?, ?)
	bind => [9A55D94E-212A-47F0-80FC-80BA0041A470, 3oAyrpdKfi0WExiReqwmEqJPsFYQ3LV6eUDncn8XRgwdGJGa5g, 1, AAAAA, 2016-01-18 07:13:52.137, null, 2016-01-18 07:13:52.137, 1, null]
[EL Fine]: sql: 2016-01-18 07:13:52.212--ClientSession(1607659256)--Connection(322858583)--Thread(Thread[Test worker,5,main])--SELECT channelId, channel, versionId, createdBy, createdDate, updatedBy, updatedDate, activeStatus, txnAccessCode FROM ast_Channel_M WHERE ((activeStatus = ?) AND (channelId = ?))
	bind => [1, 9A55D94E-212A-47F0-80FC-80BA0041A470]
Setting logged in user info for UPDATE
[EL Fine]: sql: 2016-01-18 07:13:52.215--ClientSession(902426148)--Connection(322858583)--Thread(Thread[Test worker,5,main])--SELECT channelId, channel, versionId, createdBy, createdDate, updatedBy, updatedDate, activeStatus, txnAccessCode FROM ast_Channel_M WHERE (channelId = ?)
	bind => [9A55D94E-212A-47F0-80FC-80BA0041A470]
[EL Fine]: sql: 2016-01-18 07:13:52.216--ClientSession(902426148)--Connection(322858583)--Thread(Thread[Test worker,5,main])--UPDATE ast_Channel_M SET channel = ?, updatedBy = ?, versionId = ? WHERE ((channelId = ?) AND (versionId = ?))
	bind => [UnhyzkDZ8d5z28TCZK7fAX3uGQddmxcVyvKbYZwmqj7rsafQ8T, AAAAA, 2, 9A55D94E-212A-47F0-80FC-80BA0041A470, 1]
[EL Fine]: sql: 2016-01-18 07:13:52.267--ClientSession(1704357044)--Connection(322858583)--Thread(Thread[Test worker,5,main])--SELECT channelId, channel, versionId, createdBy, createdDate, updatedBy, updatedDate, activeStatus, txnAccessCode FROM ast_Channel_M WHERE ((activeStatus = ?) AND (channelId = ?))
	bind => [1, 9A55D94E-212A-47F0-80FC-80BA0041A470]
[EL Fine]: sql: 2016-01-18 07:13:52.274--ClientSession(2075560568)--Connection(322858583)--Thread(Thread[Test worker,5,main])--SELECT channelId, channel, versionId, createdBy, createdDate, updatedBy, updatedDate, activeStatus, txnAccessCode FROM ast_Channel_M WHERE (channelId = ?)
	bind => [9A55D94E-212A-47F0-80FC-80BA0041A470]
[EL Fine]: sql: 2016-01-18 07:13:52.275--ClientSession(2075560568)--Connection(322858583)--Thread(Thread[Test worker,5,main])--DELETE FROM ast_Channel_M WHERE ((channelId = ?) AND (versionId = ?))
	bind => [9A55D94E-212A-47F0-80FC-80BA0041A470, 2]
]]></system-out>
  <system-err><![CDATA[]]></system-err>
</testsuite>
