<?xml version="1.0" encoding="UTF-8"?>
<testsuite name="testprj.app.server.service.BrandTestCase" tests="5" skipped="0" failures="0" errors="0" timestamp="2016-01-14T05:40:46" hostname="efc0db31f0e6" time="18.704">
  <properties/>
  <testcase name="test1Save" classname="testprj.app.server.service.BrandTestCase" time="18.532"/>
  <testcase name="test2Update" classname="testprj.app.server.service.BrandTestCase" time="0.055"/>
  <testcase name="test3FindById" classname="testprj.app.server.service.BrandTestCase" time="0.007"/>
  <testcase name="test3findBycategoryId" classname="testprj.app.server.service.BrandTestCase" time="0.009"/>
  <testcase name="test4Delete" classname="testprj.app.server.service.BrandTestCase" time="0.101"/>
  <system-out><![CDATA[[EL Config]: metadata: 2016-01-14 05:40:52.066--ServerSession(264222575)--Thread(Thread[Test worker,5,main])--The access type for the persistent class [class com.athena.shared.entity.ArtEntity] is set to [FIELD].
[EL Config]: metadata: 2016-01-14 05:40:52.083--ServerSession(264222575)--Thread(Thread[Test worker,5,main])--The access type for the persistent class [class com.athena.shared.entity.AuditPropertiesEntity] is set to [FIELD].
[EL Config]: metadata: 2016-01-14 05:40:52.085--ServerSession(264222575)--Thread(Thread[Test worker,5,main])--The access type for the persistent class [class com.athena.shared.entity.query.ArtQuery] is set to [FIELD].
[EL Config]: metadata: 2016-01-14 05:40:52.086--ServerSession(264222575)--Thread(Thread[Test worker,5,main])--The access type for the persistent class [class testprj.app.shared.contacts.Gender] is set to [FIELD].
[EL Config]: metadata: 2016-01-14 05:40:52.089--ServerSession(264222575)--Thread(Thread[Test worker,5,main])--The access type for the persistent class [class testprj.app.shared.contacts.ContactType] is set to [FIELD].
[EL Config]: metadata: 2016-01-14 05:40:52.089--ServerSession(264222575)--Thread(Thread[Test worker,5,main])--The access type for the persistent class [class com.athena.shared.entity.query.ArtMenu] is set to [FIELD].
[EL Config]: metadata: 2016-01-14 05:40:52.09--ServerSession(264222575)--Thread(Thread[Test worker,5,main])--The access type for the persistent class [class testprj.app.shared.location.State] is set to [FIELD].
[EL Config]: metadata: 2016-01-14 05:40:52.091--ServerSession(264222575)--Thread(Thread[Test worker,5,main])--The access type for the persistent class [class com.athena.shared.entity.query.ArtTableEntityRelation] is set to [FIELD].
[EL Config]: metadata: 2016-01-14 05:40:52.095--ServerSession(264222575)--Thread(Thread[Test worker,5,main])--The target entity (reference) class for the one to one mapping element [field reffKeyDetails] is being defaulted to: class com.athena.shared.entity.query.ArtTableFieldDetails.
[EL Config]: metadata: 2016-01-14 05:40:52.096--ServerSession(264222575)--Thread(Thread[Test worker,5,main])--The target entity (reference) class for the one to one mapping element [field owingKeyDetails] is being defaulted to: class com.athena.shared.entity.query.ArtTableFieldDetails.
[EL Config]: metadata: 2016-01-14 05:40:52.096--ServerSession(264222575)--Thread(Thread[Test worker,5,main])--The target entity (reference) class for the one to one mapping element [field reffTableDetails] is being defaulted to: class com.athena.shared.entity.query.ArtTableDetails.
[EL Config]: metadata: 2016-01-14 05:40:52.097--ServerSession(264222575)--Thread(Thread[Test worker,5,main])--The target entity (reference) class for the many to one mapping element [field owningTableDetails] is being defaulted to: class com.athena.shared.entity.query.ArtTableDetails.
[EL Config]: metadata: 2016-01-14 05:40:52.097--ServerSession(264222575)--Thread(Thread[Test worker,5,main])--The access type for the persistent class [class com.athena.cloud.shared.entity.CloudDriveTags] is set to [FIELD].
[EL Config]: metadata: 2016-01-14 05:40:52.1--ServerSession(264222575)--Thread(Thread[Test worker,5,main])--The target entity (reference) class for the one to many mapping element [field awsCloudDriveTagFiles] is being defaulted to: class com.athena.cloud.shared.entity.CloudDriveTagFiles.
[EL Config]: metadata: 2016-01-14 05:40:52.101--ServerSession(264222575)--Thread(Thread[Test worker,5,main])--The access type for the persistent class [class com.athena.shared.entity.report.ArtServiceOperation] is set to [FIELD].
[EL Config]: metadata: 2016-01-14 05:40:52.102--ServerSession(264222575)--Thread(Thread[Test worker,5,main])--The target entity (reference) class for the many to one mapping element [field artservice] is being defaulted to: class com.athena.shared.entity.report.ArtService.
[EL Config]: metadata: 2016-01-14 05:40:52.102--ServerSession(264222575)--Thread(Thread[Test worker,5,main])--The access type for the persistent class [class com.athena.shared.entity.report.ArtChartTemplate] is set to [FIELD].
[EL Config]: metadata: 2016-01-14 05:40:52.103--ServerSession(264222575)--Thread(Thread[Test worker,5,main])--The access type for the persistent class [class testprj.app.shared.location.Village] is set to [FIELD].
[EL Config]: metadata: 2016-01-14 05:40:52.104--ServerSession(264222575)--Thread(Thread[Test worker,5,main])--The access type for the persistent class [class com.spartan.healthmeter.entity.ArtHealthStatusConfiguration] is set to [FIELD].
[EL Config]: metadata: 2016-01-14 05:40:52.104--ServerSession(264222575)--Thread(Thread[Test worker,5,main])--The access type for the persistent class [class testprj.app.shared.location.Timezone] is set to [FIELD].
[EL Config]: metadata: 2016-01-14 05:40:52.105--ServerSession(264222575)--Thread(Thread[Test worker,5,main])--The access type for the persistent class [class testprj.app.shared.location.AddressExtended] is set to [FIELD].
[EL Config]: metadata: 2016-01-14 05:40:52.105--ServerSession(264222575)--Thread(Thread[Test worker,5,main])--The access type for the persistent class [class com.athena.cloud.shared.entity.CloudDriveFiles] is set to [FIELD].
[EL Config]: metadata: 2016-01-14 05:40:52.106--ServerSession(264222575)--Thread(Thread[Test worker,5,main])--The target entity (reference) class for the many to many mapping element [field tags] is being defaulted to: class com.athena.cloud.shared.entity.CloudDriveTags.
[EL Config]: metadata: 2016-01-14 05:40:52.106--ServerSession(264222575)--Thread(Thread[Test worker,5,main])--The target entity (reference) class for the one to one mapping element [field contentType] is being defaulted to: class com.athena.cloud.shared.entity.CloudDriveContentType.
[EL Config]: metadata: 2016-01-14 05:40:52.107--ServerSession(264222575)--Thread(Thread[Test worker,5,main])--The access type for the persistent class [class com.athena.shared.entity.query.ArtTableDetails] is set to [FIELD].
[EL Config]: metadata: 2016-01-14 05:40:52.107--ServerSession(264222575)--Thread(Thread[Test worker,5,main])--The target entity (reference) class for the one to many mapping element [field entityRelations] is being defaulted to: class com.athena.shared.entity.query.ArtTableEntityRelation.
[EL Config]: metadata: 2016-01-14 05:40:52.107--ServerSession(264222575)--Thread(Thread[Test worker,5,main])--The target entity (reference) class for the one to many mapping element [field artTableFieldDetail] is being defaulted to: class com.athena.shared.entity.query.ArtTableFieldDetails.
[EL Config]: metadata: 2016-01-14 05:40:52.108--ServerSession(264222575)--Thread(Thread[Test worker,5,main])--The access type for the persistent class [class testprj.app.shared.contacts.Title] is set to [FIELD].
[EL Config]: metadata: 2016-01-14 05:40:52.108--ServerSession(264222575)--Thread(Thread[Test worker,5,main])--The access type for the persistent class [class testprj.app.shared.location.Taluka] is set to [FIELD].
[EL Config]: metadata: 2016-01-14 05:40:52.109--ServerSession(264222575)--Thread(Thread[Test worker,5,main])--The access type for the persistent class [class testprj.app.shared.sales.Channel] is set to [FIELD].
[EL Config]: metadata: 2016-01-14 05:40:52.109--ServerSession(264222575)--Thread(Thread[Test worker,5,main])--The access type for the persistent class [class com.athena.shared.entity.report.ArtChartCategory] is set to [FIELD].
[EL Config]: metadata: 2016-01-14 05:40:52.11--ServerSession(264222575)--Thread(Thread[Test worker,5,main])--The target entity (reference) class for the one to one mapping element [field chart_json_id] is being defaulted to: class com.athena.shared.entity.report.ArtChartJson.
[EL Config]: metadata: 2016-01-14 05:40:52.11--ServerSession(264222575)--Thread(Thread[Test worker,5,main])--The access type for the persistent class [class testprj.app.shared.authentication.UserAccessLevel] is set to [FIELD].
[EL Config]: metadata: 2016-01-14 05:40:52.111--ServerSession(264222575)--Thread(Thread[Test worker,5,main])--The access type for the persistent class [class testprj.app.shared.location.AddressType] is set to [FIELD].
[EL Config]: metadata: 2016-01-14 05:40:52.111--ServerSession(264222575)--Thread(Thread[Test worker,5,main])--The access type for the persistent class [class com.athena.shared.entity.report.ArtChartJson] is set to [FIELD].
[EL Config]: metadata: 2016-01-14 05:40:52.111--ServerSession(264222575)--Thread(Thread[Test worker,5,main])--The target entity (reference) class for the one to one mapping element [field data_field_id] is being defaulted to: class com.athena.shared.entity.report.ArtChartDataFieldJson.
[EL Config]: metadata: 2016-01-14 05:40:52.112--ServerSession(264222575)--Thread(Thread[Test worker,5,main])--The access type for the persistent class [class com.spartan.healthmeter.entity.ZenHealthGauge] is set to [FIELD].
[EL Config]: metadata: 2016-01-14 05:40:52.112--ServerSession(264222575)--Thread(Thread[Test worker,5,main])--The access type for the persistent class [class com.athena.cloud.shared.entity.CloudDriveContentType] is set to [FIELD].
[EL Config]: metadata: 2016-01-14 05:40:52.113--ServerSession(264222575)--Thread(Thread[Test worker,5,main])--The access type for the persistent class [class testprj.app.shared.authentication.Login] is set to [FIELD].
[EL Config]: metadata: 2016-01-14 05:40:52.113--ServerSession(264222575)--Thread(Thread[Test worker,5,main])--The target entity (reference) class for the one to one mapping element [field coreContacts] is being defaulted to: class testprj.app.shared.contacts.CoreContacts.
[EL Config]: metadata: 2016-01-14 05:40:52.113--ServerSession(264222575)--Thread(Thread[Test worker,5,main])--The target entity (reference) class for the one to one mapping element [field user] is being defaulted to: class testprj.app.shared.authentication.User.
[EL Config]: metadata: 2016-01-14 05:40:52.113--ServerSession(264222575)--Thread(Thread[Test worker,5,main])--The access type for the persistent class [class testprj.app.shared.location.City] is set to [FIELD].
[EL Config]: metadata: 2016-01-14 05:40:52.114--ServerSession(264222575)--Thread(Thread[Test worker,5,main])--The access type for the persistent class [class com.athena.shared.entity.report.ArtChartProperties] is set to [FIELD].
[EL Config]: metadata: 2016-01-14 05:40:52.114--ServerSession(264222575)--Thread(Thread[Test worker,5,main])--The access type for the persistent class [class testprj.app.shared.location.Region] is set to [FIELD].
[EL Config]: metadata: 2016-01-14 05:40:52.115--ServerSession(264222575)--Thread(Thread[Test worker,5,main])--The access type for the persistent class [class testprj.app.shared.customers.AppCustomer] is set to [FIELD].
[EL Config]: metadata: 2016-01-14 05:40:52.115--ServerSession(264222575)--Thread(Thread[Test worker,5,main])--The access type for the persistent class [class com.athena.shared.entity.query.ArtUserLastStatus] is set to [FIELD].
[EL Config]: metadata: 2016-01-14 05:40:52.116--ServerSession(264222575)--Thread(Thread[Test worker,5,main])--The access type for the persistent class [class testprj.app.shared.contacts.CommunicationGroup] is set to [FIELD].
[EL Config]: metadata: 2016-01-14 05:40:52.116--ServerSession(264222575)--Thread(Thread[Test worker,5,main])--The access type for the persistent class [class com.athena.shared.entity.query.ArtMasterForm] is set to [FIELD].
[EL Config]: metadata: 2016-01-14 05:40:52.117--ServerSession(264222575)--Thread(Thread[Test worker,5,main])--The access type for the persistent class [class com.athena.deo.model.AwsExternalIntegration] is set to [FIELD].
[EL Config]: metadata: 2016-01-14 05:40:52.118--ServerSession(264222575)--Thread(Thread[Test worker,5,main])--The access type for the persistent class [class com.athena.shared.entity.query.ArtUserMenu] is set to [FIELD].
[EL Config]: metadata: 2016-01-14 05:40:52.118--ServerSession(264222575)--Thread(Thread[Test worker,5,main])--The access type for the persistent class [class com.athena.cloud.shared.entity.CloudDriveTagShared] is set to [FIELD].
[EL Config]: metadata: 2016-01-14 05:40:52.118--ServerSession(264222575)--Thread(Thread[Test worker,5,main])--The target entity (reference) class for the one to one mapping element [field tags] is being defaulted to: class com.athena.cloud.shared.entity.CloudDriveTags.
[EL Config]: metadata: 2016-01-14 05:40:52.119--ServerSession(264222575)--Thread(Thread[Test worker,5,main])--The access type for the persistent class [class testprj.app.shared.sales.SalesRegion] is set to [FIELD].
[EL Config]: metadata: 2016-01-14 05:40:52.119--ServerSession(264222575)--Thread(Thread[Test worker,5,main])--The access type for the persistent class [class testprj.app.shared.authorization.Roles] is set to [FIELD].
[EL Config]: metadata: 2016-01-14 05:40:52.119--ServerSession(264222575)--Thread(Thread[Test worker,5,main])--The target entity (reference) class for the one to many mapping element [field roleMenuBridge] is being defaulted to: class testprj.app.shared.authorization.RoleMenuBridge.
[EL Config]: metadata: 2016-01-14 05:40:52.119--ServerSession(264222575)--Thread(Thread[Test worker,5,main])--The access type for the persistent class [class com.spartan.healthmeter.entity.HealthSchedulerConfiguration] is set to [FIELD].
[EL Config]: metadata: 2016-01-14 05:40:52.12--ServerSession(264222575)--Thread(Thread[Test worker,5,main])--The access type for the persistent class [class com.athena.cloud.shared.entity.CloudDriveFileVersion] is set to [FIELD].
[EL Config]: metadata: 2016-01-14 05:40:52.12--ServerSession(264222575)--Thread(Thread[Test worker,5,main])--The target entity (reference) class for the one to one mapping element [field file] is being defaulted to: class com.athena.cloud.shared.entity.CloudDriveFiles.
[EL Config]: metadata: 2016-01-14 05:40:52.12--ServerSession(264222575)--Thread(Thread[Test worker,5,main])--The access type for the persistent class [class testprj.app.shared.authentication.UserData] is set to [FIELD].
[EL Config]: metadata: 2016-01-14 05:40:52.121--ServerSession(264222575)--Thread(Thread[Test worker,5,main])--The target entity (reference) class for the one to one mapping element [field user] is being defaulted to: class testprj.app.shared.authentication.User.
[EL Config]: metadata: 2016-01-14 05:40:52.121--ServerSession(264222575)--Thread(Thread[Test worker,5,main])--The access type for the persistent class [class com.spartan.healthmeter.entity.ZenSchedulerHealth] is set to [FIELD].
[EL Config]: metadata: 2016-01-14 05:40:52.122--ServerSession(264222575)--Thread(Thread[Test worker,5,main])--The access type for the persistent class [class com.athena.shared.entity.report.ArtChartType] is set to [FIELD].
[EL Config]: metadata: 2016-01-14 05:40:52.122--ServerSession(264222575)--Thread(Thread[Test worker,5,main])--The target entity (reference) class for the one to one mapping element [field chart_id] is being defaulted to: class com.athena.shared.entity.report.ArtChartCategory.
[EL Config]: metadata: 2016-01-14 05:40:52.122--ServerSession(264222575)--Thread(Thread[Test worker,5,main])--The access type for the persistent class [class testprj.app.shared.authentication.PasswordPolicy] is set to [FIELD].
[EL Config]: metadata: 2016-01-14 05:40:52.123--ServerSession(264222575)--Thread(Thread[Test worker,5,main])--The access type for the persistent class [class testprj.app.shared.authentication.Question] is set to [FIELD].
[EL Config]: metadata: 2016-01-14 05:40:52.123--ServerSession(264222575)--Thread(Thread[Test worker,5,main])--The access type for the persistent class [class com.athena.shared.entity.query.ArtDatabaseFunction] is set to [FIELD].
[EL Config]: metadata: 2016-01-14 05:40:52.124--ServerSession(264222575)--Thread(Thread[Test worker,5,main])--The access type for the persistent class [class com.athena.shared.entity.report.ArtChartPropLanguage] is set to [FIELD].
[EL Config]: metadata: 2016-01-14 05:40:52.124--ServerSession(264222575)--Thread(Thread[Test worker,5,main])--The target entity (reference) class for the one to one mapping element [field property_id] is being defaulted to: class com.athena.shared.entity.report.ArtChartProperties.
[EL Config]: metadata: 2016-01-14 05:40:52.124--ServerSession(264222575)--Thread(Thread[Test worker,5,main])--The target entity (reference) class for the one to one mapping element [field lang_id] is being defaulted to: class com.athena.shared.entity.report.ArtLangMaster.
[EL Config]: metadata: 2016-01-14 05:40:52.124--ServerSession(264222575)--Thread(Thread[Test worker,5,main])--The access type for the persistent class [class com.spartan.shield.server.entity.AppSessionConfig] is set to [FIELD].
[EL Config]: metadata: 2016-01-14 05:40:52.125--ServerSession(264222575)--Thread(Thread[Test worker,5,main])--The access type for the persistent class [class com.athena.shared.entity.report.ArtLangMaster] is set to [FIELD].
[EL Config]: metadata: 2016-01-14 05:40:52.125--ServerSession(264222575)--Thread(Thread[Test worker,5,main])--The access type for the persistent class [class testprj.app.shared.sales.UserAccess] is set to [FIELD].
[EL Config]: metadata: 2016-01-14 05:40:52.125--ServerSession(264222575)--Thread(Thread[Test worker,5,main])--The access type for the persistent class [class com.athena.shared.entity.query.ArtDatabaseOperators] is set to [FIELD].
[EL Config]: metadata: 2016-01-14 05:40:52.126--ServerSession(264222575)--Thread(Thread[Test worker,5,main])--The access type for the persistent class [class com.athena.cloud.shared.entity.CloudDriveFileShared] is set to [FIELD].
[EL Config]: metadata: 2016-01-14 05:40:52.126--ServerSession(264222575)--Thread(Thread[Test worker,5,main])--The target entity (reference) class for the one to one mapping element [field file] is being defaulted to: class com.athena.cloud.shared.entity.CloudDriveFiles.
[EL Config]: metadata: 2016-01-14 05:40:52.126--ServerSession(264222575)--Thread(Thread[Test worker,5,main])--The access type for the persistent class [class testprj.app.shared.authentication.PasswordAlgo] is set to [FIELD].
[EL Config]: metadata: 2016-01-14 05:40:52.127--ServerSession(264222575)--Thread(Thread[Test worker,5,main])--The access type for the persistent class [class testprj.app.shared.sales.Material] is set to [FIELD].
[EL Config]: metadata: 2016-01-14 05:40:52.127--ServerSession(264222575)--Thread(Thread[Test worker,5,main])--The access type for the persistent class [class testprj.app.shared.sales.Retailer] is set to [FIELD].
[EL Config]: metadata: 2016-01-14 05:40:52.127--ServerSession(264222575)--Thread(Thread[Test worker,5,main])--The access type for the persistent class [class testprj.app.shared.authentication.PassRecovery] is set to [FIELD].
[EL Config]: metadata: 2016-01-14 05:40:52.127--ServerSession(264222575)--Thread(Thread[Test worker,5,main])--The target entity (reference) class for the one to one mapping element [field user] is being defaulted to: class testprj.app.shared.authentication.User.
[EL Config]: metadata: 2016-01-14 05:40:52.127--ServerSession(264222575)--Thread(Thread[Test worker,5,main])--The access type for the persistent class [class testprj.app.shared.location.Language] is set to [FIELD].
[EL Config]: metadata: 2016-01-14 05:40:52.128--ServerSession(264222575)--Thread(Thread[Test worker,5,main])--The access type for the persistent class [class testprj.app.shared.authentication.SessionData] is set to [FIELD].
[EL Config]: metadata: 2016-01-14 05:40:52.128--ServerSession(264222575)--Thread(Thread[Test worker,5,main])--The access type for the persistent class [class testprj.app.shared.sales.Category] is set to [FIELD].
[EL Config]: metadata: 2016-01-14 05:40:52.128--ServerSession(264222575)--Thread(Thread[Test worker,5,main])--The access type for the persistent class [class testprj.app.shared.contacts.CommunicationData] is set to [FIELD].
[EL Config]: metadata: 2016-01-14 05:40:52.129--ServerSession(264222575)--Thread(Thread[Test worker,5,main])--The access type for the persistent class [class testprj.app.shared.location.District] is set to [FIELD].
[EL Config]: metadata: 2016-01-14 05:40:52.129--ServerSession(264222575)--Thread(Thread[Test worker,5,main])--The access type for the persistent class [class com.spartan.healthmeter.entity.ZenHealthStatus] is set to [FIELD].
[EL Config]: metadata: 2016-01-14 05:40:52.129--ServerSession(264222575)--Thread(Thread[Test worker,5,main])--The access type for the persistent class [class testprj.app.shared.location.Address] is set to [FIELD].
[EL Config]: metadata: 2016-01-14 05:40:52.13--ServerSession(264222575)--Thread(Thread[Test worker,5,main])--The access type for the persistent class [class testprj.app.shared.customers.AppCustomerType] is set to [FIELD].
[EL Config]: metadata: 2016-01-14 05:40:52.13--ServerSession(264222575)--Thread(Thread[Test worker,5,main])--The access type for the persistent class [class com.athena.cloud.shared.entity.CloudDriveDefaultTags] is set to [FIELD].
[EL Config]: metadata: 2016-01-14 05:40:52.13--ServerSession(264222575)--Thread(Thread[Test worker,5,main])--The access type for the persistent class [class com.athena.shared.entity.query.ArtTableFieldDetails] is set to [FIELD].
[EL Config]: metadata: 2016-01-14 05:40:52.13--ServerSession(264222575)--Thread(Thread[Test worker,5,main])--The target entity (reference) class for the many to one mapping element [field awsTableDetail] is being defaulted to: class com.athena.shared.entity.query.ArtTableDetails.
[EL Config]: metadata: 2016-01-14 05:40:52.131--ServerSession(264222575)--Thread(Thread[Test worker,5,main])--The access type for the persistent class [class testprj.app.shared.location.Country] is set to [FIELD].
[EL Config]: metadata: 2016-01-14 05:40:52.132--ServerSession(264222575)--Thread(Thread[Test worker,5,main])--The access type for the persistent class [class testprj.app.shared.defaultdomain.PersonalInfo] is set to [FIELD].
[EL Config]: metadata: 2016-01-14 05:40:52.132--ServerSession(264222575)--Thread(Thread[Test worker,5,main])--The access type for the persistent class [class testprj.app.shared.authorization.AppMenus] is set to [FIELD].
[EL Config]: metadata: 2016-01-14 05:40:52.132--ServerSession(264222575)--Thread(Thread[Test worker,5,main])--The access type for the persistent class [class testprj.app.shared.authentication.UserAccessDomain] is set to [FIELD].
[EL Config]: metadata: 2016-01-14 05:40:52.133--ServerSession(264222575)--Thread(Thread[Test worker,5,main])--The access type for the persistent class [class testprj.app.shared.authorization.RoleMenuBridge] is set to [FIELD].
[EL Config]: metadata: 2016-01-14 05:40:52.133--ServerSession(264222575)--Thread(Thread[Test worker,5,main])--The target entity (reference) class for the one to one mapping element [field roles] is being defaulted to: class testprj.app.shared.authorization.Roles.
[EL Config]: metadata: 2016-01-14 05:40:52.133--ServerSession(264222575)--Thread(Thread[Test worker,5,main])--The access type for the persistent class [class testprj.app.shared.sales.Distributor] is set to [FIELD].
[EL Config]: metadata: 2016-01-14 05:40:52.133--ServerSession(264222575)--Thread(Thread[Test worker,5,main])--The access type for the persistent class [class com.spartan.healthmeter.entity.ZenRequestDetails] is set to [FIELD].
[EL Config]: metadata: 2016-01-14 05:40:52.134--ServerSession(264222575)--Thread(Thread[Test worker,5,main])--The access type for the persistent class [class com.spartan.healthmeter.entity.ArtHealthSchedulerConfiguration] is set to [FIELD].
[EL Config]: metadata: 2016-01-14 05:40:52.134--ServerSession(264222575)--Thread(Thread[Test worker,5,main])--The access type for the persistent class [class testprj.app.shared.location.Currency] is set to [FIELD].
[EL Config]: metadata: 2016-01-14 05:40:52.135--ServerSession(264222575)--Thread(Thread[Test worker,5,main])--The access type for the persistent class [class com.athena.ruleengine.shared.ArtRules] is set to [FIELD].
[EL Config]: metadata: 2016-01-14 05:40:52.135--ServerSession(264222575)--Thread(Thread[Test worker,5,main])--The access type for the persistent class [class com.athena.shared.entity.report.ArtReportBuilderDetails] is set to [FIELD].
[EL Config]: metadata: 2016-01-14 05:40:52.136--ServerSession(264222575)--Thread(Thread[Test worker,5,main])--The access type for the persistent class [class com.athena.cloud.shared.entity.CloudDriveTagFiles] is set to [FIELD].
[EL Config]: metadata: 2016-01-14 05:40:52.136--ServerSession(264222575)--Thread(Thread[Test worker,5,main])--The target entity (reference) class for the one to one mapping element [field tags] is being defaulted to: class com.athena.cloud.shared.entity.CloudDriveTags.
[EL Config]: metadata: 2016-01-14 05:40:52.136--ServerSession(264222575)--Thread(Thread[Test worker,5,main])--The target entity (reference) class for the one to one mapping element [field file] is being defaulted to: class com.athena.cloud.shared.entity.CloudDriveFiles.
[EL Config]: metadata: 2016-01-14 05:40:52.136--ServerSession(264222575)--Thread(Thread[Test worker,5,main])--The access type for the persistent class [class testprj.app.shared.sales.SalesData] is set to [FIELD].
[EL Config]: metadata: 2016-01-14 05:40:52.137--ServerSession(264222575)--Thread(Thread[Test worker,5,main])--The access type for the persistent class [class com.spartan.healthmeter.entity.ZenHealthCounter] is set to [FIELD].
[EL Config]: metadata: 2016-01-14 05:40:52.137--ServerSession(264222575)--Thread(Thread[Test worker,5,main])--The access type for the persistent class [class com.spartan.healthmeter.entity.ZenHealth] is set to [FIELD].
[EL Config]: metadata: 2016-01-14 05:40:52.138--ServerSession(264222575)--Thread(Thread[Test worker,5,main])--The access type for the persistent class [class com.athena.shared.entity.report.ArtChartDataFieldJson] is set to [FIELD].
[EL Config]: metadata: 2016-01-14 05:40:52.138--ServerSession(264222575)--Thread(Thread[Test worker,5,main])--The access type for the persistent class [class com.athena.shared.entity.report.ArtReportUI] is set to [FIELD].
[EL Config]: metadata: 2016-01-14 05:40:52.139--ServerSession(264222575)--Thread(Thread[Test worker,5,main])--The access type for the persistent class [class testprj.app.shared.authorization.UserRoleBridge] is set to [FIELD].
[EL Config]: metadata: 2016-01-14 05:40:52.139--ServerSession(264222575)--Thread(Thread[Test worker,5,main])--The access type for the persistent class [class testprj.app.shared.authentication.LoginSession] is set to [FIELD].
[EL Config]: metadata: 2016-01-14 05:40:52.139--ServerSession(264222575)--Thread(Thread[Test worker,5,main])--The access type for the persistent class [class testprj.app.shared.sales.CurrentMonth] is set to [FIELD].
[EL Config]: metadata: 2016-01-14 05:40:52.14--ServerSession(264222575)--Thread(Thread[Test worker,5,main])--The access type for the persistent class [class com.athena.shared.entity.report.ArtService] is set to [FIELD].
[EL Config]: metadata: 2016-01-14 05:40:52.14--ServerSession(264222575)--Thread(Thread[Test worker,5,main])--The target entity (reference) class for the one to many mapping element [field artServiceOperations] is being defaulted to: class com.athena.shared.entity.report.ArtServiceOperation.
[EL Config]: metadata: 2016-01-14 05:40:52.14--ServerSession(264222575)--Thread(Thread[Test worker,5,main])--The access type for the persistent class [class com.athena.server.bean.EntityBean] is set to [FIELD].
[EL Config]: metadata: 2016-01-14 05:40:52.141--ServerSession(264222575)--Thread(Thread[Test worker,5,main])--The access type for the persistent class [class testprj.app.shared.contacts.CoreContacts] is set to [FIELD].
[EL Config]: metadata: 2016-01-14 05:40:52.141--ServerSession(264222575)--Thread(Thread[Test worker,5,main])--The target entity (reference) class for the one to one mapping element [field timezone] is being defaulted to: class testprj.app.shared.location.Timezone.
[EL Config]: metadata: 2016-01-14 05:40:52.141--ServerSession(264222575)--Thread(Thread[Test worker,5,main])--The target entity (reference) class for the one to many mapping element [field address] is being defaulted to: class testprj.app.shared.location.Address.
[EL Config]: metadata: 2016-01-14 05:40:52.141--ServerSession(264222575)--Thread(Thread[Test worker,5,main])--The target entity (reference) class for the one to many mapping element [field communicationData] is being defaulted to: class testprj.app.shared.contacts.CommunicationData.
[EL Config]: metadata: 2016-01-14 05:40:52.141--ServerSession(264222575)--Thread(Thread[Test worker,5,main])--The access type for the persistent class [class testprj.app.shared.sales.Brand] is set to [FIELD].
[EL Config]: metadata: 2016-01-14 05:40:52.142--ServerSession(264222575)--Thread(Thread[Test worker,5,main])--The access type for the persistent class [class testprj.app.shared.contacts.CommunicationType] is set to [FIELD].
[EL Config]: metadata: 2016-01-14 05:40:52.142--ServerSession(264222575)--Thread(Thread[Test worker,5,main])--The access type for the persistent class [class testprj.app.shared.authentication.User] is set to [FIELD].
[EL Config]: metadata: 2016-01-14 05:40:52.142--ServerSession(264222575)--Thread(Thread[Test worker,5,main])--The target entity (reference) class for the one to one mapping element [field userData] is being defaulted to: class testprj.app.shared.authentication.UserData.
[EL Config]: metadata: 2016-01-14 05:40:52.142--ServerSession(264222575)--Thread(Thread[Test worker,5,main])--The target entity (reference) class for the one to many mapping element [field passRecovery] is being defaulted to: class testprj.app.shared.authentication.PassRecovery.
[EL Config]: metadata: 2016-01-14 05:40:52.143--ServerSession(264222575)--Thread(Thread[Test worker,5,main])--The access type for the persistent class [class testprj.app.shared.customers.AppCustomerCategory] is set to [FIELD].
[EL Config]: metadata: 2016-01-14 05:40:52.143--ServerSession(264222575)--Thread(Thread[Test worker,5,main])--The access type for the persistent class [class com.athena.shared.entity.query.ArtDatabaseAggregate] is set to [FIELD].
[EL Config]: metadata: 2016-01-14 05:40:52.143--ServerSession(264222575)--Thread(Thread[Test worker,5,main])--The access type for the persistent class [class com.spartan.healthmeter.shared.EntityAudit] is set to [FIELD].
[EL Config]: metadata: 2016-01-14 05:40:52.144--ServerSession(264222575)--Thread(Thread[Test worker,5,main])--The access type for the persistent class [class com.spartan.healthmeter.shared.SystemInfo] is set to [FIELD].
[EL Config]: metadata: 2016-01-14 05:40:52.144--ServerSession(264222575)--Thread(Thread[Test worker,5,main])--The access type for the persistent class [class testprj.app.shared.SystemInfo] is set to [FIELD].
[EL Config]: metadata: 2016-01-14 05:40:52.144--ServerSession(264222575)--Thread(Thread[Test worker,5,main])--The access type for the persistent class [class testprj.app.shared.EntityAudit] is set to [FIELD].
[EL Config]: metadata: 2016-01-14 05:40:52.15--ServerSession(264222575)--Thread(Thread[Test worker,5,main])--The alias name for the entity class [class com.athena.shared.entity.query.ArtQuery] is being defaulted to: ArtQuery.
[EL Config]: metadata: 2016-01-14 05:40:52.159--ServerSession(264222575)--Thread(Thread[Test worker,5,main])--The alias name for the entity class [class testprj.app.shared.contacts.Gender] is being defaulted to: Gender.
[EL Config]: metadata: 2016-01-14 05:40:52.161--ServerSession(264222575)--Thread(Thread[Test worker,5,main])--The alias name for the entity class [class testprj.app.shared.contacts.ContactType] is being defaulted to: ContactType.
[EL Config]: metadata: 2016-01-14 05:40:52.162--ServerSession(264222575)--Thread(Thread[Test worker,5,main])--The alias name for the entity class [class com.athena.shared.entity.query.ArtMenu] is being defaulted to: ArtMenu.
[EL Config]: metadata: 2016-01-14 05:40:52.162--ServerSession(264222575)--Thread(Thread[Test worker,5,main])--The alias name for the entity class [class testprj.app.shared.location.State] is being defaulted to: State.
[EL Config]: metadata: 2016-01-14 05:40:52.163--ServerSession(264222575)--Thread(Thread[Test worker,5,main])--The alias name for the entity class [class com.athena.shared.entity.query.ArtTableEntityRelation] is being defaulted to: ArtTableEntityRelation.
[EL Config]: metadata: 2016-01-14 05:40:52.164--ServerSession(264222575)--Thread(Thread[Test worker,5,main])--The alias name for the entity class [class com.athena.cloud.shared.entity.CloudDriveTags] is being defaulted to: CloudDriveTags.
[EL Config]: metadata: 2016-01-14 05:40:52.164--ServerSession(264222575)--Thread(Thread[Test worker,5,main])--The alias name for the entity class [class com.athena.shared.entity.report.ArtServiceOperation] is being defaulted to: ArtServiceOperation.
[EL Config]: metadata: 2016-01-14 05:40:52.165--ServerSession(264222575)--Thread(Thread[Test worker,5,main])--The alias name for the entity class [class com.athena.shared.entity.report.ArtChartTemplate] is being defaulted to: ArtChartTemplate.
[EL Config]: metadata: 2016-01-14 05:40:52.165--ServerSession(264222575)--Thread(Thread[Test worker,5,main])--The alias name for the entity class [class testprj.app.shared.location.Village] is being defaulted to: Village.
[EL Config]: metadata: 2016-01-14 05:40:52.166--ServerSession(264222575)--Thread(Thread[Test worker,5,main])--The alias name for the entity class [class com.spartan.healthmeter.entity.ArtHealthStatusConfiguration] is being defaulted to: ArtHealthStatusConfiguration.
[EL Config]: metadata: 2016-01-14 05:40:52.166--ServerSession(264222575)--Thread(Thread[Test worker,5,main])--The alias name for the entity class [class testprj.app.shared.location.Timezone] is being defaulted to: Timezone.
[EL Config]: metadata: 2016-01-14 05:40:52.167--ServerSession(264222575)--Thread(Thread[Test worker,5,main])--The alias name for the entity class [class testprj.app.shared.location.AddressExtended] is being defaulted to: AddressExtended.
[EL Config]: metadata: 2016-01-14 05:40:52.167--ServerSession(264222575)--Thread(Thread[Test worker,5,main])--The alias name for the entity class [class com.athena.cloud.shared.entity.CloudDriveFiles] is being defaulted to: CloudDriveFiles.
[EL Config]: metadata: 2016-01-14 05:40:52.168--ServerSession(264222575)--Thread(Thread[Test worker,5,main])--The alias name for the entity class [class com.athena.shared.entity.query.ArtTableDetails] is being defaulted to: ArtTableDetails.
[EL Config]: metadata: 2016-01-14 05:40:52.168--ServerSession(264222575)--Thread(Thread[Test worker,5,main])--The alias name for the entity class [class testprj.app.shared.contacts.Title] is being defaulted to: Title.
[EL Config]: metadata: 2016-01-14 05:40:52.169--ServerSession(264222575)--Thread(Thread[Test worker,5,main])--The alias name for the entity class [class testprj.app.shared.location.Taluka] is being defaulted to: Taluka.
[EL Config]: metadata: 2016-01-14 05:40:52.169--ServerSession(264222575)--Thread(Thread[Test worker,5,main])--The alias name for the entity class [class testprj.app.shared.sales.Channel] is being defaulted to: Channel.
[EL Config]: metadata: 2016-01-14 05:40:52.169--ServerSession(264222575)--Thread(Thread[Test worker,5,main])--The alias name for the entity class [class com.athena.shared.entity.report.ArtChartCategory] is being defaulted to: ArtChartCategory.
[EL Config]: metadata: 2016-01-14 05:40:52.17--ServerSession(264222575)--Thread(Thread[Test worker,5,main])--The alias name for the entity class [class testprj.app.shared.authentication.UserAccessLevel] is being defaulted to: UserAccessLevel.
[EL Config]: metadata: 2016-01-14 05:40:52.17--ServerSession(264222575)--Thread(Thread[Test worker,5,main])--The alias name for the entity class [class testprj.app.shared.location.AddressType] is being defaulted to: AddressType.
[EL Config]: metadata: 2016-01-14 05:40:52.171--ServerSession(264222575)--Thread(Thread[Test worker,5,main])--The alias name for the entity class [class com.athena.shared.entity.report.ArtChartJson] is being defaulted to: ArtChartJson.
[EL Config]: metadata: 2016-01-14 05:40:52.171--ServerSession(264222575)--Thread(Thread[Test worker,5,main])--The alias name for the entity class [class com.spartan.healthmeter.entity.ZenHealthGauge] is being defaulted to: ZenHealthGauge.
[EL Config]: metadata: 2016-01-14 05:40:52.171--ServerSession(264222575)--Thread(Thread[Test worker,5,main])--The alias name for the entity class [class com.athena.cloud.shared.entity.CloudDriveContentType] is being defaulted to: CloudDriveContentType.
[EL Config]: metadata: 2016-01-14 05:40:52.172--ServerSession(264222575)--Thread(Thread[Test worker,5,main])--The alias name for the entity class [class testprj.app.shared.authentication.Login] is being defaulted to: Login.
[EL Config]: metadata: 2016-01-14 05:40:52.172--ServerSession(264222575)--Thread(Thread[Test worker,5,main])--The alias name for the entity class [class testprj.app.shared.location.City] is being defaulted to: City.
[EL Config]: metadata: 2016-01-14 05:40:52.173--ServerSession(264222575)--Thread(Thread[Test worker,5,main])--The alias name for the entity class [class com.athena.shared.entity.report.ArtChartProperties] is being defaulted to: ArtChartProperties.
[EL Config]: metadata: 2016-01-14 05:40:52.173--ServerSession(264222575)--Thread(Thread[Test worker,5,main])--The alias name for the entity class [class testprj.app.shared.location.Region] is being defaulted to: Region.
[EL Config]: metadata: 2016-01-14 05:40:52.173--ServerSession(264222575)--Thread(Thread[Test worker,5,main])--The alias name for the entity class [class testprj.app.shared.customers.AppCustomer] is being defaulted to: AppCustomer.
[EL Config]: metadata: 2016-01-14 05:40:52.174--ServerSession(264222575)--Thread(Thread[Test worker,5,main])--The alias name for the entity class [class com.athena.shared.entity.query.ArtUserLastStatus] is being defaulted to: ArtUserLastStatus.
[EL Config]: metadata: 2016-01-14 05:40:52.174--ServerSession(264222575)--Thread(Thread[Test worker,5,main])--The alias name for the entity class [class testprj.app.shared.contacts.CommunicationGroup] is being defaulted to: CommunicationGroup.
[EL Config]: metadata: 2016-01-14 05:40:52.175--ServerSession(264222575)--Thread(Thread[Test worker,5,main])--The alias name for the entity class [class com.athena.shared.entity.query.ArtMasterForm] is being defaulted to: ArtMasterForm.
[EL Config]: metadata: 2016-01-14 05:40:52.175--ServerSession(264222575)--Thread(Thread[Test worker,5,main])--The alias name for the entity class [class com.athena.deo.model.AwsExternalIntegration] is being defaulted to: AwsExternalIntegration.
[EL Config]: metadata: 2016-01-14 05:40:52.176--ServerSession(264222575)--Thread(Thread[Test worker,5,main])--The alias name for the entity class [class com.athena.shared.entity.query.ArtUserMenu] is being defaulted to: ArtUserMenu.
[EL Warning]: metadata: 2016-01-14 05:40:52.176--ServerSession(264222575)--Thread(Thread[Test worker,5,main])--You have specified multiple ids for the entity class [com.athena.shared.entity.query.ArtUserMenu] without specifying an @IdClass. By doing this you may lose the ability to find by identity, distributed cache support etc. Note: You may however use entity manager find operations by passing a list of primary key fields. Else, you will have to use JPQL queries to read your entities. For other id options see @PrimaryKey.
[EL Config]: metadata: 2016-01-14 05:40:52.176--ServerSession(264222575)--Thread(Thread[Test worker,5,main])--The alias name for the entity class [class com.athena.cloud.shared.entity.CloudDriveTagShared] is being defaulted to: CloudDriveTagShared.
[EL Config]: metadata: 2016-01-14 05:40:52.177--ServerSession(264222575)--Thread(Thread[Test worker,5,main])--The column name for element [id] is being defaulted to: ID.
[EL Config]: metadata: 2016-01-14 05:40:52.177--ServerSession(264222575)--Thread(Thread[Test worker,5,main])--The alias name for the entity class [class testprj.app.shared.sales.SalesRegion] is being defaulted to: SalesRegion.
[EL Config]: metadata: 2016-01-14 05:40:52.177--ServerSession(264222575)--Thread(Thread[Test worker,5,main])--The alias name for the entity class [class testprj.app.shared.authorization.Roles] is being defaulted to: Roles.
[EL Config]: metadata: 2016-01-14 05:40:52.178--ServerSession(264222575)--Thread(Thread[Test worker,5,main])--The alias name for the entity class [class com.spartan.healthmeter.entity.HealthSchedulerConfiguration] is being defaulted to: HealthSchedulerConfiguration.
[EL Config]: metadata: 2016-01-14 05:40:52.178--ServerSession(264222575)--Thread(Thread[Test worker,5,main])--The alias name for the entity class [class com.athena.cloud.shared.entity.CloudDriveFileVersion] is being defaulted to: CloudDriveFileVersion.
[EL Config]: metadata: 2016-01-14 05:40:52.178--ServerSession(264222575)--Thread(Thread[Test worker,5,main])--The alias name for the entity class [class testprj.app.shared.authentication.UserData] is being defaulted to: UserData.
[EL Config]: metadata: 2016-01-14 05:40:52.179--ServerSession(264222575)--Thread(Thread[Test worker,5,main])--The alias name for the entity class [class com.spartan.healthmeter.entity.ZenSchedulerHealth] is being defaulted to: ZenSchedulerHealth.
[EL Config]: metadata: 2016-01-14 05:40:52.18--ServerSession(264222575)--Thread(Thread[Test worker,5,main])--The alias name for the entity class [class com.athena.shared.entity.report.ArtChartType] is being defaulted to: ArtChartType.
[EL Config]: metadata: 2016-01-14 05:40:52.18--ServerSession(264222575)--Thread(Thread[Test worker,5,main])--The alias name for the entity class [class testprj.app.shared.authentication.PasswordPolicy] is being defaulted to: PasswordPolicy.
[EL Config]: metadata: 2016-01-14 05:40:52.18--ServerSession(264222575)--Thread(Thread[Test worker,5,main])--The alias name for the entity class [class testprj.app.shared.authentication.Question] is being defaulted to: Question.
[EL Config]: metadata: 2016-01-14 05:40:52.181--ServerSession(264222575)--Thread(Thread[Test worker,5,main])--The alias name for the entity class [class com.athena.shared.entity.query.ArtDatabaseFunction] is being defaulted to: ArtDatabaseFunction.
[EL Config]: metadata: 2016-01-14 05:40:52.181--ServerSession(264222575)--Thread(Thread[Test worker,5,main])--The alias name for the entity class [class com.athena.shared.entity.report.ArtChartPropLanguage] is being defaulted to: ArtChartPropLanguage.
[EL Config]: metadata: 2016-01-14 05:40:52.182--ServerSession(264222575)--Thread(Thread[Test worker,5,main])--The alias name for the entity class [class com.spartan.shield.server.entity.AppSessionConfig] is being defaulted to: AppSessionConfig.
[EL Config]: metadata: 2016-01-14 05:40:52.182--ServerSession(264222575)--Thread(Thread[Test worker,5,main])--The alias name for the entity class [class com.athena.shared.entity.report.ArtLangMaster] is being defaulted to: ArtLangMaster.
[EL Config]: metadata: 2016-01-14 05:40:52.182--ServerSession(264222575)--Thread(Thread[Test worker,5,main])--The alias name for the entity class [class testprj.app.shared.sales.UserAccess] is being defaulted to: UserAccess.
[EL Config]: metadata: 2016-01-14 05:40:52.182--ServerSession(264222575)--Thread(Thread[Test worker,5,main])--The alias name for the entity class [class com.athena.shared.entity.query.ArtDatabaseOperators] is being defaulted to: ArtDatabaseOperators.
[EL Config]: metadata: 2016-01-14 05:40:52.183--ServerSession(264222575)--Thread(Thread[Test worker,5,main])--The alias name for the entity class [class com.athena.cloud.shared.entity.CloudDriveFileShared] is being defaulted to: CloudDriveFileShared.
[EL Config]: metadata: 2016-01-14 05:40:52.183--ServerSession(264222575)--Thread(Thread[Test worker,5,main])--The column name for element [id] is being defaulted to: ID.
[EL Config]: metadata: 2016-01-14 05:40:52.183--ServerSession(264222575)--Thread(Thread[Test worker,5,main])--The alias name for the entity class [class testprj.app.shared.authentication.PasswordAlgo] is being defaulted to: PasswordAlgo.
[EL Config]: metadata: 2016-01-14 05:40:52.184--ServerSession(264222575)--Thread(Thread[Test worker,5,main])--The alias name for the entity class [class testprj.app.shared.sales.Material] is being defaulted to: Material.
[EL Config]: metadata: 2016-01-14 05:40:52.184--ServerSession(264222575)--Thread(Thread[Test worker,5,main])--The alias name for the entity class [class testprj.app.shared.sales.Retailer] is being defaulted to: Retailer.
[EL Config]: metadata: 2016-01-14 05:40:52.184--ServerSession(264222575)--Thread(Thread[Test worker,5,main])--The alias name for the entity class [class testprj.app.shared.authentication.PassRecovery] is being defaulted to: PassRecovery.
[EL Config]: metadata: 2016-01-14 05:40:52.184--ServerSession(264222575)--Thread(Thread[Test worker,5,main])--The alias name for the entity class [class testprj.app.shared.location.Language] is being defaulted to: Language.
[EL Config]: metadata: 2016-01-14 05:40:52.185--ServerSession(264222575)--Thread(Thread[Test worker,5,main])--The alias name for the entity class [class testprj.app.shared.authentication.SessionData] is being defaulted to: SessionData.
[EL Config]: metadata: 2016-01-14 05:40:52.185--ServerSession(264222575)--Thread(Thread[Test worker,5,main])--The alias name for the entity class [class testprj.app.shared.sales.Category] is being defaulted to: Category.
[EL Config]: metadata: 2016-01-14 05:40:52.185--ServerSession(264222575)--Thread(Thread[Test worker,5,main])--The alias name for the entity class [class testprj.app.shared.contacts.CommunicationData] is being defaulted to: CommunicationData.
[EL Config]: metadata: 2016-01-14 05:40:52.186--ServerSession(264222575)--Thread(Thread[Test worker,5,main])--The alias name for the entity class [class testprj.app.shared.location.District] is being defaulted to: District.
[EL Config]: metadata: 2016-01-14 05:40:52.186--ServerSession(264222575)--Thread(Thread[Test worker,5,main])--The alias name for the entity class [class com.spartan.healthmeter.entity.ZenHealthStatus] is being defaulted to: ZenHealthStatus.
[EL Config]: metadata: 2016-01-14 05:40:52.186--ServerSession(264222575)--Thread(Thread[Test worker,5,main])--The alias name for the entity class [class testprj.app.shared.location.Address] is being defaulted to: Address.
[EL Config]: metadata: 2016-01-14 05:40:52.187--ServerSession(264222575)--Thread(Thread[Test worker,5,main])--The alias name for the entity class [class testprj.app.shared.customers.AppCustomerType] is being defaulted to: AppCustomerType.
[EL Config]: metadata: 2016-01-14 05:40:52.187--ServerSession(264222575)--Thread(Thread[Test worker,5,main])--The alias name for the entity class [class com.athena.cloud.shared.entity.CloudDriveDefaultTags] is being defaulted to: CloudDriveDefaultTags.
[EL Config]: metadata: 2016-01-14 05:40:52.187--ServerSession(264222575)--Thread(Thread[Test worker,5,main])--The alias name for the entity class [class com.athena.shared.entity.query.ArtTableFieldDetails] is being defaulted to: ArtTableFieldDetails.
[EL Config]: metadata: 2016-01-14 05:40:52.188--ServerSession(264222575)--Thread(Thread[Test worker,5,main])--The alias name for the entity class [class testprj.app.shared.location.Country] is being defaulted to: Country.
[EL Config]: metadata: 2016-01-14 05:40:52.189--ServerSession(264222575)--Thread(Thread[Test worker,5,main])--The alias name for the entity class [class testprj.app.shared.defaultdomain.PersonalInfo] is being defaulted to: PersonalInfo.
[EL Config]: metadata: 2016-01-14 05:40:52.189--ServerSession(264222575)--Thread(Thread[Test worker,5,main])--The alias name for the entity class [class testprj.app.shared.authorization.AppMenus] is being defaulted to: AppMenus.
[EL Config]: metadata: 2016-01-14 05:40:52.19--ServerSession(264222575)--Thread(Thread[Test worker,5,main])--The alias name for the entity class [class testprj.app.shared.authentication.UserAccessDomain] is being defaulted to: UserAccessDomain.
[EL Config]: metadata: 2016-01-14 05:40:52.19--ServerSession(264222575)--Thread(Thread[Test worker,5,main])--The alias name for the entity class [class testprj.app.shared.authorization.RoleMenuBridge] is being defaulted to: RoleMenuBridge.
[EL Config]: metadata: 2016-01-14 05:40:52.19--ServerSession(264222575)--Thread(Thread[Test worker,5,main])--The alias name for the entity class [class testprj.app.shared.sales.Distributor] is being defaulted to: Distributor.
[EL Config]: metadata: 2016-01-14 05:40:52.19--ServerSession(264222575)--Thread(Thread[Test worker,5,main])--The alias name for the entity class [class com.spartan.healthmeter.entity.ZenRequestDetails] is being defaulted to: ZenRequestDetails.
[EL Config]: metadata: 2016-01-14 05:40:52.191--ServerSession(264222575)--Thread(Thread[Test worker,5,main])--The alias name for the entity class [class com.spartan.healthmeter.entity.ArtHealthSchedulerConfiguration] is being defaulted to: ArtHealthSchedulerConfiguration.
[EL Config]: metadata: 2016-01-14 05:40:52.191--ServerSession(264222575)--Thread(Thread[Test worker,5,main])--The alias name for the entity class [class testprj.app.shared.location.Currency] is being defaulted to: Currency.
[EL Config]: metadata: 2016-01-14 05:40:52.192--ServerSession(264222575)--Thread(Thread[Test worker,5,main])--The alias name for the entity class [class com.athena.ruleengine.shared.ArtRules] is being defaulted to: ArtRules.
[EL Config]: metadata: 2016-01-14 05:40:52.192--ServerSession(264222575)--Thread(Thread[Test worker,5,main])--The alias name for the entity class [class com.athena.shared.entity.report.ArtReportBuilderDetails] is being defaulted to: ArtReportBuilderDetails.
[EL Config]: metadata: 2016-01-14 05:40:52.193--ServerSession(264222575)--Thread(Thread[Test worker,5,main])--The alias name for the entity class [class com.athena.cloud.shared.entity.CloudDriveTagFiles] is being defaulted to: CloudDriveTagFiles.
[EL Config]: metadata: 2016-01-14 05:40:52.193--ServerSession(264222575)--Thread(Thread[Test worker,5,main])--The column name for element [id] is being defaulted to: ID.
[EL Config]: metadata: 2016-01-14 05:40:52.193--ServerSession(264222575)--Thread(Thread[Test worker,5,main])--The alias name for the entity class [class testprj.app.shared.sales.SalesData] is being defaulted to: SalesData.
[EL Config]: metadata: 2016-01-14 05:40:52.194--ServerSession(264222575)--Thread(Thread[Test worker,5,main])--The alias name for the entity class [class com.spartan.healthmeter.entity.ZenHealthCounter] is being defaulted to: ZenHealthCounter.
[EL Config]: metadata: 2016-01-14 05:40:52.194--ServerSession(264222575)--Thread(Thread[Test worker,5,main])--The alias name for the entity class [class com.spartan.healthmeter.entity.ZenHealth] is being defaulted to: ZenHealth.
[EL Config]: metadata: 2016-01-14 05:40:52.195--ServerSession(264222575)--Thread(Thread[Test worker,5,main])--The alias name for the entity class [class com.athena.shared.entity.report.ArtChartDataFieldJson] is being defaulted to: ArtChartDataFieldJson.
[EL Config]: metadata: 2016-01-14 05:40:52.195--ServerSession(264222575)--Thread(Thread[Test worker,5,main])--The alias name for the entity class [class com.athena.shared.entity.report.ArtReportUI] is being defaulted to: ArtReportUI.
[EL Config]: metadata: 2016-01-14 05:40:52.196--ServerSession(264222575)--Thread(Thread[Test worker,5,main])--The alias name for the entity class [class testprj.app.shared.authorization.UserRoleBridge] is being defaulted to: UserRoleBridge.
[EL Config]: metadata: 2016-01-14 05:40:52.196--ServerSession(264222575)--Thread(Thread[Test worker,5,main])--The alias name for the entity class [class testprj.app.shared.authentication.LoginSession] is being defaulted to: LoginSession.
[EL Config]: metadata: 2016-01-14 05:40:52.196--ServerSession(264222575)--Thread(Thread[Test worker,5,main])--The alias name for the entity class [class testprj.app.shared.sales.CurrentMonth] is being defaulted to: CurrentMonth.
[EL Config]: metadata: 2016-01-14 05:40:52.197--ServerSession(264222575)--Thread(Thread[Test worker,5,main])--The alias name for the entity class [class com.athena.shared.entity.report.ArtService] is being defaulted to: ArtService.
[EL Config]: metadata: 2016-01-14 05:40:52.197--ServerSession(264222575)--Thread(Thread[Test worker,5,main])--The alias name for the entity class [class com.athena.server.bean.EntityBean] is being defaulted to: EntityBean.
[EL Config]: metadata: 2016-01-14 05:40:52.197--ServerSession(264222575)--Thread(Thread[Test worker,5,main])--The table name for entity [class com.athena.server.bean.EntityBean] is being defaulted to: ENTITYBEAN.
[EL Config]: metadata: 2016-01-14 05:40:52.197--ServerSession(264222575)--Thread(Thread[Test worker,5,main])--The column name for element [id] is being defaulted to: ID.
[EL Config]: metadata: 2016-01-14 05:40:52.198--ServerSession(264222575)--Thread(Thread[Test worker,5,main])--The column name for element [name] is being defaulted to: NAME.
[EL Config]: metadata: 2016-01-14 05:40:52.198--ServerSession(264222575)--Thread(Thread[Test worker,5,main])--The column name for element [fields] is being defaulted to: FIELDS.
[EL Config]: metadata: 2016-01-14 05:40:52.199--ServerSession(264222575)--Thread(Thread[Test worker,5,main])--The alias name for the entity class [class testprj.app.shared.contacts.CoreContacts] is being defaulted to: CoreContacts.
[EL Config]: metadata: 2016-01-14 05:40:52.2--ServerSession(264222575)--Thread(Thread[Test worker,5,main])--The alias name for the entity class [class testprj.app.shared.sales.Brand] is being defaulted to: Brand.
[EL Config]: metadata: 2016-01-14 05:40:52.2--ServerSession(264222575)--Thread(Thread[Test worker,5,main])--The alias name for the entity class [class testprj.app.shared.contacts.CommunicationType] is being defaulted to: CommunicationType.
[EL Config]: metadata: 2016-01-14 05:40:52.2--ServerSession(264222575)--Thread(Thread[Test worker,5,main])--The alias name for the entity class [class testprj.app.shared.authentication.User] is being defaulted to: User.
[EL Config]: metadata: 2016-01-14 05:40:52.201--ServerSession(264222575)--Thread(Thread[Test worker,5,main])--The alias name for the entity class [class testprj.app.shared.customers.AppCustomerCategory] is being defaulted to: AppCustomerCategory.
[EL Config]: metadata: 2016-01-14 05:40:52.201--ServerSession(264222575)--Thread(Thread[Test worker,5,main])--The alias name for the entity class [class com.athena.shared.entity.query.ArtDatabaseAggregate] is being defaulted to: ArtDatabaseAggregate.
[EL Config]: metadata: 2016-01-14 05:40:52.21--ServerSession(264222575)--Thread(Thread[Test worker,5,main])--The primary key column name for the mapping element [field artservice] is being defaulted to: service_id.
[EL Config]: metadata: 2016-01-14 05:40:52.22--ServerSession(264222575)--Thread(Thread[Test worker,5,main])--The primary key column name for the mapping element [field contentType] is being defaulted to: file_mime_type.
[EL Config]: metadata: 2016-01-14 05:40:52.22--ServerSession(264222575)--Thread(Thread[Test worker,5,main])--The primary key column name for the mapping element [field file] is being defaulted to: file_id.
[EL Config]: metadata: 2016-01-14 05:40:52.22--ServerSession(264222575)--Thread(Thread[Test worker,5,main])--The primary key column name for the mapping element [field file] is being defaulted to: file_id.
[EL Config]: metadata: 2016-01-14 05:40:52.221--ServerSession(264222575)--Thread(Thread[Test worker,5,main])--The primary key column name for the mapping element [field file] is being defaulted to: file_id.
[EL Info]: 2016-01-14 05:40:52.684--ServerSession(264222575)--Thread(Thread[Test worker,5,main])--EclipseLink, version: Eclipse Persistence Services - 2.5.1.v20130918-f2b9fc5
[EL Fine]: connection: 2016-01-14 05:40:57.879--Thread(Thread[Test worker,5,main])--Detected database platform: org.eclipse.persistence.platform.database.MySQLPlatform
[EL Config]: connection: 2016-01-14 05:40:57.889--ServerSession(264222575)--Connection(1321991578)--Thread(Thread[Test worker,5,main])--connecting(DatabaseLogin(
	platform=>MySQLPlatform
	user name=> "testprj"
	datasource URL=> "jdbc:mysql://localhost-MYSQL:3306/testprj"
))
[EL Config]: connection: 2016-01-14 05:40:57.894--ServerSession(264222575)--Connection(1918162940)--Thread(Thread[Test worker,5,main])--Connected: jdbc:mysql://localhost-MYSQL:3306/testprj
	User: testprj@172.17.0.5
	Database: MySQL  Version: 5.7.7-rc
	Driver: MySQL Connector Java  Version: mysql-connector-java-5.1.31 ( Revision: alexander.soklakov@oracle.com-20140520065950-groqzzbvxprqdmnz )
[EL Config]: connection: 2016-01-14 05:40:57.894--ServerSession(264222575)--Connection(540023816)--Thread(Thread[Test worker,5,main])--connecting(DatabaseLogin(
	platform=>MySQLPlatform
	user name=> "testprj"
	datasource URL=> "jdbc:mysql://localhost-MYSQL:3306/testprj"
))
[EL Config]: connection: 2016-01-14 05:40:57.899--ServerSession(264222575)--Connection(1260782468)--Thread(Thread[Test worker,5,main])--Connected: jdbc:mysql://localhost-MYSQL:3306/testprj
	User: testprj@172.17.0.5
	Database: MySQL  Version: 5.7.7-rc
	Driver: MySQL Connector Java  Version: mysql-connector-java-5.1.31 ( Revision: alexander.soklakov@oracle.com-20140520065950-groqzzbvxprqdmnz )
[EL Config]: connection: 2016-01-14 05:40:57.899--ServerSession(264222575)--Connection(749794727)--Thread(Thread[Test worker,5,main])--connecting(DatabaseLogin(
	platform=>MySQLPlatform
	user name=> "testprj"
	datasource URL=> "jdbc:mysql://localhost-MYSQL:3306/testprj"
))
[EL Config]: connection: 2016-01-14 05:40:57.904--ServerSession(264222575)--Connection(708673055)--Thread(Thread[Test worker,5,main])--Connected: jdbc:mysql://localhost-MYSQL:3306/testprj
	User: testprj@172.17.0.5
	Database: MySQL  Version: 5.7.7-rc
	Driver: MySQL Connector Java  Version: mysql-connector-java-5.1.31 ( Revision: alexander.soklakov@oracle.com-20140520065950-groqzzbvxprqdmnz )
[EL Config]: connection: 2016-01-14 05:40:57.904--ServerSession(264222575)--Connection(723729123)--Thread(Thread[Test worker,5,main])--connecting(DatabaseLogin(
	platform=>MySQLPlatform
	user name=> "testprj"
	datasource URL=> "jdbc:mysql://localhost-MYSQL:3306/testprj"
))
[EL Config]: connection: 2016-01-14 05:40:57.909--ServerSession(264222575)--Connection(1792679886)--Thread(Thread[Test worker,5,main])--Connected: jdbc:mysql://localhost-MYSQL:3306/testprj
	User: testprj@172.17.0.5
	Database: MySQL  Version: 5.7.7-rc
	Driver: MySQL Connector Java  Version: mysql-connector-java-5.1.31 ( Revision: alexander.soklakov@oracle.com-20140520065950-groqzzbvxprqdmnz )
[EL Config]: connection: 2016-01-14 05:40:57.909--ServerSession(264222575)--Connection(375276592)--Thread(Thread[Test worker,5,main])--connecting(DatabaseLogin(
	platform=>MySQLPlatform
	user name=> "testprj"
	datasource URL=> "jdbc:mysql://localhost-MYSQL:3306/testprj"
))
[EL Config]: connection: 2016-01-14 05:40:57.914--ServerSession(264222575)--Connection(525962327)--Thread(Thread[Test worker,5,main])--Connected: jdbc:mysql://localhost-MYSQL:3306/testprj
	User: testprj@172.17.0.5
	Database: MySQL  Version: 5.7.7-rc
	Driver: MySQL Connector Java  Version: mysql-connector-java-5.1.31 ( Revision: alexander.soklakov@oracle.com-20140520065950-groqzzbvxprqdmnz )
[EL Config]: connection: 2016-01-14 05:40:57.915--ServerSession(264222575)--Connection(806138837)--Thread(Thread[Test worker,5,main])--connecting(DatabaseLogin(
	platform=>MySQLPlatform
	user name=> "testprj"
	datasource URL=> "jdbc:mysql://localhost-MYSQL:3306/testprj"
))
[EL Config]: connection: 2016-01-14 05:40:57.922--ServerSession(264222575)--Connection(434344004)--Thread(Thread[Test worker,5,main])--Connected: jdbc:mysql://localhost-MYSQL:3306/testprj
	User: testprj@172.17.0.5
	Database: MySQL  Version: 5.7.7-rc
	Driver: MySQL Connector Java  Version: mysql-connector-java-5.1.31 ( Revision: alexander.soklakov@oracle.com-20140520065950-groqzzbvxprqdmnz )
[EL Config]: connection: 2016-01-14 05:40:57.922--ServerSession(264222575)--Connection(722759075)--Thread(Thread[Test worker,5,main])--connecting(DatabaseLogin(
	platform=>MySQLPlatform
	user name=> "testprj"
	datasource URL=> "jdbc:mysql://localhost-MYSQL:3306/testprj"
))
[EL Config]: connection: 2016-01-14 05:40:57.931--ServerSession(264222575)--Connection(641908619)--Thread(Thread[Test worker,5,main])--Connected: jdbc:mysql://localhost-MYSQL:3306/testprj
	User: testprj@172.17.0.5
	Database: MySQL  Version: 5.7.7-rc
	Driver: MySQL Connector Java  Version: mysql-connector-java-5.1.31 ( Revision: alexander.soklakov@oracle.com-20140520065950-groqzzbvxprqdmnz )
[EL Config]: connection: 2016-01-14 05:40:57.932--ServerSession(264222575)--Connection(1747800652)--Thread(Thread[Test worker,5,main])--connecting(DatabaseLogin(
	platform=>MySQLPlatform
	user name=> "testprj"
	datasource URL=> "jdbc:mysql://localhost-MYSQL:3306/testprj"
))
[EL Config]: connection: 2016-01-14 05:40:57.938--ServerSession(264222575)--Connection(1961142532)--Thread(Thread[Test worker,5,main])--Connected: jdbc:mysql://localhost-MYSQL:3306/testprj
	User: testprj@172.17.0.5
	Database: MySQL  Version: 5.7.7-rc
	Driver: MySQL Connector Java  Version: mysql-connector-java-5.1.31 ( Revision: alexander.soklakov@oracle.com-20140520065950-groqzzbvxprqdmnz )
[EL Config]: connection: 2016-01-14 05:40:57.938--ServerSession(264222575)--Connection(1343521168)--Thread(Thread[Test worker,5,main])--connecting(DatabaseLogin(
	platform=>MySQLPlatform
	user name=> "testprj"
	datasource URL=> "jdbc:mysql://localhost-MYSQL:3306/testprj"
))
[EL Config]: connection: 2016-01-14 05:40:57.944--ServerSession(264222575)--Connection(172079773)--Thread(Thread[Test worker,5,main])--Connected: jdbc:mysql://localhost-MYSQL:3306/testprj
	User: testprj@172.17.0.5
	Database: MySQL  Version: 5.7.7-rc
	Driver: MySQL Connector Java  Version: mysql-connector-java-5.1.31 ( Revision: alexander.soklakov@oracle.com-20140520065950-groqzzbvxprqdmnz )
[EL Config]: connection: 2016-01-14 05:40:57.944--ServerSession(264222575)--Connection(1631755949)--Thread(Thread[Test worker,5,main])--connecting(DatabaseLogin(
	platform=>MySQLPlatform
	user name=> "testprj"
	datasource URL=> "jdbc:mysql://localhost-MYSQL:3306/testprj"
))
[EL Config]: connection: 2016-01-14 05:40:57.95--ServerSession(264222575)--Connection(170945047)--Thread(Thread[Test worker,5,main])--Connected: jdbc:mysql://localhost-MYSQL:3306/testprj
	User: testprj@172.17.0.5
	Database: MySQL  Version: 5.7.7-rc
	Driver: MySQL Connector Java  Version: mysql-connector-java-5.1.31 ( Revision: alexander.soklakov@oracle.com-20140520065950-groqzzbvxprqdmnz )
[EL Config]: connection: 2016-01-14 05:40:57.95--ServerSession(264222575)--Connection(1887768890)--Thread(Thread[Test worker,5,main])--connecting(DatabaseLogin(
	platform=>MySQLPlatform
	user name=> "testprj"
	datasource URL=> "jdbc:mysql://localhost-MYSQL:3306/testprj"
))
[EL Config]: connection: 2016-01-14 05:40:57.956--ServerSession(264222575)--Connection(854563548)--Thread(Thread[Test worker,5,main])--Connected: jdbc:mysql://localhost-MYSQL:3306/testprj
	User: testprj@172.17.0.5
	Database: MySQL  Version: 5.7.7-rc
	Driver: MySQL Connector Java  Version: mysql-connector-java-5.1.31 ( Revision: alexander.soklakov@oracle.com-20140520065950-groqzzbvxprqdmnz )
[EL Config]: connection: 2016-01-14 05:40:57.956--ServerSession(264222575)--Connection(278920100)--Thread(Thread[Test worker,5,main])--connecting(DatabaseLogin(
	platform=>MySQLPlatform
	user name=> "testprj"
	datasource URL=> "jdbc:mysql://localhost-MYSQL:3306/testprj"
))
[EL Config]: connection: 2016-01-14 05:40:57.962--ServerSession(264222575)--Connection(291469323)--Thread(Thread[Test worker,5,main])--Connected: jdbc:mysql://localhost-MYSQL:3306/testprj
	User: testprj@172.17.0.5
	Database: MySQL  Version: 5.7.7-rc
	Driver: MySQL Connector Java  Version: mysql-connector-java-5.1.31 ( Revision: alexander.soklakov@oracle.com-20140520065950-groqzzbvxprqdmnz )
[EL Config]: connection: 2016-01-14 05:40:57.962--ServerSession(264222575)--Connection(314712854)--Thread(Thread[Test worker,5,main])--connecting(DatabaseLogin(
	platform=>MySQLPlatform
	user name=> "testprj"
	datasource URL=> "jdbc:mysql://localhost-MYSQL:3306/testprj"
))
[EL Config]: connection: 2016-01-14 05:40:57.968--ServerSession(264222575)--Connection(1725888261)--Thread(Thread[Test worker,5,main])--Connected: jdbc:mysql://localhost-MYSQL:3306/testprj
	User: testprj@172.17.0.5
	Database: MySQL  Version: 5.7.7-rc
	Driver: MySQL Connector Java  Version: mysql-connector-java-5.1.31 ( Revision: alexander.soklakov@oracle.com-20140520065950-groqzzbvxprqdmnz )
[EL Config]: connection: 2016-01-14 05:40:57.968--ServerSession(264222575)--Connection(942382598)--Thread(Thread[Test worker,5,main])--connecting(DatabaseLogin(
	platform=>MySQLPlatform
	user name=> "testprj"
	datasource URL=> "jdbc:mysql://localhost-MYSQL:3306/testprj"
))
[EL Config]: connection: 2016-01-14 05:40:57.974--ServerSession(264222575)--Connection(690980409)--Thread(Thread[Test worker,5,main])--Connected: jdbc:mysql://localhost-MYSQL:3306/testprj
	User: testprj@172.17.0.5
	Database: MySQL  Version: 5.7.7-rc
	Driver: MySQL Connector Java  Version: mysql-connector-java-5.1.31 ( Revision: alexander.soklakov@oracle.com-20140520065950-groqzzbvxprqdmnz )
[EL Config]: connection: 2016-01-14 05:40:57.974--ServerSession(264222575)--Connection(1863654734)--Thread(Thread[Test worker,5,main])--connecting(DatabaseLogin(
	platform=>MySQLPlatform
	user name=> "testprj"
	datasource URL=> "jdbc:mysql://localhost-MYSQL:3306/testprj"
))
[EL Config]: connection: 2016-01-14 05:40:57.981--ServerSession(264222575)--Connection(1130838068)--Thread(Thread[Test worker,5,main])--Connected: jdbc:mysql://localhost-MYSQL:3306/testprj
	User: testprj@172.17.0.5
	Database: MySQL  Version: 5.7.7-rc
	Driver: MySQL Connector Java  Version: mysql-connector-java-5.1.31 ( Revision: alexander.soklakov@oracle.com-20140520065950-groqzzbvxprqdmnz )
[EL Config]: connection: 2016-01-14 05:40:57.981--ServerSession(264222575)--Connection(1130838068)--Thread(Thread[Test worker,5,main])--disconnect
[EL Warning]: metadata: 2016-01-14 05:40:57.995--ServerSession(264222575)--Thread(Thread[Test worker,5,main])--Reverting the lazy setting on the OneToOne or ManyToOne attribute [timezone] for the entity class [class testprj.app.shared.contacts.CoreContacts] since weaving was not enabled or did not occur.
[EL Warning]: metadata: 2016-01-14 05:40:57.996--ServerSession(264222575)--Thread(Thread[Test worker,5,main])--Reverting the lazy setting on the OneToOne or ManyToOne attribute [user] for the entity class [class testprj.app.shared.authentication.PassRecovery] since weaving was not enabled or did not occur.
[EL Warning]: metadata: 2016-01-14 05:40:57.998--ServerSession(264222575)--Thread(Thread[Test worker,5,main])--Reverting the lazy setting on the OneToOne or ManyToOne attribute [user] for the entity class [class testprj.app.shared.authentication.UserData] since weaving was not enabled or did not occur.
[EL Warning]: metadata: 2016-01-14 05:40:57.999--ServerSession(264222575)--Thread(Thread[Test worker,5,main])--Reverting the lazy setting on the OneToOne or ManyToOne attribute [coreContacts] for the entity class [class testprj.app.shared.authentication.Login] since weaving was not enabled or did not occur.
[EL Warning]: metadata: 2016-01-14 05:40:57.999--ServerSession(264222575)--Thread(Thread[Test worker,5,main])--Reverting the lazy setting on the OneToOne or ManyToOne attribute [user] for the entity class [class testprj.app.shared.authentication.Login] since weaving was not enabled or did not occur.
[EL Warning]: metadata: 2016-01-14 05:40:58.001--ServerSession(264222575)--Thread(Thread[Test worker,5,main])--Reverting the lazy setting on the OneToOne or ManyToOne attribute [userData] for the entity class [class testprj.app.shared.authentication.User] since weaving was not enabled or did not occur.
[EL Info]: connection: 2016-01-14 05:40:58.209--ServerSession(264222575)--Thread(Thread[Test worker,5,main])--file:/home/applifire/workspace/testprj/build/resources/main_testprj login successful
NOTIFYING OBSERVERS
notification received to observer
Queue manager defined with queue type 0 and size 100000
Event Queue Consumer started
inside Disk Health
came in healthmeter bean
came in initHealth
 Queue manager qType : 0
 Queue manager qSize : 10000
Queue manager defined with queue type 0 and size 10000
Event Queue Consumer started
+++++++++++++++++++++++++++++++++++++++++++++++++++++++++++++++
creating bean JpqlToSqlConfig
Thu Jan 14 05:41:01 UTC 2016|DH-TP|***.***.***| appLogger : Starting all DataHandler Worker Threads.....
[EL Fine]: sql: 2016-01-14 05:41:01.262--ClientSession(1691109009)--Connection(690980409)--Thread(Thread[Test worker,5,main])--SELECT query_id, active_status, app_creator_id, created_by, created_date, hidden_name, jpql_query, name, project_id, project_version_id, query_json, query_type, sql_query, updated_by, updated_date, user_access, version_id FROM art_query WHERE ((active_status = ?) AND (sql_query IS NULL))
	bind => [true]
[EL Config]: connection: 2016-01-14 05:41:01.291--ServerSession(264222575)--Connection(690980409)--Thread(Thread[Test worker,5,main])--disconnect
[EL Fine]: sql: 2016-01-14 05:41:01.305--ClientSession(403512495)--Connection(1725888261)--Thread(Thread[Test worker,5,main])--SELECT query_id, active_status, app_creator_id, created_by, created_date, hidden_name, jpql_query, name, project_id, project_version_id, query_json, query_type, sql_query, updated_by, updated_date, user_access, version_id FROM art_query WHERE (query_id = ?)
	bind => [2436CFFD-6730-4DE2-95B1-FC0D4240DF26]
[EL Fine]: sql: 2016-01-14 05:41:01.308--ClientSession(403512495)--Connection(1725888261)--Thread(Thread[Test worker,5,main])--UPDATE art_query SET sql_query = ? WHERE (query_id = ?)
	bind => [SELECT t0.channel, t1.category, t2.branddesc, t3.materialdesc, t4.regionname, t5.distributorname, t5.longitude, t5.lattitude, t6.updatedDate, t6.salesdate, t6.salesyear, t6.salesinvoicenbr, t6.salesqty, t6.netsalesamt, t6.grosssalesamt, t7.monthname, t7.monthid, t8.retailername FROM ast_Retailer_M t8, ast_CurrentMonth_M t7, ast_SalesData_T t6, ast_Distributor_M t5, ast_SalesRegion_M t4, ast_Material_M t3, ast_Brand_M t2, ast_Category_M t1, ast_Channel_M t0 WHERE (((((((((t4.regioncode = t5.regioncode) AND (t5.distributorcode = t8.distributorcode)) AND (t1.categoryId = t2.categoryId)) AND (t8.retailercode = t6.reatilercode)) AND (t2.brandcode = t3.brandcode)) AND (t0.channelId = t6.channelId)) AND (t7.monthid = t6.salesmonth)) AND (t1.categoryId = t6.category)) AND (t3.materialcode = t6.materialcode)) ORDER BY t7.monthid, 2436CFFD-6730-4DE2-95B1-FC0D4240DF26]
[EL Config]: connection: 2016-01-14 05:41:01.339--ServerSession(264222575)--Connection(1725888261)--Thread(Thread[Test worker,5,main])--disconnect
[EL Fine]: sql: 2016-01-14 05:41:01.346--ClientSession(1962880489)--Connection(291469323)--Thread(Thread[Test worker,5,main])--SELECT query_id, active_status, app_creator_id, created_by, created_date, hidden_name, jpql_query, name, project_id, project_version_id, query_json, query_type, sql_query, updated_by, updated_date, user_access, version_id FROM art_query WHERE (query_id = ?)
	bind => [78451E9B-D732-4D66-A7EA-DDD873EB6016]
[EL Fine]: sql: 2016-01-14 05:41:01.348--ClientSession(1962880489)--Connection(291469323)--Thread(Thread[Test worker,5,main])--UPDATE art_query SET sql_query = ? WHERE (query_id = ?)
	bind => [SELECT t0.regionname, t1.retailername, t2.distributorname, t2.longitude, t2.lattitude, t3.monthid, t3.monthname, t4.autoid, t4.channelId, t4.salesdate, t4.salesyear, t4.salesinvoicenbr, t4.materialdesc, t4.branddesc, t4.salesqty, t4.netsalesamt, t4.grosssalesamt, t4.materialcode, t4.brandcode, t4.category, t4.updatedDate FROM ast_SalesData_T t4, ast_CurrentMonth_M t3, ast_Distributor_M t2, ast_Retailer_M t1, ast_SalesRegion_M t0 WHERE (((((((((t4.reatilercode = t1.retailercode) AND (t1.distributorcode = t2.distributorcode)) AND (t2.regioncode = t0.regioncode)) AND (t4.salesmonth = t3.monthid)) AND t0.regionname LIKE ?) AND t1.retailername LIKE ?) AND t2.distributorname LIKE ?) AND (t4.salesyear = ?)) AND t3.monthname LIKE ?) ORDER BY t3.monthid, 78451E9B-D732-4D66-A7EA-DDD873EB6016]
[EL Config]: connection: 2016-01-14 05:41:01.381--ServerSession(264222575)--Connection(291469323)--Thread(Thread[Test worker,5,main])--disconnect
[EL Fine]: sql: 2016-01-14 05:41:01.386--ClientSession(656495192)--Connection(854563548)--Thread(Thread[Test worker,5,main])--SELECT query_id, active_status, app_creator_id, created_by, created_date, hidden_name, jpql_query, name, project_id, project_version_id, query_json, query_type, sql_query, updated_by, updated_date, user_access, version_id FROM art_query WHERE (query_id = ?)
	bind => [99389274-8275-47F4-BFA4-9222C0FA01D9]
[EL Fine]: sql: 2016-01-14 05:41:01.388--ClientSession(656495192)--Connection(854563548)--Thread(Thread[Test worker,5,main])--UPDATE art_query SET sql_query = ? WHERE (query_id = ?)
	bind => [SELECT t0.regionname, t1.monthid, t1.monthname, t2.distributorname, t2.longitude, t2.lattitude, t3.retailername, t4.autoid, t4.channelId, t4.salesdate, t4.salesmonth, t4.salesyear, t4.salesinvoicenbr, t4.branddesc, t4.salesqty, t4.netsalesamt, t4.grosssalesamt, t4.materialcode, t4.brandcode, t4.category, t4.updatedDate FROM ast_SalesData_T t4, ast_Retailer_M t3, ast_Distributor_M t2, ast_CurrentMonth_M t1, ast_SalesRegion_M t0 WHERE ((((((t4.salesmonth = t1.monthid) AND (t3.distributorcode = t2.distributorcode)) AND (t2.regioncode = t0.regioncode)) AND (t4.reatilercode = t3.retailercode)) AND (t4.salesdate >= ?)) AND (t4.salesdate <= ?)) ORDER BY t1.monthid, 99389274-8275-47F4-BFA4-9222C0FA01D9]
[EL Config]: connection: 2016-01-14 05:41:01.423--ServerSession(264222575)--Connection(854563548)--Thread(Thread[Test worker,5,main])--disconnect
[EL Fine]: sql: 2016-01-14 05:41:01.425--ClientSession(727075736)--Connection(170945047)--Thread(Thread[Test worker,5,main])--SELECT query_id, active_status, app_creator_id, created_by, created_date, hidden_name, jpql_query, name, project_id, project_version_id, query_json, query_type, sql_query, updated_by, updated_date, user_access, version_id FROM art_query WHERE (query_id = ?)
	bind => [C479F1DC-FACC-4329-8A13-621A7B7715DD]
[EL Fine]: sql: 2016-01-14 05:41:01.427--ClientSession(727075736)--Connection(170945047)--Thread(Thread[Test worker,5,main])--UPDATE art_query SET sql_query = ? WHERE (query_id = ?)
	bind => [SELECT fname, lname, dateoforder, pk FROM ast_PersonalInfo_M, C479F1DC-FACC-4329-8A13-621A7B7715DD]
[EL Config]: connection: 2016-01-14 05:41:01.456--ServerSession(264222575)--Connection(170945047)--Thread(Thread[Test worker,5,main])--disconnect
[EL Fine]: sql: 2016-01-14 05:41:01.46--ClientSession(441289599)--Connection(172079773)--Thread(Thread[Test worker,5,main])--SELECT query_id, active_status, app_creator_id, created_by, created_date, hidden_name, jpql_query, name, project_id, project_version_id, query_json, query_type, sql_query, updated_by, updated_date, user_access, version_id FROM art_query WHERE (query_id = ?)
	bind => [D992EF90-75B1-40EE-935E-B49992337671]
[EL Fine]: sql: 2016-01-14 05:41:01.462--ClientSession(441289599)--Connection(172079773)--Thread(Thread[Test worker,5,main])--UPDATE art_query SET sql_query = ? WHERE (query_id = ?)
	bind => [SELECT t0.regionname FROM ast_SalesRegion_M t0, ast_UserAccess_M t1 WHERE ((t1.region = t0.regioncode) AND (t1.userId = ?)), D992EF90-75B1-40EE-935E-B49992337671]
[EL Config]: connection: 2016-01-14 05:41:01.498--ServerSession(264222575)--Connection(172079773)--Thread(Thread[Test worker,5,main])--disconnect
came in myClass bean
[EL Fine]: sql: 2016-01-14 05:41:04.563--ClientSession(1382072664)--Connection(1961142532)--Thread(Thread[Test worker,5,main])--INSERT INTO ast_Category_M (categoryId, category, versionId, createdBy, createdDate, updatedBy, updatedDate, activeStatus, txnAccessCode) VALUES (?, ?, ?, ?, ?, ?, ?, ?, ?)
	bind => [B28D9225-D6E2-44AE-ADE9-2CC00FA0FE04, kYV6DttuoQ36iiQaJsEvV6smSxX1KM92W2lgW1BWsvMXOMdfmj, 1, AAAAA, 2016-01-14 05:41:04.524, null, 2016-01-14 05:41:04.524, 1, null]
[EL Config]: connection: 2016-01-14 05:41:04.781--ServerSession(264222575)--Connection(1961142532)--Thread(Thread[Test worker,5,main])--disconnect
Setting logged in user info for ADD
[EL Fine]: sql: 2016-01-14 05:41:04.822--ClientSession(725060382)--Connection(641908619)--Thread(Thread[Test worker,5,main])--INSERT INTO ast_Brand_M (brandcode, branddesc, categoryId, versionId, createdBy, createdDate, updatedBy, updatedDate, activeStatus, txnAccessCode) VALUES (?, ?, ?, ?, ?, ?, ?, ?, ?, ?)
	bind => [D35E77D0-E3B8-46A9-B0B1-F67102D886F3, qEMK6n1OmVp2IujIrX1OXfbI4wtxifPN6K7DuFncUMvPY7xB6f, B28D9225-D6E2-44AE-ADE9-2CC00FA0FE04, 1, AAAAA, 2016-01-14 05:41:04.782, null, 2016-01-14 05:41:04.782, 1, null]
[EL Config]: connection: 2016-01-14 05:41:04.864--ServerSession(264222575)--Connection(641908619)--Thread(Thread[Test worker,5,main])--disconnect
[EL Fine]: sql: 2016-01-14 05:41:04.876--ClientSession(1810729835)--Connection(434344004)--Thread(Thread[Test worker,5,main])--SELECT brandcode, branddesc, categoryId, versionId, createdBy, createdDate, updatedBy, updatedDate, activeStatus, txnAccessCode FROM ast_Brand_M WHERE ((activeStatus = ?) AND (brandcode = ?))
	bind => [1, D35E77D0-E3B8-46A9-B0B1-F67102D886F3]
Setting logged in user info for UPDATE
[EL Fine]: sql: 2016-01-14 05:41:04.88--ClientSession(727997402)--Connection(434344004)--Thread(Thread[Test worker,5,main])--SELECT brandcode, branddesc, categoryId, versionId, createdBy, createdDate, updatedBy, updatedDate, activeStatus, txnAccessCode FROM ast_Brand_M WHERE (brandcode = ?)
	bind => [D35E77D0-E3B8-46A9-B0B1-F67102D886F3]
[EL Fine]: sql: 2016-01-14 05:41:04.881--ClientSession(727997402)--Connection(434344004)--Thread(Thread[Test worker,5,main])--UPDATE ast_Brand_M SET branddesc = ?, updatedBy = ?, versionId = ? WHERE ((brandcode = ?) AND (versionId = ?))
	bind => [RafZpUZoRh4IoSFszpo2aHe3VSvafJDq2l1MYRvBXYZqpVzubV, AAAAA, 2, D35E77D0-E3B8-46A9-B0B1-F67102D886F3, 1]
[EL Fine]: sql: 2016-01-14 05:41:04.928--ClientSession(1365161421)--Connection(434344004)--Thread(Thread[Test worker,5,main])--SELECT brandcode, branddesc, categoryId, versionId, createdBy, createdDate, updatedBy, updatedDate, activeStatus, txnAccessCode FROM ast_Brand_M WHERE ((activeStatus = ?) AND (brandcode = ?))
	bind => [1, D35E77D0-E3B8-46A9-B0B1-F67102D886F3]
[EL Fine]: sql: 2016-01-14 05:41:04.936--ClientSession(1499455559)--Connection(434344004)--Thread(Thread[Test worker,5,main])--SELECT brandcode, branddesc, categoryId, versionId, createdBy, createdDate, updatedBy, updatedDate, activeStatus, txnAccessCode FROM ast_Brand_M WHERE ((activeStatus = ?) AND (categoryId = ?))
	bind => [1, B28D9225-D6E2-44AE-ADE9-2CC00FA0FE04]
[EL Fine]: sql: 2016-01-14 05:41:04.944--ClientSession(2001518544)--Connection(434344004)--Thread(Thread[Test worker,5,main])--SELECT brandcode, branddesc, categoryId, versionId, createdBy, createdDate, updatedBy, updatedDate, activeStatus, txnAccessCode FROM ast_Brand_M WHERE (brandcode = ?)
	bind => [D35E77D0-E3B8-46A9-B0B1-F67102D886F3]
[EL Fine]: sql: 2016-01-14 05:41:04.946--ClientSession(2001518544)--Connection(434344004)--Thread(Thread[Test worker,5,main])--DELETE FROM ast_Brand_M WHERE ((brandcode = ?) AND (versionId = ?))
	bind => [D35E77D0-E3B8-46A9-B0B1-F67102D886F3, 2]
[EL Fine]: sql: 2016-01-14 05:41:04.997--ClientSession(980920462)--Connection(434344004)--Thread(Thread[Test worker,5,main])--SELECT categoryId, category, versionId, createdBy, createdDate, updatedBy, updatedDate, activeStatus, txnAccessCode FROM ast_Category_M WHERE (categoryId = ?)
	bind => [B28D9225-D6E2-44AE-ADE9-2CC00FA0FE04]
[EL Fine]: sql: 2016-01-14 05:41:04.999--ClientSession(980920462)--Connection(434344004)--Thread(Thread[Test worker,5,main])--DELETE FROM ast_Category_M WHERE ((categoryId = ?) AND (versionId = ?))
	bind => [B28D9225-D6E2-44AE-ADE9-2CC00FA0FE04, 1]
]]></system-out>
  <system-err><![CDATA[log4j:WARN No appenders could be found for logger (org.springframework.test.context.junit4.SpringJUnit4ClassRunner).
log4j:WARN Please initialize the log4j system properly.
log4j:WARN See http://logging.apache.org/log4j/1.2/faq.html#noconfig for more info.
Final Query : SELECT t0.channel, t1.category, t2.branddesc, t3.materialdesc, t4.regionname, t5.distributorname, t5.longitude, t5.lattitude, t6.updatedDate, t6.salesdate, t6.salesyear, t6.salesinvoicenbr, t6.salesqty, t6.netsalesamt, t6.grosssalesamt, t7.monthname, t7.monthid, t8.retailername FROM ast_Retailer_M t8, ast_CurrentMonth_M t7, ast_SalesData_T t6, ast_Distributor_M t5, ast_SalesRegion_M t4, ast_Material_M t3, ast_Brand_M t2, ast_Category_M t1, ast_Channel_M t0 WHERE (((((((((t4.regioncode = t5.regioncode) AND (t5.distributorcode = t8.distributorcode)) AND (t1.categoryId = t2.categoryId)) AND (t8.retailercode = t6.reatilercode)) AND (t2.brandcode = t3.brandcode)) AND (t0.channelId = t6.channelId)) AND (t7.monthid = t6.salesmonth)) AND (t1.categoryId = t6.category)) AND (t3.materialcode = t6.materialcode)) ORDER BY t7.monthid
Final Query : SELECT t0.regionname, t1.retailername, t2.distributorname, t2.longitude, t2.lattitude, t3.monthid, t3.monthname, t4.autoid, t4.channelId, t4.salesdate, t4.salesyear, t4.salesinvoicenbr, t4.materialdesc, t4.branddesc, t4.salesqty, t4.netsalesamt, t4.grosssalesamt, t4.materialcode, t4.brandcode, t4.category, t4.updatedDate FROM ast_SalesData_T t4, ast_CurrentMonth_M t3, ast_Distributor_M t2, ast_Retailer_M t1, ast_SalesRegion_M t0 WHERE (((((((((t4.reatilercode = t1.retailercode) AND (t1.distributorcode = t2.distributorcode)) AND (t2.regioncode = t0.regioncode)) AND (t4.salesmonth = t3.monthid)) AND t0.regionname LIKE ?) AND t1.retailername LIKE ?) AND t2.distributorname LIKE ?) AND (t4.salesyear = ?)) AND t3.monthname LIKE ?) ORDER BY t3.monthid
Final Query : SELECT t0.regionname, t1.monthid, t1.monthname, t2.distributorname, t2.longitude, t2.lattitude, t3.retailername, t4.autoid, t4.channelId, t4.salesdate, t4.salesmonth, t4.salesyear, t4.salesinvoicenbr, t4.branddesc, t4.salesqty, t4.netsalesamt, t4.grosssalesamt, t4.materialcode, t4.brandcode, t4.category, t4.updatedDate FROM ast_SalesData_T t4, ast_Retailer_M t3, ast_Distributor_M t2, ast_CurrentMonth_M t1, ast_SalesRegion_M t0 WHERE ((((((t4.salesmonth = t1.monthid) AND (t3.distributorcode = t2.distributorcode)) AND (t2.regioncode = t0.regioncode)) AND (t4.reatilercode = t3.retailercode)) AND (t4.salesdate >= ?)) AND (t4.salesdate <= ?)) ORDER BY t1.monthid
Final Query : SELECT fname, lname, dateoforder, pk FROM ast_PersonalInfo_M
Final Query : SELECT t0.regionname FROM ast_SalesRegion_M t0, ast_UserAccess_M t1 WHERE ((t1.region = t0.regioncode) AND (t1.userId = ?))
]]></system-err>
</testsuite>
