<?xml version="1.0" encoding="UTF-8"?>
<testsuite name="testprj.app.server.service.PasswordAlgoTestCase" tests="4" skipped="0" failures="0" errors="0" timestamp="2016-01-14T05:41:10" hostname="efc0db31f0e6" time="0.447">
  <properties/>
  <testcase name="test1Save" classname="testprj.app.server.service.PasswordAlgoTestCase" time="0.222"/>
  <testcase name="test2Update" classname="testprj.app.server.service.PasswordAlgoTestCase" time="0.175"/>
  <testcase name="test3FindById" classname="testprj.app.server.service.PasswordAlgoTestCase" time="0.008"/>
  <testcase name="test4Delete" classname="testprj.app.server.service.PasswordAlgoTestCase" time="0.041"/>
  <system-out><![CDATA[Setting logged in user info for ADD
[EL Fine]: sql: 2016-01-14 05:41:10.505--ClientSession(629605620)--Connection(434344004)--Thread(Thread[Test worker,5,main])--INSERT INTO ast_PasswordAlgo_M (algoId, algoDescription, algoHelp, algoIcon, algoName, algorithm, versionId, createdBy, createdDate, updatedBy, updatedDate, activeStatus, txnAccessCode) VALUES (?, ?, ?, ?, ?, ?, ?, ?, ?, ?, ?, ?, ?)
	bind => [412094DA-FF0A-443F-9A5A-D840A7B77A2E, fYRTZLCFfhZ7ZQ1GnIyvV5jaymr13eecP4o2ecOXhJp8XWwlGd, bjSR0ACUV3TTTniDy8gf70FntaxcBCzYs0srP2JFxQilT9c4qk, 5BOs9ZJmnz17yubhHErZ7rRBNAPZ3lZGgcqiCHrkVlbRRhsMaD, iVPe1WyaMfrr3GfkiM1U15QrNCKdlTu0vAIRLrQCtStEsW5fpg, 9, 1, AAAAA, 2016-01-14 05:41:10.483, null, 2016-01-14 05:41:10.483, 1, null]
[EL Fine]: sql: 2016-01-14 05:41:10.697--ClientSession(1097877544)--Connection(434344004)--Thread(Thread[Test worker,5,main])--SELECT algoId, algoDescription, algoHelp, algoIcon, algoName, algorithm, versionId, createdBy, createdDate, updatedBy, updatedDate, activeStatus, txnAccessCode FROM ast_PasswordAlgo_M WHERE ((activeStatus = ?) AND (algoId = ?))
	bind => [1, 412094DA-FF0A-443F-9A5A-D840A7B77A2E]
Setting logged in user info for UPDATE
[EL Fine]: sql: 2016-01-14 05:41:10.699--ClientSession(1247489712)--Connection(434344004)--Thread(Thread[Test worker,5,main])--SELECT algoId, algoDescription, algoHelp, algoIcon, algoName, algorithm, versionId, createdBy, createdDate, updatedBy, updatedDate, activeStatus, txnAccessCode FROM ast_PasswordAlgo_M WHERE (algoId = ?)
	bind => [412094DA-FF0A-443F-9A5A-D840A7B77A2E]
[EL Fine]: sql: 2016-01-14 05:41:10.7--ClientSession(1247489712)--Connection(434344004)--Thread(Thread[Test worker,5,main])--UPDATE ast_PasswordAlgo_M SET algoDescription = ?, algoHelp = ?, algoIcon = ?, algoName = ?, algorithm = ?, updatedBy = ?, versionId = ? WHERE ((algoId = ?) AND (versionId = ?))
	bind => [063PDlcMOIqWxygIGtHJRXfO8fIJzNKKTZtymYvrVZVD04RjPO, cwHL3h60bc5m2YOmQqKzRp9UmKmitWYN3P63E28BftW427irp3, oUOaeXduLb2RRTCEcUxp2TwWeVfnYYeAWR5FH7Yo12IIWZqmpz, GPMuLyB1ZO8i6J7YM09qDwnDoxMF7GYZX5PsldGoNKK3dJvzSh, 11, AAAAA, 2, 412094DA-FF0A-443F-9A5A-D840A7B77A2E, 1]
[EL Fine]: sql: 2016-01-14 05:41:10.873--ClientSession(1581656967)--Connection(434344004)--Thread(Thread[Test worker,5,main])--SELECT algoId, algoDescription, algoHelp, algoIcon, algoName, algorithm, versionId, createdBy, createdDate, updatedBy, updatedDate, activeStatus, txnAccessCode FROM ast_PasswordAlgo_M WHERE ((activeStatus = ?) AND (algoId = ?))
	bind => [1, 412094DA-FF0A-443F-9A5A-D840A7B77A2E]
[EL Fine]: sql: 2016-01-14 05:41:10.878--ClientSession(30471301)--Connection(434344004)--Thread(Thread[Test worker,5,main])--SELECT algoId, algoDescription, algoHelp, algoIcon, algoName, algorithm, versionId, createdBy, createdDate, updatedBy, updatedDate, activeStatus, txnAccessCode FROM ast_PasswordAlgo_M WHERE (algoId = ?)
	bind => [412094DA-FF0A-443F-9A5A-D840A7B77A2E]
[EL Fine]: sql: 2016-01-14 05:41:10.879--ClientSession(30471301)--Connection(434344004)--Thread(Thread[Test worker,5,main])--DELETE FROM ast_PasswordAlgo_M WHERE ((algoId = ?) AND (versionId = ?))
	bind => [412094DA-FF0A-443F-9A5A-D840A7B77A2E, 2]
]]></system-out>
  <system-err><![CDATA[]]></system-err>
</testsuite>
