<?xml version="1.0" encoding="UTF-8"?>
<testsuite name="testprj.app.server.service.ContactTypeTestCase" tests="4" skipped="0" failures="0" errors="0" timestamp="2016-01-18T07:13:59" hostname="a7571ca6abc2" time="0.539">
  <properties/>
  <testcase name="test1Save" classname="testprj.app.server.service.ContactTypeTestCase" time="0.08"/>
  <testcase name="test2Update" classname="testprj.app.server.service.ContactTypeTestCase" time="0.198"/>
  <testcase name="test3FindById" classname="testprj.app.server.service.ContactTypeTestCase" time="0.007"/>
  <testcase name="test4Delete" classname="testprj.app.server.service.ContactTypeTestCase" time="0.253"/>
  <system-out><![CDATA[Setting logged in user info for ADD
[EL Fine]: sql: 2016-01-18 07:13:59.226--ClientSession(1180990387)--Connection(322858583)--Thread(Thread[Test worker,5,main])--INSERT INTO ast_ContactType_M (contactTypeId, contactType, contactTypeDesc, contactTypeIcon, versionId, createdBy, createdDate, updatedBy, updatedDate, activeStatus, txnAccessCode) VALUES (?, ?, ?, ?, ?, ?, ?, ?, ?, ?, ?)
	bind => [9A9F4BCC-445D-416B-B23D-69CF000488D3, 3OSn1sadUpB79AidTxm3Vb06FJ2EgVawHXi7sKdabsFTnQKsIO, kxITbjYAZl7hbD13CGeIlaCP9gZWWqtj7EaE5Kdarid9IPHFIy, OVg6exlVeNYs32cEaGJ668z6qPtD6K88uf4WaCrk9NinwE3pnt, 1, AAAAA, 2016-01-18 07:13:59.201, null, 2016-01-18 07:13:59.201, 1, null]
[EL Fine]: sql: 2016-01-18 07:13:59.273--ClientSession(1960010622)--Connection(322858583)--Thread(Thread[Test worker,5,main])--SELECT contactTypeId, contactType, contactTypeDesc, contactTypeIcon, versionId, createdBy, createdDate, updatedBy, updatedDate, activeStatus, txnAccessCode FROM ast_ContactType_M WHERE ((activeStatus = ?) AND (contactTypeId = ?))
	bind => [1, 9A9F4BCC-445D-416B-B23D-69CF000488D3]
Setting logged in user info for UPDATE
[EL Fine]: sql: 2016-01-18 07:13:59.276--ClientSession(1195626230)--Connection(322858583)--Thread(Thread[Test worker,5,main])--SELECT contactTypeId, contactType, contactTypeDesc, contactTypeIcon, versionId, createdBy, createdDate, updatedBy, updatedDate, activeStatus, txnAccessCode FROM ast_ContactType_M WHERE (contactTypeId = ?)
	bind => [9A9F4BCC-445D-416B-B23D-69CF000488D3]
[EL Fine]: sql: 2016-01-18 07:13:59.277--ClientSession(1195626230)--Connection(322858583)--Thread(Thread[Test worker,5,main])--UPDATE ast_ContactType_M SET contactType = ?, contactTypeDesc = ?, contactTypeIcon = ?, updatedBy = ?, versionId = ? WHERE ((contactTypeId = ?) AND (versionId = ?))
	bind => [LO5i8g0VF14gthqLnbHSoH22USmLQ7Y21FiJy8pyNMAj4Bn8P9, RmKyOeJCUC7ueE0xSdEjLRBJcwWTTkcZ7ETyC3BaAtOuKLGKVA, ZU3UHrlZbFhn8w16Ev3PsBTWom046rJRfTTf9PA2xxEajLp3XO, AAAAA, 2, 9A9F4BCC-445D-416B-B23D-69CF000488D3, 1]
[EL Fine]: sql: 2016-01-18 07:13:59.473--ClientSession(75315777)--Connection(322858583)--Thread(Thread[Test worker,5,main])--SELECT contactTypeId, contactType, contactTypeDesc, contactTypeIcon, versionId, createdBy, createdDate, updatedBy, updatedDate, activeStatus, txnAccessCode FROM ast_ContactType_M WHERE ((activeStatus = ?) AND (contactTypeId = ?))
	bind => [1, 9A9F4BCC-445D-416B-B23D-69CF000488D3]
[EL Fine]: sql: 2016-01-18 07:13:59.481--ClientSession(1508664684)--Connection(322858583)--Thread(Thread[Test worker,5,main])--SELECT contactTypeId, contactType, contactTypeDesc, contactTypeIcon, versionId, createdBy, createdDate, updatedBy, updatedDate, activeStatus, txnAccessCode FROM ast_ContactType_M WHERE (contactTypeId = ?)
	bind => [9A9F4BCC-445D-416B-B23D-69CF000488D3]
[EL Fine]: sql: 2016-01-18 07:13:59.483--ClientSession(1508664684)--Connection(322858583)--Thread(Thread[Test worker,5,main])--DELETE FROM ast_ContactType_M WHERE ((contactTypeId = ?) AND (versionId = ?))
	bind => [9A9F4BCC-445D-416B-B23D-69CF000488D3, 2]
]]></system-out>
  <system-err><![CDATA[]]></system-err>
</testsuite>
