<?xml version="1.0" encoding="UTF-8"?>
<testsuite name="testprj.app.server.service.PasswordAlgoTestCase" tests="4" skipped="0" failures="0" errors="0" timestamp="2016-01-18T07:13:51" hostname="a7571ca6abc2" time="0.281">
  <properties/>
  <testcase name="test1Save" classname="testprj.app.server.service.PasswordAlgoTestCase" time="0.131"/>
  <testcase name="test2Update" classname="testprj.app.server.service.PasswordAlgoTestCase" time="0.092"/>
  <testcase name="test3FindById" classname="testprj.app.server.service.PasswordAlgoTestCase" time="0.008"/>
  <testcase name="test4Delete" classname="testprj.app.server.service.PasswordAlgoTestCase" time="0.05"/>
  <system-out><![CDATA[Setting logged in user info for ADD
[EL Fine]: sql: 2016-01-18 07:13:51.878--ClientSession(1385729427)--Connection(322858583)--Thread(Thread[Test worker,5,main])--INSERT INTO ast_PasswordAlgo_M (algoId, algoDescription, algoHelp, algoIcon, algoName, algorithm, versionId, createdBy, createdDate, updatedBy, updatedDate, activeStatus, txnAccessCode) VALUES (?, ?, ?, ?, ?, ?, ?, ?, ?, ?, ?, ?, ?)
	bind => [CDAB4D4C-B463-4AFA-B6DC-85E247C7DD54, QFTtLowIPYnTDk57urSp18Gb77qMNQy7SqAXQGEMr4Fg01QF9h, UVeYT4EGdo0HHpHFk6yy6DoUAj2kySmfvmAAy3xXgUROWGm4cW, hxUsXsXZdaBISlYKzkt9NpuDtbejBN1pHVyu5lYEssWrhDPtwR, Q0P6anAuBuOOKS7U2NN7We2zfsNljLk2kmlarJ8602nvLk3fJC, 9, 1, AAAAA, 2016-01-18 07:13:51.849, null, 2016-01-18 07:13:51.849, 1, null]
[EL Fine]: sql: 2016-01-18 07:13:51.974--ClientSession(50278230)--Connection(322858583)--Thread(Thread[Test worker,5,main])--SELECT algoId, algoDescription, algoHelp, algoIcon, algoName, algorithm, versionId, createdBy, createdDate, updatedBy, updatedDate, activeStatus, txnAccessCode FROM ast_PasswordAlgo_M WHERE ((activeStatus = ?) AND (algoId = ?))
	bind => [1, CDAB4D4C-B463-4AFA-B6DC-85E247C7DD54]
Setting logged in user info for UPDATE
[EL Fine]: sql: 2016-01-18 07:13:52.008--ClientSession(822367478)--Connection(322858583)--Thread(Thread[Test worker,5,main])--SELECT algoId, algoDescription, algoHelp, algoIcon, algoName, algorithm, versionId, createdBy, createdDate, updatedBy, updatedDate, activeStatus, txnAccessCode FROM ast_PasswordAlgo_M WHERE (algoId = ?)
	bind => [CDAB4D4C-B463-4AFA-B6DC-85E247C7DD54]
[EL Fine]: sql: 2016-01-18 07:13:52.009--ClientSession(822367478)--Connection(322858583)--Thread(Thread[Test worker,5,main])--UPDATE ast_PasswordAlgo_M SET algoDescription = ?, algoHelp = ?, algoIcon = ?, algoName = ?, algorithm = ?, updatedBy = ?, versionId = ? WHERE ((algoId = ?) AND (versionId = ?))
	bind => [ZXrw4ZjRbRbdV0Rq4lz0VqRIJ490dk19sVxnSzk0Dv8y0CIYIx, PytlAWexuOdWOWbF7d3vMytaHskBIm2utRVC5wqYQia1Uw2F11, WryhS5wNzQKGEwFaCzIOC6YtdMbm53UOPep34s29Q6xGstvIBk, yVIUN6ztVmvh8KzKTGdsaomMXoptrFoOFNLm512p4wWeoJvjVe, 3, AAAAA, 2, CDAB4D4C-B463-4AFA-B6DC-85E247C7DD54, 1]
[EL Fine]: sql: 2016-01-18 07:13:52.067--ClientSession(1582763553)--Connection(322858583)--Thread(Thread[Test worker,5,main])--SELECT algoId, algoDescription, algoHelp, algoIcon, algoName, algorithm, versionId, createdBy, createdDate, updatedBy, updatedDate, activeStatus, txnAccessCode FROM ast_PasswordAlgo_M WHERE ((activeStatus = ?) AND (algoId = ?))
	bind => [1, CDAB4D4C-B463-4AFA-B6DC-85E247C7DD54]
[EL Fine]: sql: 2016-01-18 07:13:52.073--ClientSession(1358675115)--Connection(322858583)--Thread(Thread[Test worker,5,main])--SELECT algoId, algoDescription, algoHelp, algoIcon, algoName, algorithm, versionId, createdBy, createdDate, updatedBy, updatedDate, activeStatus, txnAccessCode FROM ast_PasswordAlgo_M WHERE (algoId = ?)
	bind => [CDAB4D4C-B463-4AFA-B6DC-85E247C7DD54]
[EL Fine]: sql: 2016-01-18 07:13:52.075--ClientSession(1358675115)--Connection(322858583)--Thread(Thread[Test worker,5,main])--DELETE FROM ast_PasswordAlgo_M WHERE ((algoId = ?) AND (versionId = ?))
	bind => [CDAB4D4C-B463-4AFA-B6DC-85E247C7DD54, 2]
]]></system-out>
  <system-err><![CDATA[]]></system-err>
</testsuite>
