<?xml version="1.0" encoding="UTF-8"?>
<testsuite name="testprj.app.server.service.CategoryTestCase" tests="4" skipped="0" failures="0" errors="0" timestamp="2016-01-14T05:41:17" hostname="efc0db31f0e6" time="0.222">
  <properties/>
  <testcase name="test1Save" classname="testprj.app.server.service.CategoryTestCase" time="0.081"/>
  <testcase name="test2Update" classname="testprj.app.server.service.CategoryTestCase" time="0.058"/>
  <testcase name="test3FindById" classname="testprj.app.server.service.CategoryTestCase" time="0.008"/>
  <testcase name="test4Delete" classname="testprj.app.server.service.CategoryTestCase" time="0.074"/>
  <system-out><![CDATA[Setting logged in user info for ADD
[EL Fine]: sql: 2016-01-14 05:41:17.663--ClientSession(2074407173)--Connection(434344004)--Thread(Thread[Test worker,5,main])--INSERT INTO ast_Category_M (categoryId, category, versionId, createdBy, createdDate, updatedBy, updatedDate, activeStatus, txnAccessCode) VALUES (?, ?, ?, ?, ?, ?, ?, ?, ?)
	bind => [4389CE46-9272-4603-AE45-A30BEE7901E6, eeBVgx5iFjBP6WFz9J8Gv7N1PW51s998uI0hptnSPlZJ0XOzoz, 1, AAAAA, 2016-01-14 05:41:17.659, null, 2016-01-14 05:41:17.659, 1, null]
[EL Fine]: sql: 2016-01-14 05:41:17.735--ClientSession(1493561833)--Connection(434344004)--Thread(Thread[Test worker,5,main])--SELECT categoryId, category, versionId, createdBy, createdDate, updatedBy, updatedDate, activeStatus, txnAccessCode FROM ast_Category_M WHERE ((activeStatus = ?) AND (categoryId = ?))
	bind => [1, 4389CE46-9272-4603-AE45-A30BEE7901E6]
Setting logged in user info for UPDATE
[EL Fine]: sql: 2016-01-14 05:41:17.74--ClientSession(2047541399)--Connection(434344004)--Thread(Thread[Test worker,5,main])--SELECT categoryId, category, versionId, createdBy, createdDate, updatedBy, updatedDate, activeStatus, txnAccessCode FROM ast_Category_M WHERE (categoryId = ?)
	bind => [4389CE46-9272-4603-AE45-A30BEE7901E6]
[EL Fine]: sql: 2016-01-14 05:41:17.741--ClientSession(2047541399)--Connection(434344004)--Thread(Thread[Test worker,5,main])--UPDATE ast_Category_M SET category = ?, updatedBy = ?, versionId = ? WHERE ((categoryId = ?) AND (versionId = ?))
	bind => [XBbHjm8jyjMUfJiq0HT5qL13fFaP7chQxFVfwClUwxDYz2PSt0, AAAAA, 2, 4389CE46-9272-4603-AE45-A30BEE7901E6, 1]
[EL Fine]: sql: 2016-01-14 05:41:17.793--ClientSession(2071323833)--Connection(434344004)--Thread(Thread[Test worker,5,main])--SELECT categoryId, category, versionId, createdBy, createdDate, updatedBy, updatedDate, activeStatus, txnAccessCode FROM ast_Category_M WHERE ((activeStatus = ?) AND (categoryId = ?))
	bind => [1, 4389CE46-9272-4603-AE45-A30BEE7901E6]
[EL Fine]: sql: 2016-01-14 05:41:17.801--ClientSession(1758516545)--Connection(434344004)--Thread(Thread[Test worker,5,main])--SELECT categoryId, category, versionId, createdBy, createdDate, updatedBy, updatedDate, activeStatus, txnAccessCode FROM ast_Category_M WHERE (categoryId = ?)
	bind => [4389CE46-9272-4603-AE45-A30BEE7901E6]
[EL Fine]: sql: 2016-01-14 05:41:17.802--ClientSession(1758516545)--Connection(434344004)--Thread(Thread[Test worker,5,main])--DELETE FROM ast_Category_M WHERE ((categoryId = ?) AND (versionId = ?))
	bind => [4389CE46-9272-4603-AE45-A30BEE7901E6, 2]
]]></system-out>
  <system-err><![CDATA[]]></system-err>
</testsuite>
