<?xml version="1.0" encoding="UTF-8"?>
<testsuite name="testprj.app.server.service.DistributorTestCase" tests="5" skipped="0" failures="0" errors="0" timestamp="2016-01-14T05:41:18" hostname="efc0db31f0e6" time="0.414">
  <properties/>
  <testcase name="test1Save" classname="testprj.app.server.service.DistributorTestCase" time="0.172"/>
  <testcase name="test2Update" classname="testprj.app.server.service.DistributorTestCase" time="0.083"/>
  <testcase name="test3FindById" classname="testprj.app.server.service.DistributorTestCase" time="0.008"/>
  <testcase name="test3findByregioncode" classname="testprj.app.server.service.DistributorTestCase" time="0.008"/>
  <testcase name="test4Delete" classname="testprj.app.server.service.DistributorTestCase" time="0.141"/>
  <system-out><![CDATA[[EL Fine]: sql: 2016-01-14 05:41:18.095--ClientSession(456917534)--Connection(434344004)--Thread(Thread[Test worker,5,main])--INSERT INTO ast_SalesRegion_M (regioncode, regionname, versionId, createdBy, createdDate, updatedBy, updatedDate, activeStatus, txnAccessCode) VALUES (?, ?, ?, ?, ?, ?, ?, ?, ?)
	bind => [CBD27521-7C56-42D2-9A71-EB51B5886FAA, pH56X9BEx1PFTezEVUHBRF3ypw9qAFTLcF9EhF8pttl3PE8Lfv, 1, AAAAA, 2016-01-14 05:41:18.092, null, 2016-01-14 05:41:18.092, 1, null]
Setting logged in user info for ADD
[EL Fine]: sql: 2016-01-14 05:41:18.172--ClientSession(1112809731)--Connection(434344004)--Thread(Thread[Test worker,5,main])--INSERT INTO ast_Distributor_M (distributorcode, distributorname, lattitude, longitude, regioncode, versionId, createdBy, createdDate, updatedBy, updatedDate, activeStatus, txnAccessCode) VALUES (?, ?, ?, ?, ?, ?, ?, ?, ?, ?, ?, ?)
	bind => [7B1A27BA-D538-41F0-9210-8834CD95E25F, kzTk6suGSEM4I9zK4tB8hBX9Evesa8JBjt0TaD10x7BiIXtfsW, 12.34, 12.34, CBD27521-7C56-42D2-9A71-EB51B5886FAA, 1, AAAAA, 2016-01-14 05:41:18.163, null, 2016-01-14 05:41:18.163, 1, null]
[EL Fine]: sql: 2016-01-14 05:41:18.261--ClientSession(1131326347)--Connection(434344004)--Thread(Thread[Test worker,5,main])--SELECT distributorcode, distributorname, lattitude, longitude, regioncode, versionId, createdBy, createdDate, updatedBy, updatedDate, activeStatus, txnAccessCode FROM ast_Distributor_M WHERE ((activeStatus = ?) AND (distributorcode = ?))
	bind => [1, 7B1A27BA-D538-41F0-9210-8834CD95E25F]
Setting logged in user info for UPDATE
[EL Fine]: sql: 2016-01-14 05:41:18.265--ClientSession(1141575770)--Connection(434344004)--Thread(Thread[Test worker,5,main])--SELECT distributorcode, distributorname, lattitude, longitude, regioncode, versionId, createdBy, createdDate, updatedBy, updatedDate, activeStatus, txnAccessCode FROM ast_Distributor_M WHERE (distributorcode = ?)
	bind => [7B1A27BA-D538-41F0-9210-8834CD95E25F]
[EL Fine]: sql: 2016-01-14 05:41:18.267--ClientSession(1141575770)--Connection(434344004)--Thread(Thread[Test worker,5,main])--UPDATE ast_Distributor_M SET distributorname = ?, updatedBy = ?, versionId = ? WHERE ((distributorcode = ?) AND (versionId = ?))
	bind => [abXG8Ov0JBVarOY3Tpjr36hvopvuwIoD63EP3lZV0C32Xpro6J, AAAAA, 2, 7B1A27BA-D538-41F0-9210-8834CD95E25F, 1]
[EL Fine]: sql: 2016-01-14 05:41:18.344--ClientSession(162644128)--Connection(434344004)--Thread(Thread[Test worker,5,main])--SELECT distributorcode, distributorname, lattitude, longitude, regioncode, versionId, createdBy, createdDate, updatedBy, updatedDate, activeStatus, txnAccessCode FROM ast_Distributor_M WHERE ((activeStatus = ?) AND (distributorcode = ?))
	bind => [1, 7B1A27BA-D538-41F0-9210-8834CD95E25F]
[EL Fine]: sql: 2016-01-14 05:41:18.353--ClientSession(1051872728)--Connection(434344004)--Thread(Thread[Test worker,5,main])--SELECT distributorcode, distributorname, lattitude, longitude, regioncode, versionId, createdBy, createdDate, updatedBy, updatedDate, activeStatus, txnAccessCode FROM ast_Distributor_M WHERE ((activeStatus = ?) AND (regioncode = ?))
	bind => [1, CBD27521-7C56-42D2-9A71-EB51B5886FAA]
[EL Fine]: sql: 2016-01-14 05:41:18.358--ClientSession(1927635291)--Connection(434344004)--Thread(Thread[Test worker,5,main])--SELECT distributorcode, distributorname, lattitude, longitude, regioncode, versionId, createdBy, createdDate, updatedBy, updatedDate, activeStatus, txnAccessCode FROM ast_Distributor_M WHERE (distributorcode = ?)
	bind => [7B1A27BA-D538-41F0-9210-8834CD95E25F]
[EL Fine]: sql: 2016-01-14 05:41:18.359--ClientSession(1927635291)--Connection(434344004)--Thread(Thread[Test worker,5,main])--DELETE FROM ast_Distributor_M WHERE ((distributorcode = ?) AND (versionId = ?))
	bind => [7B1A27BA-D538-41F0-9210-8834CD95E25F, 2]
[EL Fine]: sql: 2016-01-14 05:41:18.409--ClientSession(915663719)--Connection(434344004)--Thread(Thread[Test worker,5,main])--SELECT regioncode, regionname, versionId, createdBy, createdDate, updatedBy, updatedDate, activeStatus, txnAccessCode FROM ast_SalesRegion_M WHERE (regioncode = ?)
	bind => [CBD27521-7C56-42D2-9A71-EB51B5886FAA]
[EL Fine]: sql: 2016-01-14 05:41:18.411--ClientSession(915663719)--Connection(434344004)--Thread(Thread[Test worker,5,main])--DELETE FROM ast_SalesRegion_M WHERE ((regioncode = ?) AND (versionId = ?))
	bind => [CBD27521-7C56-42D2-9A71-EB51B5886FAA, 1]
]]></system-out>
  <system-err><![CDATA[]]></system-err>
</testsuite>
