<?xml version="1.0" encoding="UTF-8"?>
<testsuite name="testprj.app.server.service.CommunicationGroupTestCase" tests="4" skipped="0" failures="0" errors="0" timestamp="2016-01-18T07:13:58" hostname="a7571ca6abc2" time="0.272">
  <properties/>
  <testcase name="test1Save" classname="testprj.app.server.service.CommunicationGroupTestCase" time="0.063"/>
  <testcase name="test2Update" classname="testprj.app.server.service.CommunicationGroupTestCase" time="0.058"/>
  <testcase name="test3FindById" classname="testprj.app.server.service.CommunicationGroupTestCase" time="0.004"/>
  <testcase name="test4Delete" classname="testprj.app.server.service.CommunicationGroupTestCase" time="0.146"/>
  <system-out><![CDATA[Setting logged in user info for ADD
[EL Fine]: sql: 2016-01-18 07:13:58.177--ClientSession(99360448)--Connection(322858583)--Thread(Thread[Test worker,5,main])--INSERT INTO ast_CommunicationGroup_M (commGroupId, commGroupDescription, commGroupName, versionId, createdBy, createdDate, updatedBy, updatedDate, activeStatus, txnAccessCode) VALUES (?, ?, ?, ?, ?, ?, ?, ?, ?, ?)
	bind => [162CF4E0-6F33-4A79-B139-705B00E8DDB5, ivZug6vfruYQiemf6vfkvXM9kwTJrKwZ9qdDvJAzqvENS2C8LJ, dWoKWRWdvH6lhlD0pTwcfPXHlhS3Te1ljBpZUyDD88CwVIWBkm, 1, AAAAA, 2016-01-18 07:13:58.171, null, 2016-01-18 07:13:58.171, 1, null]
[EL Fine]: sql: 2016-01-18 07:13:58.231--ClientSession(495482527)--Connection(322858583)--Thread(Thread[Test worker,5,main])--SELECT commGroupId, commGroupDescription, commGroupName, versionId, createdBy, createdDate, updatedBy, updatedDate, activeStatus, txnAccessCode FROM ast_CommunicationGroup_M WHERE ((activeStatus = ?) AND (commGroupId = ?))
	bind => [1, 162CF4E0-6F33-4A79-B139-705B00E8DDB5]
Setting logged in user info for UPDATE
[EL Fine]: sql: 2016-01-18 07:13:58.233--ClientSession(106749937)--Connection(322858583)--Thread(Thread[Test worker,5,main])--SELECT commGroupId, commGroupDescription, commGroupName, versionId, createdBy, createdDate, updatedBy, updatedDate, activeStatus, txnAccessCode FROM ast_CommunicationGroup_M WHERE (commGroupId = ?)
	bind => [162CF4E0-6F33-4A79-B139-705B00E8DDB5]
[EL Fine]: sql: 2016-01-18 07:13:58.235--ClientSession(106749937)--Connection(322858583)--Thread(Thread[Test worker,5,main])--UPDATE ast_CommunicationGroup_M SET commGroupDescription = ?, commGroupName = ?, updatedBy = ?, versionId = ? WHERE ((commGroupId = ?) AND (versionId = ?))
	bind => [0IWrgzSkERMX5WjFYiHEOB8d4IUSOcksZjrS8yj36ZU1hXrA4p, Fe8QIJB08dxG5ybVUqx8dlawz0QMFPPgGJaZI1qGCP5cQOE46O, AAAAA, 2, 162CF4E0-6F33-4A79-B139-705B00E8DDB5, 1]
[EL Fine]: sql: 2016-01-18 07:13:58.288--ClientSession(574272397)--Connection(322858583)--Thread(Thread[Test worker,5,main])--SELECT commGroupId, commGroupDescription, commGroupName, versionId, createdBy, createdDate, updatedBy, updatedDate, activeStatus, txnAccessCode FROM ast_CommunicationGroup_M WHERE ((activeStatus = ?) AND (commGroupId = ?))
	bind => [1, 162CF4E0-6F33-4A79-B139-705B00E8DDB5]
[EL Fine]: sql: 2016-01-18 07:13:58.292--ClientSession(291806057)--Connection(322858583)--Thread(Thread[Test worker,5,main])--SELECT commGroupId, commGroupDescription, commGroupName, versionId, createdBy, createdDate, updatedBy, updatedDate, activeStatus, txnAccessCode FROM ast_CommunicationGroup_M WHERE (commGroupId = ?)
	bind => [162CF4E0-6F33-4A79-B139-705B00E8DDB5]
[EL Fine]: sql: 2016-01-18 07:13:58.293--ClientSession(291806057)--Connection(322858583)--Thread(Thread[Test worker,5,main])--DELETE FROM ast_CommunicationGroup_M WHERE ((commGroupId = ?) AND (versionId = ?))
	bind => [162CF4E0-6F33-4A79-B139-705B00E8DDB5, 2]
]]></system-out>
  <system-err><![CDATA[]]></system-err>
</testsuite>
