<?xml version="1.0" encoding="UTF-8"?>
<testsuite name="testprj.app.server.service.CommunicationTypeTestCase" tests="5" skipped="0" failures="0" errors="0" timestamp="2016-01-14T05:41:09" hostname="efc0db31f0e6" time="0.33">
  <properties/>
  <testcase name="test1Save" classname="testprj.app.server.service.CommunicationTypeTestCase" time="0.163"/>
  <testcase name="test2Update" classname="testprj.app.server.service.CommunicationTypeTestCase" time="0.041"/>
  <testcase name="test3FindById" classname="testprj.app.server.service.CommunicationTypeTestCase" time="0.006"/>
  <testcase name="test3findBycommGroupId" classname="testprj.app.server.service.CommunicationTypeTestCase" time="0.008"/>
  <testcase name="test4Delete" classname="testprj.app.server.service.CommunicationTypeTestCase" time="0.112"/>
  <system-out><![CDATA[[EL Fine]: sql: 2016-01-14 05:41:09.796--ClientSession(1862798526)--Connection(434344004)--Thread(Thread[Test worker,5,main])--INSERT INTO ast_CommunicationGroup_M (commGroupId, commGroupDescription, commGroupName, versionId, createdBy, createdDate, updatedBy, updatedDate, activeStatus, txnAccessCode) VALUES (?, ?, ?, ?, ?, ?, ?, ?, ?, ?)
	bind => [DDCD42C6-4D04-4AE5-A04C-01C381F77C36, e5U94Q8SofBunhRea5EgFSzIXhDr4xkOTzfqs6G6Y6bzGdJIh2, QPDNa3D3XY6D2B6rnwoAyVvbdip6D5e0FyGXH2OHrNnh88eZz9, 1, AAAAA, 2016-01-14 05:41:09.776, null, 2016-01-14 05:41:09.776, 1, null]
Setting logged in user info for ADD
[EL Fine]: sql: 2016-01-14 05:41:09.893--ClientSession(1817157028)--Connection(434344004)--Thread(Thread[Test worker,5,main])--INSERT INTO ast_CommunicationType_M (commType, commGroupId, commTypeDescription, commTypeName, versionId, createdBy, createdDate, updatedBy, updatedDate, activeStatus, txnAccessCode) VALUES (?, ?, ?, ?, ?, ?, ?, ?, ?, ?, ?)
	bind => [4E7C4A65-E161-4190-944A-438E4EE8E8C4, DDCD42C6-4D04-4AE5-A04C-01C381F77C36, 2rs0KEddchEi2P5zSbFnOzNYtqbYlLRZdOouOdxLLhMPopgnTE, rWuFBDrKtZ83UH57fxo0KHU6FUBZ5uZhGNKA4kAWxUL23Xo3ug, 1, AAAAA, 2016-01-14 05:41:09.857, null, 2016-01-14 05:41:09.857, 1, null]
[EL Fine]: sql: 2016-01-14 05:41:09.929--ClientSession(378900401)--Connection(434344004)--Thread(Thread[Test worker,5,main])--SELECT commType, commGroupId, commTypeDescription, commTypeName, versionId, createdBy, createdDate, updatedBy, updatedDate, activeStatus, txnAccessCode FROM ast_CommunicationType_M WHERE ((activeStatus = ?) AND (commType = ?))
	bind => [1, 4E7C4A65-E161-4190-944A-438E4EE8E8C4]
Setting logged in user info for UPDATE
[EL Fine]: sql: 2016-01-14 05:41:09.931--ClientSession(2054038589)--Connection(434344004)--Thread(Thread[Test worker,5,main])--SELECT commType, commGroupId, commTypeDescription, commTypeName, versionId, createdBy, createdDate, updatedBy, updatedDate, activeStatus, txnAccessCode FROM ast_CommunicationType_M WHERE (commType = ?)
	bind => [4E7C4A65-E161-4190-944A-438E4EE8E8C4]
[EL Fine]: sql: 2016-01-14 05:41:09.932--ClientSession(2054038589)--Connection(434344004)--Thread(Thread[Test worker,5,main])--UPDATE ast_CommunicationType_M SET commTypeDescription = ?, commTypeName = ?, updatedBy = ?, versionId = ? WHERE ((commType = ?) AND (versionId = ?))
	bind => [lTW1jV2mRRVSJkzJAa88INIGGuVgzvHY0zlGYMcuL3aA7w8G9n, GorwWB0btGQvfjbIqNASfrbXcIm2ZEeNgpfoDmdo6xSuj8VYZh, AAAAA, 2, 4E7C4A65-E161-4190-944A-438E4EE8E8C4, 1]
[EL Fine]: sql: 2016-01-14 05:41:09.969--ClientSession(595070086)--Connection(434344004)--Thread(Thread[Test worker,5,main])--SELECT commType, commGroupId, commTypeDescription, commTypeName, versionId, createdBy, createdDate, updatedBy, updatedDate, activeStatus, txnAccessCode FROM ast_CommunicationType_M WHERE ((activeStatus = ?) AND (commType = ?))
	bind => [1, 4E7C4A65-E161-4190-944A-438E4EE8E8C4]
[EL Fine]: sql: 2016-01-14 05:41:09.977--ClientSession(1109829467)--Connection(434344004)--Thread(Thread[Test worker,5,main])--SELECT commType, commGroupId, commTypeDescription, commTypeName, versionId, createdBy, createdDate, updatedBy, updatedDate, activeStatus, txnAccessCode FROM ast_CommunicationType_M WHERE ((activeStatus = ?) AND (commGroupId = ?))
	bind => [1, DDCD42C6-4D04-4AE5-A04C-01C381F77C36]
[EL Fine]: sql: 2016-01-14 05:41:09.981--ClientSession(367986695)--Connection(434344004)--Thread(Thread[Test worker,5,main])--SELECT commType, commGroupId, commTypeDescription, commTypeName, versionId, createdBy, createdDate, updatedBy, updatedDate, activeStatus, txnAccessCode FROM ast_CommunicationType_M WHERE (commType = ?)
	bind => [4E7C4A65-E161-4190-944A-438E4EE8E8C4]
[EL Fine]: sql: 2016-01-14 05:41:09.983--ClientSession(367986695)--Connection(434344004)--Thread(Thread[Test worker,5,main])--DELETE FROM ast_CommunicationType_M WHERE ((commType = ?) AND (versionId = ?))
	bind => [4E7C4A65-E161-4190-944A-438E4EE8E8C4, 2]
[EL Fine]: sql: 2016-01-14 05:41:10.019--ClientSession(217614645)--Connection(434344004)--Thread(Thread[Test worker,5,main])--SELECT commGroupId, commGroupDescription, commGroupName, versionId, createdBy, createdDate, updatedBy, updatedDate, activeStatus, txnAccessCode FROM ast_CommunicationGroup_M WHERE (commGroupId = ?)
	bind => [DDCD42C6-4D04-4AE5-A04C-01C381F77C36]
[EL Fine]: sql: 2016-01-14 05:41:10.022--ClientSession(217614645)--Connection(434344004)--Thread(Thread[Test worker,5,main])--DELETE FROM ast_CommunicationGroup_M WHERE ((commGroupId = ?) AND (versionId = ?))
	bind => [DDCD42C6-4D04-4AE5-A04C-01C381F77C36, 1]
]]></system-out>
  <system-err><![CDATA[]]></system-err>
</testsuite>
