<?xml version="1.0" encoding="UTF-8"?>
<testsuite name="oct16last.app.server.service.CheckboxTestTestCase" tests="4" skipped="0" failures="0" errors="0" timestamp="2015-10-17T09:34:46" hostname="eb01f3162087" time="0.373">
  <properties/>
  <testcase name="test1Save" classname="oct16last.app.server.service.CheckboxTestTestCase" time="0.13"/>
  <testcase name="test2Update" classname="oct16last.app.server.service.CheckboxTestTestCase" time="0.099"/>
  <testcase name="test3FindById" classname="oct16last.app.server.service.CheckboxTestTestCase" time="0.01"/>
  <testcase name="test4Delete" classname="oct16last.app.server.service.CheckboxTestTestCase" time="0.134"/>
  <system-out><![CDATA[Setting logged in user info for ADD
In around repository aspect
[EL Fine]: sql: 2015-10-17 09:34:46.968--ClientSession(2056238896)--Connection(981028541)--Thread(Thread[Test worker,5,main])--INSERT INTO ast_CheckboxTest_M (pk, a1, a2, a3, a4, versionId, createdBy, createdDate, updatedBy, updatedDate, activeStatus, txnAccessCode) VALUES (?, ?, ?, ?, ?, ?, ?, ?, ?, ?, ?, ?)
	bind => [F5DB141F-B7FD-4763-A7AC-319E42198A91, true, true, true, true, 1, AAAAA, 2015-10-17, null, 2015-10-17, 1, null]
In around repository aspect
[EL Fine]: sql: 2015-10-17 09:34:47.066--ClientSession(896288062)--Connection(981028541)--Thread(Thread[Test worker,5,main])--SELECT pk, a1, a2, a3, a4, versionId, createdBy, createdDate, updatedBy, updatedDate, activeStatus, txnAccessCode FROM ast_CheckboxTest_M WHERE ((activeStatus = ?) AND (pk = ?))
	bind => [1, F5DB141F-B7FD-4763-A7AC-319E42198A91]
Setting logged in user info for UPDATE
In around repository aspect
[EL Fine]: sql: 2015-10-17 09:34:47.071--ClientSession(569961019)--Connection(981028541)--Thread(Thread[Test worker,5,main])--SELECT pk, a1, a2, a3, a4, versionId, createdBy, createdDate, updatedBy, updatedDate, activeStatus, txnAccessCode FROM ast_CheckboxTest_M WHERE (pk = ?)
	bind => [F5DB141F-B7FD-4763-A7AC-319E42198A91]
[EL Fine]: sql: 2015-10-17 09:34:47.074--ClientSession(569961019)--Connection(981028541)--Thread(Thread[Test worker,5,main])--UPDATE ast_CheckboxTest_M SET updatedBy = ?, versionId = ? WHERE ((pk = ?) AND (versionId = ?))
	bind => [AAAAA, 2, F5DB141F-B7FD-4763-A7AC-319E42198A91, 1]
In around repository aspect
[EL Fine]: sql: 2015-10-17 09:34:47.166--ClientSession(10325135)--Connection(981028541)--Thread(Thread[Test worker,5,main])--SELECT pk, a1, a2, a3, a4, versionId, createdBy, createdDate, updatedBy, updatedDate, activeStatus, txnAccessCode FROM ast_CheckboxTest_M WHERE ((activeStatus = ?) AND (pk = ?))
	bind => [1, F5DB141F-B7FD-4763-A7AC-319E42198A91]
In around repository aspect
[EL Fine]: sql: 2015-10-17 09:34:47.173--ClientSession(813750057)--Connection(981028541)--Thread(Thread[Test worker,5,main])--SELECT pk, a1, a2, a3, a4, versionId, createdBy, createdDate, updatedBy, updatedDate, activeStatus, txnAccessCode FROM ast_CheckboxTest_M WHERE (pk = ?)
	bind => [F5DB141F-B7FD-4763-A7AC-319E42198A91]
[EL Fine]: sql: 2015-10-17 09:34:47.175--ClientSession(813750057)--Connection(981028541)--Thread(Thread[Test worker,5,main])--DELETE FROM ast_CheckboxTest_M WHERE ((pk = ?) AND (versionId = ?))
	bind => [F5DB141F-B7FD-4763-A7AC-319E42198A91, 2]
]]></system-out>
  <system-err><![CDATA[]]></system-err>
</testsuite>
