<?xml version="1.0" encoding="UTF-8"?>
<testsuite name="oct16last.app.server.service.PasswordAlgoTestCase" tests="4" skipped="0" failures="0" errors="0" timestamp="2015-10-17T09:34:43" hostname="eb01f3162087" time="0.539">
  <properties/>
  <testcase name="test1Save" classname="oct16last.app.server.service.PasswordAlgoTestCase" time="0.116"/>
  <testcase name="test2Update" classname="oct16last.app.server.service.PasswordAlgoTestCase" time="0.381"/>
  <testcase name="test3FindById" classname="oct16last.app.server.service.PasswordAlgoTestCase" time="0.008"/>
  <testcase name="test4Delete" classname="oct16last.app.server.service.PasswordAlgoTestCase" time="0.033"/>
  <system-out><![CDATA[Setting logged in user info for ADD
In around repository aspect
[EL Fine]: sql: 2015-10-17 09:34:43.848--ClientSession(1534484267)--Connection(981028541)--Thread(Thread[Test worker,5,main])--INSERT INTO ast_PasswordAlgo_M (algoId, algoDescription, algoHelp, algoIcon, algoName, algorithm, versionId, createdBy, createdDate, updatedBy, updatedDate, activeStatus, txnAccessCode) VALUES (?, ?, ?, ?, ?, ?, ?, ?, ?, ?, ?, ?, ?)
	bind => [09F32728-D52D-49D6-AA4C-D3BF53E94F0F, InxMvw3VX0h85NwfjNlMC8jpzrtJqvQzogC7qt4y3vVqyOcgia, 5FtyhgMuSUikwOdU2vLKRgB5wmOORCUTcaKmScLRtHtEMlNzf4, mHaVc9vo7PWoXVcogM5VbYMHUcTpUivkRi6USQ7o0mDoL61egD, 5qE1LsF7cSYPazIfvHXzI8hTfKhmlAMa9ZvwkHKSQEnJs08Bgg, 9, 1, AAAAA, 2015-10-17, null, 2015-10-17, 1, null]
In around repository aspect
[EL Fine]: sql: 2015-10-17 09:34:43.933--ClientSession(1343126628)--Connection(981028541)--Thread(Thread[Test worker,5,main])--SELECT algoId, algoDescription, algoHelp, algoIcon, algoName, algorithm, versionId, createdBy, createdDate, updatedBy, updatedDate, activeStatus, txnAccessCode FROM ast_PasswordAlgo_M WHERE ((activeStatus = ?) AND (algoId = ?))
	bind => [1, 09F32728-D52D-49D6-AA4C-D3BF53E94F0F]
Setting logged in user info for UPDATE
In around repository aspect
[EL Fine]: sql: 2015-10-17 09:34:44.053--ClientSession(1127869086)--Connection(981028541)--Thread(Thread[Test worker,5,main])--SELECT algoId, algoDescription, algoHelp, algoIcon, algoName, algorithm, versionId, createdBy, createdDate, updatedBy, updatedDate, activeStatus, txnAccessCode FROM ast_PasswordAlgo_M WHERE (algoId = ?)
	bind => [09F32728-D52D-49D6-AA4C-D3BF53E94F0F]
[EL Fine]: sql: 2015-10-17 09:34:44.055--ClientSession(1127869086)--Connection(981028541)--Thread(Thread[Test worker,5,main])--UPDATE ast_PasswordAlgo_M SET algoDescription = ?, algoHelp = ?, algoIcon = ?, algoName = ?, algorithm = ?, updatedBy = ?, versionId = ? WHERE ((algoId = ?) AND (versionId = ?))
	bind => [wEuPmmWfUUaf0MOmw8tLCxxe0Cdi2GjT8hzxDCt7ocal1dK8Ru, yce2zeHCOZ1OPq1WvbEI3hbSEIkQTYYgjnt6xeQ9Nl8S3kryVi, lBVKwI8nYyk69HK270hALDRadJ4XAgS1FixMRnR9brWTtiZYmp, 5sjnhNY6iNz5iPVPRtWBsMBEMjFeFhTOa6lSFJjwJGjIkcazIw, 8, AAAAA, 2, 09F32728-D52D-49D6-AA4C-D3BF53E94F0F, 1]
In around repository aspect
[EL Fine]: sql: 2015-10-17 09:34:44.315--ClientSession(1234842867)--Connection(981028541)--Thread(Thread[Test worker,5,main])--SELECT algoId, algoDescription, algoHelp, algoIcon, algoName, algorithm, versionId, createdBy, createdDate, updatedBy, updatedDate, activeStatus, txnAccessCode FROM ast_PasswordAlgo_M WHERE ((activeStatus = ?) AND (algoId = ?))
	bind => [1, 09F32728-D52D-49D6-AA4C-D3BF53E94F0F]
In around repository aspect
[EL Fine]: sql: 2015-10-17 09:34:44.32--ClientSession(796803954)--Connection(981028541)--Thread(Thread[Test worker,5,main])--SELECT algoId, algoDescription, algoHelp, algoIcon, algoName, algorithm, versionId, createdBy, createdDate, updatedBy, updatedDate, activeStatus, txnAccessCode FROM ast_PasswordAlgo_M WHERE (algoId = ?)
	bind => [09F32728-D52D-49D6-AA4C-D3BF53E94F0F]
[EL Fine]: sql: 2015-10-17 09:34:44.322--ClientSession(796803954)--Connection(981028541)--Thread(Thread[Test worker,5,main])--DELETE FROM ast_PasswordAlgo_M WHERE ((algoId = ?) AND (versionId = ?))
	bind => [09F32728-D52D-49D6-AA4C-D3BF53E94F0F, 2]
]]></system-out>
  <system-err><![CDATA[]]></system-err>
</testsuite>
