<?xml version="1.0" encoding="UTF-8"?>
<testsuite name="com.app.server.service.PasswordPolicyTestCase" tests="4" skipped="0" failures="0" errors="0" timestamp="2016-01-15T08:59:52" hostname="9047a1ab76a9" time="0.339">
  <properties/>
  <testcase name="test1Save" classname="com.app.server.service.PasswordPolicyTestCase" time="0.164"/>
  <testcase name="test2Update" classname="com.app.server.service.PasswordPolicyTestCase" time="0.116"/>
  <testcase name="test3FindById" classname="com.app.server.service.PasswordPolicyTestCase" time="0.005"/>
  <testcase name="test4Delete" classname="com.app.server.service.PasswordPolicyTestCase" time="0.053"/>
  <system-out><![CDATA[Setting logged in user info for ADD
[EL Fine]: sql: 2016-01-15 08:59:52.102--ClientSession(1552588135)--Connection(1885555667)--Thread(Thread[Test worker,5,main])--INSERT INTO ast_PasswordPolicy_M (policyId, allowedSpecialLetters, maxPwdLength, minCapitalLetters, minNumericValues, minPwdLength, minSmallLetters, minSpecialLetters, policyDescription, policyName, versionId, createdBy, createdDate, updatedBy, updatedDate, activeStatus, txnAccessCode) VALUES (?, ?, ?, ?, ?, ?, ?, ?, ?, ?, ?, ?, ?, ?, ?, ?, ?)
	bind => [0A817EDF-AC1B-4789-85A0-F4DDBC409796, Kwn3PIQEoEaoNfWD2UaeatAzaxWzidU83rm2yRSnnFM9O0GFzv, 17, 3, 4, 4, 4, 9, vpGLgjnyLxTty7ZtollQSWYy7wEVDSHSmm4jlGLDp7kdTk34Fk, zCePztm06tTMvFk8Ef0Ra94B4DRpOR2NDr3ZUTSmFJsOmYFrZh, 1, AAAAA, 2016-01-15 08:59:52.081, null, 2016-01-15 08:59:52.081, 1, null]
[EL Fine]: sql: 2016-01-15 08:59:52.24--ClientSession(1229322951)--Connection(1885555667)--Thread(Thread[Test worker,5,main])--SELECT policyId, allowedSpecialLetters, maxPwdLength, minCapitalLetters, minNumericValues, minPwdLength, minSmallLetters, minSpecialLetters, policyDescription, policyName, versionId, createdBy, createdDate, updatedBy, updatedDate, activeStatus, txnAccessCode FROM ast_PasswordPolicy_M WHERE ((activeStatus = ?) AND (policyId = ?))
	bind => [1, 0A817EDF-AC1B-4789-85A0-F4DDBC409796]
Setting logged in user info for UPDATE
[EL Fine]: sql: 2016-01-15 08:59:52.243--ClientSession(2057763379)--Connection(1885555667)--Thread(Thread[Test worker,5,main])--SELECT policyId, allowedSpecialLetters, maxPwdLength, minCapitalLetters, minNumericValues, minPwdLength, minSmallLetters, minSpecialLetters, policyDescription, policyName, versionId, createdBy, createdDate, updatedBy, updatedDate, activeStatus, txnAccessCode FROM ast_PasswordPolicy_M WHERE (policyId = ?)
	bind => [0A817EDF-AC1B-4789-85A0-F4DDBC409796]
[EL Fine]: sql: 2016-01-15 08:59:52.245--ClientSession(2057763379)--Connection(1885555667)--Thread(Thread[Test worker,5,main])--UPDATE ast_PasswordPolicy_M SET allowedSpecialLetters = ?, minCapitalLetters = ?, minNumericValues = ?, minPwdLength = ?, minSmallLetters = ?, policyDescription = ?, policyName = ?, updatedBy = ?, versionId = ? WHERE ((policyId = ?) AND (versionId = ?))
	bind => [PWkPtStHjMmxBk3szTzDNcxETWs2H38EsGutdr1cP9tUtlc74h, 2, 1, 0, 3, cpYA1w0kpNQd72zzK4fIX4PPhPUGJRgVU8AF2XJGvk9op7CXYO, 9b6fhdknpU4VzNgosgmwAoEVyiLOxPsvW7PGxWSiTN09OkZ9lu, AAAAA, 2, 0A817EDF-AC1B-4789-85A0-F4DDBC409796, 1]
[EL Fine]: sql: 2016-01-15 08:59:52.287--ClientSession(235491707)--Connection(1256194197)--Thread(Thread[Search Engine Delta Index Scheduler,5,main])--SELECT report_id, active_status, advance_config_json, app_creator_id, chart_json, created_by, created_date, data_json, project_id, project_version_id, query_id, report_name, search_json, updated_by, updated_date, version_id FROM art_report_ui
searchJson>>>>>>>>>>>>>>>{"hour":"","minute":""}
searchJson>>>>>>>>>>>>>>>{"isUserAccessible":"on","hour":"","minute":""}
searchJson>>>>>>>>>>>>>>>{"enableCharts":"on","isSearch":"on","isUserAccessible":"on","hour":"1","minute":"30"}
doIndex  searchJson>>>>>>>>>>>>>>>{"query_id":"59CDF590-C11D-4569-AEA6-3DB0D68C5060","report_id":"3A90EEB9-3419-4A37-BC82-74CE9C907964","isUserAccessible":"on"}
[EL Fine]: sql: 2016-01-15 08:59:52.301--ClientSession(1940255651)--Connection(1256194197)--Thread(Thread[Search Engine Delta Index Scheduler,5,main])--SELECT query_id, active_status, app_creator_id, created_by, created_date, hidden_name, jpql_query, name, project_id, project_version_id, query_json, query_type, sql_query, updated_by, updated_date, user_access, version_id FROM art_query WHERE ((query_id = ?) AND (active_status = ?))
	bind => [59CDF590-C11D-4569-AEA6-3DB0D68C5060, true]
URL To Call:::http://localhost:8080/testproject1solr/dataimport
[EL Fine]: sql: 2016-01-15 08:59:52.354--ClientSession(361358937)--Connection(1885555667)--Thread(Thread[Test worker,5,main])--SELECT policyId, allowedSpecialLetters, maxPwdLength, minCapitalLetters, minNumericValues, minPwdLength, minSmallLetters, minSpecialLetters, policyDescription, policyName, versionId, createdBy, createdDate, updatedBy, updatedDate, activeStatus, txnAccessCode FROM ast_PasswordPolicy_M WHERE ((activeStatus = ?) AND (policyId = ?))
	bind => [1, 0A817EDF-AC1B-4789-85A0-F4DDBC409796]
[EL Fine]: sql: 2016-01-15 08:59:52.359--ClientSession(332863166)--Connection(1885555667)--Thread(Thread[Test worker,5,main])--SELECT policyId, allowedSpecialLetters, maxPwdLength, minCapitalLetters, minNumericValues, minPwdLength, minSmallLetters, minSpecialLetters, policyDescription, policyName, versionId, createdBy, createdDate, updatedBy, updatedDate, activeStatus, txnAccessCode FROM ast_PasswordPolicy_M WHERE (policyId = ?)
	bind => [0A817EDF-AC1B-4789-85A0-F4DDBC409796]
[EL Fine]: sql: 2016-01-15 08:59:52.36--ClientSession(332863166)--Connection(1885555667)--Thread(Thread[Test worker,5,main])--DELETE FROM ast_PasswordPolicy_M WHERE ((policyId = ?) AND (versionId = ?))
	bind => [0A817EDF-AC1B-4789-85A0-F4DDBC409796, 2]
]]></system-out>
  <system-err><![CDATA[java.lang.Exception: No query found
	at com.athena.search.bizservice.SearchEngineServiceImpl.buildURL(SearchEngineServiceImpl.java:502)
	at com.athena.search.bizservice.SearchEngineServiceImpl.doIndex(SearchEngineServiceImpl.java:112)
	at com.athena.search.bizservice.SearchEngineServiceImpl.doDeltaIndexing(SearchEngineServiceImpl.java:661)
	at com.athena.search.bizservice.SearchEngineDeltaIndexScheduler.run(SearchEngineDeltaIndexScheduler.java:27)
	at java.util.TimerThread.mainLoop(Timer.java:555)
	at java.util.TimerThread.run(Timer.java:505)
]]></system-err>
</testsuite>
