<?xml version="1.0" encoding="UTF-8"?>
<testsuite name="com.app.server.service.AddressTypeTestCase" tests="4" skipped="0" failures="0" errors="0" timestamp="2016-01-15T08:59:51" hostname="9047a1ab76a9" time="0.172">
  <properties/>
  <testcase name="test1Save" classname="com.app.server.service.AddressTypeTestCase" time="0.056"/>
  <testcase name="test2Update" classname="com.app.server.service.AddressTypeTestCase" time="0.058"/>
  <testcase name="test3FindById" classname="com.app.server.service.AddressTypeTestCase" time="0.007"/>
  <testcase name="test4Delete" classname="com.app.server.service.AddressTypeTestCase" time="0.051"/>
  <system-out><![CDATA[Setting logged in user info for ADD
[EL Fine]: sql: 2016-01-15 08:59:51.91--ClientSession(2125736559)--Connection(1885555667)--Thread(Thread[Test worker,5,main])--INSERT INTO ast_AddressType_M (addressTypeId, addressType, addressTypeDesc, addressTypeIcon, versionId, createdBy, createdDate, updatedBy, updatedDate, activeStatus, txnAccessCode) VALUES (?, ?, ?, ?, ?, ?, ?, ?, ?, ?, ?)
	bind => [53702E13-C9FB-4AB2-B931-0647B4652C70, uh3GaRI8ydgebnndzjtrLpBvaN7wOMm19e6MHtIiIA5Us2XSHA, Of0LOd1h7d8pid8O9VLfcNiCAV240S05zGUPd4v1UytkJPvTEc, O9V36Txdl9YDW6fyuy9QWpasS31mWC4goUb21ckDMN0xtentXg, 1, AAAAA, 2016-01-15 08:59:51.905, null, 2016-01-15 08:59:51.905, 1, null]
[EL Fine]: sql: 2016-01-15 08:59:51.957--ClientSession(1861923706)--Connection(1885555667)--Thread(Thread[Test worker,5,main])--SELECT addressTypeId, addressType, addressTypeDesc, addressTypeIcon, versionId, createdBy, createdDate, updatedBy, updatedDate, activeStatus, txnAccessCode FROM ast_AddressType_M WHERE ((activeStatus = ?) AND (addressTypeId = ?))
	bind => [1, 53702E13-C9FB-4AB2-B931-0647B4652C70]
Setting logged in user info for UPDATE
[EL Fine]: sql: 2016-01-15 08:59:51.959--ClientSession(1679371134)--Connection(1885555667)--Thread(Thread[Test worker,5,main])--SELECT addressTypeId, addressType, addressTypeDesc, addressTypeIcon, versionId, createdBy, createdDate, updatedBy, updatedDate, activeStatus, txnAccessCode FROM ast_AddressType_M WHERE (addressTypeId = ?)
	bind => [53702E13-C9FB-4AB2-B931-0647B4652C70]
[EL Fine]: sql: 2016-01-15 08:59:51.961--ClientSession(1679371134)--Connection(1885555667)--Thread(Thread[Test worker,5,main])--UPDATE ast_AddressType_M SET addressType = ?, addressTypeDesc = ?, addressTypeIcon = ?, updatedBy = ?, versionId = ? WHERE ((addressTypeId = ?) AND (versionId = ?))
	bind => [rjA3HoVT2ghjs0vlLabAp9x7baK392Y8u3zpfhaTLgpConzQdH, f0IEhuYTPJOhkLdViXChF9ktAPRsrhGaUSlvd99GaHEidUXLO2, 5fA0J93I3vIMXdeNHxhRcrMHEqG6XjRml6vpLkhIl1PrNyNwyk, AAAAA, 2, 53702E13-C9FB-4AB2-B931-0647B4652C70, 1]
[EL Fine]: sql: 2016-01-15 08:59:52.014--ClientSession(775866944)--Connection(1885555667)--Thread(Thread[Test worker,5,main])--SELECT addressTypeId, addressType, addressTypeDesc, addressTypeIcon, versionId, createdBy, createdDate, updatedBy, updatedDate, activeStatus, txnAccessCode FROM ast_AddressType_M WHERE ((activeStatus = ?) AND (addressTypeId = ?))
	bind => [1, 53702E13-C9FB-4AB2-B931-0647B4652C70]
[EL Fine]: sql: 2016-01-15 08:59:52.019--ClientSession(1413266127)--Connection(1885555667)--Thread(Thread[Test worker,5,main])--SELECT addressTypeId, addressType, addressTypeDesc, addressTypeIcon, versionId, createdBy, createdDate, updatedBy, updatedDate, activeStatus, txnAccessCode FROM ast_AddressType_M WHERE (addressTypeId = ?)
	bind => [53702E13-C9FB-4AB2-B931-0647B4652C70]
[EL Fine]: sql: 2016-01-15 08:59:52.021--ClientSession(1413266127)--Connection(1885555667)--Thread(Thread[Test worker,5,main])--DELETE FROM ast_AddressType_M WHERE ((addressTypeId = ?) AND (versionId = ?))
	bind => [53702E13-C9FB-4AB2-B931-0647B4652C70, 2]
]]></system-out>
  <system-err><![CDATA[]]></system-err>
</testsuite>
