<?xml version="1.0" encoding="UTF-8"?>
<testsuite name="com.app.server.service.UserAccessDomainTestCase" tests="4" skipped="0" failures="0" errors="0" timestamp="2016-01-15T08:59:38" hostname="9047a1ab76a9" time="0.255">
  <properties/>
  <testcase name="test1Save" classname="com.app.server.service.UserAccessDomainTestCase" time="0.079"/>
  <testcase name="test2Update" classname="com.app.server.service.UserAccessDomainTestCase" time="0.092"/>
  <testcase name="test3FindById" classname="com.app.server.service.UserAccessDomainTestCase" time="0.007"/>
  <testcase name="test4Delete" classname="com.app.server.service.UserAccessDomainTestCase" time="0.077"/>
  <system-out><![CDATA[Setting logged in user info for ADD
[EL Fine]: sql: 2016-01-15 08:59:38.599--ClientSession(338135508)--Connection(1885555667)--Thread(Thread[Test worker,5,main])--INSERT INTO ast_UserAccessDomain_M (userAccessDomainId, domainDescription, domainHelp, domainIcon, domainName, userAccessDomain, versionId, createdBy, createdDate, updatedBy, updatedDate, activeStatus, txnAccessCode) VALUES (?, ?, ?, ?, ?, ?, ?, ?, ?, ?, ?, ?, ?)
	bind => [6E1247F2-85BD-482B-BB2D-D27F094385CC, jQXXFmba5gCvlhte5QxCYsf5QoiFAYodX3a5RGLYfF2Isj3bCB, eFnHKBsm9lZV7l7EeiF5UmvdPtbaIcuxwqlWbAtibvmwVPaGbv, wxEEmZDa5fmhmDxYsVfuxBuh1Y8Fkw5UqbZKhYGy0f8Z1KymLi, ftJ9IFOqEjK2py9CxOpMe9gmJVeGwpoKGPuOl1hQ0ozETVDcXW, 78827, 1, AAAAA, 2016-01-15 08:59:38.576, null, 2016-01-15 08:59:38.576, 1, null]
[EL Fine]: sql: 2016-01-15 08:59:38.646--ClientSession(225882922)--Connection(1885555667)--Thread(Thread[Test worker,5,main])--SELECT userAccessDomainId, domainDescription, domainHelp, domainIcon, domainName, userAccessDomain, versionId, createdBy, createdDate, updatedBy, updatedDate, activeStatus, txnAccessCode FROM ast_UserAccessDomain_M WHERE ((activeStatus = ?) AND (userAccessDomainId = ?))
	bind => [1, 6E1247F2-85BD-482B-BB2D-D27F094385CC]
Setting logged in user info for UPDATE
[EL Fine]: sql: 2016-01-15 08:59:38.649--ClientSession(727470724)--Connection(1885555667)--Thread(Thread[Test worker,5,main])--SELECT userAccessDomainId, domainDescription, domainHelp, domainIcon, domainName, userAccessDomain, versionId, createdBy, createdDate, updatedBy, updatedDate, activeStatus, txnAccessCode FROM ast_UserAccessDomain_M WHERE (userAccessDomainId = ?)
	bind => [6E1247F2-85BD-482B-BB2D-D27F094385CC]
[EL Fine]: sql: 2016-01-15 08:59:38.65--ClientSession(727470724)--Connection(1885555667)--Thread(Thread[Test worker,5,main])--UPDATE ast_UserAccessDomain_M SET domainDescription = ?, domainHelp = ?, domainIcon = ?, domainName = ?, userAccessDomain = ?, updatedBy = ?, versionId = ? WHERE ((userAccessDomainId = ?) AND (versionId = ?))
	bind => [E4T0auDDJB2EJjJ6LBdCaf1RET34W9N07DfF70eqfFuNk2IY17, UL0Nqy8On7Umd6qhEdRMyJ5Ab6SffNYEoRh0mYcBylPaWmtiM4, lZzOIAqgO2JLD3vHTj890apDUWEAwZ79rzmIFaNzYOKvjvNAa2, hktQR49bnPVR3PYiV5gwzdshly5Uso6MAD282TGUgFpmCtkhNd, 57977, AAAAA, 2, 6E1247F2-85BD-482B-BB2D-D27F094385CC, 1]
[EL Fine]: sql: 2016-01-15 08:59:38.739--ClientSession(102208493)--Connection(1885555667)--Thread(Thread[Test worker,5,main])--SELECT userAccessDomainId, domainDescription, domainHelp, domainIcon, domainName, userAccessDomain, versionId, createdBy, createdDate, updatedBy, updatedDate, activeStatus, txnAccessCode FROM ast_UserAccessDomain_M WHERE ((activeStatus = ?) AND (userAccessDomainId = ?))
	bind => [1, 6E1247F2-85BD-482B-BB2D-D27F094385CC]
[EL Fine]: sql: 2016-01-15 08:59:38.747--ClientSession(1635025951)--Connection(1885555667)--Thread(Thread[Test worker,5,main])--SELECT userAccessDomainId, domainDescription, domainHelp, domainIcon, domainName, userAccessDomain, versionId, createdBy, createdDate, updatedBy, updatedDate, activeStatus, txnAccessCode FROM ast_UserAccessDomain_M WHERE (userAccessDomainId = ?)
	bind => [6E1247F2-85BD-482B-BB2D-D27F094385CC]
[EL Fine]: sql: 2016-01-15 08:59:38.748--ClientSession(1635025951)--Connection(1885555667)--Thread(Thread[Test worker,5,main])--DELETE FROM ast_UserAccessDomain_M WHERE ((userAccessDomainId = ?) AND (versionId = ?))
	bind => [6E1247F2-85BD-482B-BB2D-D27F094385CC, 2]
]]></system-out>
  <system-err><![CDATA[]]></system-err>
</testsuite>
