<?xml version="1.0" encoding="UTF-8"?>
<testsuite name="com.app.server.service.AddressTestCase" tests="8" skipped="0" failures="0" errors="0" timestamp="2016-01-15T08:59:52" hostname="9047a1ab76a9" time="1.182">
  <properties/>
  <testcase name="test1Save" classname="com.app.server.service.AddressTestCase" time="0.598"/>
  <testcase name="test2Update" classname="com.app.server.service.AddressTestCase" time="0.066"/>
  <testcase name="test3FindById" classname="com.app.server.service.AddressTestCase" time="0.008"/>
  <testcase name="test3findByaddressTypeId" classname="com.app.server.service.AddressTestCase" time="0.005"/>
  <testcase name="test3findBycityId" classname="com.app.server.service.AddressTestCase" time="0.004"/>
  <testcase name="test3findBycountryId" classname="com.app.server.service.AddressTestCase" time="0.004"/>
  <testcase name="test3findBystateId" classname="com.app.server.service.AddressTestCase" time="0.004"/>
  <testcase name="test4Delete" classname="com.app.server.service.AddressTestCase" time="0.488"/>
  <system-out><![CDATA[[EL Fine]: sql: 2016-01-15 08:59:52.421--ClientSession(2008214462)--Connection(1885555667)--Thread(Thread[Test worker,5,main])--INSERT INTO ast_AddressType_M (addressTypeId, addressType, addressTypeDesc, addressTypeIcon, versionId, createdBy, createdDate, updatedBy, updatedDate, activeStatus, txnAccessCode) VALUES (?, ?, ?, ?, ?, ?, ?, ?, ?, ?, ?)
	bind => [7AD6B1F5-012A-406A-A7E3-748FC6C681A6, WiWzG3f5xpDRuaqt0yMh90wLKPiDzmbSYckYHVOKIuEqS71bMc, Tb3YRcoYUf2jCcwUZxSGfj5uud3uX6WwidG9QdS0dUvm7TSjZD, mmxh5KttkBBuaFgRD7Ds7eAy8m7SvbNxTv1D2xWnAeOSeMjlqo, 1, AAAAA, 2016-01-15 08:59:52.419, null, 2016-01-15 08:59:52.419, 1, null]
searchJson>>>>>>>>>>>>>>>{"enableCharts":"on","hour":"","minute":""}
searchJson>>>>>>>>>>>>>>>{"enableCharts":"on","hour":"","minute":""}
searchJson>>>>>>>>>>>>>>>{"enableCharts":"on","isSearch":"on","isUserAccessible":"on","hour":"1","minute":"30"}
doIndex  searchJson>>>>>>>>>>>>>>>{"query_id":"59CDF590-C11D-4569-AEA6-3DB0D68C5060","report_id":"8F4F867D-B298-4E55-B36F-94849D184BDE","isUserAccessible":"on"}
[EL Fine]: sql: 2016-01-15 08:59:52.457--ClientSession(1227982076)--Connection(1256194197)--Thread(Thread[Search Engine Delta Index Scheduler,5,main])--SELECT query_id, active_status, app_creator_id, created_by, created_date, hidden_name, jpql_query, name, project_id, project_version_id, query_json, query_type, sql_query, updated_by, updated_date, user_access, version_id FROM art_query WHERE ((query_id = ?) AND (active_status = ?))
	bind => [59CDF590-C11D-4569-AEA6-3DB0D68C5060, true]
URL To Call:::http://localhost:8080/testproject1solr/dataimport
searchJson>>>>>>>>>>>>>>>{"hour":"","minute":""}
searchJson>>>>>>>>>>>>>>>{"hour":"","minute":""}
searchJson>>>>>>>>>>>>>>>{"hour":"","minute":""}
searchJson>>>>>>>>>>>>>>>{"isUserAccessible":"on","hour":"","minute":""}
searchJson>>>>>>>>>>>>>>>{"enableCharts":"on","hour":"","minute":""}
searchJson>>>>>>>>>>>>>>>{"enableCharts":"on","hour":"","minute":""}
searchJson>>>>>>>>>>>>>>>{"enableCharts":"on","isSearch":"on","isUserAccessible":"on","hour":"1","minute":"30"}
doIndex  searchJson>>>>>>>>>>>>>>>{"query_id":"59CDF590-C11D-4569-AEA6-3DB0D68C5060","report_id":"F8ACB839-190F-4BB9-9B1B-E3D5AF8591FD","isUserAccessible":"on"}
[EL Fine]: sql: 2016-01-15 08:59:52.461--ClientSession(477128834)--Connection(1256194197)--Thread(Thread[Search Engine Delta Index Scheduler,5,main])--SELECT query_id, active_status, app_creator_id, created_by, created_date, hidden_name, jpql_query, name, project_id, project_version_id, query_json, query_type, sql_query, updated_by, updated_date, user_access, version_id FROM art_query WHERE ((query_id = ?) AND (active_status = ?))
	bind => [59CDF590-C11D-4569-AEA6-3DB0D68C5060, true]
URL To Call:::http://localhost:8080/testproject1solr/dataimport
[EL Fine]: sql: 2016-01-15 08:59:52.514--ClientSession(1263429949)--Connection(1885555667)--Thread(Thread[Test worker,5,main])--INSERT INTO ast_Country_M (countryId, capital, capitalLatitude, capitalLongitude, countryCode1, countryCode2, countryFlag, countryName, currencyCode, currencyName, currencySymbol, isoNumeric, versionId, createdBy, createdDate, updatedBy, updatedDate, activeStatus, txnAccessCode) VALUES (?, ?, ?, ?, ?, ?, ?, ?, ?, ?, ?, ?, ?, ?, ?, ?, ?, ?, ?)
	bind => [8B2700D5-E9CD-483D-AC3A-9D6DA6B74D10, DnybwWUq0rY8yPzZ4SYkGr9ZS5jWhR7v, 2, 10, suS, Va2, SLLOHkIx61THtp5mRxy0k0EFUaMFQ9vbjQN07tnBpODehmZ1cI, tNMSIxGLboxzksO0GwAIr8Ofo6Uj9LvIpu1au23HtrUrsA3gXO, Yyv, WEh3kkkvtTqoTa4K6RCcPg4xlzzyisKMJHRhe03qh46KvfmC84, 9onYZHUc41QC9xkxm6ogZ167x15UG10Y, 8, 1, AAAAA, 2016-01-15 08:59:52.51, null, 2016-01-15 08:59:52.51, 1, null]
[EL Fine]: sql: 2016-01-15 08:59:52.588--ClientSession(820412246)--Connection(1885555667)--Thread(Thread[Test worker,5,main])--INSERT INTO ast_State_M (stateId, countryId, stateCapital, stateCapitalLatitude, stateCapitalLongitude, stateCode, stateCodeChar2, stateCodeChar3, stateDescription, stateFlag, stateName, versionId, createdBy, createdDate, updatedBy, updatedDate, activeStatus, txnAccessCode) VALUES (?, ?, ?, ?, ?, ?, ?, ?, ?, ?, ?, ?, ?, ?, ?, ?, ?, ?)
	bind => [65B01263-9C5C-4547-B474-02F2D84D199A, 8B2700D5-E9CD-483D-AC3A-9D6DA6B74D10, oG9R6Tn9SEoyNDSIFx3ejUJj259s6VXBqet3sZhnyKkDSvbobl, 0, 11, 2, Scx0kg4IHmQri1Rw7WqhuBxQqfi1Qp9e, pMAXGbaNoH6olAwEAZcOf6awEUAWfnym, KP0bbBNUekUy7IMYpU5IxYVQuMPZZwoGW23Rji4fviTYC5E0yO, TSgLN44m1sLLwOXNtoY7KlIqFZKTFDVFMOha3c6Mn1fSiVHw1o, mrOoCSNWMNC55DuJ24WFRGjHc7CJLNnOTADKrMkSHJqO8Z9I7U, 1, AAAAA, 2016-01-15 08:59:52.585, null, 2016-01-15 08:59:52.585, 1, null]
[EL Fine]: sql: 2016-01-15 08:59:52.673--ClientSession(26075828)--Connection(1885555667)--Thread(Thread[Test worker,5,main])--INSERT INTO ast_City_M (cityId, cityCode, cityCodeChar2, cityDescription, cityFlag, cityLatitude, cityLongitude, cityName, countryId, stateId, versionId, createdBy, createdDate, updatedBy, updatedDate, activeStatus, txnAccessCode) VALUES (?, ?, ?, ?, ?, ?, ?, ?, ?, ?, ?, ?, ?, ?, ?, ?, ?)
	bind => [97618DEE-8CB1-49DD-8B53-EC7B5DD5729A, 3, u8igU1fU7fGpijdZPJ7HmIa7hWzi6LNJ, OGnDXobcP7dp69YjJZv8smt7xRpc8wJeTLqPe3Db9wEYv9qO2P, bCsecnKjd5oVZPT0sGo7GnCZZf6eOV8SON8HFRatx4WMY4meH8, 1, 9, GqQwAMhzDnoUv83ObQmR7TZdUEDP15cMUr5ardnIb4MpQcuU08, 8B2700D5-E9CD-483D-AC3A-9D6DA6B74D10, 65B01263-9C5C-4547-B474-02F2D84D199A, 1, AAAAA, 2016-01-15 08:59:52.51, null, 2016-01-15 08:59:52.51, 1, null]
Setting logged in user info for ADD
[EL Fine]: sql: 2016-01-15 08:59:52.874--ClientSession(1565656609)--Connection(1885555667)--Thread(Thread[Test worker,5,main])--INSERT INTO ast_Address_T (addressId, address1, address2, address3, addressLabel, addressTypeId, cityId, countryId, latitude, longitude, stateId, versionId, zipcode, createdBy, createdDate, updatedBy, updatedDate, activeStatus, txnAccessCode) VALUES (?, ?, ?, ?, ?, ?, ?, ?, ?, ?, ?, ?, ?, ?, ?, ?, ?, ?, ?)
	bind => [3C866384-4905-43E9-AF1F-7315B54E01CA, ik6iWRK9EVLNXYuzHUIfpMl7aY1b7bvjoAkWWPjSTf87rcXF8S, LRumwQNBuoZi0rRP1pYenrfLKKHuAfPi02Bk2P5mDY4Lehg5c3, p6CPySfKfbey5IKvOk7q7dlfAQXiqX2smnyTCvADIE3wYnB0Hm, JKBUH7hYcDq, 7AD6B1F5-012A-406A-A7E3-748FC6C681A6, 97618DEE-8CB1-49DD-8B53-EC7B5DD5729A, 8B2700D5-E9CD-483D-AC3A-9D6DA6B74D10, GRrxsM417maOyhCtk3HJIMkbtAEAPd7LqUExgNNhBIMCK8I92D, nSC4VKytFX0D7rQ09jK7yjsWdnFOYGUg1Vjpg5rCh7sjSbrPtn, 65B01263-9C5C-4547-B474-02F2D84D199A, 1, mM6m3i, AAAAA, 2016-01-15 08:59:52.845, null, 2016-01-15 08:59:52.845, 1, null]
[EL Fine]: sql: 2016-01-15 08:59:53.017--ClientSession(255111709)--Connection(1885555667)--Thread(Thread[Test worker,5,main])--SELECT addressId, address1, address2, address3, addressLabel, addressTypeId, cityId, countryId, latitude, longitude, stateId, versionId, zipcode, createdBy, createdDate, updatedBy, updatedDate, activeStatus, txnAccessCode FROM ast_Address_T WHERE ((activeStatus = ?) AND (addressId = ?))
	bind => [1, 3C866384-4905-43E9-AF1F-7315B54E01CA]
Setting logged in user info for UPDATE
[EL Fine]: sql: 2016-01-15 08:59:53.021--ClientSession(176401000)--Connection(1885555667)--Thread(Thread[Test worker,5,main])--SELECT addressId, address1, address2, address3, addressLabel, addressTypeId, cityId, countryId, latitude, longitude, stateId, versionId, zipcode, createdBy, createdDate, updatedBy, updatedDate, activeStatus, txnAccessCode FROM ast_Address_T WHERE (addressId = ?)
	bind => [3C866384-4905-43E9-AF1F-7315B54E01CA]
[EL Fine]: sql: 2016-01-15 08:59:53.024--ClientSession(176401000)--Connection(1885555667)--Thread(Thread[Test worker,5,main])--UPDATE ast_Address_T SET address1 = ?, address2 = ?, address3 = ?, addressLabel = ?, latitude = ?, longitude = ?, zipcode = ?, updatedBy = ?, versionId = ? WHERE ((addressId = ?) AND (versionId = ?))
	bind => [e5p26TgItB1d8EXXgXLMC5auI1UR5hfNZfO8e7ZSMDOoW4YYM2, F7Tw2rojqqKVxaNRFbtTDc7IuONW9vhQuJoH2QWfeDcDeiA8wK, JBtu4yjI5rmQtpWPmUThe6uNl3rfQ6yyEDd6hbdbsYYGCiFPOH, 60WAoZCvzWk, fbwAPEK5jQcPZZR8QwkgAdkHO4ndaCvXNJdKahHG7Y4gcijQNd, pE5tfEwPZMBxSHuZ1mO5FjfNyYm8QwkL1pbM7buLT5B49YtnjI, TzOZJs, AAAAA, 2, 3C866384-4905-43E9-AF1F-7315B54E01CA, 1]
[EL Fine]: sql: 2016-01-15 08:59:53.083--ClientSession(1601663351)--Connection(1885555667)--Thread(Thread[Test worker,5,main])--SELECT addressId, address1, address2, address3, addressLabel, addressTypeId, cityId, countryId, latitude, longitude, stateId, versionId, zipcode, createdBy, createdDate, updatedBy, updatedDate, activeStatus, txnAccessCode FROM ast_Address_T WHERE ((activeStatus = ?) AND (addressId = ?))
	bind => [1, 3C866384-4905-43E9-AF1F-7315B54E01CA]
[EL Fine]: sql: 2016-01-15 08:59:53.089--ClientSession(985263818)--Connection(1885555667)--Thread(Thread[Test worker,5,main])--SELECT addressId, address1, address2, address3, addressLabel, addressTypeId, cityId, countryId, latitude, longitude, stateId, versionId, zipcode, createdBy, createdDate, updatedBy, updatedDate, activeStatus, txnAccessCode FROM ast_Address_T WHERE ((activeStatus = ?) AND (addressTypeId = ?))
	bind => [1, 7AD6B1F5-012A-406A-A7E3-748FC6C681A6]
[EL Fine]: sql: 2016-01-15 08:59:53.094--ClientSession(1833826337)--Connection(1885555667)--Thread(Thread[Test worker,5,main])--SELECT addressId, address1, address2, address3, addressLabel, addressTypeId, cityId, countryId, latitude, longitude, stateId, versionId, zipcode, createdBy, createdDate, updatedBy, updatedDate, activeStatus, txnAccessCode FROM ast_Address_T WHERE ((activeStatus = ?) AND (cityId = ?))
	bind => [1, 97618DEE-8CB1-49DD-8B53-EC7B5DD5729A]
[EL Fine]: sql: 2016-01-15 08:59:53.099--ClientSession(1178316220)--Connection(1885555667)--Thread(Thread[Test worker,5,main])--SELECT addressId, address1, address2, address3, addressLabel, addressTypeId, cityId, countryId, latitude, longitude, stateId, versionId, zipcode, createdBy, createdDate, updatedBy, updatedDate, activeStatus, txnAccessCode FROM ast_Address_T WHERE ((activeStatus = ?) AND (countryId = ?))
	bind => [1, 8B2700D5-E9CD-483D-AC3A-9D6DA6B74D10]
[EL Fine]: sql: 2016-01-15 08:59:53.104--ClientSession(1029394023)--Connection(1885555667)--Thread(Thread[Test worker,5,main])--SELECT addressId, address1, address2, address3, addressLabel, addressTypeId, cityId, countryId, latitude, longitude, stateId, versionId, zipcode, createdBy, createdDate, updatedBy, updatedDate, activeStatus, txnAccessCode FROM ast_Address_T WHERE ((activeStatus = ?) AND (stateId = ?))
	bind => [1, 65B01263-9C5C-4547-B474-02F2D84D199A]
[EL Fine]: sql: 2016-01-15 08:59:53.109--ClientSession(454717307)--Connection(1885555667)--Thread(Thread[Test worker,5,main])--SELECT addressId, address1, address2, address3, addressLabel, addressTypeId, cityId, countryId, latitude, longitude, stateId, versionId, zipcode, createdBy, createdDate, updatedBy, updatedDate, activeStatus, txnAccessCode FROM ast_Address_T WHERE (addressId = ?)
	bind => [3C866384-4905-43E9-AF1F-7315B54E01CA]
[EL Fine]: sql: 2016-01-15 08:59:53.111--ClientSession(454717307)--Connection(1885555667)--Thread(Thread[Test worker,5,main])--DELETE FROM ast_Address_T WHERE ((addressId = ?) AND (versionId = ?))
	bind => [3C866384-4905-43E9-AF1F-7315B54E01CA, 2]
[EL Fine]: sql: 2016-01-15 08:59:53.165--ClientSession(1972357044)--Connection(1885555667)--Thread(Thread[Test worker,5,main])--SELECT cityId, cityCode, cityCodeChar2, cityDescription, cityFlag, cityLatitude, cityLongitude, cityName, countryId, stateId, versionId, createdBy, createdDate, updatedBy, updatedDate, activeStatus, txnAccessCode FROM ast_City_M WHERE (cityId = ?)
	bind => [97618DEE-8CB1-49DD-8B53-EC7B5DD5729A]
[EL Fine]: sql: 2016-01-15 08:59:53.167--ClientSession(1972357044)--Connection(1885555667)--Thread(Thread[Test worker,5,main])--DELETE FROM ast_City_M WHERE ((cityId = ?) AND (versionId = ?))
	bind => [97618DEE-8CB1-49DD-8B53-EC7B5DD5729A, 1]
[EL Fine]: sql: 2016-01-15 08:59:53.331--ClientSession(1556114257)--Connection(1885555667)--Thread(Thread[Test worker,5,main])--SELECT stateId, countryId, stateCapital, stateCapitalLatitude, stateCapitalLongitude, stateCode, stateCodeChar2, stateCodeChar3, stateDescription, stateFlag, stateName, versionId, createdBy, createdDate, updatedBy, updatedDate, activeStatus, txnAccessCode FROM ast_State_M WHERE (stateId = ?)
	bind => [65B01263-9C5C-4547-B474-02F2D84D199A]
[EL Fine]: sql: 2016-01-15 08:59:53.333--ClientSession(1556114257)--Connection(1885555667)--Thread(Thread[Test worker,5,main])--DELETE FROM ast_State_M WHERE ((stateId = ?) AND (versionId = ?))
	bind => [65B01263-9C5C-4547-B474-02F2D84D199A, 1]
[EL Fine]: sql: 2016-01-15 08:59:53.439--ClientSession(1920195418)--Connection(1885555667)--Thread(Thread[Test worker,5,main])--SELECT countryId, capital, capitalLatitude, capitalLongitude, countryCode1, countryCode2, countryFlag, countryName, currencyCode, currencyName, currencySymbol, isoNumeric, versionId, createdBy, createdDate, updatedBy, updatedDate, activeStatus, txnAccessCode FROM ast_Country_M WHERE (countryId = ?)
	bind => [8B2700D5-E9CD-483D-AC3A-9D6DA6B74D10]
[EL Fine]: sql: 2016-01-15 08:59:53.441--ClientSession(1920195418)--Connection(1885555667)--Thread(Thread[Test worker,5,main])--DELETE FROM ast_Country_M WHERE ((countryId = ?) AND (versionId = ?))
	bind => [8B2700D5-E9CD-483D-AC3A-9D6DA6B74D10, 1]
[EL Fine]: sql: 2016-01-15 08:59:53.539--ClientSession(484087980)--Connection(1885555667)--Thread(Thread[Test worker,5,main])--SELECT addressTypeId, addressType, addressTypeDesc, addressTypeIcon, versionId, createdBy, createdDate, updatedBy, updatedDate, activeStatus, txnAccessCode FROM ast_AddressType_M WHERE (addressTypeId = ?)
	bind => [7AD6B1F5-012A-406A-A7E3-748FC6C681A6]
[EL Fine]: sql: 2016-01-15 08:59:53.541--ClientSession(484087980)--Connection(1885555667)--Thread(Thread[Test worker,5,main])--DELETE FROM ast_AddressType_M WHERE ((addressTypeId = ?) AND (versionId = ?))
	bind => [7AD6B1F5-012A-406A-A7E3-748FC6C681A6, 1]
]]></system-out>
  <system-err><![CDATA[java.net.ConnectException: Connection refused
	at java.net.PlainSocketImpl.socketConnect(Native Method)
	at java.net.AbstractPlainSocketImpl.doConnect(AbstractPlainSocketImpl.java:339)
	at java.net.AbstractPlainSocketImpl.connectToAddress(AbstractPlainSocketImpl.java:200)
	at java.net.AbstractPlainSocketImpl.connect(AbstractPlainSocketImpl.java:182)
	at java.net.SocksSocketImpl.connect(SocksSocketImpl.java:392)
	at java.net.Socket.connect(Socket.java:579)
	at java.net.Socket.connect(Socket.java:528)
	at sun.net.NetworkClient.doConnect(NetworkClient.java:180)
	at sun.net.www.http.HttpClient.openServer(HttpClient.java:432)
	at sun.net.www.http.HttpClient.openServer(HttpClient.java:527)
	at sun.net.www.http.HttpClient.<init>(HttpClient.java:211)
	at sun.net.www.http.HttpClient.New(HttpClient.java:308)
	at sun.net.www.http.HttpClient.New(HttpClient.java:326)
	at sun.net.www.protocol.http.HttpURLConnection.getNewHttpClient(HttpURLConnection.java:997)
	at sun.net.www.protocol.http.HttpURLConnection.plainConnect(HttpURLConnection.java:933)
	at sun.net.www.protocol.http.HttpURLConnection.connect(HttpURLConnection.java:851)
	at sun.net.www.protocol.http.HttpURLConnection.getOutputStream(HttpURLConnection.java:1092)
	at com.athena.search.bizservice.SearchEngineServiceImpl.sendPost(SearchEngineServiceImpl.java:553)
	at com.athena.search.bizservice.SearchEngineServiceImpl.doIndex(SearchEngineServiceImpl.java:112)
	at com.athena.search.bizservice.SearchEngineServiceImpl.doDeltaIndexing(SearchEngineServiceImpl.java:661)
	at com.athena.search.bizservice.SearchEngineDeltaIndexScheduler.run(SearchEngineDeltaIndexScheduler.java:27)
	at java.util.TimerThread.mainLoop(Timer.java:555)
	at java.util.TimerThread.run(Timer.java:505)
java.lang.Exception: No query found
	at com.athena.search.bizservice.SearchEngineServiceImpl.buildURL(SearchEngineServiceImpl.java:502)
	at com.athena.search.bizservice.SearchEngineServiceImpl.doIndex(SearchEngineServiceImpl.java:112)
	at com.athena.search.bizservice.SearchEngineServiceImpl.doDeltaIndexing(SearchEngineServiceImpl.java:661)
	at com.athena.search.bizservice.SearchEngineDeltaIndexScheduler.run(SearchEngineDeltaIndexScheduler.java:27)
	at java.util.TimerThread.mainLoop(Timer.java:555)
	at java.util.TimerThread.run(Timer.java:505)
java.net.ConnectException: Connection refused
	at java.net.PlainSocketImpl.socketConnect(Native Method)
	at java.net.AbstractPlainSocketImpl.doConnect(AbstractPlainSocketImpl.java:339)
	at java.net.AbstractPlainSocketImpl.connectToAddress(AbstractPlainSocketImpl.java:200)
	at java.net.AbstractPlainSocketImpl.connect(AbstractPlainSocketImpl.java:182)
	at java.net.SocksSocketImpl.connect(SocksSocketImpl.java:392)
	at java.net.Socket.connect(Socket.java:579)
	at java.net.Socket.connect(Socket.java:528)
	at sun.net.NetworkClient.doConnect(NetworkClient.java:180)
	at sun.net.www.http.HttpClient.openServer(HttpClient.java:432)
	at sun.net.www.http.HttpClient.openServer(HttpClient.java:527)
	at sun.net.www.http.HttpClient.<init>(HttpClient.java:211)
	at sun.net.www.http.HttpClient.New(HttpClient.java:308)
	at sun.net.www.http.HttpClient.New(HttpClient.java:326)
	at sun.net.www.protocol.http.HttpURLConnection.getNewHttpClient(HttpURLConnection.java:997)
	at sun.net.www.protocol.http.HttpURLConnection.plainConnect(HttpURLConnection.java:933)
	at sun.net.www.protocol.http.HttpURLConnection.connect(HttpURLConnection.java:851)
	at sun.net.www.protocol.http.HttpURLConnection.getOutputStream(HttpURLConnection.java:1092)
	at com.athena.search.bizservice.SearchEngineServiceImpl.sendPost(SearchEngineServiceImpl.java:553)
	at com.athena.search.bizservice.SearchEngineServiceImpl.doIndex(SearchEngineServiceImpl.java:112)
	at com.athena.search.bizservice.SearchEngineServiceImpl.doDeltaIndexing(SearchEngineServiceImpl.java:661)
	at com.athena.search.bizservice.SearchEngineDeltaIndexScheduler.run(SearchEngineDeltaIndexScheduler.java:27)
	at java.util.TimerThread.mainLoop(Timer.java:555)
	at java.util.TimerThread.run(Timer.java:505)
java.lang.Exception: No query found
	at com.athena.search.bizservice.SearchEngineServiceImpl.buildURL(SearchEngineServiceImpl.java:502)
	at com.athena.search.bizservice.SearchEngineServiceImpl.doIndex(SearchEngineServiceImpl.java:112)
	at com.athena.search.bizservice.SearchEngineServiceImpl.doDeltaIndexing(SearchEngineServiceImpl.java:661)
	at com.athena.search.bizservice.SearchEngineDeltaIndexScheduler.run(SearchEngineDeltaIndexScheduler.java:27)
	at java.util.TimerThread.mainLoop(Timer.java:555)
	at java.util.TimerThread.run(Timer.java:505)
java.net.ConnectException: Connection refused
	at java.net.PlainSocketImpl.socketConnect(Native Method)
	at java.net.AbstractPlainSocketImpl.doConnect(AbstractPlainSocketImpl.java:339)
	at java.net.AbstractPlainSocketImpl.connectToAddress(AbstractPlainSocketImpl.java:200)
	at java.net.AbstractPlainSocketImpl.connect(AbstractPlainSocketImpl.java:182)
	at java.net.SocksSocketImpl.connect(SocksSocketImpl.java:392)
	at java.net.Socket.connect(Socket.java:579)
	at java.net.Socket.connect(Socket.java:528)
	at sun.net.NetworkClient.doConnect(NetworkClient.java:180)
	at sun.net.www.http.HttpClient.openServer(HttpClient.java:432)
	at sun.net.www.http.HttpClient.openServer(HttpClient.java:527)
	at sun.net.www.http.HttpClient.<init>(HttpClient.java:211)
	at sun.net.www.http.HttpClient.New(HttpClient.java:308)
	at sun.net.www.http.HttpClient.New(HttpClient.java:326)
	at sun.net.www.protocol.http.HttpURLConnection.getNewHttpClient(HttpURLConnection.java:997)
	at sun.net.www.protocol.http.HttpURLConnection.plainConnect(HttpURLConnection.java:933)
	at sun.net.www.protocol.http.HttpURLConnection.connect(HttpURLConnection.java:851)
	at sun.net.www.protocol.http.HttpURLConnection.getOutputStream(HttpURLConnection.java:1092)
	at com.athena.search.bizservice.SearchEngineServiceImpl.sendPost(SearchEngineServiceImpl.java:553)
	at com.athena.search.bizservice.SearchEngineServiceImpl.doIndex(SearchEngineServiceImpl.java:112)
	at com.athena.search.bizservice.SearchEngineServiceImpl.doDeltaIndexing(SearchEngineServiceImpl.java:661)
	at com.athena.search.bizservice.SearchEngineDeltaIndexScheduler.run(SearchEngineDeltaIndexScheduler.java:27)
	at java.util.TimerThread.mainLoop(Timer.java:555)
	at java.util.TimerThread.run(Timer.java:505)
]]></system-err>
</testsuite>
