<?xml version="1.0" encoding="UTF-8"?>
<testsuite name="com.app.server.service.GenderTestCase" tests="4" skipped="0" failures="0" errors="0" timestamp="2016-01-15T08:59:30" hostname="9047a1ab76a9" time="0.156">
  <properties/>
  <testcase name="test1Save" classname="com.app.server.service.GenderTestCase" time="0.056"/>
  <testcase name="test2Update" classname="com.app.server.service.GenderTestCase" time="0.05"/>
  <testcase name="test3FindById" classname="com.app.server.service.GenderTestCase" time="0.005"/>
  <testcase name="test4Delete" classname="com.app.server.service.GenderTestCase" time="0.045"/>
  <system-out><![CDATA[Setting logged in user info for ADD
[EL Fine]: sql: 2016-01-15 08:59:30.846--ClientSession(595995324)--Connection(1885555667)--Thread(Thread[Test worker,5,main])--INSERT INTO ast_Gender_M (genderId, gender, versionId, createdBy, createdDate, updatedBy, updatedDate, activeStatus, txnAccessCode) VALUES (?, ?, ?, ?, ?, ?, ?, ?, ?)
	bind => [D4ECA651-C729-4EE6-943C-E43D3039B9DF, u6XyP4eFvrYVOE5oNr1tWQofAVSpDgm7KclS908d2WMwiYOt01, 1, AAAAA, 2016-01-15 08:59:30.842, null, 2016-01-15 08:59:30.842, 1, null]
[EL Fine]: sql: 2016-01-15 08:59:30.894--ClientSession(2115540142)--Connection(1885555667)--Thread(Thread[Test worker,5,main])--SELECT genderId, gender, versionId, createdBy, createdDate, updatedBy, updatedDate, activeStatus, txnAccessCode FROM ast_Gender_M WHERE ((activeStatus = ?) AND (genderId = ?))
	bind => [1, D4ECA651-C729-4EE6-943C-E43D3039B9DF]
Setting logged in user info for UPDATE
[EL Fine]: sql: 2016-01-15 08:59:30.897--ClientSession(1728831051)--Connection(1885555667)--Thread(Thread[Test worker,5,main])--SELECT genderId, gender, versionId, createdBy, createdDate, updatedBy, updatedDate, activeStatus, txnAccessCode FROM ast_Gender_M WHERE (genderId = ?)
	bind => [D4ECA651-C729-4EE6-943C-E43D3039B9DF]
[EL Fine]: sql: 2016-01-15 08:59:30.899--ClientSession(1728831051)--Connection(1885555667)--Thread(Thread[Test worker,5,main])--UPDATE ast_Gender_M SET gender = ?, updatedBy = ?, versionId = ? WHERE ((genderId = ?) AND (versionId = ?))
	bind => [QcNBwfSdkK92Jyn1MTxRmIlWSKXSkCwOb5BSZujtLI3MNIpDEK, AAAAA, 2, D4ECA651-C729-4EE6-943C-E43D3039B9DF, 1]
[EL Fine]: sql: 2016-01-15 08:59:30.944--ClientSession(2058432426)--Connection(1885555667)--Thread(Thread[Test worker,5,main])--SELECT genderId, gender, versionId, createdBy, createdDate, updatedBy, updatedDate, activeStatus, txnAccessCode FROM ast_Gender_M WHERE ((activeStatus = ?) AND (genderId = ?))
	bind => [1, D4ECA651-C729-4EE6-943C-E43D3039B9DF]
[EL Fine]: sql: 2016-01-15 08:59:30.949--ClientSession(687208181)--Connection(1885555667)--Thread(Thread[Test worker,5,main])--SELECT genderId, gender, versionId, createdBy, createdDate, updatedBy, updatedDate, activeStatus, txnAccessCode FROM ast_Gender_M WHERE (genderId = ?)
	bind => [D4ECA651-C729-4EE6-943C-E43D3039B9DF]
[EL Fine]: sql: 2016-01-15 08:59:30.95--ClientSession(687208181)--Connection(1885555667)--Thread(Thread[Test worker,5,main])--DELETE FROM ast_Gender_M WHERE ((genderId = ?) AND (versionId = ?))
	bind => [D4ECA651-C729-4EE6-943C-E43D3039B9DF, 2]
]]></system-out>
  <system-err><![CDATA[]]></system-err>
</testsuite>
