<?xml version="1.0" encoding="UTF-8"?>
<testsuite name="com.app.server.service.BrandTestCase" tests="5" skipped="0" failures="0" errors="0" timestamp="2016-01-15T08:59:11" hostname="9047a1ab76a9" time="16.386">
  <properties/>
  <testcase name="test1Save" classname="com.app.server.service.BrandTestCase" time="16.196"/>
  <testcase name="test2Update" classname="com.app.server.service.BrandTestCase" time="0.066"/>
  <testcase name="test3FindById" classname="com.app.server.service.BrandTestCase" time="0.014"/>
  <testcase name="test3findBycategoryId" classname="com.app.server.service.BrandTestCase" time="0.008"/>
  <testcase name="test4Delete" classname="com.app.server.service.BrandTestCase" time="0.101"/>
  <system-out><![CDATA[[EL Config]: metadata: 2016-01-15 08:59:15.87--ServerSession(211574600)--Thread(Thread[Test worker,5,main])--The access type for the persistent class [class com.athena.shared.entity.ArtEntity] is set to [FIELD].
[EL Config]: metadata: 2016-01-15 08:59:15.888--ServerSession(211574600)--Thread(Thread[Test worker,5,main])--The access type for the persistent class [class com.athena.shared.entity.AuditPropertiesEntity] is set to [FIELD].
[EL Config]: metadata: 2016-01-15 08:59:15.889--ServerSession(211574600)--Thread(Thread[Test worker,5,main])--The access type for the persistent class [class com.athena.shared.entity.query.ArtQuery] is set to [FIELD].
[EL Config]: metadata: 2016-01-15 08:59:15.891--ServerSession(211574600)--Thread(Thread[Test worker,5,main])--The access type for the persistent class [class com.app.shared.sales.Category] is set to [FIELD].
[EL Config]: metadata: 2016-01-15 08:59:15.893--ServerSession(211574600)--Thread(Thread[Test worker,5,main])--The access type for the persistent class [class com.app.shared.location.Currency] is set to [FIELD].
[EL Config]: metadata: 2016-01-15 08:59:15.894--ServerSession(211574600)--Thread(Thread[Test worker,5,main])--The access type for the persistent class [class com.athena.shared.entity.query.ArtMenu] is set to [FIELD].
[EL Config]: metadata: 2016-01-15 08:59:15.895--ServerSession(211574600)--Thread(Thread[Test worker,5,main])--The access type for the persistent class [class com.athena.shared.entity.query.ArtTableEntityRelation] is set to [FIELD].
[EL Config]: metadata: 2016-01-15 08:59:15.899--ServerSession(211574600)--Thread(Thread[Test worker,5,main])--The target entity (reference) class for the one to one mapping element [field reffKeyDetails] is being defaulted to: class com.athena.shared.entity.query.ArtTableFieldDetails.
[EL Config]: metadata: 2016-01-15 08:59:15.899--ServerSession(211574600)--Thread(Thread[Test worker,5,main])--The target entity (reference) class for the one to one mapping element [field owingKeyDetails] is being defaulted to: class com.athena.shared.entity.query.ArtTableFieldDetails.
[EL Config]: metadata: 2016-01-15 08:59:15.9--ServerSession(211574600)--Thread(Thread[Test worker,5,main])--The target entity (reference) class for the one to one mapping element [field reffTableDetails] is being defaulted to: class com.athena.shared.entity.query.ArtTableDetails.
[EL Config]: metadata: 2016-01-15 08:59:15.9--ServerSession(211574600)--Thread(Thread[Test worker,5,main])--The target entity (reference) class for the many to one mapping element [field owningTableDetails] is being defaulted to: class com.athena.shared.entity.query.ArtTableDetails.
[EL Config]: metadata: 2016-01-15 08:59:15.901--ServerSession(211574600)--Thread(Thread[Test worker,5,main])--The access type for the persistent class [class com.app.shared.sales.SalesData] is set to [FIELD].
[EL Config]: metadata: 2016-01-15 08:59:15.902--ServerSession(211574600)--Thread(Thread[Test worker,5,main])--The access type for the persistent class [class com.app.shared.sales.Brand] is set to [FIELD].
[EL Config]: metadata: 2016-01-15 08:59:15.902--ServerSession(211574600)--Thread(Thread[Test worker,5,main])--The access type for the persistent class [class com.athena.cloud.shared.entity.CloudDriveTags] is set to [FIELD].
[EL Config]: metadata: 2016-01-15 08:59:15.905--ServerSession(211574600)--Thread(Thread[Test worker,5,main])--The target entity (reference) class for the one to many mapping element [field awsCloudDriveTagFiles] is being defaulted to: class com.athena.cloud.shared.entity.CloudDriveTagFiles.
[EL Config]: metadata: 2016-01-15 08:59:15.906--ServerSession(211574600)--Thread(Thread[Test worker,5,main])--The access type for the persistent class [class com.athena.shared.entity.report.ArtServiceOperation] is set to [FIELD].
[EL Config]: metadata: 2016-01-15 08:59:15.907--ServerSession(211574600)--Thread(Thread[Test worker,5,main])--The target entity (reference) class for the many to one mapping element [field artservice] is being defaulted to: class com.athena.shared.entity.report.ArtService.
[EL Config]: metadata: 2016-01-15 08:59:15.907--ServerSession(211574600)--Thread(Thread[Test worker,5,main])--The access type for the persistent class [class com.athena.shared.entity.report.ArtChartTemplate] is set to [FIELD].
[EL Config]: metadata: 2016-01-15 08:59:15.908--ServerSession(211574600)--Thread(Thread[Test worker,5,main])--The access type for the persistent class [class com.spartan.healthmeter.entity.ArtHealthStatusConfiguration] is set to [FIELD].
[EL Config]: metadata: 2016-01-15 08:59:15.909--ServerSession(211574600)--Thread(Thread[Test worker,5,main])--The access type for the persistent class [class com.athena.cloud.shared.entity.CloudDriveFiles] is set to [FIELD].
[EL Config]: metadata: 2016-01-15 08:59:15.909--ServerSession(211574600)--Thread(Thread[Test worker,5,main])--The target entity (reference) class for the many to many mapping element [field tags] is being defaulted to: class com.athena.cloud.shared.entity.CloudDriveTags.
[EL Config]: metadata: 2016-01-15 08:59:15.91--ServerSession(211574600)--Thread(Thread[Test worker,5,main])--The target entity (reference) class for the one to one mapping element [field contentType] is being defaulted to: class com.athena.cloud.shared.entity.CloudDriveContentType.
[EL Config]: metadata: 2016-01-15 08:59:15.91--ServerSession(211574600)--Thread(Thread[Test worker,5,main])--The access type for the persistent class [class com.athena.shared.entity.query.ArtTableDetails] is set to [FIELD].
[EL Config]: metadata: 2016-01-15 08:59:15.91--ServerSession(211574600)--Thread(Thread[Test worker,5,main])--The target entity (reference) class for the one to many mapping element [field entityRelations] is being defaulted to: class com.athena.shared.entity.query.ArtTableEntityRelation.
[EL Config]: metadata: 2016-01-15 08:59:15.911--ServerSession(211574600)--Thread(Thread[Test worker,5,main])--The target entity (reference) class for the one to many mapping element [field artTableFieldDetail] is being defaulted to: class com.athena.shared.entity.query.ArtTableFieldDetails.
[EL Config]: metadata: 2016-01-15 08:59:15.911--ServerSession(211574600)--Thread(Thread[Test worker,5,main])--The access type for the persistent class [class com.app.shared.contacts.CommunicationGroup] is set to [FIELD].
[EL Config]: metadata: 2016-01-15 08:59:15.912--ServerSession(211574600)--Thread(Thread[Test worker,5,main])--The access type for the persistent class [class com.app.shared.location.District] is set to [FIELD].
[EL Config]: metadata: 2016-01-15 08:59:15.912--ServerSession(211574600)--Thread(Thread[Test worker,5,main])--The access type for the persistent class [class com.app.shared.authorization.UserRoleBridge] is set to [FIELD].
[EL Config]: metadata: 2016-01-15 08:59:15.913--ServerSession(211574600)--Thread(Thread[Test worker,5,main])--The access type for the persistent class [class com.athena.shared.entity.report.ArtChartCategory] is set to [FIELD].
[EL Config]: metadata: 2016-01-15 08:59:15.913--ServerSession(211574600)--Thread(Thread[Test worker,5,main])--The target entity (reference) class for the one to one mapping element [field chart_json_id] is being defaulted to: class com.athena.shared.entity.report.ArtChartJson.
[EL Config]: metadata: 2016-01-15 08:59:15.913--ServerSession(211574600)--Thread(Thread[Test worker,5,main])--The access type for the persistent class [class com.app.shared.contacts.ContactType] is set to [FIELD].
[EL Config]: metadata: 2016-01-15 08:59:15.914--ServerSession(211574600)--Thread(Thread[Test worker,5,main])--The access type for the persistent class [class com.athena.shared.entity.report.ArtChartJson] is set to [FIELD].
[EL Config]: metadata: 2016-01-15 08:59:15.914--ServerSession(211574600)--Thread(Thread[Test worker,5,main])--The target entity (reference) class for the one to one mapping element [field data_field_id] is being defaulted to: class com.athena.shared.entity.report.ArtChartDataFieldJson.
[EL Config]: metadata: 2016-01-15 08:59:15.915--ServerSession(211574600)--Thread(Thread[Test worker,5,main])--The access type for the persistent class [class com.app.shared.contacts.CommunicationData] is set to [FIELD].
[EL Config]: metadata: 2016-01-15 08:59:15.915--ServerSession(211574600)--Thread(Thread[Test worker,5,main])--The access type for the persistent class [class com.spartan.healthmeter.entity.ZenHealthGauge] is set to [FIELD].
[EL Config]: metadata: 2016-01-15 08:59:15.916--ServerSession(211574600)--Thread(Thread[Test worker,5,main])--The access type for the persistent class [class com.app.shared.authentication.Question] is set to [FIELD].
[EL Config]: metadata: 2016-01-15 08:59:15.916--ServerSession(211574600)--Thread(Thread[Test worker,5,main])--The access type for the persistent class [class com.athena.cloud.shared.entity.CloudDriveContentType] is set to [FIELD].
[EL Config]: metadata: 2016-01-15 08:59:15.916--ServerSession(211574600)--Thread(Thread[Test worker,5,main])--The access type for the persistent class [class com.app.shared.authentication.SessionData] is set to [FIELD].
[EL Config]: metadata: 2016-01-15 08:59:15.917--ServerSession(211574600)--Thread(Thread[Test worker,5,main])--The access type for the persistent class [class com.athena.shared.entity.report.ArtChartProperties] is set to [FIELD].
[EL Config]: metadata: 2016-01-15 08:59:15.918--ServerSession(211574600)--Thread(Thread[Test worker,5,main])--The access type for the persistent class [class com.app.shared.location.Country] is set to [FIELD].
[EL Config]: metadata: 2016-01-15 08:59:15.918--ServerSession(211574600)--Thread(Thread[Test worker,5,main])--The access type for the persistent class [class com.athena.shared.entity.query.ArtUserLastStatus] is set to [FIELD].
[EL Config]: metadata: 2016-01-15 08:59:15.919--ServerSession(211574600)--Thread(Thread[Test worker,5,main])--The access type for the persistent class [class com.app.shared.location.Village] is set to [FIELD].
[EL Config]: metadata: 2016-01-15 08:59:15.92--ServerSession(211574600)--Thread(Thread[Test worker,5,main])--The access type for the persistent class [class com.athena.shared.entity.query.ArtMasterForm] is set to [FIELD].
[EL Config]: metadata: 2016-01-15 08:59:15.921--ServerSession(211574600)--Thread(Thread[Test worker,5,main])--The access type for the persistent class [class com.app.shared.authentication.Login] is set to [FIELD].
[EL Config]: metadata: 2016-01-15 08:59:15.921--ServerSession(211574600)--Thread(Thread[Test worker,5,main])--The target entity (reference) class for the one to one mapping element [field coreContacts] is being defaulted to: class com.app.shared.contacts.CoreContacts.
[EL Config]: metadata: 2016-01-15 08:59:15.921--ServerSession(211574600)--Thread(Thread[Test worker,5,main])--The target entity (reference) class for the one to one mapping element [field user] is being defaulted to: class com.app.shared.authentication.User.
[EL Config]: metadata: 2016-01-15 08:59:15.921--ServerSession(211574600)--Thread(Thread[Test worker,5,main])--The access type for the persistent class [class com.athena.deo.model.AwsExternalIntegration] is set to [FIELD].
[EL Config]: metadata: 2016-01-15 08:59:15.922--ServerSession(211574600)--Thread(Thread[Test worker,5,main])--The access type for the persistent class [class com.app.shared.sales.CurrentMonth] is set to [FIELD].
[EL Config]: metadata: 2016-01-15 08:59:15.922--ServerSession(211574600)--Thread(Thread[Test worker,5,main])--The access type for the persistent class [class com.athena.shared.entity.query.ArtUserMenu] is set to [FIELD].
[EL Config]: metadata: 2016-01-15 08:59:15.923--ServerSession(211574600)--Thread(Thread[Test worker,5,main])--The access type for the persistent class [class com.athena.cloud.shared.entity.CloudDriveTagShared] is set to [FIELD].
[EL Config]: metadata: 2016-01-15 08:59:15.923--ServerSession(211574600)--Thread(Thread[Test worker,5,main])--The target entity (reference) class for the one to one mapping element [field tags] is being defaulted to: class com.athena.cloud.shared.entity.CloudDriveTags.
[EL Config]: metadata: 2016-01-15 08:59:15.924--ServerSession(211574600)--Thread(Thread[Test worker,5,main])--The access type for the persistent class [class com.app.shared.authorization.AppMenus] is set to [FIELD].
[EL Config]: metadata: 2016-01-15 08:59:15.924--ServerSession(211574600)--Thread(Thread[Test worker,5,main])--The access type for the persistent class [class com.app.shared.location.Taluka] is set to [FIELD].
[EL Config]: metadata: 2016-01-15 08:59:15.925--ServerSession(211574600)--Thread(Thread[Test worker,5,main])--The access type for the persistent class [class com.spartan.healthmeter.entity.HealthSchedulerConfiguration] is set to [FIELD].
[EL Config]: metadata: 2016-01-15 08:59:15.925--ServerSession(211574600)--Thread(Thread[Test worker,5,main])--The access type for the persistent class [class com.athena.cloud.shared.entity.CloudDriveFileVersion] is set to [FIELD].
[EL Config]: metadata: 2016-01-15 08:59:15.925--ServerSession(211574600)--Thread(Thread[Test worker,5,main])--The target entity (reference) class for the one to one mapping element [field file] is being defaulted to: class com.athena.cloud.shared.entity.CloudDriveFiles.
[EL Config]: metadata: 2016-01-15 08:59:15.926--ServerSession(211574600)--Thread(Thread[Test worker,5,main])--The access type for the persistent class [class com.app.shared.authentication.UserData] is set to [FIELD].
[EL Config]: metadata: 2016-01-15 08:59:15.926--ServerSession(211574600)--Thread(Thread[Test worker,5,main])--The target entity (reference) class for the one to one mapping element [field user] is being defaulted to: class com.app.shared.authentication.User.
[EL Config]: metadata: 2016-01-15 08:59:15.926--ServerSession(211574600)--Thread(Thread[Test worker,5,main])--The access type for the persistent class [class com.spartan.healthmeter.entity.ZenSchedulerHealth] is set to [FIELD].
[EL Config]: metadata: 2016-01-15 08:59:15.928--ServerSession(211574600)--Thread(Thread[Test worker,5,main])--The access type for the persistent class [class com.athena.shared.entity.report.ArtChartType] is set to [FIELD].
[EL Config]: metadata: 2016-01-15 08:59:15.928--ServerSession(211574600)--Thread(Thread[Test worker,5,main])--The target entity (reference) class for the one to one mapping element [field chart_id] is being defaulted to: class com.athena.shared.entity.report.ArtChartCategory.
[EL Config]: metadata: 2016-01-15 08:59:15.928--ServerSession(211574600)--Thread(Thread[Test worker,5,main])--The access type for the persistent class [class com.app.shared.customers.AppCustomerCategory] is set to [FIELD].
[EL Config]: metadata: 2016-01-15 08:59:15.928--ServerSession(211574600)--Thread(Thread[Test worker,5,main])--The access type for the persistent class [class com.app.shared.contacts.Gender] is set to [FIELD].
[EL Config]: metadata: 2016-01-15 08:59:15.929--ServerSession(211574600)--Thread(Thread[Test worker,5,main])--The access type for the persistent class [class com.app.shared.contacts.CoreContacts] is set to [FIELD].
[EL Config]: metadata: 2016-01-15 08:59:15.929--ServerSession(211574600)--Thread(Thread[Test worker,5,main])--The target entity (reference) class for the one to one mapping element [field timezone] is being defaulted to: class com.app.shared.location.Timezone.
[EL Config]: metadata: 2016-01-15 08:59:15.929--ServerSession(211574600)--Thread(Thread[Test worker,5,main])--The target entity (reference) class for the one to many mapping element [field address] is being defaulted to: class com.app.shared.location.Address.
[EL Config]: metadata: 2016-01-15 08:59:15.93--ServerSession(211574600)--Thread(Thread[Test worker,5,main])--The target entity (reference) class for the one to many mapping element [field communicationData] is being defaulted to: class com.app.shared.contacts.CommunicationData.
[EL Config]: metadata: 2016-01-15 08:59:15.93--ServerSession(211574600)--Thread(Thread[Test worker,5,main])--The access type for the persistent class [class com.app.shared.authentication.LoginSession] is set to [FIELD].
[EL Config]: metadata: 2016-01-15 08:59:15.93--ServerSession(211574600)--Thread(Thread[Test worker,5,main])--The access type for the persistent class [class com.athena.shared.entity.query.ArtDatabaseFunction] is set to [FIELD].
[EL Config]: metadata: 2016-01-15 08:59:15.931--ServerSession(211574600)--Thread(Thread[Test worker,5,main])--The access type for the persistent class [class com.athena.shared.entity.report.ArtChartPropLanguage] is set to [FIELD].
[EL Config]: metadata: 2016-01-15 08:59:15.931--ServerSession(211574600)--Thread(Thread[Test worker,5,main])--The target entity (reference) class for the one to one mapping element [field property_id] is being defaulted to: class com.athena.shared.entity.report.ArtChartProperties.
[EL Config]: metadata: 2016-01-15 08:59:15.931--ServerSession(211574600)--Thread(Thread[Test worker,5,main])--The target entity (reference) class for the one to one mapping element [field lang_id] is being defaulted to: class com.athena.shared.entity.report.ArtLangMaster.
[EL Config]: metadata: 2016-01-15 08:59:15.931--ServerSession(211574600)--Thread(Thread[Test worker,5,main])--The access type for the persistent class [class com.spartan.shield.server.entity.AppSessionConfig] is set to [FIELD].
[EL Config]: metadata: 2016-01-15 08:59:15.932--ServerSession(211574600)--Thread(Thread[Test worker,5,main])--The access type for the persistent class [class com.athena.shared.entity.report.ArtLangMaster] is set to [FIELD].
[EL Config]: metadata: 2016-01-15 08:59:15.932--ServerSession(211574600)--Thread(Thread[Test worker,5,main])--The access type for the persistent class [class com.app.shared.location.Region] is set to [FIELD].
[EL Config]: metadata: 2016-01-15 08:59:15.933--ServerSession(211574600)--Thread(Thread[Test worker,5,main])--The access type for the persistent class [class com.athena.shared.entity.query.ArtDatabaseOperators] is set to [FIELD].
[EL Config]: metadata: 2016-01-15 08:59:15.933--ServerSession(211574600)--Thread(Thread[Test worker,5,main])--The access type for the persistent class [class com.app.shared.sales.Retailer] is set to [FIELD].
[EL Config]: metadata: 2016-01-15 08:59:15.933--ServerSession(211574600)--Thread(Thread[Test worker,5,main])--The access type for the persistent class [class com.app.shared.authentication.PasswordAlgo] is set to [FIELD].
[EL Config]: metadata: 2016-01-15 08:59:15.934--ServerSession(211574600)--Thread(Thread[Test worker,5,main])--The access type for the persistent class [class com.athena.cloud.shared.entity.CloudDriveFileShared] is set to [FIELD].
[EL Config]: metadata: 2016-01-15 08:59:15.934--ServerSession(211574600)--Thread(Thread[Test worker,5,main])--The target entity (reference) class for the one to one mapping element [field file] is being defaulted to: class com.athena.cloud.shared.entity.CloudDriveFiles.
[EL Config]: metadata: 2016-01-15 08:59:15.934--ServerSession(211574600)--Thread(Thread[Test worker,5,main])--The access type for the persistent class [class com.app.shared.authentication.UserAccessDomain] is set to [FIELD].
[EL Config]: metadata: 2016-01-15 08:59:15.935--ServerSession(211574600)--Thread(Thread[Test worker,5,main])--The access type for the persistent class [class com.app.shared.location.AddressType] is set to [FIELD].
[EL Config]: metadata: 2016-01-15 08:59:15.935--ServerSession(211574600)--Thread(Thread[Test worker,5,main])--The access type for the persistent class [class com.app.shared.sales.UserAccess] is set to [FIELD].
[EL Config]: metadata: 2016-01-15 08:59:15.935--ServerSession(211574600)--Thread(Thread[Test worker,5,main])--The access type for the persistent class [class com.spartan.healthmeter.entity.ZenHealthStatus] is set to [FIELD].
[EL Config]: metadata: 2016-01-15 08:59:15.935--ServerSession(211574600)--Thread(Thread[Test worker,5,main])--The access type for the persistent class [class com.app.shared.contacts.CommunicationType] is set to [FIELD].
[EL Config]: metadata: 2016-01-15 08:59:15.936--ServerSession(211574600)--Thread(Thread[Test worker,5,main])--The access type for the persistent class [class com.app.shared.location.City] is set to [FIELD].
[EL Config]: metadata: 2016-01-15 08:59:15.936--ServerSession(211574600)--Thread(Thread[Test worker,5,main])--The access type for the persistent class [class com.athena.cloud.shared.entity.CloudDriveDefaultTags] is set to [FIELD].
[EL Config]: metadata: 2016-01-15 08:59:15.936--ServerSession(211574600)--Thread(Thread[Test worker,5,main])--The access type for the persistent class [class com.app.shared.location.AddressExtended] is set to [FIELD].
[EL Config]: metadata: 2016-01-15 08:59:15.937--ServerSession(211574600)--Thread(Thread[Test worker,5,main])--The access type for the persistent class [class com.app.shared.authentication.PassRecovery] is set to [FIELD].
[EL Config]: metadata: 2016-01-15 08:59:15.937--ServerSession(211574600)--Thread(Thread[Test worker,5,main])--The target entity (reference) class for the one to one mapping element [field user] is being defaulted to: class com.app.shared.authentication.User.
[EL Config]: metadata: 2016-01-15 08:59:15.937--ServerSession(211574600)--Thread(Thread[Test worker,5,main])--The access type for the persistent class [class com.app.shared.authorization.RoleMenuBridge] is set to [FIELD].
[EL Config]: metadata: 2016-01-15 08:59:15.937--ServerSession(211574600)--Thread(Thread[Test worker,5,main])--The target entity (reference) class for the one to one mapping element [field roles] is being defaulted to: class com.app.shared.authorization.Roles.
[EL Config]: metadata: 2016-01-15 08:59:15.938--ServerSession(211574600)--Thread(Thread[Test worker,5,main])--The access type for the persistent class [class com.athena.shared.entity.query.ArtTableFieldDetails] is set to [FIELD].
[EL Config]: metadata: 2016-01-15 08:59:15.938--ServerSession(211574600)--Thread(Thread[Test worker,5,main])--The target entity (reference) class for the many to one mapping element [field awsTableDetail] is being defaulted to: class com.athena.shared.entity.query.ArtTableDetails.
[EL Config]: metadata: 2016-01-15 08:59:15.939--ServerSession(211574600)--Thread(Thread[Test worker,5,main])--The access type for the persistent class [class com.app.shared.location.State] is set to [FIELD].
[EL Config]: metadata: 2016-01-15 08:59:15.939--ServerSession(211574600)--Thread(Thread[Test worker,5,main])--The access type for the persistent class [class com.app.shared.location.Language] is set to [FIELD].
[EL Config]: metadata: 2016-01-15 08:59:15.94--ServerSession(211574600)--Thread(Thread[Test worker,5,main])--The access type for the persistent class [class com.app.shared.customers.AppCustomerType] is set to [FIELD].
[EL Config]: metadata: 2016-01-15 08:59:15.94--ServerSession(211574600)--Thread(Thread[Test worker,5,main])--The access type for the persistent class [class com.spartan.healthmeter.entity.ZenRequestDetails] is set to [FIELD].
[EL Config]: metadata: 2016-01-15 08:59:15.94--ServerSession(211574600)--Thread(Thread[Test worker,5,main])--The access type for the persistent class [class com.spartan.healthmeter.entity.ArtHealthSchedulerConfiguration] is set to [FIELD].
[EL Config]: metadata: 2016-01-15 08:59:15.941--ServerSession(211574600)--Thread(Thread[Test worker,5,main])--The access type for the persistent class [class com.app.shared.sales.Material] is set to [FIELD].
[EL Config]: metadata: 2016-01-15 08:59:15.941--ServerSession(211574600)--Thread(Thread[Test worker,5,main])--The access type for the persistent class [class com.athena.ruleengine.shared.ArtRules] is set to [FIELD].
[EL Config]: metadata: 2016-01-15 08:59:15.941--ServerSession(211574600)--Thread(Thread[Test worker,5,main])--The access type for the persistent class [class com.athena.shared.entity.report.ArtReportBuilderDetails] is set to [FIELD].
[EL Config]: metadata: 2016-01-15 08:59:15.942--ServerSession(211574600)--Thread(Thread[Test worker,5,main])--The access type for the persistent class [class com.app.shared.authentication.UserAccessLevel] is set to [FIELD].
[EL Config]: metadata: 2016-01-15 08:59:15.942--ServerSession(211574600)--Thread(Thread[Test worker,5,main])--The access type for the persistent class [class com.athena.cloud.shared.entity.CloudDriveTagFiles] is set to [FIELD].
[EL Config]: metadata: 2016-01-15 08:59:15.942--ServerSession(211574600)--Thread(Thread[Test worker,5,main])--The target entity (reference) class for the one to one mapping element [field tags] is being defaulted to: class com.athena.cloud.shared.entity.CloudDriveTags.
[EL Config]: metadata: 2016-01-15 08:59:15.943--ServerSession(211574600)--Thread(Thread[Test worker,5,main])--The target entity (reference) class for the one to one mapping element [field file] is being defaulted to: class com.athena.cloud.shared.entity.CloudDriveFiles.
[EL Config]: metadata: 2016-01-15 08:59:15.943--ServerSession(211574600)--Thread(Thread[Test worker,5,main])--The access type for the persistent class [class com.app.shared.sales.Channel] is set to [FIELD].
[EL Config]: metadata: 2016-01-15 08:59:15.943--ServerSession(211574600)--Thread(Thread[Test worker,5,main])--The access type for the persistent class [class com.app.shared.location.Address] is set to [FIELD].
[EL Config]: metadata: 2016-01-15 08:59:15.944--ServerSession(211574600)--Thread(Thread[Test worker,5,main])--The access type for the persistent class [class com.app.shared.location.Timezone] is set to [FIELD].
[EL Config]: metadata: 2016-01-15 08:59:15.944--ServerSession(211574600)--Thread(Thread[Test worker,5,main])--The access type for the persistent class [class com.spartan.healthmeter.entity.ZenHealthCounter] is set to [FIELD].
[EL Config]: metadata: 2016-01-15 08:59:15.944--ServerSession(211574600)--Thread(Thread[Test worker,5,main])--The access type for the persistent class [class com.spartan.healthmeter.entity.ZenHealth] is set to [FIELD].
[EL Config]: metadata: 2016-01-15 08:59:15.945--ServerSession(211574600)--Thread(Thread[Test worker,5,main])--The access type for the persistent class [class com.athena.shared.entity.report.ArtChartDataFieldJson] is set to [FIELD].
[EL Config]: metadata: 2016-01-15 08:59:15.946--ServerSession(211574600)--Thread(Thread[Test worker,5,main])--The access type for the persistent class [class com.athena.shared.entity.report.ArtReportUI] is set to [FIELD].
[EL Config]: metadata: 2016-01-15 08:59:15.946--ServerSession(211574600)--Thread(Thread[Test worker,5,main])--The access type for the persistent class [class com.app.shared.authentication.PasswordPolicy] is set to [FIELD].
[EL Config]: metadata: 2016-01-15 08:59:15.946--ServerSession(211574600)--Thread(Thread[Test worker,5,main])--The access type for the persistent class [class com.app.shared.authentication.User] is set to [FIELD].
[EL Config]: metadata: 2016-01-15 08:59:15.947--ServerSession(211574600)--Thread(Thread[Test worker,5,main])--The target entity (reference) class for the one to one mapping element [field userData] is being defaulted to: class com.app.shared.authentication.UserData.
[EL Config]: metadata: 2016-01-15 08:59:15.947--ServerSession(211574600)--Thread(Thread[Test worker,5,main])--The target entity (reference) class for the one to many mapping element [field passRecovery] is being defaulted to: class com.app.shared.authentication.PassRecovery.
[EL Config]: metadata: 2016-01-15 08:59:15.947--ServerSession(211574600)--Thread(Thread[Test worker,5,main])--The access type for the persistent class [class com.app.shared.customers.AppCustomer] is set to [FIELD].
[EL Config]: metadata: 2016-01-15 08:59:15.948--ServerSession(211574600)--Thread(Thread[Test worker,5,main])--The access type for the persistent class [class com.app.shared.sales.Distributor] is set to [FIELD].
[EL Config]: metadata: 2016-01-15 08:59:15.948--ServerSession(211574600)--Thread(Thread[Test worker,5,main])--The access type for the persistent class [class com.app.shared.contacts.Title] is set to [FIELD].
[EL Config]: metadata: 2016-01-15 08:59:15.948--ServerSession(211574600)--Thread(Thread[Test worker,5,main])--The access type for the persistent class [class com.athena.shared.entity.report.ArtService] is set to [FIELD].
[EL Config]: metadata: 2016-01-15 08:59:15.948--ServerSession(211574600)--Thread(Thread[Test worker,5,main])--The target entity (reference) class for the one to many mapping element [field artServiceOperations] is being defaulted to: class com.athena.shared.entity.report.ArtServiceOperation.
[EL Config]: metadata: 2016-01-15 08:59:15.949--ServerSession(211574600)--Thread(Thread[Test worker,5,main])--The access type for the persistent class [class com.athena.server.bean.EntityBean] is set to [FIELD].
[EL Config]: metadata: 2016-01-15 08:59:15.949--ServerSession(211574600)--Thread(Thread[Test worker,5,main])--The access type for the persistent class [class com.app.shared.sales.SalesRegion] is set to [FIELD].
[EL Config]: metadata: 2016-01-15 08:59:15.949--ServerSession(211574600)--Thread(Thread[Test worker,5,main])--The access type for the persistent class [class com.athena.shared.entity.query.ArtDatabaseAggregate] is set to [FIELD].
[EL Config]: metadata: 2016-01-15 08:59:15.949--ServerSession(211574600)--Thread(Thread[Test worker,5,main])--The access type for the persistent class [class com.app.shared.authorization.Roles] is set to [FIELD].
[EL Config]: metadata: 2016-01-15 08:59:15.95--ServerSession(211574600)--Thread(Thread[Test worker,5,main])--The target entity (reference) class for the one to many mapping element [field roleMenuBridge] is being defaulted to: class com.app.shared.authorization.RoleMenuBridge.
[EL Config]: metadata: 2016-01-15 08:59:15.95--ServerSession(211574600)--Thread(Thread[Test worker,5,main])--The access type for the persistent class [class com.spartan.healthmeter.shared.EntityAudit] is set to [FIELD].
[EL Config]: metadata: 2016-01-15 08:59:15.951--ServerSession(211574600)--Thread(Thread[Test worker,5,main])--The access type for the persistent class [class com.app.shared.SystemInfo] is set to [FIELD].
[EL Config]: metadata: 2016-01-15 08:59:15.951--ServerSession(211574600)--Thread(Thread[Test worker,5,main])--The access type for the persistent class [class com.spartan.healthmeter.shared.SystemInfo] is set to [FIELD].
[EL Config]: metadata: 2016-01-15 08:59:15.951--ServerSession(211574600)--Thread(Thread[Test worker,5,main])--The access type for the persistent class [class com.app.shared.EntityAudit] is set to [FIELD].
[EL Config]: metadata: 2016-01-15 08:59:15.956--ServerSession(211574600)--Thread(Thread[Test worker,5,main])--The alias name for the entity class [class com.athena.shared.entity.query.ArtQuery] is being defaulted to: ArtQuery.
[EL Config]: metadata: 2016-01-15 08:59:15.965--ServerSession(211574600)--Thread(Thread[Test worker,5,main])--The alias name for the entity class [class com.app.shared.sales.Category] is being defaulted to: Category.
[EL Config]: metadata: 2016-01-15 08:59:15.967--ServerSession(211574600)--Thread(Thread[Test worker,5,main])--The alias name for the entity class [class com.app.shared.location.Currency] is being defaulted to: Currency.
[EL Config]: metadata: 2016-01-15 08:59:15.968--ServerSession(211574600)--Thread(Thread[Test worker,5,main])--The alias name for the entity class [class com.athena.shared.entity.query.ArtMenu] is being defaulted to: ArtMenu.
[EL Config]: metadata: 2016-01-15 08:59:15.968--ServerSession(211574600)--Thread(Thread[Test worker,5,main])--The alias name for the entity class [class com.athena.shared.entity.query.ArtTableEntityRelation] is being defaulted to: ArtTableEntityRelation.
[EL Config]: metadata: 2016-01-15 08:59:15.969--ServerSession(211574600)--Thread(Thread[Test worker,5,main])--The alias name for the entity class [class com.app.shared.sales.SalesData] is being defaulted to: SalesData.
[EL Config]: metadata: 2016-01-15 08:59:15.97--ServerSession(211574600)--Thread(Thread[Test worker,5,main])--The alias name for the entity class [class com.app.shared.sales.Brand] is being defaulted to: Brand.
[EL Config]: metadata: 2016-01-15 08:59:15.97--ServerSession(211574600)--Thread(Thread[Test worker,5,main])--The alias name for the entity class [class com.athena.cloud.shared.entity.CloudDriveTags] is being defaulted to: CloudDriveTags.
[EL Config]: metadata: 2016-01-15 08:59:15.97--ServerSession(211574600)--Thread(Thread[Test worker,5,main])--The alias name for the entity class [class com.athena.shared.entity.report.ArtServiceOperation] is being defaulted to: ArtServiceOperation.
[EL Config]: metadata: 2016-01-15 08:59:15.971--ServerSession(211574600)--Thread(Thread[Test worker,5,main])--The alias name for the entity class [class com.athena.shared.entity.report.ArtChartTemplate] is being defaulted to: ArtChartTemplate.
[EL Config]: metadata: 2016-01-15 08:59:15.971--ServerSession(211574600)--Thread(Thread[Test worker,5,main])--The alias name for the entity class [class com.spartan.healthmeter.entity.ArtHealthStatusConfiguration] is being defaulted to: ArtHealthStatusConfiguration.
[EL Config]: metadata: 2016-01-15 08:59:15.972--ServerSession(211574600)--Thread(Thread[Test worker,5,main])--The alias name for the entity class [class com.athena.cloud.shared.entity.CloudDriveFiles] is being defaulted to: CloudDriveFiles.
[EL Config]: metadata: 2016-01-15 08:59:15.973--ServerSession(211574600)--Thread(Thread[Test worker,5,main])--The alias name for the entity class [class com.athena.shared.entity.query.ArtTableDetails] is being defaulted to: ArtTableDetails.
[EL Config]: metadata: 2016-01-15 08:59:15.973--ServerSession(211574600)--Thread(Thread[Test worker,5,main])--The alias name for the entity class [class com.app.shared.contacts.CommunicationGroup] is being defaulted to: CommunicationGroup.
[EL Config]: metadata: 2016-01-15 08:59:15.973--ServerSession(211574600)--Thread(Thread[Test worker,5,main])--The alias name for the entity class [class com.app.shared.location.District] is being defaulted to: District.
[EL Config]: metadata: 2016-01-15 08:59:15.974--ServerSession(211574600)--Thread(Thread[Test worker,5,main])--The alias name for the entity class [class com.app.shared.authorization.UserRoleBridge] is being defaulted to: UserRoleBridge.
[EL Config]: metadata: 2016-01-15 08:59:15.974--ServerSession(211574600)--Thread(Thread[Test worker,5,main])--The alias name for the entity class [class com.athena.shared.entity.report.ArtChartCategory] is being defaulted to: ArtChartCategory.
[EL Config]: metadata: 2016-01-15 08:59:15.975--ServerSession(211574600)--Thread(Thread[Test worker,5,main])--The alias name for the entity class [class com.app.shared.contacts.ContactType] is being defaulted to: ContactType.
[EL Config]: metadata: 2016-01-15 08:59:15.975--ServerSession(211574600)--Thread(Thread[Test worker,5,main])--The alias name for the entity class [class com.athena.shared.entity.report.ArtChartJson] is being defaulted to: ArtChartJson.
[EL Config]: metadata: 2016-01-15 08:59:15.975--ServerSession(211574600)--Thread(Thread[Test worker,5,main])--The alias name for the entity class [class com.app.shared.contacts.CommunicationData] is being defaulted to: CommunicationData.
[EL Config]: metadata: 2016-01-15 08:59:15.976--ServerSession(211574600)--Thread(Thread[Test worker,5,main])--The alias name for the entity class [class com.spartan.healthmeter.entity.ZenHealthGauge] is being defaulted to: ZenHealthGauge.
[EL Config]: metadata: 2016-01-15 08:59:15.976--ServerSession(211574600)--Thread(Thread[Test worker,5,main])--The alias name for the entity class [class com.app.shared.authentication.Question] is being defaulted to: Question.
[EL Config]: metadata: 2016-01-15 08:59:15.976--ServerSession(211574600)--Thread(Thread[Test worker,5,main])--The alias name for the entity class [class com.athena.cloud.shared.entity.CloudDriveContentType] is being defaulted to: CloudDriveContentType.
[EL Config]: metadata: 2016-01-15 08:59:15.977--ServerSession(211574600)--Thread(Thread[Test worker,5,main])--The alias name for the entity class [class com.app.shared.authentication.SessionData] is being defaulted to: SessionData.
[EL Config]: metadata: 2016-01-15 08:59:15.977--ServerSession(211574600)--Thread(Thread[Test worker,5,main])--The alias name for the entity class [class com.athena.shared.entity.report.ArtChartProperties] is being defaulted to: ArtChartProperties.
[EL Config]: metadata: 2016-01-15 08:59:15.978--ServerSession(211574600)--Thread(Thread[Test worker,5,main])--The alias name for the entity class [class com.app.shared.location.Country] is being defaulted to: Country.
[EL Config]: metadata: 2016-01-15 08:59:15.978--ServerSession(211574600)--Thread(Thread[Test worker,5,main])--The alias name for the entity class [class com.athena.shared.entity.query.ArtUserLastStatus] is being defaulted to: ArtUserLastStatus.
[EL Config]: metadata: 2016-01-15 08:59:15.979--ServerSession(211574600)--Thread(Thread[Test worker,5,main])--The alias name for the entity class [class com.app.shared.location.Village] is being defaulted to: Village.
[EL Config]: metadata: 2016-01-15 08:59:15.979--ServerSession(211574600)--Thread(Thread[Test worker,5,main])--The alias name for the entity class [class com.athena.shared.entity.query.ArtMasterForm] is being defaulted to: ArtMasterForm.
[EL Config]: metadata: 2016-01-15 08:59:15.98--ServerSession(211574600)--Thread(Thread[Test worker,5,main])--The alias name for the entity class [class com.app.shared.authentication.Login] is being defaulted to: Login.
[EL Config]: metadata: 2016-01-15 08:59:15.98--ServerSession(211574600)--Thread(Thread[Test worker,5,main])--The alias name for the entity class [class com.athena.deo.model.AwsExternalIntegration] is being defaulted to: AwsExternalIntegration.
[EL Config]: metadata: 2016-01-15 08:59:15.981--ServerSession(211574600)--Thread(Thread[Test worker,5,main])--The alias name for the entity class [class com.app.shared.sales.CurrentMonth] is being defaulted to: CurrentMonth.
[EL Config]: metadata: 2016-01-15 08:59:15.981--ServerSession(211574600)--Thread(Thread[Test worker,5,main])--The alias name for the entity class [class com.athena.shared.entity.query.ArtUserMenu] is being defaulted to: ArtUserMenu.
[EL Warning]: metadata: 2016-01-15 08:59:15.981--ServerSession(211574600)--Thread(Thread[Test worker,5,main])--You have specified multiple ids for the entity class [com.athena.shared.entity.query.ArtUserMenu] without specifying an @IdClass. By doing this you may lose the ability to find by identity, distributed cache support etc. Note: You may however use entity manager find operations by passing a list of primary key fields. Else, you will have to use JPQL queries to read your entities. For other id options see @PrimaryKey.
[EL Config]: metadata: 2016-01-15 08:59:15.982--ServerSession(211574600)--Thread(Thread[Test worker,5,main])--The alias name for the entity class [class com.athena.cloud.shared.entity.CloudDriveTagShared] is being defaulted to: CloudDriveTagShared.
[EL Config]: metadata: 2016-01-15 08:59:15.982--ServerSession(211574600)--Thread(Thread[Test worker,5,main])--The column name for element [id] is being defaulted to: ID.
[EL Config]: metadata: 2016-01-15 08:59:15.982--ServerSession(211574600)--Thread(Thread[Test worker,5,main])--The alias name for the entity class [class com.app.shared.authorization.AppMenus] is being defaulted to: AppMenus.
[EL Config]: metadata: 2016-01-15 08:59:15.983--ServerSession(211574600)--Thread(Thread[Test worker,5,main])--The alias name for the entity class [class com.app.shared.location.Taluka] is being defaulted to: Taluka.
[EL Config]: metadata: 2016-01-15 08:59:15.983--ServerSession(211574600)--Thread(Thread[Test worker,5,main])--The alias name for the entity class [class com.spartan.healthmeter.entity.HealthSchedulerConfiguration] is being defaulted to: HealthSchedulerConfiguration.
[EL Config]: metadata: 2016-01-15 08:59:15.983--ServerSession(211574600)--Thread(Thread[Test worker,5,main])--The alias name for the entity class [class com.athena.cloud.shared.entity.CloudDriveFileVersion] is being defaulted to: CloudDriveFileVersion.
[EL Config]: metadata: 2016-01-15 08:59:15.984--ServerSession(211574600)--Thread(Thread[Test worker,5,main])--The alias name for the entity class [class com.app.shared.authentication.UserData] is being defaulted to: UserData.
[EL Config]: metadata: 2016-01-15 08:59:15.984--ServerSession(211574600)--Thread(Thread[Test worker,5,main])--The alias name for the entity class [class com.spartan.healthmeter.entity.ZenSchedulerHealth] is being defaulted to: ZenSchedulerHealth.
[EL Config]: metadata: 2016-01-15 08:59:15.985--ServerSession(211574600)--Thread(Thread[Test worker,5,main])--The alias name for the entity class [class com.athena.shared.entity.report.ArtChartType] is being defaulted to: ArtChartType.
[EL Config]: metadata: 2016-01-15 08:59:15.986--ServerSession(211574600)--Thread(Thread[Test worker,5,main])--The alias name for the entity class [class com.app.shared.customers.AppCustomerCategory] is being defaulted to: AppCustomerCategory.
[EL Config]: metadata: 2016-01-15 08:59:15.986--ServerSession(211574600)--Thread(Thread[Test worker,5,main])--The alias name for the entity class [class com.app.shared.contacts.Gender] is being defaulted to: Gender.
[EL Config]: metadata: 2016-01-15 08:59:15.986--ServerSession(211574600)--Thread(Thread[Test worker,5,main])--The alias name for the entity class [class com.app.shared.contacts.CoreContacts] is being defaulted to: CoreContacts.
[EL Config]: metadata: 2016-01-15 08:59:15.987--ServerSession(211574600)--Thread(Thread[Test worker,5,main])--The alias name for the entity class [class com.app.shared.authentication.LoginSession] is being defaulted to: LoginSession.
[EL Config]: metadata: 2016-01-15 08:59:15.987--ServerSession(211574600)--Thread(Thread[Test worker,5,main])--The alias name for the entity class [class com.athena.shared.entity.query.ArtDatabaseFunction] is being defaulted to: ArtDatabaseFunction.
[EL Config]: metadata: 2016-01-15 08:59:15.988--ServerSession(211574600)--Thread(Thread[Test worker,5,main])--The alias name for the entity class [class com.athena.shared.entity.report.ArtChartPropLanguage] is being defaulted to: ArtChartPropLanguage.
[EL Config]: metadata: 2016-01-15 08:59:15.988--ServerSession(211574600)--Thread(Thread[Test worker,5,main])--The alias name for the entity class [class com.spartan.shield.server.entity.AppSessionConfig] is being defaulted to: AppSessionConfig.
[EL Config]: metadata: 2016-01-15 08:59:15.988--ServerSession(211574600)--Thread(Thread[Test worker,5,main])--The alias name for the entity class [class com.athena.shared.entity.report.ArtLangMaster] is being defaulted to: ArtLangMaster.
[EL Config]: metadata: 2016-01-15 08:59:15.989--ServerSession(211574600)--Thread(Thread[Test worker,5,main])--The alias name for the entity class [class com.app.shared.location.Region] is being defaulted to: Region.
[EL Config]: metadata: 2016-01-15 08:59:15.989--ServerSession(211574600)--Thread(Thread[Test worker,5,main])--The alias name for the entity class [class com.athena.shared.entity.query.ArtDatabaseOperators] is being defaulted to: ArtDatabaseOperators.
[EL Config]: metadata: 2016-01-15 08:59:15.989--ServerSession(211574600)--Thread(Thread[Test worker,5,main])--The alias name for the entity class [class com.app.shared.sales.Retailer] is being defaulted to: Retailer.
[EL Config]: metadata: 2016-01-15 08:59:15.99--ServerSession(211574600)--Thread(Thread[Test worker,5,main])--The alias name for the entity class [class com.app.shared.authentication.PasswordAlgo] is being defaulted to: PasswordAlgo.
[EL Config]: metadata: 2016-01-15 08:59:15.99--ServerSession(211574600)--Thread(Thread[Test worker,5,main])--The alias name for the entity class [class com.athena.cloud.shared.entity.CloudDriveFileShared] is being defaulted to: CloudDriveFileShared.
[EL Config]: metadata: 2016-01-15 08:59:15.99--ServerSession(211574600)--Thread(Thread[Test worker,5,main])--The column name for element [id] is being defaulted to: ID.
[EL Config]: metadata: 2016-01-15 08:59:15.991--ServerSession(211574600)--Thread(Thread[Test worker,5,main])--The alias name for the entity class [class com.app.shared.authentication.UserAccessDomain] is being defaulted to: UserAccessDomain.
[EL Config]: metadata: 2016-01-15 08:59:15.991--ServerSession(211574600)--Thread(Thread[Test worker,5,main])--The alias name for the entity class [class com.app.shared.location.AddressType] is being defaulted to: AddressType.
[EL Config]: metadata: 2016-01-15 08:59:15.991--ServerSession(211574600)--Thread(Thread[Test worker,5,main])--The alias name for the entity class [class com.app.shared.sales.UserAccess] is being defaulted to: UserAccess.
[EL Config]: metadata: 2016-01-15 08:59:15.992--ServerSession(211574600)--Thread(Thread[Test worker,5,main])--The alias name for the entity class [class com.spartan.healthmeter.entity.ZenHealthStatus] is being defaulted to: ZenHealthStatus.
[EL Config]: metadata: 2016-01-15 08:59:15.992--ServerSession(211574600)--Thread(Thread[Test worker,5,main])--The alias name for the entity class [class com.app.shared.contacts.CommunicationType] is being defaulted to: CommunicationType.
[EL Config]: metadata: 2016-01-15 08:59:15.992--ServerSession(211574600)--Thread(Thread[Test worker,5,main])--The alias name for the entity class [class com.app.shared.location.City] is being defaulted to: City.
[EL Config]: metadata: 2016-01-15 08:59:15.993--ServerSession(211574600)--Thread(Thread[Test worker,5,main])--The alias name for the entity class [class com.athena.cloud.shared.entity.CloudDriveDefaultTags] is being defaulted to: CloudDriveDefaultTags.
[EL Config]: metadata: 2016-01-15 08:59:15.993--ServerSession(211574600)--Thread(Thread[Test worker,5,main])--The alias name for the entity class [class com.app.shared.location.AddressExtended] is being defaulted to: AddressExtended.
[EL Config]: metadata: 2016-01-15 08:59:15.993--ServerSession(211574600)--Thread(Thread[Test worker,5,main])--The alias name for the entity class [class com.app.shared.authentication.PassRecovery] is being defaulted to: PassRecovery.
[EL Config]: metadata: 2016-01-15 08:59:15.994--ServerSession(211574600)--Thread(Thread[Test worker,5,main])--The alias name for the entity class [class com.app.shared.authorization.RoleMenuBridge] is being defaulted to: RoleMenuBridge.
[EL Config]: metadata: 2016-01-15 08:59:15.994--ServerSession(211574600)--Thread(Thread[Test worker,5,main])--The alias name for the entity class [class com.athena.shared.entity.query.ArtTableFieldDetails] is being defaulted to: ArtTableFieldDetails.
[EL Config]: metadata: 2016-01-15 08:59:15.995--ServerSession(211574600)--Thread(Thread[Test worker,5,main])--The alias name for the entity class [class com.app.shared.location.State] is being defaulted to: State.
[EL Config]: metadata: 2016-01-15 08:59:15.995--ServerSession(211574600)--Thread(Thread[Test worker,5,main])--The alias name for the entity class [class com.app.shared.location.Language] is being defaulted to: Language.
[EL Config]: metadata: 2016-01-15 08:59:15.996--ServerSession(211574600)--Thread(Thread[Test worker,5,main])--The alias name for the entity class [class com.app.shared.customers.AppCustomerType] is being defaulted to: AppCustomerType.
[EL Config]: metadata: 2016-01-15 08:59:15.996--ServerSession(211574600)--Thread(Thread[Test worker,5,main])--The alias name for the entity class [class com.spartan.healthmeter.entity.ZenRequestDetails] is being defaulted to: ZenRequestDetails.
[EL Config]: metadata: 2016-01-15 08:59:15.997--ServerSession(211574600)--Thread(Thread[Test worker,5,main])--The alias name for the entity class [class com.spartan.healthmeter.entity.ArtHealthSchedulerConfiguration] is being defaulted to: ArtHealthSchedulerConfiguration.
[EL Config]: metadata: 2016-01-15 08:59:15.997--ServerSession(211574600)--Thread(Thread[Test worker,5,main])--The alias name for the entity class [class com.app.shared.sales.Material] is being defaulted to: Material.
[EL Config]: metadata: 2016-01-15 08:59:15.997--ServerSession(211574600)--Thread(Thread[Test worker,5,main])--The alias name for the entity class [class com.athena.ruleengine.shared.ArtRules] is being defaulted to: ArtRules.
[EL Config]: metadata: 2016-01-15 08:59:15.998--ServerSession(211574600)--Thread(Thread[Test worker,5,main])--The alias name for the entity class [class com.athena.shared.entity.report.ArtReportBuilderDetails] is being defaulted to: ArtReportBuilderDetails.
[EL Config]: metadata: 2016-01-15 08:59:15.998--ServerSession(211574600)--Thread(Thread[Test worker,5,main])--The alias name for the entity class [class com.app.shared.authentication.UserAccessLevel] is being defaulted to: UserAccessLevel.
[EL Config]: metadata: 2016-01-15 08:59:15.999--ServerSession(211574600)--Thread(Thread[Test worker,5,main])--The alias name for the entity class [class com.athena.cloud.shared.entity.CloudDriveTagFiles] is being defaulted to: CloudDriveTagFiles.
[EL Config]: metadata: 2016-01-15 08:59:15.999--ServerSession(211574600)--Thread(Thread[Test worker,5,main])--The column name for element [id] is being defaulted to: ID.
[EL Config]: metadata: 2016-01-15 08:59:15.999--ServerSession(211574600)--Thread(Thread[Test worker,5,main])--The alias name for the entity class [class com.app.shared.sales.Channel] is being defaulted to: Channel.
[EL Config]: metadata: 2016-01-15 08:59:15.999--ServerSession(211574600)--Thread(Thread[Test worker,5,main])--The alias name for the entity class [class com.app.shared.location.Address] is being defaulted to: Address.
[EL Config]: metadata: 2016-01-15 08:59:16.0--ServerSession(211574600)--Thread(Thread[Test worker,5,main])--The alias name for the entity class [class com.app.shared.location.Timezone] is being defaulted to: Timezone.
[EL Config]: metadata: 2016-01-15 08:59:16.0--ServerSession(211574600)--Thread(Thread[Test worker,5,main])--The alias name for the entity class [class com.spartan.healthmeter.entity.ZenHealthCounter] is being defaulted to: ZenHealthCounter.
[EL Config]: metadata: 2016-01-15 08:59:16.0--ServerSession(211574600)--Thread(Thread[Test worker,5,main])--The alias name for the entity class [class com.spartan.healthmeter.entity.ZenHealth] is being defaulted to: ZenHealth.
[EL Config]: metadata: 2016-01-15 08:59:16.002--ServerSession(211574600)--Thread(Thread[Test worker,5,main])--The alias name for the entity class [class com.athena.shared.entity.report.ArtChartDataFieldJson] is being defaulted to: ArtChartDataFieldJson.
[EL Config]: metadata: 2016-01-15 08:59:16.002--ServerSession(211574600)--Thread(Thread[Test worker,5,main])--The alias name for the entity class [class com.athena.shared.entity.report.ArtReportUI] is being defaulted to: ArtReportUI.
[EL Config]: metadata: 2016-01-15 08:59:16.002--ServerSession(211574600)--Thread(Thread[Test worker,5,main])--The alias name for the entity class [class com.app.shared.authentication.PasswordPolicy] is being defaulted to: PasswordPolicy.
[EL Config]: metadata: 2016-01-15 08:59:16.003--ServerSession(211574600)--Thread(Thread[Test worker,5,main])--The alias name for the entity class [class com.app.shared.authentication.User] is being defaulted to: User.
[EL Config]: metadata: 2016-01-15 08:59:16.003--ServerSession(211574600)--Thread(Thread[Test worker,5,main])--The alias name for the entity class [class com.app.shared.customers.AppCustomer] is being defaulted to: AppCustomer.
[EL Config]: metadata: 2016-01-15 08:59:16.004--ServerSession(211574600)--Thread(Thread[Test worker,5,main])--The alias name for the entity class [class com.app.shared.sales.Distributor] is being defaulted to: Distributor.
[EL Config]: metadata: 2016-01-15 08:59:16.004--ServerSession(211574600)--Thread(Thread[Test worker,5,main])--The alias name for the entity class [class com.app.shared.contacts.Title] is being defaulted to: Title.
[EL Config]: metadata: 2016-01-15 08:59:16.004--ServerSession(211574600)--Thread(Thread[Test worker,5,main])--The alias name for the entity class [class com.athena.shared.entity.report.ArtService] is being defaulted to: ArtService.
[EL Config]: metadata: 2016-01-15 08:59:16.005--ServerSession(211574600)--Thread(Thread[Test worker,5,main])--The alias name for the entity class [class com.athena.server.bean.EntityBean] is being defaulted to: EntityBean.
[EL Config]: metadata: 2016-01-15 08:59:16.005--ServerSession(211574600)--Thread(Thread[Test worker,5,main])--The table name for entity [class com.athena.server.bean.EntityBean] is being defaulted to: ENTITYBEAN.
[EL Config]: metadata: 2016-01-15 08:59:16.005--ServerSession(211574600)--Thread(Thread[Test worker,5,main])--The column name for element [id] is being defaulted to: ID.
[EL Config]: metadata: 2016-01-15 08:59:16.005--ServerSession(211574600)--Thread(Thread[Test worker,5,main])--The column name for element [name] is being defaulted to: NAME.
[EL Config]: metadata: 2016-01-15 08:59:16.005--ServerSession(211574600)--Thread(Thread[Test worker,5,main])--The column name for element [fields] is being defaulted to: FIELDS.
[EL Config]: metadata: 2016-01-15 08:59:16.007--ServerSession(211574600)--Thread(Thread[Test worker,5,main])--The alias name for the entity class [class com.app.shared.sales.SalesRegion] is being defaulted to: SalesRegion.
[EL Config]: metadata: 2016-01-15 08:59:16.007--ServerSession(211574600)--Thread(Thread[Test worker,5,main])--The alias name for the entity class [class com.athena.shared.entity.query.ArtDatabaseAggregate] is being defaulted to: ArtDatabaseAggregate.
[EL Config]: metadata: 2016-01-15 08:59:16.008--ServerSession(211574600)--Thread(Thread[Test worker,5,main])--The alias name for the entity class [class com.app.shared.authorization.Roles] is being defaulted to: Roles.
[EL Config]: metadata: 2016-01-15 08:59:16.016--ServerSession(211574600)--Thread(Thread[Test worker,5,main])--The primary key column name for the mapping element [field artservice] is being defaulted to: service_id.
[EL Config]: metadata: 2016-01-15 08:59:16.026--ServerSession(211574600)--Thread(Thread[Test worker,5,main])--The primary key column name for the mapping element [field contentType] is being defaulted to: file_mime_type.
[EL Config]: metadata: 2016-01-15 08:59:16.027--ServerSession(211574600)--Thread(Thread[Test worker,5,main])--The primary key column name for the mapping element [field file] is being defaulted to: file_id.
[EL Config]: metadata: 2016-01-15 08:59:16.029--ServerSession(211574600)--Thread(Thread[Test worker,5,main])--The primary key column name for the mapping element [field file] is being defaulted to: file_id.
[EL Config]: metadata: 2016-01-15 08:59:16.029--ServerSession(211574600)--Thread(Thread[Test worker,5,main])--The primary key column name for the mapping element [field file] is being defaulted to: file_id.
[EL Info]: 2016-01-15 08:59:18.772--ServerSession(211574600)--Thread(Thread[Test worker,5,main])--EclipseLink, version: Eclipse Persistence Services - 2.5.1.v20130918-f2b9fc5
[EL Fine]: connection: 2016-01-15 08:59:19.052--Thread(Thread[Test worker,5,main])--Detected database platform: org.eclipse.persistence.platform.database.MySQLPlatform
[EL Config]: connection: 2016-01-15 08:59:19.065--ServerSession(211574600)--Connection(1100586530)--Thread(Thread[Test worker,5,main])--connecting(DatabaseLogin(
	platform=>MySQLPlatform
	user name=> "project"
	datasource URL=> "jdbc:mysql://localhost-MYSQL:3306/project"
))
[EL Config]: connection: 2016-01-15 08:59:19.072--ServerSession(211574600)--Connection(260157985)--Thread(Thread[Test worker,5,main])--Connected: jdbc:mysql://localhost-MYSQL:3306/project
	User: project@172.17.0.4
	Database: MySQL  Version: 5.7.7-rc
	Driver: MySQL Connector Java  Version: mysql-connector-java-5.1.31 ( Revision: alexander.soklakov@oracle.com-20140520065950-groqzzbvxprqdmnz )
[EL Config]: connection: 2016-01-15 08:59:19.072--ServerSession(211574600)--Connection(198548603)--Thread(Thread[Test worker,5,main])--connecting(DatabaseLogin(
	platform=>MySQLPlatform
	user name=> "project"
	datasource URL=> "jdbc:mysql://localhost-MYSQL:3306/project"
))
[EL Config]: connection: 2016-01-15 08:59:19.079--ServerSession(211574600)--Connection(1529771860)--Thread(Thread[Test worker,5,main])--Connected: jdbc:mysql://localhost-MYSQL:3306/project
	User: project@172.17.0.4
	Database: MySQL  Version: 5.7.7-rc
	Driver: MySQL Connector Java  Version: mysql-connector-java-5.1.31 ( Revision: alexander.soklakov@oracle.com-20140520065950-groqzzbvxprqdmnz )
[EL Config]: connection: 2016-01-15 08:59:19.08--ServerSession(211574600)--Connection(1201429136)--Thread(Thread[Test worker,5,main])--connecting(DatabaseLogin(
	platform=>MySQLPlatform
	user name=> "project"
	datasource URL=> "jdbc:mysql://localhost-MYSQL:3306/project"
))
[EL Config]: connection: 2016-01-15 08:59:19.089--ServerSession(211574600)--Connection(1574555073)--Thread(Thread[Test worker,5,main])--Connected: jdbc:mysql://localhost-MYSQL:3306/project
	User: project@172.17.0.4
	Database: MySQL  Version: 5.7.7-rc
	Driver: MySQL Connector Java  Version: mysql-connector-java-5.1.31 ( Revision: alexander.soklakov@oracle.com-20140520065950-groqzzbvxprqdmnz )
[EL Config]: connection: 2016-01-15 08:59:19.089--ServerSession(211574600)--Connection(106129930)--Thread(Thread[Test worker,5,main])--connecting(DatabaseLogin(
	platform=>MySQLPlatform
	user name=> "project"
	datasource URL=> "jdbc:mysql://localhost-MYSQL:3306/project"
))
[EL Config]: connection: 2016-01-15 08:59:19.095--ServerSession(211574600)--Connection(1773220793)--Thread(Thread[Test worker,5,main])--Connected: jdbc:mysql://localhost-MYSQL:3306/project
	User: project@172.17.0.4
	Database: MySQL  Version: 5.7.7-rc
	Driver: MySQL Connector Java  Version: mysql-connector-java-5.1.31 ( Revision: alexander.soklakov@oracle.com-20140520065950-groqzzbvxprqdmnz )
[EL Config]: connection: 2016-01-15 08:59:19.095--ServerSession(211574600)--Connection(1891298532)--Thread(Thread[Test worker,5,main])--connecting(DatabaseLogin(
	platform=>MySQLPlatform
	user name=> "project"
	datasource URL=> "jdbc:mysql://localhost-MYSQL:3306/project"
))
[EL Config]: connection: 2016-01-15 08:59:19.101--ServerSession(211574600)--Connection(1256194197)--Thread(Thread[Test worker,5,main])--Connected: jdbc:mysql://localhost-MYSQL:3306/project
	User: project@172.17.0.4
	Database: MySQL  Version: 5.7.7-rc
	Driver: MySQL Connector Java  Version: mysql-connector-java-5.1.31 ( Revision: alexander.soklakov@oracle.com-20140520065950-groqzzbvxprqdmnz )
[EL Config]: connection: 2016-01-15 08:59:19.101--ServerSession(211574600)--Connection(944135322)--Thread(Thread[Test worker,5,main])--connecting(DatabaseLogin(
	platform=>MySQLPlatform
	user name=> "project"
	datasource URL=> "jdbc:mysql://localhost-MYSQL:3306/project"
))
[EL Config]: connection: 2016-01-15 08:59:19.106--ServerSession(211574600)--Connection(1885555667)--Thread(Thread[Test worker,5,main])--Connected: jdbc:mysql://localhost-MYSQL:3306/project
	User: project@172.17.0.4
	Database: MySQL  Version: 5.7.7-rc
	Driver: MySQL Connector Java  Version: mysql-connector-java-5.1.31 ( Revision: alexander.soklakov@oracle.com-20140520065950-groqzzbvxprqdmnz )
[EL Config]: connection: 2016-01-15 08:59:19.106--ServerSession(211574600)--Connection(117916490)--Thread(Thread[Test worker,5,main])--connecting(DatabaseLogin(
	platform=>MySQLPlatform
	user name=> "project"
	datasource URL=> "jdbc:mysql://localhost-MYSQL:3306/project"
))
[EL Config]: connection: 2016-01-15 08:59:19.111--ServerSession(211574600)--Connection(37386168)--Thread(Thread[Test worker,5,main])--Connected: jdbc:mysql://localhost-MYSQL:3306/project
	User: project@172.17.0.4
	Database: MySQL  Version: 5.7.7-rc
	Driver: MySQL Connector Java  Version: mysql-connector-java-5.1.31 ( Revision: alexander.soklakov@oracle.com-20140520065950-groqzzbvxprqdmnz )
[EL Config]: connection: 2016-01-15 08:59:19.111--ServerSession(211574600)--Connection(1284100652)--Thread(Thread[Test worker,5,main])--connecting(DatabaseLogin(
	platform=>MySQLPlatform
	user name=> "project"
	datasource URL=> "jdbc:mysql://localhost-MYSQL:3306/project"
))
[EL Config]: connection: 2016-01-15 08:59:19.117--ServerSession(211574600)--Connection(1986863228)--Thread(Thread[Test worker,5,main])--Connected: jdbc:mysql://localhost-MYSQL:3306/project
	User: project@172.17.0.4
	Database: MySQL  Version: 5.7.7-rc
	Driver: MySQL Connector Java  Version: mysql-connector-java-5.1.31 ( Revision: alexander.soklakov@oracle.com-20140520065950-groqzzbvxprqdmnz )
[EL Config]: connection: 2016-01-15 08:59:19.117--ServerSession(211574600)--Connection(1987045793)--Thread(Thread[Test worker,5,main])--connecting(DatabaseLogin(
	platform=>MySQLPlatform
	user name=> "project"
	datasource URL=> "jdbc:mysql://localhost-MYSQL:3306/project"
))
[EL Config]: connection: 2016-01-15 08:59:19.122--ServerSession(211574600)--Connection(1606496131)--Thread(Thread[Test worker,5,main])--Connected: jdbc:mysql://localhost-MYSQL:3306/project
	User: project@172.17.0.4
	Database: MySQL  Version: 5.7.7-rc
	Driver: MySQL Connector Java  Version: mysql-connector-java-5.1.31 ( Revision: alexander.soklakov@oracle.com-20140520065950-groqzzbvxprqdmnz )
[EL Config]: connection: 2016-01-15 08:59:19.122--ServerSession(211574600)--Connection(68579986)--Thread(Thread[Test worker,5,main])--connecting(DatabaseLogin(
	platform=>MySQLPlatform
	user name=> "project"
	datasource URL=> "jdbc:mysql://localhost-MYSQL:3306/project"
))
[EL Config]: connection: 2016-01-15 08:59:19.127--ServerSession(211574600)--Connection(1466699637)--Thread(Thread[Test worker,5,main])--Connected: jdbc:mysql://localhost-MYSQL:3306/project
	User: project@172.17.0.4
	Database: MySQL  Version: 5.7.7-rc
	Driver: MySQL Connector Java  Version: mysql-connector-java-5.1.31 ( Revision: alexander.soklakov@oracle.com-20140520065950-groqzzbvxprqdmnz )
[EL Config]: connection: 2016-01-15 08:59:19.128--ServerSession(211574600)--Connection(2003498793)--Thread(Thread[Test worker,5,main])--connecting(DatabaseLogin(
	platform=>MySQLPlatform
	user name=> "project"
	datasource URL=> "jdbc:mysql://localhost-MYSQL:3306/project"
))
[EL Config]: connection: 2016-01-15 08:59:19.133--ServerSession(211574600)--Connection(225969991)--Thread(Thread[Test worker,5,main])--Connected: jdbc:mysql://localhost-MYSQL:3306/project
	User: project@172.17.0.4
	Database: MySQL  Version: 5.7.7-rc
	Driver: MySQL Connector Java  Version: mysql-connector-java-5.1.31 ( Revision: alexander.soklakov@oracle.com-20140520065950-groqzzbvxprqdmnz )
[EL Config]: connection: 2016-01-15 08:59:19.133--ServerSession(211574600)--Connection(1126550841)--Thread(Thread[Test worker,5,main])--connecting(DatabaseLogin(
	platform=>MySQLPlatform
	user name=> "project"
	datasource URL=> "jdbc:mysql://localhost-MYSQL:3306/project"
))
[EL Config]: connection: 2016-01-15 08:59:19.138--ServerSession(211574600)--Connection(781524917)--Thread(Thread[Test worker,5,main])--Connected: jdbc:mysql://localhost-MYSQL:3306/project
	User: project@172.17.0.4
	Database: MySQL  Version: 5.7.7-rc
	Driver: MySQL Connector Java  Version: mysql-connector-java-5.1.31 ( Revision: alexander.soklakov@oracle.com-20140520065950-groqzzbvxprqdmnz )
[EL Config]: connection: 2016-01-15 08:59:19.138--ServerSession(211574600)--Connection(1079294967)--Thread(Thread[Test worker,5,main])--connecting(DatabaseLogin(
	platform=>MySQLPlatform
	user name=> "project"
	datasource URL=> "jdbc:mysql://localhost-MYSQL:3306/project"
))
[EL Config]: connection: 2016-01-15 08:59:19.144--ServerSession(211574600)--Connection(1978795251)--Thread(Thread[Test worker,5,main])--Connected: jdbc:mysql://localhost-MYSQL:3306/project
	User: project@172.17.0.4
	Database: MySQL  Version: 5.7.7-rc
	Driver: MySQL Connector Java  Version: mysql-connector-java-5.1.31 ( Revision: alexander.soklakov@oracle.com-20140520065950-groqzzbvxprqdmnz )
[EL Config]: connection: 2016-01-15 08:59:19.144--ServerSession(211574600)--Connection(1680026115)--Thread(Thread[Test worker,5,main])--connecting(DatabaseLogin(
	platform=>MySQLPlatform
	user name=> "project"
	datasource URL=> "jdbc:mysql://localhost-MYSQL:3306/project"
))
[EL Config]: connection: 2016-01-15 08:59:19.149--ServerSession(211574600)--Connection(147852766)--Thread(Thread[Test worker,5,main])--Connected: jdbc:mysql://localhost-MYSQL:3306/project
	User: project@172.17.0.4
	Database: MySQL  Version: 5.7.7-rc
	Driver: MySQL Connector Java  Version: mysql-connector-java-5.1.31 ( Revision: alexander.soklakov@oracle.com-20140520065950-groqzzbvxprqdmnz )
[EL Config]: connection: 2016-01-15 08:59:19.149--ServerSession(211574600)--Connection(322858583)--Thread(Thread[Test worker,5,main])--connecting(DatabaseLogin(
	platform=>MySQLPlatform
	user name=> "project"
	datasource URL=> "jdbc:mysql://localhost-MYSQL:3306/project"
))
[EL Config]: connection: 2016-01-15 08:59:19.155--ServerSession(211574600)--Connection(54549384)--Thread(Thread[Test worker,5,main])--Connected: jdbc:mysql://localhost-MYSQL:3306/project
	User: project@172.17.0.4
	Database: MySQL  Version: 5.7.7-rc
	Driver: MySQL Connector Java  Version: mysql-connector-java-5.1.31 ( Revision: alexander.soklakov@oracle.com-20140520065950-groqzzbvxprqdmnz )
[EL Config]: connection: 2016-01-15 08:59:19.156--ServerSession(211574600)--Connection(54549384)--Thread(Thread[Test worker,5,main])--disconnect
[EL Warning]: metadata: 2016-01-15 08:59:19.167--ServerSession(211574600)--Thread(Thread[Test worker,5,main])--Reverting the lazy setting on the OneToOne or ManyToOne attribute [coreContacts] for the entity class [class com.app.shared.authentication.Login] since weaving was not enabled or did not occur.
[EL Warning]: metadata: 2016-01-15 08:59:19.167--ServerSession(211574600)--Thread(Thread[Test worker,5,main])--Reverting the lazy setting on the OneToOne or ManyToOne attribute [user] for the entity class [class com.app.shared.authentication.Login] since weaving was not enabled or did not occur.
[EL Warning]: metadata: 2016-01-15 08:59:19.169--ServerSession(211574600)--Thread(Thread[Test worker,5,main])--Reverting the lazy setting on the OneToOne or ManyToOne attribute [user] for the entity class [class com.app.shared.authentication.UserData] since weaving was not enabled or did not occur.
[EL Warning]: metadata: 2016-01-15 08:59:19.17--ServerSession(211574600)--Thread(Thread[Test worker,5,main])--Reverting the lazy setting on the OneToOne or ManyToOne attribute [userData] for the entity class [class com.app.shared.authentication.User] since weaving was not enabled or did not occur.
[EL Warning]: metadata: 2016-01-15 08:59:19.174--ServerSession(211574600)--Thread(Thread[Test worker,5,main])--Reverting the lazy setting on the OneToOne or ManyToOne attribute [timezone] for the entity class [class com.app.shared.contacts.CoreContacts] since weaving was not enabled or did not occur.
[EL Warning]: metadata: 2016-01-15 08:59:19.175--ServerSession(211574600)--Thread(Thread[Test worker,5,main])--Reverting the lazy setting on the OneToOne or ManyToOne attribute [user] for the entity class [class com.app.shared.authentication.PassRecovery] since weaving was not enabled or did not occur.
[EL Info]: connection: 2016-01-15 08:59:19.375--ServerSession(211574600)--Thread(Thread[Test worker,5,main])--file:/home/applifire/workspace/testproject1/build/resources/main_testproject1 login successful
NOTIFYING OBSERVERS
notification received to observer
Queue manager defined with queue type 0 and size 100000
Event Queue Consumer started
inside Disk Health
came in healthmeter bean
came in initHealth
 Queue manager qType : 0
 Queue manager qSize : 10000
Queue manager defined with queue type 0 and size 10000
Event Queue Consumer started
+++++++++++++++++++++++++++++++++++++++++++++++++++++++++++++++
creating bean JpqlToSqlConfig
Creating dir for logger @ logs/backups
Creating backup dir for logger @ logs/backups
[EL Fine]: sql: 2016-01-15 08:59:22.273--ClientSession(1016959594)--Connection(147852766)--Thread(Thread[Test worker,5,main])--SELECT query_id, active_status, app_creator_id, created_by, created_date, hidden_name, jpql_query, name, project_id, project_version_id, query_json, query_type, sql_query, updated_by, updated_date, user_access, version_id FROM art_query WHERE ((active_status = ?) AND (sql_query IS NULL))
	bind => [true]
Fri Jan 15 08:59:22 UTC 2016|DH-TP|***.***.***| appLogger : Starting all DataHandler Worker Threads.....
[EL Config]: connection: 2016-01-15 08:59:22.277--ServerSession(211574600)--Connection(147852766)--Thread(Thread[Test worker,5,main])--disconnect
came in myClass bean
[EL Fine]: sql: 2016-01-15 08:59:27.091--ClientSession(1612210810)--Connection(1978795251)--Thread(Thread[Test worker,5,main])--INSERT INTO ast_Category_M (categoryId, category, versionId, createdBy, createdDate, updatedBy, updatedDate, activeStatus, txnAccessCode) VALUES (?, ?, ?, ?, ?, ?, ?, ?, ?)
	bind => [4F63F88B-9F44-4F14-9EB1-C62FEB64F027, A5HzgVT4ga1VVym2oj3GfsGggD6F77fWxi75osPhWS5fZ8VsEe, 1, AAAAA, 2016-01-15 08:59:27.051, null, 2016-01-15 08:59:27.051, 1, null]
[EL Config]: connection: 2016-01-15 08:59:27.143--ServerSession(211574600)--Connection(1978795251)--Thread(Thread[Test worker,5,main])--disconnect
Setting logged in user info for ADD
[EL Fine]: sql: 2016-01-15 08:59:27.184--ClientSession(202043404)--Connection(781524917)--Thread(Thread[Test worker,5,main])--INSERT INTO ast_Brand_M (brandcode, branddesc, categoryId, versionId, createdBy, createdDate, updatedBy, updatedDate, activeStatus, txnAccessCode) VALUES (?, ?, ?, ?, ?, ?, ?, ?, ?, ?)
	bind => [D6CBA539-0BBA-4EEC-B6D8-9471D38111DC, DM7txr5wtQLKbAYRQ68gRzoD40dEe4b7QtzpofBEr36oXFL6jl, 4F63F88B-9F44-4F14-9EB1-C62FEB64F027, 1, AAAAA, 2016-01-15 08:59:27.144, null, 2016-01-15 08:59:27.144, 1, null]
[EL Config]: connection: 2016-01-15 08:59:27.227--ServerSession(211574600)--Connection(781524917)--Thread(Thread[Test worker,5,main])--disconnect
[EL Fine]: sql: 2016-01-15 08:59:27.235--ClientSession(493705136)--Connection(225969991)--Thread(Thread[Test worker,5,main])--SELECT brandcode, branddesc, categoryId, versionId, createdBy, createdDate, updatedBy, updatedDate, activeStatus, txnAccessCode FROM ast_Brand_M WHERE ((activeStatus = ?) AND (brandcode = ?))
	bind => [1, D6CBA539-0BBA-4EEC-B6D8-9471D38111DC]
[EL Config]: connection: 2016-01-15 08:59:27.238--ServerSession(211574600)--Connection(225969991)--Thread(Thread[Test worker,5,main])--disconnect
Setting logged in user info for UPDATE
[EL Fine]: sql: 2016-01-15 08:59:27.241--ClientSession(2069458799)--Connection(1466699637)--Thread(Thread[Test worker,5,main])--SELECT brandcode, branddesc, categoryId, versionId, createdBy, createdDate, updatedBy, updatedDate, activeStatus, txnAccessCode FROM ast_Brand_M WHERE (brandcode = ?)
	bind => [D6CBA539-0BBA-4EEC-B6D8-9471D38111DC]
[EL Fine]: sql: 2016-01-15 08:59:27.243--ClientSession(2069458799)--Connection(1466699637)--Thread(Thread[Test worker,5,main])--UPDATE ast_Brand_M SET branddesc = ?, updatedBy = ?, versionId = ? WHERE ((brandcode = ?) AND (versionId = ?))
	bind => [nI0Rw4fJqMyUZX7c6zqaPZNK2e48iz3pYsV0f1p5EqA0bJqMax, AAAAA, 2, D6CBA539-0BBA-4EEC-B6D8-9471D38111DC, 1]
[EL Config]: connection: 2016-01-15 08:59:27.294--ServerSession(211574600)--Connection(1466699637)--Thread(Thread[Test worker,5,main])--disconnect
[EL Fine]: sql: 2016-01-15 08:59:27.306--ClientSession(277086036)--Connection(1606496131)--Thread(Thread[Test worker,5,main])--SELECT brandcode, branddesc, categoryId, versionId, createdBy, createdDate, updatedBy, updatedDate, activeStatus, txnAccessCode FROM ast_Brand_M WHERE ((activeStatus = ?) AND (brandcode = ?))
	bind => [1, D6CBA539-0BBA-4EEC-B6D8-9471D38111DC]
[EL Config]: connection: 2016-01-15 08:59:27.309--ServerSession(211574600)--Connection(1606496131)--Thread(Thread[Test worker,5,main])--disconnect
[EL Fine]: sql: 2016-01-15 08:59:27.315--ClientSession(570772183)--Connection(1986863228)--Thread(Thread[Test worker,5,main])--SELECT brandcode, branddesc, categoryId, versionId, createdBy, createdDate, updatedBy, updatedDate, activeStatus, txnAccessCode FROM ast_Brand_M WHERE ((activeStatus = ?) AND (categoryId = ?))
	bind => [1, 4F63F88B-9F44-4F14-9EB1-C62FEB64F027]
[EL Config]: connection: 2016-01-15 08:59:27.317--ServerSession(211574600)--Connection(1986863228)--Thread(Thread[Test worker,5,main])--disconnect
[EL Fine]: sql: 2016-01-15 08:59:27.324--ClientSession(2099674131)--Connection(37386168)--Thread(Thread[Test worker,5,main])--SELECT brandcode, branddesc, categoryId, versionId, createdBy, createdDate, updatedBy, updatedDate, activeStatus, txnAccessCode FROM ast_Brand_M WHERE (brandcode = ?)
	bind => [D6CBA539-0BBA-4EEC-B6D8-9471D38111DC]
[EL Fine]: sql: 2016-01-15 08:59:27.326--ClientSession(2099674131)--Connection(37386168)--Thread(Thread[Test worker,5,main])--DELETE FROM ast_Brand_M WHERE ((brandcode = ?) AND (versionId = ?))
	bind => [D6CBA539-0BBA-4EEC-B6D8-9471D38111DC, 2]
[EL Config]: connection: 2016-01-15 08:59:27.369--ServerSession(211574600)--Connection(37386168)--Thread(Thread[Test worker,5,main])--disconnect
[EL Fine]: sql: 2016-01-15 08:59:27.377--ClientSession(2095687520)--Connection(1885555667)--Thread(Thread[Test worker,5,main])--SELECT categoryId, category, versionId, createdBy, createdDate, updatedBy, updatedDate, activeStatus, txnAccessCode FROM ast_Category_M WHERE (categoryId = ?)
	bind => [4F63F88B-9F44-4F14-9EB1-C62FEB64F027]
[EL Fine]: sql: 2016-01-15 08:59:27.38--ClientSession(2095687520)--Connection(1885555667)--Thread(Thread[Test worker,5,main])--DELETE FROM ast_Category_M WHERE ((categoryId = ?) AND (versionId = ?))
	bind => [4F63F88B-9F44-4F14-9EB1-C62FEB64F027, 1]
]]></system-out>
  <system-err><![CDATA[log4j:WARN No appenders could be found for logger (org.springframework.test.context.junit4.SpringJUnit4ClassRunner).
log4j:WARN Please initialize the log4j system properly.
log4j:WARN See http://logging.apache.org/log4j/1.2/faq.html#noconfig for more info.
]]></system-err>
</testsuite>
