<?xml version="1.0" encoding="UTF-8"?>
<testsuite name="com.app.server.service.AppCustomerTypeTestCase" tests="4" skipped="0" failures="0" errors="0" timestamp="2016-01-15T08:59:45" hostname="9047a1ab76a9" time="0.256">
  <properties/>
  <testcase name="test1Save" classname="com.app.server.service.AppCustomerTypeTestCase" time="0.073"/>
  <testcase name="test2Update" classname="com.app.server.service.AppCustomerTypeTestCase" time="0.066"/>
  <testcase name="test3FindById" classname="com.app.server.service.AppCustomerTypeTestCase" time="0.008"/>
  <testcase name="test4Delete" classname="com.app.server.service.AppCustomerTypeTestCase" time="0.109"/>
  <system-out><![CDATA[Setting logged in user info for ADD
[EL Fine]: sql: 2016-01-15 08:59:45.879--ClientSession(1779329929)--Connection(1885555667)--Thread(Thread[Test worker,5,main])--INSERT INTO ast_AppCustomerType_M (appcustTypeId, customerType, defaults, sequenceId, versionId, createdBy, createdDate, updatedBy, updatedDate, activeStatus, txnAccessCode) VALUES (?, ?, ?, ?, ?, ?, ?, ?, ?, ?, ?)
	bind => [B05179F4-8BBB-4D4C-96C6-B022A3F88E4B, AvnEWpxcnnv6Hv09GUiUQwLldfLYP4jl7EADZqvz12Z10kW73B, 1, 2147483647, 1, AAAAA, 2016-01-15 08:59:45.874, null, 2016-01-15 08:59:45.874, 1, null]
[EL Fine]: sql: 2016-01-15 08:59:45.941--ClientSession(267382630)--Connection(1885555667)--Thread(Thread[Test worker,5,main])--SELECT appcustTypeId, customerType, defaults, sequenceId, versionId, createdBy, createdDate, updatedBy, updatedDate, activeStatus, txnAccessCode FROM ast_AppCustomerType_M WHERE ((activeStatus = ?) AND (appcustTypeId = ?))
	bind => [1, B05179F4-8BBB-4D4C-96C6-B022A3F88E4B]
Setting logged in user info for UPDATE
[EL Fine]: sql: 2016-01-15 08:59:45.945--ClientSession(1629886002)--Connection(1885555667)--Thread(Thread[Test worker,5,main])--SELECT appcustTypeId, customerType, defaults, sequenceId, versionId, createdBy, createdDate, updatedBy, updatedDate, activeStatus, txnAccessCode FROM ast_AppCustomerType_M WHERE (appcustTypeId = ?)
	bind => [B05179F4-8BBB-4D4C-96C6-B022A3F88E4B]
[EL Fine]: sql: 2016-01-15 08:59:45.947--ClientSession(1629886002)--Connection(1885555667)--Thread(Thread[Test worker,5,main])--UPDATE ast_AppCustomerType_M SET customerType = ?, updatedBy = ?, versionId = ? WHERE ((appcustTypeId = ?) AND (versionId = ?))
	bind => [wM2w1LevEKQDk0jspHbri0VwIGrMHOtlCgP70lKFXJ2XI05OuV, AAAAA, 2, B05179F4-8BBB-4D4C-96C6-B022A3F88E4B, 1]
[EL Fine]: sql: 2016-01-15 08:59:46.006--ClientSession(769698712)--Connection(1885555667)--Thread(Thread[Test worker,5,main])--SELECT appcustTypeId, customerType, defaults, sequenceId, versionId, createdBy, createdDate, updatedBy, updatedDate, activeStatus, txnAccessCode FROM ast_AppCustomerType_M WHERE ((activeStatus = ?) AND (appcustTypeId = ?))
	bind => [1, B05179F4-8BBB-4D4C-96C6-B022A3F88E4B]
[EL Fine]: sql: 2016-01-15 08:59:46.011--ClientSession(1329983772)--Connection(1885555667)--Thread(Thread[Test worker,5,main])--SELECT appcustTypeId, customerType, defaults, sequenceId, versionId, createdBy, createdDate, updatedBy, updatedDate, activeStatus, txnAccessCode FROM ast_AppCustomerType_M WHERE (appcustTypeId = ?)
	bind => [B05179F4-8BBB-4D4C-96C6-B022A3F88E4B]
[EL Fine]: sql: 2016-01-15 08:59:46.012--ClientSession(1329983772)--Connection(1885555667)--Thread(Thread[Test worker,5,main])--DELETE FROM ast_AppCustomerType_M WHERE ((appcustTypeId = ?) AND (versionId = ?))
	bind => [B05179F4-8BBB-4D4C-96C6-B022A3F88E4B, 2]
]]></system-out>
  <system-err><![CDATA[]]></system-err>
</testsuite>
