<?xml version="1.0" encoding="UTF-8"?>
<testsuite name="com.app.server.service.ChannelTestCase" tests="4" skipped="0" failures="0" errors="0" timestamp="2016-01-15T08:59:34" hostname="9047a1ab76a9" time="0.239">
  <properties/>
  <testcase name="test1Save" classname="com.app.server.service.ChannelTestCase" time="0.081"/>
  <testcase name="test2Update" classname="com.app.server.service.ChannelTestCase" time="0.058"/>
  <testcase name="test3FindById" classname="com.app.server.service.ChannelTestCase" time="0.01"/>
  <testcase name="test4Delete" classname="com.app.server.service.ChannelTestCase" time="0.09"/>
  <system-out><![CDATA[Setting logged in user info for ADD
[EL Fine]: sql: 2016-01-15 08:59:34.592--ClientSession(1612183150)--Connection(1885555667)--Thread(Thread[Test worker,5,main])--INSERT INTO ast_Channel_M (channelId, channel, versionId, createdBy, createdDate, updatedBy, updatedDate, activeStatus, txnAccessCode) VALUES (?, ?, ?, ?, ?, ?, ?, ?, ?)
	bind => [C560E65A-317D-43F6-A388-36CEC5B75742, x1OBHeSxbrqVGsXecPD7uJz1XLfBvx6Kn2vBP2Vduq5U9yOzdq, 1, AAAAA, 2016-01-15 08:59:34.571, null, 2016-01-15 08:59:34.571, 1, null]
[EL Fine]: sql: 2016-01-15 08:59:34.644--ClientSession(204385108)--Connection(1885555667)--Thread(Thread[Test worker,5,main])--SELECT channelId, channel, versionId, createdBy, createdDate, updatedBy, updatedDate, activeStatus, txnAccessCode FROM ast_Channel_M WHERE ((activeStatus = ?) AND (channelId = ?))
	bind => [1, C560E65A-317D-43F6-A388-36CEC5B75742]
Setting logged in user info for UPDATE
[EL Fine]: sql: 2016-01-15 08:59:34.648--ClientSession(112596582)--Connection(1885555667)--Thread(Thread[Test worker,5,main])--SELECT channelId, channel, versionId, createdBy, createdDate, updatedBy, updatedDate, activeStatus, txnAccessCode FROM ast_Channel_M WHERE (channelId = ?)
	bind => [C560E65A-317D-43F6-A388-36CEC5B75742]
[EL Fine]: sql: 2016-01-15 08:59:34.65--ClientSession(112596582)--Connection(1885555667)--Thread(Thread[Test worker,5,main])--UPDATE ast_Channel_M SET channel = ?, updatedBy = ?, versionId = ? WHERE ((channelId = ?) AND (versionId = ?))
	bind => [fNC1b6O3SJ5P1WMVOD5HnWaLrEEGOl1wnRDrbYifMVoz8dcxCC, AAAAA, 2, C560E65A-317D-43F6-A388-36CEC5B75742, 1]
[EL Fine]: sql: 2016-01-15 08:59:34.702--ClientSession(1632746603)--Connection(1885555667)--Thread(Thread[Test worker,5,main])--SELECT channelId, channel, versionId, createdBy, createdDate, updatedBy, updatedDate, activeStatus, txnAccessCode FROM ast_Channel_M WHERE ((activeStatus = ?) AND (channelId = ?))
	bind => [1, C560E65A-317D-43F6-A388-36CEC5B75742]
[EL Fine]: sql: 2016-01-15 08:59:34.712--ClientSession(162530314)--Connection(1885555667)--Thread(Thread[Test worker,5,main])--SELECT channelId, channel, versionId, createdBy, createdDate, updatedBy, updatedDate, activeStatus, txnAccessCode FROM ast_Channel_M WHERE (channelId = ?)
	bind => [C560E65A-317D-43F6-A388-36CEC5B75742]
[EL Fine]: sql: 2016-01-15 08:59:34.714--ClientSession(162530314)--Connection(1885555667)--Thread(Thread[Test worker,5,main])--DELETE FROM ast_Channel_M WHERE ((channelId = ?) AND (versionId = ?))
	bind => [C560E65A-317D-43F6-A388-36CEC5B75742, 2]
]]></system-out>
  <system-err><![CDATA[]]></system-err>
</testsuite>
