<?xml version="1.0" encoding="UTF-8"?>
<testsuite name="com.app.server.service.QuestionTestCase" tests="4" skipped="0" failures="0" errors="0" timestamp="2016-01-15T08:59:37" hostname="9047a1ab76a9" time="0.289">
  <properties/>
  <testcase name="test1Save" classname="com.app.server.service.QuestionTestCase" time="0.105"/>
  <testcase name="test2Update" classname="com.app.server.service.QuestionTestCase" time="0.125"/>
  <testcase name="test3FindById" classname="com.app.server.service.QuestionTestCase" time="0.006"/>
  <testcase name="test4Delete" classname="com.app.server.service.QuestionTestCase" time="0.052"/>
  <system-out><![CDATA[Setting logged in user info for ADD
[EL Fine]: sql: 2016-01-15 08:59:37.21--ClientSession(1732358728)--Connection(1885555667)--Thread(Thread[Test worker,5,main])--INSERT INTO ast_Question_M (questionId, levelid, question, questionDetails, questionIcon, versionId, createdBy, createdDate, updatedBy, updatedDate, activeStatus, txnAccessCode) VALUES (?, ?, ?, ?, ?, ?, ?, ?, ?, ?, ?, ?)
	bind => [419336D9-E453-422B-8C87-028BDE572F2E, 2, qA1QbWcnUuHURzdZ7fKfk7YWmUT3UdKDH0nUR4u42NgMZz7l2n, q5N, CPmyEW0WIz799AEXvlOHZqh6PfekFxu10aTPLHvgAjzRpQMhKt, 1, AAAAA, 2016-01-15 08:59:37.189, null, 2016-01-15 08:59:37.189, 1, null]
[EL Fine]: sql: 2016-01-15 08:59:37.286--ClientSession(156015772)--Connection(1885555667)--Thread(Thread[Test worker,5,main])--SELECT questionId, levelid, question, questionDetails, questionIcon, versionId, createdBy, createdDate, updatedBy, updatedDate, activeStatus, txnAccessCode FROM ast_Question_M WHERE ((activeStatus = ?) AND (questionId = ?))
	bind => [1, 419336D9-E453-422B-8C87-028BDE572F2E]
Setting logged in user info for UPDATE
[EL Fine]: sql: 2016-01-15 08:59:37.29--ClientSession(619904843)--Connection(1885555667)--Thread(Thread[Test worker,5,main])--SELECT questionId, levelid, question, questionDetails, questionIcon, versionId, createdBy, createdDate, updatedBy, updatedDate, activeStatus, txnAccessCode FROM ast_Question_M WHERE (questionId = ?)
	bind => [419336D9-E453-422B-8C87-028BDE572F2E]
[EL Fine]: sql: 2016-01-15 08:59:37.292--ClientSession(619904843)--Connection(1885555667)--Thread(Thread[Test worker,5,main])--UPDATE ast_Question_M SET levelid = ?, question = ?, questionDetails = ?, questionIcon = ?, updatedBy = ?, versionId = ? WHERE ((questionId = ?) AND (versionId = ?))
	bind => [6, cPBFghoZwQkb3sZtKWqadNN54sotUPQvYfFFRC26I3GYE6aoyW, G69, nJSeuzBAzfj85x78zh2x0f6laHvHdyvxIUnhY6oDHfF5vUpaPO, AAAAA, 2, 419336D9-E453-422B-8C87-028BDE572F2E, 1]
[EL Fine]: sql: 2016-01-15 08:59:37.411--ClientSession(1685680074)--Connection(1885555667)--Thread(Thread[Test worker,5,main])--SELECT questionId, levelid, question, questionDetails, questionIcon, versionId, createdBy, createdDate, updatedBy, updatedDate, activeStatus, txnAccessCode FROM ast_Question_M WHERE ((activeStatus = ?) AND (questionId = ?))
	bind => [1, 419336D9-E453-422B-8C87-028BDE572F2E]
[EL Fine]: sql: 2016-01-15 08:59:37.418--ClientSession(270857686)--Connection(1885555667)--Thread(Thread[Test worker,5,main])--SELECT questionId, levelid, question, questionDetails, questionIcon, versionId, createdBy, createdDate, updatedBy, updatedDate, activeStatus, txnAccessCode FROM ast_Question_M WHERE (questionId = ?)
	bind => [419336D9-E453-422B-8C87-028BDE572F2E]
[EL Fine]: sql: 2016-01-15 08:59:37.419--ClientSession(270857686)--Connection(1885555667)--Thread(Thread[Test worker,5,main])--DELETE FROM ast_Question_M WHERE ((questionId = ?) AND (versionId = ?))
	bind => [419336D9-E453-422B-8C87-028BDE572F2E, 2]
]]></system-out>
  <system-err><![CDATA[]]></system-err>
</testsuite>
