<?xml version="1.0" encoding="UTF-8"?>
<testsuite name="com.app.server.service.PasswordAlgoTestCase" tests="4" skipped="0" failures="0" errors="0" timestamp="2016-01-15T08:59:34" hostname="9047a1ab76a9" time="0.262">
  <properties/>
  <testcase name="test1Save" classname="com.app.server.service.PasswordAlgoTestCase" time="0.12"/>
  <testcase name="test2Update" classname="com.app.server.service.PasswordAlgoTestCase" time="0.083"/>
  <testcase name="test3FindById" classname="com.app.server.service.PasswordAlgoTestCase" time="0.008"/>
  <testcase name="test4Delete" classname="com.app.server.service.PasswordAlgoTestCase" time="0.05"/>
  <system-out><![CDATA[Setting logged in user info for ADD
[EL Fine]: sql: 2016-01-15 08:59:34.323--ClientSession(642490553)--Connection(1885555667)--Thread(Thread[Test worker,5,main])--INSERT INTO ast_PasswordAlgo_M (algoId, algoDescription, algoHelp, algoIcon, algoName, algorithm, versionId, createdBy, createdDate, updatedBy, updatedDate, activeStatus, txnAccessCode) VALUES (?, ?, ?, ?, ?, ?, ?, ?, ?, ?, ?, ?, ?)
	bind => [8D486854-27B2-4197-A7C4-FEFFA9845E97, IyBmmgsyu9fBIy9vbX66qNs2XjcLhqTaGPrd7y5TDlAVkrrG35, CXhFRYVzf7DDyvYRenJf171rzhlpGYL3SYeMglUaKVirmBi4jQ, 3DPRqzFqpqGi1TwTzp3pjNrdPvJXcXmqL9WuEANp5LRzUyNSHn, TcveA3KGT2tz9WuamQgbnKoalb4kOXggQ7Eht4aBp2psEp5JGb, 6, 1, AAAAA, 2016-01-15 08:59:34.3, null, 2016-01-15 08:59:34.3, 1, null]
[EL Fine]: sql: 2016-01-15 08:59:34.419--ClientSession(1966874020)--Connection(1885555667)--Thread(Thread[Test worker,5,main])--SELECT algoId, algoDescription, algoHelp, algoIcon, algoName, algorithm, versionId, createdBy, createdDate, updatedBy, updatedDate, activeStatus, txnAccessCode FROM ast_PasswordAlgo_M WHERE ((activeStatus = ?) AND (algoId = ?))
	bind => [1, 8D486854-27B2-4197-A7C4-FEFFA9845E97]
Setting logged in user info for UPDATE
[EL Fine]: sql: 2016-01-15 08:59:34.424--ClientSession(76875993)--Connection(1885555667)--Thread(Thread[Test worker,5,main])--SELECT algoId, algoDescription, algoHelp, algoIcon, algoName, algorithm, versionId, createdBy, createdDate, updatedBy, updatedDate, activeStatus, txnAccessCode FROM ast_PasswordAlgo_M WHERE (algoId = ?)
	bind => [8D486854-27B2-4197-A7C4-FEFFA9845E97]
[EL Fine]: sql: 2016-01-15 08:59:34.425--ClientSession(76875993)--Connection(1885555667)--Thread(Thread[Test worker,5,main])--UPDATE ast_PasswordAlgo_M SET algoDescription = ?, algoHelp = ?, algoIcon = ?, algoName = ?, algorithm = ?, updatedBy = ?, versionId = ? WHERE ((algoId = ?) AND (versionId = ?))
	bind => [a0EHsyps3WhXyJjlcOXLmVZVsVVnYNwOAhJtcz9y9uqTX5LEJY, Ib8Jg8wMutZMc5c8y1Bt6IsxH2WZU8l8fmHqRI0pYU7ASxvGIV, zn3PFxz2mJCOXOtYY3gt5byQgOeO5StYh1zdJQbFmEULp6JthS, RvS8oJk6H62qizUTL8EcLNYoqV6271haZ6pDt2pUbYpgvwSGJh, 7, AAAAA, 2, 8D486854-27B2-4197-A7C4-FEFFA9845E97, 1]
[EL Fine]: sql: 2016-01-15 08:59:34.501--ClientSession(1897352794)--Connection(1885555667)--Thread(Thread[Test worker,5,main])--SELECT algoId, algoDescription, algoHelp, algoIcon, algoName, algorithm, versionId, createdBy, createdDate, updatedBy, updatedDate, activeStatus, txnAccessCode FROM ast_PasswordAlgo_M WHERE ((activeStatus = ?) AND (algoId = ?))
	bind => [1, 8D486854-27B2-4197-A7C4-FEFFA9845E97]
[EL Fine]: sql: 2016-01-15 08:59:34.51--ClientSession(351057261)--Connection(1885555667)--Thread(Thread[Test worker,5,main])--SELECT algoId, algoDescription, algoHelp, algoIcon, algoName, algorithm, versionId, createdBy, createdDate, updatedBy, updatedDate, activeStatus, txnAccessCode FROM ast_PasswordAlgo_M WHERE (algoId = ?)
	bind => [8D486854-27B2-4197-A7C4-FEFFA9845E97]
[EL Fine]: sql: 2016-01-15 08:59:34.511--ClientSession(351057261)--Connection(1885555667)--Thread(Thread[Test worker,5,main])--DELETE FROM ast_PasswordAlgo_M WHERE ((algoId = ?) AND (versionId = ?))
	bind => [8D486854-27B2-4197-A7C4-FEFFA9845E97, 2]
]]></system-out>
  <system-err><![CDATA[]]></system-err>
</testsuite>
