<?xml version="1.0" encoding="UTF-8"?>
<testsuite name="com.app.server.service.ContactTypeTestCase" tests="4" skipped="0" failures="0" errors="0" timestamp="2016-01-15T08:59:41" hostname="9047a1ab76a9" time="1.082">
  <properties/>
  <testcase name="test1Save" classname="com.app.server.service.ContactTypeTestCase" time="0.365"/>
  <testcase name="test2Update" classname="com.app.server.service.ContactTypeTestCase" time="0.091"/>
  <testcase name="test3FindById" classname="com.app.server.service.ContactTypeTestCase" time="0.007"/>
  <testcase name="test4Delete" classname="com.app.server.service.ContactTypeTestCase" time="0.617"/>
  <system-out><![CDATA[Setting logged in user info for ADD
[EL Fine]: sql: 2016-01-15 08:59:41.302--ClientSession(838406038)--Connection(1885555667)--Thread(Thread[Test worker,5,main])--INSERT INTO ast_ContactType_M (contactTypeId, contactType, contactTypeDesc, contactTypeIcon, versionId, createdBy, createdDate, updatedBy, updatedDate, activeStatus, txnAccessCode) VALUES (?, ?, ?, ?, ?, ?, ?, ?, ?, ?, ?)
	bind => [9215605F-65DF-4BE4-AAA3-D693AFEC399E, bGMwukarM6DfC2fHFIt0yn56m8Q4AdqrJudBgzWrdDIPimHrtt, LX0s81edGTjGSjJlOIakyw2YpC39IJqVdU956cVIUJYNRmGZ1U, D1qvVSCnuuUWYZcH7JhVk8hvDnRrBjNEeWqEQ4bWt7wmA3UBER, 1, AAAAA, 2016-01-15 08:59:41.281, null, 2016-01-15 08:59:41.281, 1, null]
[EL Fine]: sql: 2016-01-15 08:59:41.641--ClientSession(1720294067)--Connection(1885555667)--Thread(Thread[Test worker,5,main])--SELECT contactTypeId, contactType, contactTypeDesc, contactTypeIcon, versionId, createdBy, createdDate, updatedBy, updatedDate, activeStatus, txnAccessCode FROM ast_ContactType_M WHERE ((activeStatus = ?) AND (contactTypeId = ?))
	bind => [1, 9215605F-65DF-4BE4-AAA3-D693AFEC399E]
Setting logged in user info for UPDATE
[EL Fine]: sql: 2016-01-15 08:59:41.644--ClientSession(1243856878)--Connection(1885555667)--Thread(Thread[Test worker,5,main])--SELECT contactTypeId, contactType, contactTypeDesc, contactTypeIcon, versionId, createdBy, createdDate, updatedBy, updatedDate, activeStatus, txnAccessCode FROM ast_ContactType_M WHERE (contactTypeId = ?)
	bind => [9215605F-65DF-4BE4-AAA3-D693AFEC399E]
[EL Fine]: sql: 2016-01-15 08:59:41.645--ClientSession(1243856878)--Connection(1885555667)--Thread(Thread[Test worker,5,main])--UPDATE ast_ContactType_M SET contactType = ?, contactTypeDesc = ?, contactTypeIcon = ?, updatedBy = ?, versionId = ? WHERE ((contactTypeId = ?) AND (versionId = ?))
	bind => [TS3HnE3v3aZALhORDN88InoWqQ5bFUS1X7LppxFuiFAg5XQJze, dpzp9iABOtzNuxDWVAIhouDsLV4GolmtAeanEgf5WrXn8oUTvG, E7m2OEFMlR5FJKFP5g2AfU4VYzQq0oubb1OINnD2ywRnsj24Ft, AAAAA, 2, 9215605F-65DF-4BE4-AAA3-D693AFEC399E, 1]
[EL Fine]: sql: 2016-01-15 08:59:41.735--ClientSession(696476002)--Connection(1885555667)--Thread(Thread[Test worker,5,main])--SELECT contactTypeId, contactType, contactTypeDesc, contactTypeIcon, versionId, createdBy, createdDate, updatedBy, updatedDate, activeStatus, txnAccessCode FROM ast_ContactType_M WHERE ((activeStatus = ?) AND (contactTypeId = ?))
	bind => [1, 9215605F-65DF-4BE4-AAA3-D693AFEC399E]
[EL Fine]: sql: 2016-01-15 08:59:41.743--ClientSession(130752950)--Connection(1885555667)--Thread(Thread[Test worker,5,main])--SELECT contactTypeId, contactType, contactTypeDesc, contactTypeIcon, versionId, createdBy, createdDate, updatedBy, updatedDate, activeStatus, txnAccessCode FROM ast_ContactType_M WHERE (contactTypeId = ?)
	bind => [9215605F-65DF-4BE4-AAA3-D693AFEC399E]
[EL Fine]: sql: 2016-01-15 08:59:41.745--ClientSession(130752950)--Connection(1885555667)--Thread(Thread[Test worker,5,main])--DELETE FROM ast_ContactType_M WHERE ((contactTypeId = ?) AND (versionId = ?))
	bind => [9215605F-65DF-4BE4-AAA3-D693AFEC399E, 2]
]]></system-out>
  <system-err><![CDATA[]]></system-err>
</testsuite>
