<?xml version="1.0" encoding="UTF-8"?>
<testsuite name="com.app.server.service.DistrictTestCase" tests="7" skipped="0" failures="0" errors="0" timestamp="2016-02-01T12:33:17" hostname="712172c71140" time="0.668">
  <properties/>
  <testcase name="test1Save" classname="com.app.server.service.DistrictTestCase" time="0.301"/>
  <testcase name="test2Update" classname="com.app.server.service.DistrictTestCase" time="0.085"/>
  <testcase name="test3FindById" classname="com.app.server.service.DistrictTestCase" time="0.009"/>
  <testcase name="test3findBycountryId" classname="com.app.server.service.DistrictTestCase" time="0.012"/>
  <testcase name="test3findByregionId" classname="com.app.server.service.DistrictTestCase" time="0.011"/>
  <testcase name="test3findBystateId" classname="com.app.server.service.DistrictTestCase" time="0.009"/>
  <testcase name="test4Delete" classname="com.app.server.service.DistrictTestCase" time="0.239"/>
  <system-out><![CDATA[[EL Fine]: sql: 2016-02-01 12:33:18.012--ClientSession(10815245)--Connection(1621683395)--Thread(Thread[Test worker,5,main])--INSERT INTO ast_Country_M (countryId, capital, capitalLatitude, capitalLongitude, countryCode1, countryCode2, countryFlag, countryName, currencyCode, currencyName, currencySymbol, isoNumeric, versionId, createdBy, createdDate, updatedBy, updatedDate, activeStatus, txnAccessCode) VALUES (?, ?, ?, ?, ?, ?, ?, ?, ?, ?, ?, ?, ?, ?, ?, ?, ?, ?, ?)
	bind => [32F64F23-D2F5-48BA-85BC-20EC6A20C593, GuOHhCFnySSlYK5FS4U79UJ6LOcTxTVg, 0, 5, NLV, YH4, o6f0pS4wzvE47xovweyVLOrD3Qqo3dlhf8rmHjnrlfNNmrHFgO, 5BtH2XLEDN6Q8gNCUaKBq45wDOB6KUOgG1XaghLgkfQWpsllL3, V1R, 6lekxxSopq2GNJqp4KxLdKUOPlfCR6iXfgDT4QQzz66TDM3OyP, rYitoF8FMzuMDdcCD7yrx2UpoVlTZ0IJ, 6, 1, AAAAA, 2016-02-01 12:33:18.006, null, 2016-02-01 12:33:18.006, 1, 51000]
[EL Fine]: sql: 2016-02-01 12:33:18.073--ClientSession(1988702604)--Connection(1621683395)--Thread(Thread[Test worker,5,main])--INSERT INTO ast_State_M (stateId, countryId, stateCapital, stateCapitalLatitude, stateCapitalLongitude, stateCode, stateCodeChar2, stateCodeChar3, stateDescription, stateFlag, stateName, versionId, createdBy, createdDate, updatedBy, updatedDate, activeStatus, txnAccessCode) VALUES (?, ?, ?, ?, ?, ?, ?, ?, ?, ?, ?, ?, ?, ?, ?, ?, ?, ?)
	bind => [F3B725C9-7BE1-441D-A645-E82947C5AEBB, 32F64F23-D2F5-48BA-85BC-20EC6A20C593, 40aX69WGlJ6h59wol7D5HhFgQqmTErsrcF3XBtcgP3DzUQsDVo, 4, 11, 1, l4DFwCGKZ9U3dwOn1ZfTrsgUP7kdY1bo, oY7fv27yTEcJmJpLO1hgZ3VlcjTsrsrJ, 5o3OVxxlwjeCFR2nhvVoWXgIGUZbVqkHXBxW1P3ionMx4wFtPe, nDYfJxnLMyuEvlqshovB74Bju8z69Ef6OqkUMsYVA6zWFF9gl0, 1HcAd0JDWx8vEYJhAUN33SMsYrpQjUSWHFlaaLT5ktosuP2eeU, 1, AAAAA, 2016-02-01 12:33:18.068, null, 2016-02-01 12:33:18.068, 1, 51000]
[EL Fine]: sql: 2016-02-01 12:33:18.13--ClientSession(155253373)--Connection(1621683395)--Thread(Thread[Test worker,5,main])--INSERT INTO ast_Region_M (regionId, countryId, regionCode1, regionCodeChar2, regionDescription, regionFlag, regionLatitude, regionLongitude, regionName, stateId, versionId, createdBy, createdDate, updatedBy, updatedDate, activeStatus, txnAccessCode) VALUES (?, ?, ?, ?, ?, ?, ?, ?, ?, ?, ?, ?, ?, ?, ?, ?, ?)
	bind => [EA85FADA-84CC-40A1-B095-2828AE360FE8, 32F64F23-D2F5-48BA-85BC-20EC6A20C593, 2, CERuFCFiiFX7k4evbTOW1WlacqW1DbUa, 6iTeGsE9qFKrzgBxWcq37MB6KHuZfCbEKxoNbUHppG1hVqRtM0, FoFs9AFJZNum3XXW13lxnAtaFBqsx21omf5IiaoZvgsXbB5omj, 3, 8, WYRZbCAiF0VGjAuxbUvRI8SqmFec2IdBUJqf5saS8iNMOZYBPy, F3B725C9-7BE1-441D-A645-E82947C5AEBB, 1, AAAAA, 2016-02-01 12:33:18.068, null, 2016-02-01 12:33:18.068, 1, 51000]
Setting logged in user info for ADD
[EL Fine]: sql: 2016-02-01 12:33:18.234--ClientSession(1875316255)--Connection(1621683395)--Thread(Thread[Test worker,5,main])--INSERT INTO ast_District_M (districtId, code2, countryId, districtDescription, districtFlag, districtLatitude, districtLongitude, Name, regionId, stateId, versionId, createdBy, createdDate, updatedBy, updatedDate, activeStatus, txnAccessCode) VALUES (?, ?, ?, ?, ?, ?, ?, ?, ?, ?, ?, ?, ?, ?, ?, ?, ?)
	bind => [7C139E34-820F-4797-91F9-7B48DB39F4EC, LJygiRBHe7yPPDWrkTNCYfJGepMtjg4J, 32F64F23-D2F5-48BA-85BC-20EC6A20C593, a0Z9wAKmbhTWaZYL0gBu8IxzC7l4GmRrzJ6z0oMpEb42iNHiCK, xF0RLvfCkcsaAam3rTy5scN3l0cAyv2lUXl1HnjAxQeGi7oRso, 9, 6, wSt9YbgcTzWzc8pY4nrDKLyiUljeW5pgF3JdPtSx6oBDsgChKk, EA85FADA-84CC-40A1-B095-2828AE360FE8, F3B725C9-7BE1-441D-A645-E82947C5AEBB, 1, AAAAA, 2016-02-01 12:33:18.192, null, 2016-02-01 12:33:18.192, 1, 51000]
[EL Fine]: sql: 2016-02-01 12:33:18.29--ClientSession(1580079044)--Connection(1621683395)--Thread(Thread[Test worker,5,main])--SELECT districtId, code2, countryId, districtDescription, districtFlag, districtLatitude, districtLongitude, Name, regionId, stateId, versionId, createdBy, createdDate, updatedBy, updatedDate, activeStatus, txnAccessCode FROM ast_District_M WHERE ((activeStatus = ?) AND (districtId = ?))
	bind => [1, 7C139E34-820F-4797-91F9-7B48DB39F4EC]
Setting logged in user info for UPDATE
[EL Fine]: sql: 2016-02-01 12:33:18.295--ClientSession(411952405)--Connection(1621683395)--Thread(Thread[Test worker,5,main])--SELECT districtId, code2, countryId, districtDescription, districtFlag, districtLatitude, districtLongitude, Name, regionId, stateId, versionId, createdBy, createdDate, updatedBy, updatedDate, activeStatus, txnAccessCode FROM ast_District_M WHERE (districtId = ?)
	bind => [7C139E34-820F-4797-91F9-7B48DB39F4EC]
[EL Fine]: sql: 2016-02-01 12:33:18.298--ClientSession(411952405)--Connection(1621683395)--Thread(Thread[Test worker,5,main])--UPDATE ast_District_M SET code2 = ?, districtDescription = ?, districtFlag = ?, districtLatitude = ?, districtLongitude = ?, Name = ?, updatedBy = ?, versionId = ? WHERE ((districtId = ?) AND (versionId = ?))
	bind => [NgaX4iVvpBnlubxEhvdn6iO5bQ7RU6ds, 0niV0b100wZATb4GTRdDMUWL5c2pt25Kd0ilFZ4k5Dzm1rKLnz, OC9sskj2mnZywF1XkY7yGx0b1iKiap4KtiIfYrT4C0VwH3cHXx, 8, 10, nXo3khl4w4KPzqmMJdFaSttnnliFf2IaE6ygHpYVYvyUJmoywm, AAAAA, 2, 7C139E34-820F-4797-91F9-7B48DB39F4EC, 1]
[EL Fine]: sql: 2016-02-01 12:33:18.374--ClientSession(951590847)--Connection(1621683395)--Thread(Thread[Test worker,5,main])--SELECT districtId, code2, countryId, districtDescription, districtFlag, districtLatitude, districtLongitude, Name, regionId, stateId, versionId, createdBy, createdDate, updatedBy, updatedDate, activeStatus, txnAccessCode FROM ast_District_M WHERE ((activeStatus = ?) AND (districtId = ?))
	bind => [1, 7C139E34-820F-4797-91F9-7B48DB39F4EC]
[EL Fine]: sql: 2016-02-01 12:33:18.387--ClientSession(943489569)--Connection(1621683395)--Thread(Thread[Test worker,5,main])--SELECT districtId, code2, countryId, districtDescription, districtFlag, districtLatitude, districtLongitude, Name, regionId, stateId, versionId, createdBy, createdDate, updatedBy, updatedDate, activeStatus, txnAccessCode FROM ast_District_M WHERE ((activeStatus = ?) AND (countryId = ?))
	bind => [1, 32F64F23-D2F5-48BA-85BC-20EC6A20C593]
[EL Fine]: sql: 2016-02-01 12:33:18.398--ClientSession(1975806675)--Connection(1621683395)--Thread(Thread[Test worker,5,main])--SELECT districtId, code2, countryId, districtDescription, districtFlag, districtLatitude, districtLongitude, Name, regionId, stateId, versionId, createdBy, createdDate, updatedBy, updatedDate, activeStatus, txnAccessCode FROM ast_District_M WHERE ((activeStatus = ?) AND (regionId = ?))
	bind => [1, EA85FADA-84CC-40A1-B095-2828AE360FE8]
[EL Fine]: sql: 2016-02-01 12:33:18.406--ClientSession(806625221)--Connection(1621683395)--Thread(Thread[Test worker,5,main])--SELECT districtId, code2, countryId, districtDescription, districtFlag, districtLatitude, districtLongitude, Name, regionId, stateId, versionId, createdBy, createdDate, updatedBy, updatedDate, activeStatus, txnAccessCode FROM ast_District_M WHERE ((activeStatus = ?) AND (stateId = ?))
	bind => [1, F3B725C9-7BE1-441D-A645-E82947C5AEBB]
[EL Fine]: sql: 2016-02-01 12:33:18.417--ClientSession(392584686)--Connection(1621683395)--Thread(Thread[Test worker,5,main])--SELECT districtId, code2, countryId, districtDescription, districtFlag, districtLatitude, districtLongitude, Name, regionId, stateId, versionId, createdBy, createdDate, updatedBy, updatedDate, activeStatus, txnAccessCode FROM ast_District_M WHERE (districtId = ?)
	bind => [7C139E34-820F-4797-91F9-7B48DB39F4EC]
[EL Fine]: sql: 2016-02-01 12:33:18.419--ClientSession(392584686)--Connection(1621683395)--Thread(Thread[Test worker,5,main])--DELETE FROM ast_District_M WHERE ((districtId = ?) AND (versionId = ?))
	bind => [7C139E34-820F-4797-91F9-7B48DB39F4EC, 2]
[EL Fine]: sql: 2016-02-01 12:33:18.506--ClientSession(1844894776)--Connection(1621683395)--Thread(Thread[Test worker,5,main])--SELECT regionId, countryId, regionCode1, regionCodeChar2, regionDescription, regionFlag, regionLatitude, regionLongitude, regionName, stateId, versionId, createdBy, createdDate, updatedBy, updatedDate, activeStatus, txnAccessCode FROM ast_Region_M WHERE (regionId = ?)
	bind => [EA85FADA-84CC-40A1-B095-2828AE360FE8]
[EL Fine]: sql: 2016-02-01 12:33:18.509--ClientSession(1844894776)--Connection(1621683395)--Thread(Thread[Test worker,5,main])--DELETE FROM ast_Region_M WHERE ((regionId = ?) AND (versionId = ?))
	bind => [EA85FADA-84CC-40A1-B095-2828AE360FE8, 1]
[EL Fine]: sql: 2016-02-01 12:33:18.538--ClientSession(1138663335)--Connection(1621683395)--Thread(Thread[Test worker,5,main])--SELECT stateId, countryId, stateCapital, stateCapitalLatitude, stateCapitalLongitude, stateCode, stateCodeChar2, stateCodeChar3, stateDescription, stateFlag, stateName, versionId, createdBy, createdDate, updatedBy, updatedDate, activeStatus, txnAccessCode FROM ast_State_M WHERE (stateId = ?)
	bind => [F3B725C9-7BE1-441D-A645-E82947C5AEBB]
[EL Fine]: sql: 2016-02-01 12:33:18.541--ClientSession(1138663335)--Connection(1621683395)--Thread(Thread[Test worker,5,main])--DELETE FROM ast_State_M WHERE ((stateId = ?) AND (versionId = ?))
	bind => [F3B725C9-7BE1-441D-A645-E82947C5AEBB, 1]
[EL Fine]: sql: 2016-02-01 12:33:18.579--ClientSession(1014681709)--Connection(1621683395)--Thread(Thread[Test worker,5,main])--SELECT countryId, capital, capitalLatitude, capitalLongitude, countryCode1, countryCode2, countryFlag, countryName, currencyCode, currencyName, currencySymbol, isoNumeric, versionId, createdBy, createdDate, updatedBy, updatedDate, activeStatus, txnAccessCode FROM ast_Country_M WHERE (countryId = ?)
	bind => [32F64F23-D2F5-48BA-85BC-20EC6A20C593]
[EL Fine]: sql: 2016-02-01 12:33:18.582--ClientSession(1014681709)--Connection(1621683395)--Thread(Thread[Test worker,5,main])--DELETE FROM ast_Country_M WHERE ((countryId = ?) AND (versionId = ?))
	bind => [32F64F23-D2F5-48BA-85BC-20EC6A20C593, 1]
]]></system-out>
  <system-err><![CDATA[]]></system-err>
</testsuite>
