<?xml version="1.0" encoding="UTF-8"?>
<testsuite name="com.app.server.service.AppCustomerCategoryTestCase" tests="4" skipped="0" failures="0" errors="0" timestamp="2016-02-01T12:33:17" hostname="712172c71140" time="0.196">
  <properties/>
  <testcase name="test1Save" classname="com.app.server.service.AppCustomerCategoryTestCase" time="0.071"/>
  <testcase name="test2Update" classname="com.app.server.service.AppCustomerCategoryTestCase" time="0.041"/>
  <testcase name="test3FindById" classname="com.app.server.service.AppCustomerCategoryTestCase" time="0.008"/>
  <testcase name="test4Delete" classname="com.app.server.service.AppCustomerCategoryTestCase" time="0.074"/>
  <system-out><![CDATA[Setting logged in user info for ADD
[EL Fine]: sql: 2016-02-01 12:33:17.482--ClientSession(678636401)--Connection(1621683395)--Thread(Thread[Test worker,5,main])--INSERT INTO ast_AppCustomerCategory_M (appcustCategoryId, customerCategory, versionId, createdBy, createdDate, updatedBy, updatedDate, activeStatus, txnAccessCode) VALUES (?, ?, ?, ?, ?, ?, ?, ?, ?)
	bind => [BAFBA2B9-4239-459D-BA0B-C70FCA392954, zBpRT63UPfMW1zVjWdVrf4igOWrhyqMoloeQ0CS1Bv2y1xbfSk, 1, AAAAA, 2016-02-01 12:33:17.473, null, 2016-02-01 12:33:17.473, 1, 51000]
[EL Fine]: sql: 2016-02-01 12:33:17.533--ClientSession(825838286)--Connection(1621683395)--Thread(Thread[Test worker,5,main])--SELECT appcustCategoryId, customerCategory, versionId, createdBy, createdDate, updatedBy, updatedDate, activeStatus, txnAccessCode FROM ast_AppCustomerCategory_M WHERE ((activeStatus = ?) AND (appcustCategoryId = ?))
	bind => [1, BAFBA2B9-4239-459D-BA0B-C70FCA392954]
Setting logged in user info for UPDATE
[EL Fine]: sql: 2016-02-01 12:33:17.537--ClientSession(258018961)--Connection(1621683395)--Thread(Thread[Test worker,5,main])--SELECT appcustCategoryId, customerCategory, versionId, createdBy, createdDate, updatedBy, updatedDate, activeStatus, txnAccessCode FROM ast_AppCustomerCategory_M WHERE (appcustCategoryId = ?)
	bind => [BAFBA2B9-4239-459D-BA0B-C70FCA392954]
[EL Fine]: sql: 2016-02-01 12:33:17.54--ClientSession(258018961)--Connection(1621683395)--Thread(Thread[Test worker,5,main])--UPDATE ast_AppCustomerCategory_M SET customerCategory = ?, updatedBy = ?, versionId = ? WHERE ((appcustCategoryId = ?) AND (versionId = ?))
	bind => [O5sOTLehLMDeu1pL96tT11M92FRQx7enNXZEVVnnH72jIlm5F9, AAAAA, 2, BAFBA2B9-4239-459D-BA0B-C70FCA392954, 1]
[EL Fine]: sql: 2016-02-01 12:33:17.571--ClientSession(1129228012)--Connection(1621683395)--Thread(Thread[Test worker,5,main])--SELECT appcustCategoryId, customerCategory, versionId, createdBy, createdDate, updatedBy, updatedDate, activeStatus, txnAccessCode FROM ast_AppCustomerCategory_M WHERE ((activeStatus = ?) AND (appcustCategoryId = ?))
	bind => [1, BAFBA2B9-4239-459D-BA0B-C70FCA392954]
[EL Fine]: sql: 2016-02-01 12:33:17.581--ClientSession(1785328689)--Connection(1621683395)--Thread(Thread[Test worker,5,main])--SELECT appcustCategoryId, customerCategory, versionId, createdBy, createdDate, updatedBy, updatedDate, activeStatus, txnAccessCode FROM ast_AppCustomerCategory_M WHERE (appcustCategoryId = ?)
	bind => [BAFBA2B9-4239-459D-BA0B-C70FCA392954]
[EL Fine]: sql: 2016-02-01 12:33:17.584--ClientSession(1785328689)--Connection(1621683395)--Thread(Thread[Test worker,5,main])--DELETE FROM ast_AppCustomerCategory_M WHERE ((appcustCategoryId = ?) AND (versionId = ?))
	bind => [BAFBA2B9-4239-459D-BA0B-C70FCA392954, 2]
]]></system-out>
  <system-err><![CDATA[]]></system-err>
</testsuite>
