<?xml version="1.0" encoding="UTF-8"?>
<testsuite name="com.app.server.service.CommunicationTypeTestCase" tests="5" skipped="0" failures="0" errors="0" timestamp="2016-02-01T12:33:20" hostname="712172c71140" time="0.343">
  <properties/>
  <testcase name="test1Save" classname="com.app.server.service.CommunicationTypeTestCase" time="0.086"/>
  <testcase name="test2Update" classname="com.app.server.service.CommunicationTypeTestCase" time="0.074"/>
  <testcase name="test3FindById" classname="com.app.server.service.CommunicationTypeTestCase" time="0.006"/>
  <testcase name="test3findBycommGroupId" classname="com.app.server.service.CommunicationTypeTestCase" time="0.01"/>
  <testcase name="test4Delete" classname="com.app.server.service.CommunicationTypeTestCase" time="0.166"/>
  <system-out><![CDATA[[EL Fine]: sql: 2016-02-01 12:33:20.751--ClientSession(1362022141)--Connection(1621683395)--Thread(Thread[Test worker,5,main])--INSERT INTO ast_CommunicationGroup_M (commGroupId, commGroupDescription, commGroupName, versionId, createdBy, createdDate, updatedBy, updatedDate, activeStatus, txnAccessCode) VALUES (?, ?, ?, ?, ?, ?, ?, ?, ?, ?)
	bind => [6C69AE90-9543-49D1-A9CB-3F9490B26781, UCCJwDdyqyg7o1IRLPjyhTEO4HmnO1F4O7saze4ZDiRz9ff3mO, 9Cg4OEmxTfNaAm7W9OTewmdRAM0RddszzkHw4LTCNal6s7bore, 1, AAAAA, 2016-02-01 12:33:20.748, null, 2016-02-01 12:33:20.748, 1, 51000]
Setting logged in user info for ADD
[EL Fine]: sql: 2016-02-01 12:33:20.785--ClientSession(1736820619)--Connection(1621683395)--Thread(Thread[Test worker,5,main])--INSERT INTO ast_CommunicationType_M (commType, commGroupId, commTypeDescription, commTypeName, versionId, createdBy, createdDate, updatedBy, updatedDate, activeStatus, txnAccessCode) VALUES (?, ?, ?, ?, ?, ?, ?, ?, ?, ?, ?)
	bind => [1BA7E65F-028D-4BBB-883C-194BCD266EAB, 6C69AE90-9543-49D1-A9CB-3F9490B26781, NnkTVcuADxMgmBdnuP7OyFuS6wdsI4ur5ddRGARYLXd3a1jt4n, ceGSI6gTAR95s0pAfdg7japb5ieRdwa6uaPMlCdpGCAKXGhYPY, 1, AAAAA, 2016-02-01 12:33:20.778, null, 2016-02-01 12:33:20.778, 1, 51000]
[EL Fine]: sql: 2016-02-01 12:33:20.823--ClientSession(1160548155)--Connection(1621683395)--Thread(Thread[Test worker,5,main])--SELECT commType, commGroupId, commTypeDescription, commTypeName, versionId, createdBy, createdDate, updatedBy, updatedDate, activeStatus, txnAccessCode FROM ast_CommunicationType_M WHERE ((activeStatus = ?) AND (commType = ?))
	bind => [1, 1BA7E65F-028D-4BBB-883C-194BCD266EAB]
Setting logged in user info for UPDATE
[EL Fine]: sql: 2016-02-01 12:33:20.827--ClientSession(1880625490)--Connection(1621683395)--Thread(Thread[Test worker,5,main])--SELECT commType, commGroupId, commTypeDescription, commTypeName, versionId, createdBy, createdDate, updatedBy, updatedDate, activeStatus, txnAccessCode FROM ast_CommunicationType_M WHERE (commType = ?)
	bind => [1BA7E65F-028D-4BBB-883C-194BCD266EAB]
[EL Fine]: sql: 2016-02-01 12:33:20.829--ClientSession(1880625490)--Connection(1621683395)--Thread(Thread[Test worker,5,main])--UPDATE ast_CommunicationType_M SET commTypeDescription = ?, commTypeName = ?, updatedBy = ?, versionId = ? WHERE ((commType = ?) AND (versionId = ?))
	bind => [5bF4jZaQXBuBZ4AaGdrQK2GYnCcf5xAcCjJNNhl58wwQZl2akG, zxNuXM5N1hqddVH6ynNXbWc7LOoFv2bJxakzolPss0fpHgWz5J, AAAAA, 2, 1BA7E65F-028D-4BBB-883C-194BCD266EAB, 1]
[EL Fine]: sql: 2016-02-01 12:33:20.897--ClientSession(1383054275)--Connection(1621683395)--Thread(Thread[Test worker,5,main])--SELECT commType, commGroupId, commTypeDescription, commTypeName, versionId, createdBy, createdDate, updatedBy, updatedDate, activeStatus, txnAccessCode FROM ast_CommunicationType_M WHERE ((activeStatus = ?) AND (commType = ?))
	bind => [1, 1BA7E65F-028D-4BBB-883C-194BCD266EAB]
[EL Fine]: sql: 2016-02-01 12:33:20.906--ClientSession(1671356014)--Connection(1621683395)--Thread(Thread[Test worker,5,main])--SELECT commType, commGroupId, commTypeDescription, commTypeName, versionId, createdBy, createdDate, updatedBy, updatedDate, activeStatus, txnAccessCode FROM ast_CommunicationType_M WHERE ((activeStatus = ?) AND (commGroupId = ?))
	bind => [1, 6C69AE90-9543-49D1-A9CB-3F9490B26781]
[EL Fine]: sql: 2016-02-01 12:33:20.913--ClientSession(536742843)--Connection(1621683395)--Thread(Thread[Test worker,5,main])--SELECT commType, commGroupId, commTypeDescription, commTypeName, versionId, createdBy, createdDate, updatedBy, updatedDate, activeStatus, txnAccessCode FROM ast_CommunicationType_M WHERE (commType = ?)
	bind => [1BA7E65F-028D-4BBB-883C-194BCD266EAB]
[EL Fine]: sql: 2016-02-01 12:33:20.915--ClientSession(536742843)--Connection(1621683395)--Thread(Thread[Test worker,5,main])--DELETE FROM ast_CommunicationType_M WHERE ((commType = ?) AND (versionId = ?))
	bind => [1BA7E65F-028D-4BBB-883C-194BCD266EAB, 2]
[EL Fine]: sql: 2016-02-01 12:33:20.996--ClientSession(658912562)--Connection(1621683395)--Thread(Thread[Test worker,5,main])--SELECT commGroupId, commGroupDescription, commGroupName, versionId, createdBy, createdDate, updatedBy, updatedDate, activeStatus, txnAccessCode FROM ast_CommunicationGroup_M WHERE (commGroupId = ?)
	bind => [6C69AE90-9543-49D1-A9CB-3F9490B26781]
[EL Fine]: sql: 2016-02-01 12:33:20.998--ClientSession(658912562)--Connection(1621683395)--Thread(Thread[Test worker,5,main])--DELETE FROM ast_CommunicationGroup_M WHERE ((commGroupId = ?) AND (versionId = ?))
	bind => [6C69AE90-9543-49D1-A9CB-3F9490B26781, 1]
]]></system-out>
  <system-err><![CDATA[]]></system-err>
</testsuite>
