<?xml version="1.0" encoding="UTF-8"?>
<testsuite name="com.app.server.service.PasswordAlgoTestCase" tests="4" skipped="0" failures="0" errors="0" timestamp="2016-02-01T12:33:22" hostname="712172c71140" time="0.277">
  <properties/>
  <testcase name="test1Save" classname="com.app.server.service.PasswordAlgoTestCase" time="0.162"/>
  <testcase name="test2Update" classname="com.app.server.service.PasswordAlgoTestCase" time="0.047"/>
  <testcase name="test3FindById" classname="com.app.server.service.PasswordAlgoTestCase" time="0.006"/>
  <testcase name="test4Delete" classname="com.app.server.service.PasswordAlgoTestCase" time="0.06"/>
  <system-out><![CDATA[Setting logged in user info for ADD
[EL Fine]: sql: 2016-02-01 12:33:22.732--ClientSession(2061589480)--Connection(1621683395)--Thread(Thread[Test worker,5,main])--INSERT INTO ast_PasswordAlgo_M (algoId, algoDescription, algoHelp, algoIcon, algoName, algorithm, versionId, createdBy, createdDate, updatedBy, updatedDate, activeStatus, txnAccessCode) VALUES (?, ?, ?, ?, ?, ?, ?, ?, ?, ?, ?, ?, ?)
	bind => [25AB1FA0-6890-4B5D-9DD6-65B93831C73E, 2sfNx5F1JzbHqsdbeK9tXxTPF5ydVRKWqS5eFlVDrhj3ANDFkN, Uq2oVbakpC97Uyy52vGLJIRoup3PHpKqg1InyC47CXceVcl7pt, clvvYpWEpfzVra2H5tuO1a3LfgwbLfFmlK02NlSa3tnT6nR7vm, piGI1rAdE8KiEdawadDOT0o2AFjs6aSAheUhdShnA73DN05WNB, 11, 1, AAAAA, 2016-02-01 12:33:22.684, null, 2016-02-01 12:33:22.684, 1, 51000]
[EL Fine]: sql: 2016-02-01 12:33:22.835--ClientSession(1520381067)--Connection(1621683395)--Thread(Thread[Test worker,5,main])--SELECT algoId, algoDescription, algoHelp, algoIcon, algoName, algorithm, versionId, createdBy, createdDate, updatedBy, updatedDate, activeStatus, txnAccessCode FROM ast_PasswordAlgo_M WHERE ((activeStatus = ?) AND (algoId = ?))
	bind => [1, 25AB1FA0-6890-4B5D-9DD6-65B93831C73E]
Setting logged in user info for UPDATE
[EL Fine]: sql: 2016-02-01 12:33:22.839--ClientSession(1573160250)--Connection(1621683395)--Thread(Thread[Test worker,5,main])--SELECT algoId, algoDescription, algoHelp, algoIcon, algoName, algorithm, versionId, createdBy, createdDate, updatedBy, updatedDate, activeStatus, txnAccessCode FROM ast_PasswordAlgo_M WHERE (algoId = ?)
	bind => [25AB1FA0-6890-4B5D-9DD6-65B93831C73E]
[EL Fine]: sql: 2016-02-01 12:33:22.841--ClientSession(1573160250)--Connection(1621683395)--Thread(Thread[Test worker,5,main])--UPDATE ast_PasswordAlgo_M SET algoDescription = ?, algoHelp = ?, algoIcon = ?, algoName = ?, algorithm = ?, updatedBy = ?, versionId = ? WHERE ((algoId = ?) AND (versionId = ?))
	bind => [eCfJwCSwLqEt3WipwIkbsg9nzMXYjMwkJotgJr5VdRvFaB7Xho, JZNGcvIfc8ryM39LC71K6U4L6F5vdx7pGjktYRIJ1nkTe1pFvq, ijmJdvUXrQ7Z1rUGvmkvzG7DrYmKEpEOdZjc7kjGPqzhwjQcVt, IcuhIASHDa8Q6awF6NR0TUTqHhHMGCi6E1SJBBc2ODKKgHr6Gv, 2, AAAAA, 2, 25AB1FA0-6890-4B5D-9DD6-65B93831C73E, 1]
[EL Fine]: sql: 2016-02-01 12:33:22.881--ClientSession(2137783780)--Connection(1621683395)--Thread(Thread[Test worker,5,main])--SELECT algoId, algoDescription, algoHelp, algoIcon, algoName, algorithm, versionId, createdBy, createdDate, updatedBy, updatedDate, activeStatus, txnAccessCode FROM ast_PasswordAlgo_M WHERE ((activeStatus = ?) AND (algoId = ?))
	bind => [1, 25AB1FA0-6890-4B5D-9DD6-65B93831C73E]
[EL Fine]: sql: 2016-02-01 12:33:22.89--ClientSession(1419703774)--Connection(1621683395)--Thread(Thread[Test worker,5,main])--SELECT algoId, algoDescription, algoHelp, algoIcon, algoName, algorithm, versionId, createdBy, createdDate, updatedBy, updatedDate, activeStatus, txnAccessCode FROM ast_PasswordAlgo_M WHERE (algoId = ?)
	bind => [25AB1FA0-6890-4B5D-9DD6-65B93831C73E]
[EL Fine]: sql: 2016-02-01 12:33:22.893--ClientSession(1419703774)--Connection(1621683395)--Thread(Thread[Test worker,5,main])--DELETE FROM ast_PasswordAlgo_M WHERE ((algoId = ?) AND (versionId = ?))
	bind => [25AB1FA0-6890-4B5D-9DD6-65B93831C73E, 2]
]]></system-out>
  <system-err><![CDATA[]]></system-err>
</testsuite>
