<?xml version="1.0" encoding="UTF-8"?>
<testsuite name="com.app.server.service.TestTestCase" tests="4" skipped="0" failures="0" errors="0" timestamp="2016-02-01T12:33:19" hostname="712172c71140" time="0.237">
  <properties/>
  <testcase name="test1Save" classname="com.app.server.service.TestTestCase" time="0.122"/>
  <testcase name="test2Update" classname="com.app.server.service.TestTestCase" time="0.041"/>
  <testcase name="test3FindById" classname="com.app.server.service.TestTestCase" time="0.007"/>
  <testcase name="test4Delete" classname="com.app.server.service.TestTestCase" time="0.066"/>
  <system-out><![CDATA[Setting logged in user info for ADD
[EL Fine]: sql: 2016-02-01 12:33:19.577--ClientSession(970823035)--Connection(1621683395)--Thread(Thread[Test worker,5,main])--INSERT INTO ast_Test_T (tid, tNm, versionId, createdBy, createdDate, updatedBy, updatedDate, activeStatus, txnAccessCode) VALUES (?, ?, ?, ?, ?, ?, ?, ?, ?)
	bind => [57DEF736-43FA-410B-B328-2A7C1B8CDE7D, NZq8FRiUGtW9unh2hBFU5AtmSDufBpoxruxDP8sKu191YkAgSy, 1, AAAAA, 2016-02-01 12:33:19.549, null, 2016-02-01 12:33:19.549, 1, 51000]
[EL Fine]: sql: 2016-02-01 12:33:19.663--ClientSession(1076965843)--Connection(1621683395)--Thread(Thread[Test worker,5,main])--SELECT tid, tNm, versionId, createdBy, createdDate, updatedBy, updatedDate, activeStatus, txnAccessCode FROM ast_Test_T WHERE ((activeStatus = ?) AND (tid = ?))
	bind => [1, 57DEF736-43FA-410B-B328-2A7C1B8CDE7D]
Setting logged in user info for UPDATE
[EL Fine]: sql: 2016-02-01 12:33:19.667--ClientSession(1833705003)--Connection(1621683395)--Thread(Thread[Test worker,5,main])--SELECT tid, tNm, versionId, createdBy, createdDate, updatedBy, updatedDate, activeStatus, txnAccessCode FROM ast_Test_T WHERE (tid = ?)
	bind => [57DEF736-43FA-410B-B328-2A7C1B8CDE7D]
[EL Fine]: sql: 2016-02-01 12:33:19.669--ClientSession(1833705003)--Connection(1621683395)--Thread(Thread[Test worker,5,main])--UPDATE ast_Test_T SET tNm = ?, updatedBy = ?, versionId = ? WHERE ((tid = ?) AND (versionId = ?))
	bind => [5altbmrvHIad2Vo7v4ANUR7dUrVSEJzfR8fgUO6adiKQSNV9Py, AAAAA, 2, 57DEF736-43FA-410B-B328-2A7C1B8CDE7D, 1]
[EL Fine]: sql: 2016-02-01 12:33:19.703--ClientSession(38121061)--Connection(1621683395)--Thread(Thread[Test worker,5,main])--SELECT tid, tNm, versionId, createdBy, createdDate, updatedBy, updatedDate, activeStatus, txnAccessCode FROM ast_Test_T WHERE ((activeStatus = ?) AND (tid = ?))
	bind => [1, 57DEF736-43FA-410B-B328-2A7C1B8CDE7D]
[EL Fine]: sql: 2016-02-01 12:33:19.711--ClientSession(1391645852)--Connection(1621683395)--Thread(Thread[Test worker,5,main])--SELECT tid, tNm, versionId, createdBy, createdDate, updatedBy, updatedDate, activeStatus, txnAccessCode FROM ast_Test_T WHERE (tid = ?)
	bind => [57DEF736-43FA-410B-B328-2A7C1B8CDE7D]
[EL Fine]: sql: 2016-02-01 12:33:19.713--ClientSession(1391645852)--Connection(1621683395)--Thread(Thread[Test worker,5,main])--DELETE FROM ast_Test_T WHERE ((tid = ?) AND (versionId = ?))
	bind => [57DEF736-43FA-410B-B328-2A7C1B8CDE7D, 2]
]]></system-out>
  <system-err><![CDATA[]]></system-err>
</testsuite>
