<?xml version="1.0" encoding="UTF-8"?>
<testsuite name="com.app.server.service.TimezoneTestCase" tests="4" skipped="0" failures="0" errors="0" timestamp="2016-02-01T12:33:22" hostname="712172c71140" time="0.244">
  <properties/>
  <testcase name="test1Save" classname="com.app.server.service.TimezoneTestCase" time="0.055"/>
  <testcase name="test2Update" classname="com.app.server.service.TimezoneTestCase" time="0.041"/>
  <testcase name="test3FindById" classname="com.app.server.service.TimezoneTestCase" time="0.009"/>
  <testcase name="test4Delete" classname="com.app.server.service.TimezoneTestCase" time="0.138"/>
  <system-out><![CDATA[Setting logged in user info for ADD
[EL Fine]: sql: 2016-02-01 12:33:22.445--ClientSession(1887434545)--Connection(1621683395)--Thread(Thread[Test worker,5,main])--INSERT INTO ast_Timezone_M (timeZoneId, cities, country, gmtLabel, timeZoneLabel, utcdifference, versionId, createdBy, createdDate, updatedBy, updatedDate, activeStatus, txnAccessCode) VALUES (?, ?, ?, ?, ?, ?, ?, ?, ?, ?, ?, ?, ?)
	bind => [D62C5516-42F7-4ADC-8451-9825790CF4D2, GP4QfAwWGpVSWnYGoPg7lgTBS5soG67sCIHEZLF6yjPurkRc2X, xKEosOsIwazgGsUclrHcALedZZuNyjMfabQhGpfI2ngIQKJn83, ENaqbKvNAW1kGnzBBmD56p2j2jw4JHqgrV2DNCSvPtBt6Tby6x, GIBXnV1FYuMvC0ZFffOlYbEEvAScqo1aC6aOTaGvpPtV6pmVbF, 0, 1, AAAAA, 2016-02-01 12:33:22.435, null, 2016-02-01 12:33:22.435, 1, 51000]
[EL Fine]: sql: 2016-02-01 12:33:22.481--ClientSession(1264357471)--Connection(1621683395)--Thread(Thread[Test worker,5,main])--SELECT timeZoneId, cities, country, gmtLabel, timeZoneLabel, utcdifference, versionId, createdBy, createdDate, updatedBy, updatedDate, activeStatus, txnAccessCode FROM ast_Timezone_M WHERE ((activeStatus = ?) AND (timeZoneId = ?))
	bind => [1, D62C5516-42F7-4ADC-8451-9825790CF4D2]
Setting logged in user info for UPDATE
[EL Fine]: sql: 2016-02-01 12:33:22.485--ClientSession(157648877)--Connection(1621683395)--Thread(Thread[Test worker,5,main])--SELECT timeZoneId, cities, country, gmtLabel, timeZoneLabel, utcdifference, versionId, createdBy, createdDate, updatedBy, updatedDate, activeStatus, txnAccessCode FROM ast_Timezone_M WHERE (timeZoneId = ?)
	bind => [D62C5516-42F7-4ADC-8451-9825790CF4D2]
[EL Fine]: sql: 2016-02-01 12:33:22.488--ClientSession(157648877)--Connection(1621683395)--Thread(Thread[Test worker,5,main])--UPDATE ast_Timezone_M SET cities = ?, country = ?, gmtLabel = ?, timeZoneLabel = ?, utcdifference = ?, updatedBy = ?, versionId = ? WHERE ((timeZoneId = ?) AND (versionId = ?))
	bind => [u01r6xEwHYcd4snUn7TeFSsm99MDJdcgRCahVVYVNJgbyYEXxJ, TBkOGkasNq7o7vMLxP8OWLVvc8Lq4KEaFDvy0Z1jVu3vSV734f, Nrv1aOoXkZvJ7LW0Muu2Namri4lPaTEd2B1Q9My0boQFleSkIB, 2dExHNAPgkvDTjviZ4LSjysh6XnfFLJYTn7n0UynyFgLF78WE1, 5, AAAAA, 2, D62C5516-42F7-4ADC-8451-9825790CF4D2, 1]
[EL Fine]: sql: 2016-02-01 12:33:22.521--ClientSession(1344263051)--Connection(1621683395)--Thread(Thread[Test worker,5,main])--SELECT timeZoneId, cities, country, gmtLabel, timeZoneLabel, utcdifference, versionId, createdBy, createdDate, updatedBy, updatedDate, activeStatus, txnAccessCode FROM ast_Timezone_M WHERE ((activeStatus = ?) AND (timeZoneId = ?))
	bind => [1, D62C5516-42F7-4ADC-8451-9825790CF4D2]
[EL Fine]: sql: 2016-02-01 12:33:22.531--ClientSession(1366662837)--Connection(1621683395)--Thread(Thread[Test worker,5,main])--SELECT timeZoneId, cities, country, gmtLabel, timeZoneLabel, utcdifference, versionId, createdBy, createdDate, updatedBy, updatedDate, activeStatus, txnAccessCode FROM ast_Timezone_M WHERE (timeZoneId = ?)
	bind => [D62C5516-42F7-4ADC-8451-9825790CF4D2]
[EL Fine]: sql: 2016-02-01 12:33:22.533--ClientSession(1366662837)--Connection(1621683395)--Thread(Thread[Test worker,5,main])--DELETE FROM ast_Timezone_M WHERE ((timeZoneId = ?) AND (versionId = ?))
	bind => [D62C5516-42F7-4ADC-8451-9825790CF4D2, 2]
]]></system-out>
  <system-err><![CDATA[]]></system-err>
</testsuite>
