<?xml version="1.0" encoding="UTF-8"?>
<testsuite name="com.app.server.service.QuestionTestCase" tests="4" skipped="0" failures="0" errors="0" timestamp="2016-02-01T12:33:26" hostname="712172c71140" time="0.235">
  <properties/>
  <testcase name="test1Save" classname="com.app.server.service.QuestionTestCase" time="0.068"/>
  <testcase name="test2Update" classname="com.app.server.service.QuestionTestCase" time="0.041"/>
  <testcase name="test3FindById" classname="com.app.server.service.QuestionTestCase" time="0.049"/>
  <testcase name="test4Delete" classname="com.app.server.service.QuestionTestCase" time="0.074"/>
  <system-out><![CDATA[Setting logged in user info for ADD
[EL Fine]: sql: 2016-02-01 12:33:26.712--ClientSession(159623857)--Connection(1621683395)--Thread(Thread[Test worker,5,main])--INSERT INTO ast_Question_M (questionId, levelid, question, questionDetails, questionIcon, versionId, createdBy, createdDate, updatedBy, updatedDate, activeStatus, txnAccessCode) VALUES (?, ?, ?, ?, ?, ?, ?, ?, ?, ?, ?, ?)
	bind => [012330CA-15A2-48FA-A031-8C4C9EA75494, 6, VR5uTtdHGOB48VG2hUfEc4H7EW1113WhjP19yKcMCdyEj0UAPo, Y, zLrReh70pA06fUV5FP4Fyzo0y8HAq9RMhkdRUzk5FLfHcDZTi5, 1, AAAAA, 2016-02-01 12:33:26.7, null, 2016-02-01 12:33:26.7, 1, 51000]
[EL Fine]: sql: 2016-02-01 12:33:26.753--ClientSession(375654095)--Connection(1621683395)--Thread(Thread[Test worker,5,main])--SELECT questionId, levelid, question, questionDetails, questionIcon, versionId, createdBy, createdDate, updatedBy, updatedDate, activeStatus, txnAccessCode FROM ast_Question_M WHERE ((activeStatus = ?) AND (questionId = ?))
	bind => [1, 012330CA-15A2-48FA-A031-8C4C9EA75494]
Setting logged in user info for UPDATE
[EL Fine]: sql: 2016-02-01 12:33:26.756--ClientSession(1991964544)--Connection(1621683395)--Thread(Thread[Test worker,5,main])--SELECT questionId, levelid, question, questionDetails, questionIcon, versionId, createdBy, createdDate, updatedBy, updatedDate, activeStatus, txnAccessCode FROM ast_Question_M WHERE (questionId = ?)
	bind => [012330CA-15A2-48FA-A031-8C4C9EA75494]
[EL Fine]: sql: 2016-02-01 12:33:26.759--ClientSession(1991964544)--Connection(1621683395)--Thread(Thread[Test worker,5,main])--UPDATE ast_Question_M SET question = ?, questionDetails = ?, questionIcon = ?, updatedBy = ?, versionId = ? WHERE ((questionId = ?) AND (versionId = ?))
	bind => [2PejX8xQQ5DsmsSCNnYyryQOgC6UlrS15thom2FjsKuqvxaQnZ, p, nhCotYagF877qnkqG1CZU3XArk7ZizaAi8Gr4McmcFCdlOmuky, AAAAA, 2, 012330CA-15A2-48FA-A031-8C4C9EA75494, 1]
[EL Fine]: sql: 2016-02-01 12:33:26.838--ClientSession(1583212906)--Connection(1621683395)--Thread(Thread[Test worker,5,main])--SELECT questionId, levelid, question, questionDetails, questionIcon, versionId, createdBy, createdDate, updatedBy, updatedDate, activeStatus, txnAccessCode FROM ast_Question_M WHERE ((activeStatus = ?) AND (questionId = ?))
	bind => [1, 012330CA-15A2-48FA-A031-8C4C9EA75494]
[EL Fine]: sql: 2016-02-01 12:33:26.844--ClientSession(1242006172)--Connection(1621683395)--Thread(Thread[Test worker,5,main])--SELECT questionId, levelid, question, questionDetails, questionIcon, versionId, createdBy, createdDate, updatedBy, updatedDate, activeStatus, txnAccessCode FROM ast_Question_M WHERE (questionId = ?)
	bind => [012330CA-15A2-48FA-A031-8C4C9EA75494]
[EL Fine]: sql: 2016-02-01 12:33:26.845--ClientSession(1242006172)--Connection(1621683395)--Thread(Thread[Test worker,5,main])--DELETE FROM ast_Question_M WHERE ((questionId = ?) AND (versionId = ?))
	bind => [012330CA-15A2-48FA-A031-8C4C9EA75494, 2]
]]></system-out>
  <system-err><![CDATA[]]></system-err>
</testsuite>
