<?xml version="1.0" encoding="UTF-8"?>
<testsuite name="com.app.server.service.ContactTypeTestCase" tests="4" skipped="0" failures="0" errors="0" timestamp="2016-02-01T12:33:16" hostname="712172c71140" time="0.228">
  <properties/>
  <testcase name="test1Save" classname="com.app.server.service.ContactTypeTestCase" time="0.114"/>
  <testcase name="test2Update" classname="com.app.server.service.ContactTypeTestCase" time="0.041"/>
  <testcase name="test3FindById" classname="com.app.server.service.ContactTypeTestCase" time="0.008"/>
  <testcase name="test4Delete" classname="com.app.server.service.ContactTypeTestCase" time="0.065"/>
  <system-out><![CDATA[Setting logged in user info for ADD
[EL Fine]: sql: 2016-02-01 12:33:16.544--ClientSession(149089705)--Connection(1621683395)--Thread(Thread[Test worker,5,main])--INSERT INTO ast_ContactType_M (contactTypeId, contactType, contactTypeDesc, contactTypeIcon, versionId, createdBy, createdDate, updatedBy, updatedDate, activeStatus, txnAccessCode) VALUES (?, ?, ?, ?, ?, ?, ?, ?, ?, ?, ?)
	bind => [8FFE16F0-EA30-4876-A5F2-D669BD3CAA9F, D1pnxPp6h7IqO68de7pC3MFor0mrGZCARvze3ZjqQ7TqoSz04X, ZlVUM8YLIoLR2V5oXsZx6n3NbTObLrz5x2jYL6fYTlrUGGhH6e, zWYwpn7mBZlcwK4W88mfO1AAFtMCRB233AfFsRm4SnKSeC8pyq, 1, AAAAA, 2016-02-01 12:33:16.504, null, 2016-02-01 12:33:16.504, 1, 51000]
[EL Fine]: sql: 2016-02-01 12:33:16.61--ClientSession(668415105)--Connection(1621683395)--Thread(Thread[Test worker,5,main])--SELECT contactTypeId, contactType, contactTypeDesc, contactTypeIcon, versionId, createdBy, createdDate, updatedBy, updatedDate, activeStatus, txnAccessCode FROM ast_ContactType_M WHERE ((activeStatus = ?) AND (contactTypeId = ?))
	bind => [1, 8FFE16F0-EA30-4876-A5F2-D669BD3CAA9F]
Setting logged in user info for UPDATE
[EL Fine]: sql: 2016-02-01 12:33:16.614--ClientSession(862768727)--Connection(1621683395)--Thread(Thread[Test worker,5,main])--SELECT contactTypeId, contactType, contactTypeDesc, contactTypeIcon, versionId, createdBy, createdDate, updatedBy, updatedDate, activeStatus, txnAccessCode FROM ast_ContactType_M WHERE (contactTypeId = ?)
	bind => [8FFE16F0-EA30-4876-A5F2-D669BD3CAA9F]
[EL Fine]: sql: 2016-02-01 12:33:16.616--ClientSession(862768727)--Connection(1621683395)--Thread(Thread[Test worker,5,main])--UPDATE ast_ContactType_M SET contactType = ?, contactTypeDesc = ?, contactTypeIcon = ?, updatedBy = ?, versionId = ? WHERE ((contactTypeId = ?) AND (versionId = ?))
	bind => [ibQqtOVsirbknRSYucI9pAECrN60CDvPZ6oJP5PNGtVVJZil7f, nfmXv7cwSyxVlh0D2sHOpFjJCHvGnkMnQtK9wQsJkW8UXtMfqr, iOiH3Bj87mrYVvatd9S4hScuKSmh0GGe3LweMpC8ejuY6fMlnL, AAAAA, 2, 8FFE16F0-EA30-4876-A5F2-D669BD3CAA9F, 1]
[EL Fine]: sql: 2016-02-01 12:33:16.649--ClientSession(1962106976)--Connection(1621683395)--Thread(Thread[Test worker,5,main])--SELECT contactTypeId, contactType, contactTypeDesc, contactTypeIcon, versionId, createdBy, createdDate, updatedBy, updatedDate, activeStatus, txnAccessCode FROM ast_ContactType_M WHERE ((activeStatus = ?) AND (contactTypeId = ?))
	bind => [1, 8FFE16F0-EA30-4876-A5F2-D669BD3CAA9F]
[EL Fine]: sql: 2016-02-01 12:33:16.657--ClientSession(904792598)--Connection(1621683395)--Thread(Thread[Test worker,5,main])--SELECT contactTypeId, contactType, contactTypeDesc, contactTypeIcon, versionId, createdBy, createdDate, updatedBy, updatedDate, activeStatus, txnAccessCode FROM ast_ContactType_M WHERE (contactTypeId = ?)
	bind => [8FFE16F0-EA30-4876-A5F2-D669BD3CAA9F]
[EL Fine]: sql: 2016-02-01 12:33:16.659--ClientSession(904792598)--Connection(1621683395)--Thread(Thread[Test worker,5,main])--DELETE FROM ast_ContactType_M WHERE ((contactTypeId = ?) AND (versionId = ?))
	bind => [8FFE16F0-EA30-4876-A5F2-D669BD3CAA9F, 2]
]]></system-out>
  <system-err><![CDATA[]]></system-err>
</testsuite>
