<?xml version="1.0" encoding="UTF-8"?>
<testsuite name="com.app.server.service.TitleTestCase" tests="4" skipped="0" failures="0" errors="0" timestamp="2016-02-01T12:33:18" hostname="712172c71140" time="0.188">
  <properties/>
  <testcase name="test1Save" classname="com.app.server.service.TitleTestCase" time="0.046"/>
  <testcase name="test2Update" classname="com.app.server.service.TitleTestCase" time="0.074"/>
  <testcase name="test3FindById" classname="com.app.server.service.TitleTestCase" time="0.008"/>
  <testcase name="test4Delete" classname="com.app.server.service.TitleTestCase" time="0.058"/>
  <system-out><![CDATA[Setting logged in user info for ADD
[EL Fine]: sql: 2016-02-01 12:33:18.675--ClientSession(78551835)--Connection(1621683395)--Thread(Thread[Test worker,5,main])--INSERT INTO ast_Title_M (titleId, titles, versionId, createdBy, createdDate, updatedBy, updatedDate, activeStatus, txnAccessCode) VALUES (?, ?, ?, ?, ?, ?, ?, ?, ?)
	bind => [7AA1728C-F8EA-4AC2-99E2-541899EEB447, rjo4SUKWVa6fxfmc5CWTxrTwgswHqrwkOGPkLVx0BY6GlyIUXt, 1, AAAAA, 2016-02-01 12:33:18.667, null, 2016-02-01 12:33:18.667, 1, 51000]
[EL Fine]: sql: 2016-02-01 12:33:18.705--ClientSession(2006858106)--Connection(1621683395)--Thread(Thread[Test worker,5,main])--SELECT titleId, titles, versionId, createdBy, createdDate, updatedBy, updatedDate, activeStatus, txnAccessCode FROM ast_Title_M WHERE ((activeStatus = ?) AND (titleId = ?))
	bind => [1, 7AA1728C-F8EA-4AC2-99E2-541899EEB447]
Setting logged in user info for UPDATE
[EL Fine]: sql: 2016-02-01 12:33:18.709--ClientSession(1802736096)--Connection(1621683395)--Thread(Thread[Test worker,5,main])--SELECT titleId, titles, versionId, createdBy, createdDate, updatedBy, updatedDate, activeStatus, txnAccessCode FROM ast_Title_M WHERE (titleId = ?)
	bind => [7AA1728C-F8EA-4AC2-99E2-541899EEB447]
[EL Fine]: sql: 2016-02-01 12:33:18.711--ClientSession(1802736096)--Connection(1621683395)--Thread(Thread[Test worker,5,main])--UPDATE ast_Title_M SET titles = ?, updatedBy = ?, versionId = ? WHERE ((titleId = ?) AND (versionId = ?))
	bind => [FHH4mdaj2wMjfTc7Glqpo6KyNat8RUhl3n83QOko3FRt3g85oC, AAAAA, 2, 7AA1728C-F8EA-4AC2-99E2-541899EEB447, 1]
[EL Fine]: sql: 2016-02-01 12:33:18.779--ClientSession(1253005562)--Connection(1621683395)--Thread(Thread[Test worker,5,main])--SELECT titleId, titles, versionId, createdBy, createdDate, updatedBy, updatedDate, activeStatus, txnAccessCode FROM ast_Title_M WHERE ((activeStatus = ?) AND (titleId = ?))
	bind => [1, 7AA1728C-F8EA-4AC2-99E2-541899EEB447]
[EL Fine]: sql: 2016-02-01 12:33:18.786--ClientSession(1091027104)--Connection(1621683395)--Thread(Thread[Test worker,5,main])--SELECT titleId, titles, versionId, createdBy, createdDate, updatedBy, updatedDate, activeStatus, txnAccessCode FROM ast_Title_M WHERE (titleId = ?)
	bind => [7AA1728C-F8EA-4AC2-99E2-541899EEB447]
[EL Fine]: sql: 2016-02-01 12:33:18.789--ClientSession(1091027104)--Connection(1621683395)--Thread(Thread[Test worker,5,main])--DELETE FROM ast_Title_M WHERE ((titleId = ?) AND (versionId = ?))
	bind => [7AA1728C-F8EA-4AC2-99E2-541899EEB447, 2]
]]></system-out>
  <system-err><![CDATA[]]></system-err>
</testsuite>
