<?xml version="1.0" encoding="UTF-8"?>
<testsuite name="com.app.server.service.QuestionTestCase" tests="4" skipped="0" failures="0" errors="0" timestamp="2016-01-14T13:24:55" hostname="fd07891734ce" time="0.071">
  <properties/>
  <testcase name="test1Save" classname="com.app.server.service.QuestionTestCase" time="0.045"/>
  <testcase name="test2Update" classname="com.app.server.service.QuestionTestCase" time="0.012"/>
  <testcase name="test3FindById" classname="com.app.server.service.QuestionTestCase" time="0.006"/>
  <testcase name="test4Delete" classname="com.app.server.service.QuestionTestCase" time="0.008"/>
  <system-out><![CDATA[Setting logged in user info for ADD
[EL Fine]: sql: 2016-01-14 13:24:55.845--ClientSession(1187816284)--Connection(835491149)--Thread(Thread[Test worker,5,main])--INSERT INTO ast_Question_M (questionId, levelid, question, questionDetails, questionIcon, versionId, createdBy, createdDate, updatedBy, updatedDate, activeStatus, txnAccessCode) VALUES (?, ?, ?, ?, ?, ?, ?, ?, ?, ?, ?, ?)
	bind => [DD4C5A36-BF6A-4C90-BCDC-9C8E9CAB66B0, 6, qMoaYgzakE1lTCto9nrXd53ituLJ1mzOIQcqBD9SuUiH5yE0lc, wij, lrna2GOp76rYw4RJH8N2KypWLX5jaoXNGRqCmZBpj7IBsL4O71, 1, AAAAA, 2016-01-14 13:24:55.815, null, 2016-01-14 13:24:55.815, 1, null]
[EL Fine]: sql: 2016-01-14 13:24:55.853--ClientSession(2016197626)--Connection(835491149)--Thread(Thread[Test worker,5,main])--SELECT questionId, levelid, question, questionDetails, questionIcon, versionId, createdBy, createdDate, updatedBy, updatedDate, activeStatus, txnAccessCode FROM ast_Question_M WHERE ((activeStatus = ?) AND (questionId = ?))
	bind => [1, DD4C5A36-BF6A-4C90-BCDC-9C8E9CAB66B0]
Setting logged in user info for UPDATE
[EL Fine]: sql: 2016-01-14 13:24:55.856--ClientSession(1414869875)--Connection(835491149)--Thread(Thread[Test worker,5,main])--SELECT questionId, levelid, question, questionDetails, questionIcon, versionId, createdBy, createdDate, updatedBy, updatedDate, activeStatus, txnAccessCode FROM ast_Question_M WHERE (questionId = ?)
	bind => [DD4C5A36-BF6A-4C90-BCDC-9C8E9CAB66B0]
[EL Fine]: sql: 2016-01-14 13:24:55.858--ClientSession(1414869875)--Connection(835491149)--Thread(Thread[Test worker,5,main])--UPDATE ast_Question_M SET levelid = ?, question = ?, questionDetails = ?, questionIcon = ?, updatedBy = ?, versionId = ? WHERE ((questionId = ?) AND (versionId = ?))
	bind => [0, yCyibu94OzUMUOgY00lpY1nn0YHeIhqiEhp5L6V7gTmILGLmJ1, xa4, y2WuGt6U61tKGjhkGRFvE6kslna6sEANa3cl7w0iS65P2eB2yV, AAAAA, 2, DD4C5A36-BF6A-4C90-BCDC-9C8E9CAB66B0, 1]
[EL Fine]: sql: 2016-01-14 13:24:55.865--ClientSession(1839581309)--Connection(835491149)--Thread(Thread[Test worker,5,main])--SELECT questionId, levelid, question, questionDetails, questionIcon, versionId, createdBy, createdDate, updatedBy, updatedDate, activeStatus, txnAccessCode FROM ast_Question_M WHERE ((activeStatus = ?) AND (questionId = ?))
	bind => [1, DD4C5A36-BF6A-4C90-BCDC-9C8E9CAB66B0]
[EL Fine]: sql: 2016-01-14 13:24:55.87--ClientSession(289960635)--Connection(835491149)--Thread(Thread[Test worker,5,main])--SELECT questionId, levelid, question, questionDetails, questionIcon, versionId, createdBy, createdDate, updatedBy, updatedDate, activeStatus, txnAccessCode FROM ast_Question_M WHERE (questionId = ?)
	bind => [DD4C5A36-BF6A-4C90-BCDC-9C8E9CAB66B0]
[EL Fine]: sql: 2016-01-14 13:24:55.872--ClientSession(289960635)--Connection(835491149)--Thread(Thread[Test worker,5,main])--DELETE FROM ast_Question_M WHERE ((questionId = ?) AND (versionId = ?))
	bind => [DD4C5A36-BF6A-4C90-BCDC-9C8E9CAB66B0, 2]
]]></system-out>
  <system-err><![CDATA[]]></system-err>
</testsuite>
