<?xml version="1.0" encoding="UTF-8"?>
<testsuite name="com.app.server.service.NewoneTestCase" tests="4" skipped="0" failures="0" errors="0" timestamp="2016-01-14T13:24:57" hostname="fd07891734ce" time="0.079">
  <properties/>
  <testcase name="test1Save" classname="com.app.server.service.NewoneTestCase" time="0.054"/>
  <testcase name="test2Update" classname="com.app.server.service.NewoneTestCase" time="0.011"/>
  <testcase name="test3FindById" classname="com.app.server.service.NewoneTestCase" time="0.005"/>
  <testcase name="test4Delete" classname="com.app.server.service.NewoneTestCase" time="0.009"/>
  <system-out><![CDATA[Setting logged in user info for ADD
[EL Fine]: sql: 2016-01-14 13:24:57.575--ClientSession(877717177)--Connection(835491149)--Thread(Thread[Test worker,5,main])--INSERT INTO ast_Newone_M (test, versionId, createdBy, createdDate, updatedBy, updatedDate, activeStatus, txnAccessCode) VALUES (?, ?, ?, ?, ?, ?, ?, ?)
	bind => [yjh, 1, AAAAA, 2016-01-14 13:24:57.536, null, 2016-01-14 13:24:57.536, 1, null]
[EL Fine]: sql: 2016-01-14 13:24:57.577--ClientSession(877717177)--Connection(835491149)--Thread(Thread[Test worker,5,main])--SELECT LAST_INSERT_ID()
[EL Fine]: sql: 2016-01-14 13:24:57.583--ClientSession(1284633886)--Connection(835491149)--Thread(Thread[Test worker,5,main])--SELECT pk1, test, versionId, createdBy, createdDate, updatedBy, updatedDate, activeStatus, txnAccessCode FROM ast_Newone_M WHERE ((activeStatus = ?) AND (pk1 = ?))
	bind => [1, 1]
Setting logged in user info for UPDATE
[EL Fine]: sql: 2016-01-14 13:24:57.586--ClientSession(2102734813)--Connection(835491149)--Thread(Thread[Test worker,5,main])--SELECT pk1, test, versionId, createdBy, createdDate, updatedBy, updatedDate, activeStatus, txnAccessCode FROM ast_Newone_M WHERE (pk1 = ?)
	bind => [1]
[EL Fine]: sql: 2016-01-14 13:24:57.587--ClientSession(2102734813)--Connection(835491149)--Thread(Thread[Test worker,5,main])--UPDATE ast_Newone_M SET test = ?, updatedBy = ?, versionId = ? WHERE ((pk1 = ?) AND (versionId = ?))
	bind => [C9w, AAAAA, 2, 1, 1]
[EL Fine]: sql: 2016-01-14 13:24:57.594--ClientSession(1484699828)--Connection(835491149)--Thread(Thread[Test worker,5,main])--SELECT pk1, test, versionId, createdBy, createdDate, updatedBy, updatedDate, activeStatus, txnAccessCode FROM ast_Newone_M WHERE ((activeStatus = ?) AND (pk1 = ?))
	bind => [1, 1]
[EL Fine]: sql: 2016-01-14 13:24:57.599--ClientSession(959902794)--Connection(835491149)--Thread(Thread[Test worker,5,main])--SELECT pk1, test, versionId, createdBy, createdDate, updatedBy, updatedDate, activeStatus, txnAccessCode FROM ast_Newone_M WHERE (pk1 = ?)
	bind => [1]
[EL Fine]: sql: 2016-01-14 13:24:57.6--ClientSession(959902794)--Connection(835491149)--Thread(Thread[Test worker,5,main])--DELETE FROM ast_Newone_M WHERE ((pk1 = ?) AND (versionId = ?))
	bind => [1, 2]
]]></system-out>
  <system-err><![CDATA[]]></system-err>
</testsuite>
