<?xml version="1.0" encoding="UTF-8"?>
<testsuite name="com.app.server.service.PasswordPolicyTestCase" tests="4" skipped="0" failures="0" errors="0" timestamp="2016-01-14T13:24:57" hostname="fd07891734ce" time="0.073">
  <properties/>
  <testcase name="test1Save" classname="com.app.server.service.PasswordPolicyTestCase" time="0.049"/>
  <testcase name="test2Update" classname="com.app.server.service.PasswordPolicyTestCase" time="0.011"/>
  <testcase name="test3FindById" classname="com.app.server.service.PasswordPolicyTestCase" time="0.005"/>
  <testcase name="test4Delete" classname="com.app.server.service.PasswordPolicyTestCase" time="0.008"/>
  <system-out><![CDATA[Setting logged in user info for ADD
[EL Fine]: sql: 2016-01-14 13:24:57.253--ClientSession(1819806103)--Connection(835491149)--Thread(Thread[Test worker,5,main])--INSERT INTO ast_PasswordPolicy_M (policyId, allowedSpecialLetters, maxPwdLength, minCapitalLetters, minNumericValues, minPwdLength, minSmallLetters, minSpecialLetters, policyDescription, policyName, versionId, createdBy, createdDate, updatedBy, updatedDate, activeStatus, txnAccessCode) VALUES (?, ?, ?, ?, ?, ?, ?, ?, ?, ?, ?, ?, ?, ?, ?, ?, ?)
	bind => [4F7F0778-99A4-438C-B4EB-E667B7DB527D, jEMicVszCc1cH8GPVfqHw1uAvIJiSFHCZHZu5rxMQKKiQLHFb1, 24, 3, 3, 11, 1, 10, KrRNe2Cfu5jUFNRbizQ4QceHPI53YdBLuYpSapWwhF4VrME3gE, HozfCsUoPYTT3zAlHamN56R9Aa7yNxuMzbKTCApF64p1dMVN4R, 1, AAAAA, 2016-01-14 13:24:57.221, null, 2016-01-14 13:24:57.221, 1, null]
[EL Fine]: sql: 2016-01-14 13:24:57.262--ClientSession(534887805)--Connection(835491149)--Thread(Thread[Test worker,5,main])--SELECT policyId, allowedSpecialLetters, maxPwdLength, minCapitalLetters, minNumericValues, minPwdLength, minSmallLetters, minSpecialLetters, policyDescription, policyName, versionId, createdBy, createdDate, updatedBy, updatedDate, activeStatus, txnAccessCode FROM ast_PasswordPolicy_M WHERE ((activeStatus = ?) AND (policyId = ?))
	bind => [1, 4F7F0778-99A4-438C-B4EB-E667B7DB527D]
Setting logged in user info for UPDATE
[EL Fine]: sql: 2016-01-14 13:24:57.265--ClientSession(1332894063)--Connection(835491149)--Thread(Thread[Test worker,5,main])--SELECT policyId, allowedSpecialLetters, maxPwdLength, minCapitalLetters, minNumericValues, minPwdLength, minSmallLetters, minSpecialLetters, policyDescription, policyName, versionId, createdBy, createdDate, updatedBy, updatedDate, activeStatus, txnAccessCode FROM ast_PasswordPolicy_M WHERE (policyId = ?)
	bind => [4F7F0778-99A4-438C-B4EB-E667B7DB527D]
[EL Fine]: sql: 2016-01-14 13:24:57.267--ClientSession(1332894063)--Connection(835491149)--Thread(Thread[Test worker,5,main])--UPDATE ast_PasswordPolicy_M SET allowedSpecialLetters = ?, maxPwdLength = ?, minCapitalLetters = ?, minNumericValues = ?, minPwdLength = ?, minSmallLetters = ?, minSpecialLetters = ?, policyDescription = ?, policyName = ?, updatedBy = ?, versionId = ? WHERE ((policyId = ?) AND (versionId = ?))
	bind => [CARHFNSjdecGN3IVaZcpm6niCZFWS2DhCByUwcrdFiPLlYey0D, 20, 5, 8, 7, 3, 8, acz92m2ImafZsc6LS05t8ScwSeCUsUITKIJZcz5zBcNv6gioJb, tyMvbYqIjhMgmKccjBZTRrW2TFngzWZAROqx6DNBj6UQXUUH7B, AAAAA, 2, 4F7F0778-99A4-438C-B4EB-E667B7DB527D, 1]
[EL Fine]: sql: 2016-01-14 13:24:57.273--ClientSession(1186443652)--Connection(835491149)--Thread(Thread[Test worker,5,main])--SELECT policyId, allowedSpecialLetters, maxPwdLength, minCapitalLetters, minNumericValues, minPwdLength, minSmallLetters, minSpecialLetters, policyDescription, policyName, versionId, createdBy, createdDate, updatedBy, updatedDate, activeStatus, txnAccessCode FROM ast_PasswordPolicy_M WHERE ((activeStatus = ?) AND (policyId = ?))
	bind => [1, 4F7F0778-99A4-438C-B4EB-E667B7DB527D]
[EL Fine]: sql: 2016-01-14 13:24:57.278--ClientSession(1990715111)--Connection(835491149)--Thread(Thread[Test worker,5,main])--SELECT policyId, allowedSpecialLetters, maxPwdLength, minCapitalLetters, minNumericValues, minPwdLength, minSmallLetters, minSpecialLetters, policyDescription, policyName, versionId, createdBy, createdDate, updatedBy, updatedDate, activeStatus, txnAccessCode FROM ast_PasswordPolicy_M WHERE (policyId = ?)
	bind => [4F7F0778-99A4-438C-B4EB-E667B7DB527D]
[EL Fine]: sql: 2016-01-14 13:24:57.28--ClientSession(1990715111)--Connection(835491149)--Thread(Thread[Test worker,5,main])--DELETE FROM ast_PasswordPolicy_M WHERE ((policyId = ?) AND (versionId = ?))
	bind => [4F7F0778-99A4-438C-B4EB-E667B7DB527D, 2]
]]></system-out>
  <system-err><![CDATA[]]></system-err>
</testsuite>
