<?xml version="1.0" encoding="UTF-8"?>
<testsuite name="com.app.server.service.PasswordAlgoTestCase" tests="4" skipped="0" failures="0" errors="0" timestamp="2016-01-14T13:24:58" hostname="fd07891734ce" time="0.085">
  <properties/>
  <testcase name="test1Save" classname="com.app.server.service.PasswordAlgoTestCase" time="0.062"/>
  <testcase name="test2Update" classname="com.app.server.service.PasswordAlgoTestCase" time="0.011"/>
  <testcase name="test3FindById" classname="com.app.server.service.PasswordAlgoTestCase" time="0.004"/>
  <testcase name="test4Delete" classname="com.app.server.service.PasswordAlgoTestCase" time="0.008"/>
  <system-out><![CDATA[Setting logged in user info for ADD
[EL Fine]: sql: 2016-01-14 13:24:58.09--ClientSession(888285074)--Connection(835491149)--Thread(Thread[Test worker,5,main])--INSERT INTO ast_PasswordAlgo_M (algoId, algoDescription, algoHelp, algoIcon, algoName, algorithm, versionId, createdBy, createdDate, updatedBy, updatedDate, activeStatus, txnAccessCode) VALUES (?, ?, ?, ?, ?, ?, ?, ?, ?, ?, ?, ?, ?)
	bind => [EE21A01E-4731-44FC-AF30-410F642CD518, 5MX2TKdonpbp9woLF7LiaUNbuuSaNZUIrzhw3qfDUcoKhMpAvV, NYHTNSpxzNzby6qU4Iw0LZrU6bPW9RUWttY7NypNyBsUXm4bhe, 2OSUE9UOmRdFqtHScPAI0t7dCUGeFt2yjlI3RMsgd5gVyMIfAj, Wa2WGuEh5lsZvIOXj6rdecbBTdAKfHhsOYqPQ9rzWRjMx8gIUP, 4, 1, AAAAA, 2016-01-14 13:24:58.047, null, 2016-01-14 13:24:58.047, 1, null]
[EL Fine]: sql: 2016-01-14 13:24:58.097--ClientSession(1950419545)--Connection(835491149)--Thread(Thread[Test worker,5,main])--SELECT algoId, algoDescription, algoHelp, algoIcon, algoName, algorithm, versionId, createdBy, createdDate, updatedBy, updatedDate, activeStatus, txnAccessCode FROM ast_PasswordAlgo_M WHERE ((activeStatus = ?) AND (algoId = ?))
	bind => [1, EE21A01E-4731-44FC-AF30-410F642CD518]
Setting logged in user info for UPDATE
[EL Fine]: sql: 2016-01-14 13:24:58.099--ClientSession(1929511716)--Connection(835491149)--Thread(Thread[Test worker,5,main])--SELECT algoId, algoDescription, algoHelp, algoIcon, algoName, algorithm, versionId, createdBy, createdDate, updatedBy, updatedDate, activeStatus, txnAccessCode FROM ast_PasswordAlgo_M WHERE (algoId = ?)
	bind => [EE21A01E-4731-44FC-AF30-410F642CD518]
[EL Fine]: sql: 2016-01-14 13:24:58.1--ClientSession(1929511716)--Connection(835491149)--Thread(Thread[Test worker,5,main])--UPDATE ast_PasswordAlgo_M SET algoDescription = ?, algoHelp = ?, algoIcon = ?, algoName = ?, algorithm = ?, updatedBy = ?, versionId = ? WHERE ((algoId = ?) AND (versionId = ?))
	bind => [u7QTiUDrz0m7dcfsxx4giSBiLaooioQPdcsMFa3NGd0na5okNs, 6rstL7dAPUMP5eow01yCZDbAmaFOW11zyZqsWwVYJE3h9mpIHc, orEsDxYJhR8SR1MebVu734AiQe8HTkwObNMlLNYN2dhhGT8kk2, nkDs1qQ5vkE7kJIIxPju9scnKPC4y3WBFjATmAVSztZrZhYQ4Q, 9, AAAAA, 2, EE21A01E-4731-44FC-AF30-410F642CD518, 1]
[EL Fine]: sql: 2016-01-14 13:24:58.107--ClientSession(492490910)--Connection(835491149)--Thread(Thread[Test worker,5,main])--SELECT algoId, algoDescription, algoHelp, algoIcon, algoName, algorithm, versionId, createdBy, createdDate, updatedBy, updatedDate, activeStatus, txnAccessCode FROM ast_PasswordAlgo_M WHERE ((activeStatus = ?) AND (algoId = ?))
	bind => [1, EE21A01E-4731-44FC-AF30-410F642CD518]
[EL Fine]: sql: 2016-01-14 13:24:58.111--ClientSession(1042268007)--Connection(835491149)--Thread(Thread[Test worker,5,main])--SELECT algoId, algoDescription, algoHelp, algoIcon, algoName, algorithm, versionId, createdBy, createdDate, updatedBy, updatedDate, activeStatus, txnAccessCode FROM ast_PasswordAlgo_M WHERE (algoId = ?)
	bind => [EE21A01E-4731-44FC-AF30-410F642CD518]
[EL Fine]: sql: 2016-01-14 13:24:58.112--ClientSession(1042268007)--Connection(835491149)--Thread(Thread[Test worker,5,main])--DELETE FROM ast_PasswordAlgo_M WHERE ((algoId = ?) AND (versionId = ?))
	bind => [EE21A01E-4731-44FC-AF30-410F642CD518, 2]
]]></system-out>
  <system-err><![CDATA[]]></system-err>
</testsuite>
