<?xml version="1.0" encoding="UTF-8"?>
<testsuite name="project3.app.server.service.TimezoneTestCase" tests="4" skipped="0" failures="0" errors="0" timestamp="2016-01-18T09:41:28" hostname="999a71990197" time="0.182">
  <properties/>
  <testcase name="test1Save" classname="project3.app.server.service.TimezoneTestCase" time="0.065"/>
  <testcase name="test2Update" classname="project3.app.server.service.TimezoneTestCase" time="0.058"/>
  <testcase name="test3FindById" classname="project3.app.server.service.TimezoneTestCase" time="0.008"/>
  <testcase name="test4Delete" classname="project3.app.server.service.TimezoneTestCase" time="0.05"/>
  <system-out><![CDATA[Setting logged in user info for ADD
[EL Fine]: sql: 2016-01-18 09:41:28.913--ClientSession(941459961)--Connection(781524917)--Thread(Thread[Test worker,5,main])--INSERT INTO ast_Timezone_M (timeZoneId, cities, country, gmtLabel, timeZoneLabel, utcdifference, versionId, createdBy, createdDate, updatedBy, updatedDate, activeStatus, txnAccessCode) VALUES (?, ?, ?, ?, ?, ?, ?, ?, ?, ?, ?, ?, ?)
	bind => [FC9D6154-0ECD-4CF1-B90E-4D3BB0C58389, l58vWtYMS5Upq05V7CCU2IIUJXfyLi2siQewiYBM8PDy9GHh64, wkp0OXocKeyEDN7XhiEldbZA4B07wR5o5FokzLUOYSz1DMgFM4, Zp8ApqPWKA80ncoePIfgzgWjjwURHA1RW0q1kV8dDNT7ikt7bs, FCdYcON7tGsLOgwuHROCe38UUegbiserCiKv4YISUwfB4rlsGu, 9, 1, AAAAA, 2016-01-18 09:41:28.908, null, 2016-01-18 09:41:28.908, 1, null]
[EL Fine]: sql: 2016-01-18 09:41:28.969--ClientSession(193526071)--Connection(781524917)--Thread(Thread[Test worker,5,main])--SELECT timeZoneId, cities, country, gmtLabel, timeZoneLabel, utcdifference, versionId, createdBy, createdDate, updatedBy, updatedDate, activeStatus, txnAccessCode FROM ast_Timezone_M WHERE ((activeStatus = ?) AND (timeZoneId = ?))
	bind => [1, FC9D6154-0ECD-4CF1-B90E-4D3BB0C58389]
Setting logged in user info for UPDATE
[EL Fine]: sql: 2016-01-18 09:41:28.971--ClientSession(1595666718)--Connection(781524917)--Thread(Thread[Test worker,5,main])--SELECT timeZoneId, cities, country, gmtLabel, timeZoneLabel, utcdifference, versionId, createdBy, createdDate, updatedBy, updatedDate, activeStatus, txnAccessCode FROM ast_Timezone_M WHERE (timeZoneId = ?)
	bind => [FC9D6154-0ECD-4CF1-B90E-4D3BB0C58389]
[EL Fine]: sql: 2016-01-18 09:41:28.974--ClientSession(1595666718)--Connection(781524917)--Thread(Thread[Test worker,5,main])--UPDATE ast_Timezone_M SET cities = ?, country = ?, gmtLabel = ?, timeZoneLabel = ?, utcdifference = ?, updatedBy = ?, versionId = ? WHERE ((timeZoneId = ?) AND (versionId = ?))
	bind => [3MS453sL3zl2r78I6r9V0M5qQgqsTMj0ajl2pmZE9xkcfD7Y4M, c0l4AGHXfSzC2vHZOcpuZEVsbpNGAsErAy2mhVSo9SJwNljuL7, InqWK9ZSFWXtxv1HQ5HwbMwlJ4Thdh4uENhbiB5ddp8Jo09AWj, tG9rbk4WNmLNT0D8XaAwYZyeisF9LsCZYtuXAl6ihWMg1bGguH, 5, AAAAA, 2, FC9D6154-0ECD-4CF1-B90E-4D3BB0C58389, 1]
[EL Fine]: sql: 2016-01-18 09:41:29.027--ClientSession(49573211)--Connection(781524917)--Thread(Thread[Test worker,5,main])--SELECT timeZoneId, cities, country, gmtLabel, timeZoneLabel, utcdifference, versionId, createdBy, createdDate, updatedBy, updatedDate, activeStatus, txnAccessCode FROM ast_Timezone_M WHERE ((activeStatus = ?) AND (timeZoneId = ?))
	bind => [1, FC9D6154-0ECD-4CF1-B90E-4D3BB0C58389]
[EL Fine]: sql: 2016-01-18 09:41:29.032--ClientSession(1963803449)--Connection(781524917)--Thread(Thread[Test worker,5,main])--SELECT timeZoneId, cities, country, gmtLabel, timeZoneLabel, utcdifference, versionId, createdBy, createdDate, updatedBy, updatedDate, activeStatus, txnAccessCode FROM ast_Timezone_M WHERE (timeZoneId = ?)
	bind => [FC9D6154-0ECD-4CF1-B90E-4D3BB0C58389]
[EL Fine]: sql: 2016-01-18 09:41:29.033--ClientSession(1963803449)--Connection(781524917)--Thread(Thread[Test worker,5,main])--DELETE FROM ast_Timezone_M WHERE ((timeZoneId = ?) AND (versionId = ?))
	bind => [FC9D6154-0ECD-4CF1-B90E-4D3BB0C58389, 2]
]]></system-out>
  <system-err><![CDATA[]]></system-err>
</testsuite>
