<?xml version="1.0" encoding="UTF-8"?>
<testsuite name="project3.app.server.service.QuestionTestCase" tests="4" skipped="0" failures="0" errors="0" timestamp="2016-01-18T09:41:25" hostname="999a71990197" time="0.214">
  <properties/>
  <testcase name="test1Save" classname="project3.app.server.service.QuestionTestCase" time="0.081"/>
  <testcase name="test2Update" classname="project3.app.server.service.QuestionTestCase" time="0.066"/>
  <testcase name="test3FindById" classname="project3.app.server.service.QuestionTestCase" time="0.009"/>
  <testcase name="test4Delete" classname="project3.app.server.service.QuestionTestCase" time="0.058"/>
  <system-out><![CDATA[Setting logged in user info for ADD
[EL Fine]: sql: 2016-01-18 09:41:25.189--ClientSession(688976656)--Connection(781524917)--Thread(Thread[Test worker,5,main])--INSERT INTO ast_Question_M (questionId, levelid, question, questionDetails, questionIcon, versionId, createdBy, createdDate, updatedBy, updatedDate, activeStatus, txnAccessCode) VALUES (?, ?, ?, ?, ?, ?, ?, ?, ?, ?, ?, ?)
	bind => [94EC4564-8526-452E-9D7F-798E40B7C8DD, 9, BtfNgIXihR8ywlOtRneqzt1Lc2zoW6dUeCminO37s1JmbrRhI9, r, rTPh78njbsml0bFzblD4cpTxgeZ0SAqOwZFsslIUTXdrUmd74P, 1, AAAAA, 2016-01-18 09:41:25.17, null, 2016-01-18 09:41:25.17, 1, null]
[EL Fine]: sql: 2016-01-18 09:41:25.247--ClientSession(1273504334)--Connection(781524917)--Thread(Thread[Test worker,5,main])--SELECT questionId, levelid, question, questionDetails, questionIcon, versionId, createdBy, createdDate, updatedBy, updatedDate, activeStatus, txnAccessCode FROM ast_Question_M WHERE ((activeStatus = ?) AND (questionId = ?))
	bind => [1, 94EC4564-8526-452E-9D7F-798E40B7C8DD]
Setting logged in user info for UPDATE
[EL Fine]: sql: 2016-01-18 09:41:25.253--ClientSession(373973695)--Connection(781524917)--Thread(Thread[Test worker,5,main])--SELECT questionId, levelid, question, questionDetails, questionIcon, versionId, createdBy, createdDate, updatedBy, updatedDate, activeStatus, txnAccessCode FROM ast_Question_M WHERE (questionId = ?)
	bind => [94EC4564-8526-452E-9D7F-798E40B7C8DD]
[EL Fine]: sql: 2016-01-18 09:41:25.254--ClientSession(373973695)--Connection(781524917)--Thread(Thread[Test worker,5,main])--UPDATE ast_Question_M SET levelid = ?, question = ?, questionDetails = ?, questionIcon = ?, updatedBy = ?, versionId = ? WHERE ((questionId = ?) AND (versionId = ?))
	bind => [11, TVWIaPtDtBAPUXGS5gMGpNsNkew1N9TUZE7etrIzI85rAYse8N, 7, DZ2lgd2geyyBDN1rBooW7YRFSJfZamULnlVvb9gG7Skn3XfRzi, AAAAA, 2, 94EC4564-8526-452E-9D7F-798E40B7C8DD, 1]
[EL Fine]: sql: 2016-01-18 09:41:25.313--ClientSession(1360726351)--Connection(781524917)--Thread(Thread[Test worker,5,main])--SELECT questionId, levelid, question, questionDetails, questionIcon, versionId, createdBy, createdDate, updatedBy, updatedDate, activeStatus, txnAccessCode FROM ast_Question_M WHERE ((activeStatus = ?) AND (questionId = ?))
	bind => [1, 94EC4564-8526-452E-9D7F-798E40B7C8DD]
[EL Fine]: sql: 2016-01-18 09:41:25.321--ClientSession(1727438635)--Connection(781524917)--Thread(Thread[Test worker,5,main])--SELECT questionId, levelid, question, questionDetails, questionIcon, versionId, createdBy, createdDate, updatedBy, updatedDate, activeStatus, txnAccessCode FROM ast_Question_M WHERE (questionId = ?)
	bind => [94EC4564-8526-452E-9D7F-798E40B7C8DD]
[EL Fine]: sql: 2016-01-18 09:41:25.322--ClientSession(1727438635)--Connection(781524917)--Thread(Thread[Test worker,5,main])--DELETE FROM ast_Question_M WHERE ((questionId = ?) AND (versionId = ?))
	bind => [94EC4564-8526-452E-9D7F-798E40B7C8DD, 2]
]]></system-out>
  <system-err><![CDATA[]]></system-err>
</testsuite>
