<?xml version="1.0" encoding="UTF-8"?>
<testsuite name="project3.app.server.service.UserAccessTestCase" tests="6" skipped="0" failures="0" errors="0" timestamp="2016-01-18T09:41:39" hostname="999a71990197" time="1.09">
  <properties/>
  <testcase name="test1Save" classname="project3.app.server.service.UserAccessTestCase" time="0.597"/>
  <testcase name="test2Update" classname="project3.app.server.service.UserAccessTestCase" time="0.083"/>
  <testcase name="test3FindById" classname="project3.app.server.service.UserAccessTestCase" time="0.008"/>
  <testcase name="test3findByregion" classname="project3.app.server.service.UserAccessTestCase" time="0.006"/>
  <testcase name="test3findByuserId" classname="project3.app.server.service.UserAccessTestCase" time="0.005"/>
  <testcase name="test4Delete" classname="project3.app.server.service.UserAccessTestCase" time="0.389"/>
  <system-out><![CDATA[[EL Fine]: sql: 2016-01-18 09:41:39.082--ClientSession(774059938)--Connection(781524917)--Thread(Thread[Test worker,5,main])--INSERT INTO ast_SalesRegion_M (regioncode, regionname, versionId, createdBy, createdDate, updatedBy, updatedDate, activeStatus, txnAccessCode) VALUES (?, ?, ?, ?, ?, ?, ?, ?, ?)
	bind => [B548D42D-C695-4B5E-BD4B-A1798F160A36, JOCzSlIfcEu86GYAlSIXQpBtOT0ftoG7kpjAl4HOM7RIGln9UO, 1, AAAAA, 2016-01-18 09:41:39.079, null, 2016-01-18 09:41:39.079, 1, null]
[EL Fine]: sql: 2016-01-18 09:41:39.145--ClientSession(1686871723)--Connection(781524917)--Thread(Thread[Test worker,5,main])--INSERT INTO ast_UserAccessDomain_M (userAccessDomainId, domainDescription, domainHelp, domainIcon, domainName, userAccessDomain, versionId, createdBy, createdDate, updatedBy, updatedDate, activeStatus, txnAccessCode) VALUES (?, ?, ?, ?, ?, ?, ?, ?, ?, ?, ?, ?, ?)
	bind => [0865D6E6-AAEC-4F48-A139-56121089DB7C, xtwLLmxPX6gL0g87iCNt643x3cuFmGBGPrSgw0lcUr6E5ADZSo, kHkHbs9DVf7oh0hLKo6GR1CskXjDQaDzbd7YbJO2qM2mwH7U3O, HagBeM6g4FSlgbxy0z1K5IpsP2aYCzfIJLsJ6aNllUvMX7VvVb, FjbJuxniyFli3Uv9dlJj5MXbxI4oyviKDRscDINiInMufzlAda, 32973, 1, AAAAA, 2016-01-18 09:41:39.14, null, 2016-01-18 09:41:39.14, 1, null]
[EL Fine]: sql: 2016-01-18 09:41:39.384--ClientSession(1162461323)--Connection(781524917)--Thread(Thread[Test worker,5,main])--INSERT INTO ast_UserAccessLevel_M (userAccessLevelId, levelDescription, levelHelp, levelIcon, levelName, userAccessLevel, versionId, createdBy, createdDate, updatedBy, updatedDate, activeStatus, txnAccessCode) VALUES (?, ?, ?, ?, ?, ?, ?, ?, ?, ?, ?, ?, ?)
	bind => [0B60E65F-3EE8-4275-8295-EDD651E5F9EF, Y6pZOAgr0wlz88YnXGj9Zvbdh3sEBmEnqbzHwPCjAUiZX28Pof, 3AD2Z3ZAh57fLnoIZkco82S92CXcyspk81qJIq3snVvOtZaG6A, wmuKdZXybQApwya2L0xPpwDsPywkUaVuk7fa8B2xvb8DLGA1Sj, AJ8LAecVtusfDZJ3eeB2fNXdMPiosg7IUvR7n7iZqObaDNadT7, 89680, 1, AAAAA, 2016-01-18 09:41:39.381, null, 2016-01-18 09:41:39.381, 1, null]
[EL Fine]: sql: 2016-01-18 09:41:39.525--ClientSession(1951561122)--Connection(781524917)--Thread(Thread[Test worker,5,main])--INSERT INTO ast_User_T (userId, allowMultipleLogin, changePasswordNextLogin, genTempOneTimePassword, isDeleted, isLocked, lastPasswordChangeDate, multiFactorAuthEnabled, passwordAlgo, passwordExpiryDate, sessionTimeout, userAccessCode, userAccessDomainId, userAccessLevelId, versionId, createdBy, createdDate, updatedBy, updatedDate, activeStatus, txnAccessCode) VALUES (?, ?, ?, ?, ?, ?, ?, ?, ?, ?, ?, ?, ?, ?, ?, ?, ?, ?, ?, ?, ?)
	bind => [9F27E640-8831-4641-BDF1-4806129E1866, 1, 1, 1, 0, 1, 1970-01-02 10:17:36.789, 1, BPgD7uEVEMziVaFBwKqfiN9S0rJTDiigJZQMrtYDe300JzZ6E3, 1970-01-02 10:17:36.789, 1874, 2, 0865D6E6-AAEC-4F48-A139-56121089DB7C, 0B60E65F-3EE8-4275-8295-EDD651E5F9EF, 1, AAAAA, 2016-01-18 09:41:39.14, null, 2016-01-18 09:41:39.14, 1, null]
Setting logged in user info for ADD
[EL Fine]: sql: 2016-01-18 09:41:39.579--ClientSession(1304337915)--Connection(781524917)--Thread(Thread[Test worker,5,main])--INSERT INTO ast_UserAccess_M (region, userId, versionId, createdBy, createdDate, updatedBy, updatedDate, activeStatus, txnAccessCode) VALUES (?, ?, ?, ?, ?, ?, ?, ?, ?)
	bind => [B548D42D-C695-4B5E-BD4B-A1798F160A36, 9F27E640-8831-4641-BDF1-4806129E1866, 1, AAAAA, 2016-01-18 09:41:39.557, null, 2016-01-18 09:41:39.557, 1, null]
[EL Fine]: sql: 2016-01-18 09:41:39.58--ClientSession(1304337915)--Connection(781524917)--Thread(Thread[Test worker,5,main])--SELECT LAST_INSERT_ID()
[EL Fine]: sql: 2016-01-18 09:41:39.672--ClientSession(1039398810)--Connection(781524917)--Thread(Thread[Test worker,5,main])--SELECT userAccessId, region, userId, versionId, createdBy, createdDate, updatedBy, updatedDate, activeStatus, txnAccessCode FROM ast_UserAccess_M WHERE ((activeStatus = ?) AND (userAccessId = ?))
	bind => [1, 2]
Setting logged in user info for UPDATE
[EL Fine]: sql: 2016-01-18 09:41:39.675--ClientSession(1816628997)--Connection(781524917)--Thread(Thread[Test worker,5,main])--SELECT userAccessId, region, userId, versionId, createdBy, createdDate, updatedBy, updatedDate, activeStatus, txnAccessCode FROM ast_UserAccess_M WHERE (userAccessId = ?)
	bind => [2]
[EL Fine]: sql: 2016-01-18 09:41:39.676--ClientSession(1816628997)--Connection(781524917)--Thread(Thread[Test worker,5,main])--UPDATE ast_UserAccess_M SET updatedBy = ?, versionId = ? WHERE ((userAccessId = ?) AND (versionId = ?))
	bind => [AAAAA, 2, 2, 1]
[EL Fine]: sql: 2016-01-18 09:41:39.754--ClientSession(139515597)--Connection(781524917)--Thread(Thread[Test worker,5,main])--SELECT userAccessId, region, userId, versionId, createdBy, createdDate, updatedBy, updatedDate, activeStatus, txnAccessCode FROM ast_UserAccess_M WHERE ((activeStatus = ?) AND (userAccessId = ?))
	bind => [1, 2]
[EL Fine]: sql: 2016-01-18 09:41:39.762--ClientSession(2034153004)--Connection(781524917)--Thread(Thread[Test worker,5,main])--SELECT userAccessId, region, userId, versionId, createdBy, createdDate, updatedBy, updatedDate, activeStatus, txnAccessCode FROM ast_UserAccess_M WHERE ((activeStatus = ?) AND (region = ?))
	bind => [1, B548D42D-C695-4B5E-BD4B-A1798F160A36]
[EL Fine]: sql: 2016-01-18 09:41:39.767--ClientSession(1678966698)--Connection(781524917)--Thread(Thread[Test worker,5,main])--SELECT userAccessId, region, userId, versionId, createdBy, createdDate, updatedBy, updatedDate, activeStatus, txnAccessCode FROM ast_UserAccess_M WHERE ((activeStatus = ?) AND (userId = ?))
	bind => [1, 9F27E640-8831-4641-BDF1-4806129E1866]
[EL Fine]: sql: 2016-01-18 09:41:39.772--ClientSession(675824895)--Connection(781524917)--Thread(Thread[Test worker,5,main])--SELECT userAccessId, region, userId, versionId, createdBy, createdDate, updatedBy, updatedDate, activeStatus, txnAccessCode FROM ast_UserAccess_M WHERE (userAccessId = ?)
	bind => [2]
[EL Fine]: sql: 2016-01-18 09:41:39.774--ClientSession(675824895)--Connection(781524917)--Thread(Thread[Test worker,5,main])--DELETE FROM ast_UserAccess_M WHERE ((userAccessId = ?) AND (versionId = ?))
	bind => [2, 2]
[EL Fine]: sql: 2016-01-18 09:41:39.816--ClientSession(2076938866)--Connection(781524917)--Thread(Thread[Test worker,5,main])--SELECT userId, allowMultipleLogin, changePasswordNextLogin, genTempOneTimePassword, isDeleted, isLocked, lastPasswordChangeDate, multiFactorAuthEnabled, passwordAlgo, passwordExpiryDate, sessionTimeout, userAccessCode, userAccessDomainId, userAccessLevelId, versionId, createdBy, createdDate, updatedBy, updatedDate, activeStatus, txnAccessCode FROM ast_User_T WHERE (userId = ?)
	bind => [9F27E640-8831-4641-BDF1-4806129E1866]
[EL Fine]: sql: 2016-01-18 09:41:39.818--ClientSession(2076938866)--Connection(781524917)--Thread(Thread[Test worker,5,main])--SELECT userDataId, last5Passwords, oneTimePassword, oneTimePasswordExpiry, oneTimePasswordGenDate, password, versionId, createdBy, createdDate, updatedBy, updatedDate, activeStatus, txnAccessCode, userId FROM ast_UserData_TP WHERE (userId = ?)
	bind => [9F27E640-8831-4641-BDF1-4806129E1866]
[EL Fine]: sql: 2016-01-18 09:41:39.819--ClientSession(2076938866)--Connection(781524917)--Thread(Thread[Test worker,5,main])--SELECT passRecoveryId, answer, questionId, versionId, createdBy, createdDate, updatedBy, updatedDate, activeStatus, txnAccessCode, userId FROM ast_PassRecovery_TP WHERE (userId = ?)
	bind => [9F27E640-8831-4641-BDF1-4806129E1866]
[EL Fine]: sql: 2016-01-18 09:41:39.821--ClientSession(2076938866)--Connection(781524917)--Thread(Thread[Test worker,5,main])--DELETE FROM ast_User_T WHERE ((userId = ?) AND (versionId = ?))
	bind => [9F27E640-8831-4641-BDF1-4806129E1866, 1]
[EL Fine]: sql: 2016-01-18 09:41:39.956--ClientSession(73298852)--Connection(781524917)--Thread(Thread[Test worker,5,main])--SELECT userAccessLevelId, levelDescription, levelHelp, levelIcon, levelName, userAccessLevel, versionId, createdBy, createdDate, updatedBy, updatedDate, activeStatus, txnAccessCode FROM ast_UserAccessLevel_M WHERE (userAccessLevelId = ?)
	bind => [0B60E65F-3EE8-4275-8295-EDD651E5F9EF]
[EL Fine]: sql: 2016-01-18 09:41:39.958--ClientSession(73298852)--Connection(781524917)--Thread(Thread[Test worker,5,main])--DELETE FROM ast_UserAccessLevel_M WHERE ((userAccessLevelId = ?) AND (versionId = ?))
	bind => [0B60E65F-3EE8-4275-8295-EDD651E5F9EF, 1]
[EL Fine]: sql: 2016-01-18 09:41:40.028--ClientSession(1680590499)--Connection(781524917)--Thread(Thread[Test worker,5,main])--SELECT userAccessDomainId, domainDescription, domainHelp, domainIcon, domainName, userAccessDomain, versionId, createdBy, createdDate, updatedBy, updatedDate, activeStatus, txnAccessCode FROM ast_UserAccessDomain_M WHERE (userAccessDomainId = ?)
	bind => [0865D6E6-AAEC-4F48-A139-56121089DB7C]
[EL Fine]: sql: 2016-01-18 09:41:40.03--ClientSession(1680590499)--Connection(781524917)--Thread(Thread[Test worker,5,main])--DELETE FROM ast_UserAccessDomain_M WHERE ((userAccessDomainId = ?) AND (versionId = ?))
	bind => [0865D6E6-AAEC-4F48-A139-56121089DB7C, 1]
[EL Fine]: sql: 2016-01-18 09:41:40.077--ClientSession(1980953642)--Connection(781524917)--Thread(Thread[Test worker,5,main])--SELECT regioncode, regionname, versionId, createdBy, createdDate, updatedBy, updatedDate, activeStatus, txnAccessCode FROM ast_SalesRegion_M WHERE (regioncode = ?)
	bind => [B548D42D-C695-4B5E-BD4B-A1798F160A36]
[EL Fine]: sql: 2016-01-18 09:41:40.079--ClientSession(1980953642)--Connection(781524917)--Thread(Thread[Test worker,5,main])--DELETE FROM ast_SalesRegion_M WHERE ((regioncode = ?) AND (versionId = ?))
	bind => [B548D42D-C695-4B5E-BD4B-A1798F160A36, 1]
]]></system-out>
  <system-err><![CDATA[]]></system-err>
</testsuite>
