<?xml version="1.0" encoding="UTF-8"?>
<testsuite name="project3.app.server.service.ChannelTestCase" tests="4" skipped="0" failures="0" errors="0" timestamp="2016-01-18T09:41:22" hostname="999a71990197" time="0.265">
  <properties/>
  <testcase name="test1Save" classname="project3.app.server.service.ChannelTestCase" time="0.073"/>
  <testcase name="test2Update" classname="project3.app.server.service.ChannelTestCase" time="0.082"/>
  <testcase name="test3FindById" classname="project3.app.server.service.ChannelTestCase" time="0.008"/>
  <testcase name="test4Delete" classname="project3.app.server.service.ChannelTestCase" time="0.102"/>
  <system-out><![CDATA[Setting logged in user info for ADD
[EL Fine]: sql: 2016-01-18 09:41:22.522--ClientSession(162530314)--Connection(781524917)--Thread(Thread[Test worker,5,main])--INSERT INTO ast_Channel_M (channelId, channel, versionId, createdBy, createdDate, updatedBy, updatedDate, activeStatus, txnAccessCode) VALUES (?, ?, ?, ?, ?, ?, ?, ?, ?)
	bind => [0E66764B-EE20-440B-B4E5-9A037E51E48F, eDBra60v9fKNe0w6Ps12nXTouw3JQUSReIKVv33RySn5Gr4GMf, 1, AAAAA, 2016-01-18 09:41:22.502, null, 2016-01-18 09:41:22.502, 1, null]
[EL Fine]: sql: 2016-01-18 09:41:22.569--ClientSession(1336010270)--Connection(781524917)--Thread(Thread[Test worker,5,main])--SELECT channelId, channel, versionId, createdBy, createdDate, updatedBy, updatedDate, activeStatus, txnAccessCode FROM ast_Channel_M WHERE ((activeStatus = ?) AND (channelId = ?))
	bind => [1, 0E66764B-EE20-440B-B4E5-9A037E51E48F]
Setting logged in user info for UPDATE
[EL Fine]: sql: 2016-01-18 09:41:22.572--ClientSession(1010342919)--Connection(781524917)--Thread(Thread[Test worker,5,main])--SELECT channelId, channel, versionId, createdBy, createdDate, updatedBy, updatedDate, activeStatus, txnAccessCode FROM ast_Channel_M WHERE (channelId = ?)
	bind => [0E66764B-EE20-440B-B4E5-9A037E51E48F]
[EL Fine]: sql: 2016-01-18 09:41:22.574--ClientSession(1010342919)--Connection(781524917)--Thread(Thread[Test worker,5,main])--UPDATE ast_Channel_M SET channel = ?, updatedBy = ?, versionId = ? WHERE ((channelId = ?) AND (versionId = ?))
	bind => [dq9qqz6OuaSjI9MwVi1Hzcs8cyTHLIH1kS53eYhIUuhLKZfqJc, AAAAA, 2, 0E66764B-EE20-440B-B4E5-9A037E51E48F, 1]
[EL Fine]: sql: 2016-01-18 09:41:22.65--ClientSession(1662120271)--Connection(781524917)--Thread(Thread[Test worker,5,main])--SELECT channelId, channel, versionId, createdBy, createdDate, updatedBy, updatedDate, activeStatus, txnAccessCode FROM ast_Channel_M WHERE ((activeStatus = ?) AND (channelId = ?))
	bind => [1, 0E66764B-EE20-440B-B4E5-9A037E51E48F]
[EL Fine]: sql: 2016-01-18 09:41:22.658--ClientSession(583887470)--Connection(781524917)--Thread(Thread[Test worker,5,main])--SELECT channelId, channel, versionId, createdBy, createdDate, updatedBy, updatedDate, activeStatus, txnAccessCode FROM ast_Channel_M WHERE (channelId = ?)
	bind => [0E66764B-EE20-440B-B4E5-9A037E51E48F]
[EL Fine]: sql: 2016-01-18 09:41:22.659--ClientSession(583887470)--Connection(781524917)--Thread(Thread[Test worker,5,main])--DELETE FROM ast_Channel_M WHERE ((channelId = ?) AND (versionId = ?))
	bind => [0E66764B-EE20-440B-B4E5-9A037E51E48F, 2]
]]></system-out>
  <system-err><![CDATA[]]></system-err>
</testsuite>
