<?xml version="1.0" encoding="UTF-8"?>
<testsuite name="project3.app.server.service.PasswordAlgoTestCase" tests="4" skipped="0" failures="0" errors="0" timestamp="2016-01-18T09:41:21" hostname="999a71990197" time="0.5">
  <properties/>
  <testcase name="test1Save" classname="project3.app.server.service.PasswordAlgoTestCase" time="0.367"/>
  <testcase name="test2Update" classname="project3.app.server.service.PasswordAlgoTestCase" time="0.082"/>
  <testcase name="test3FindById" classname="project3.app.server.service.PasswordAlgoTestCase" time="0.006"/>
  <testcase name="test4Delete" classname="project3.app.server.service.PasswordAlgoTestCase" time="0.044"/>
  <system-out><![CDATA[Setting logged in user info for ADD
[EL Fine]: sql: 2016-01-18 09:41:22.023--ClientSession(1701831722)--Connection(781524917)--Thread(Thread[Test worker,5,main])--INSERT INTO ast_PasswordAlgo_M (algoId, algoDescription, algoHelp, algoIcon, algoName, algorithm, versionId, createdBy, createdDate, updatedBy, updatedDate, activeStatus, txnAccessCode) VALUES (?, ?, ?, ?, ?, ?, ?, ?, ?, ?, ?, ?, ?)
	bind => [DE4EC0B4-9106-4F13-A0AC-E7829349753C, wpFqLUCCdjAs1RnC2Rk3YAKBLO7BnI59mcqywzXVxf5ki8P7rT, fJvzK4Xz1UXth4UkaC3KPF0tmWjoJflYLbSRKYFcTx4rhqeQCw, gCdRDFBAINAXTICwfapQll8sadhSRoUMH2ZCmEE0jIViXOozK7, GzVCbfX1Z2BBHqKkOseZfxUCozXTkUKG7l4uRhXHDz1Nw7W11U, 1, 1, AAAAA, 2016-01-18 09:41:22.0, null, 2016-01-18 09:41:22.0, 1, null]
[EL Fine]: sql: 2016-01-18 09:41:22.361--ClientSession(356382181)--Connection(781524917)--Thread(Thread[Test worker,5,main])--SELECT algoId, algoDescription, algoHelp, algoIcon, algoName, algorithm, versionId, createdBy, createdDate, updatedBy, updatedDate, activeStatus, txnAccessCode FROM ast_PasswordAlgo_M WHERE ((activeStatus = ?) AND (algoId = ?))
	bind => [1, DE4EC0B4-9106-4F13-A0AC-E7829349753C]
Setting logged in user info for UPDATE
[EL Fine]: sql: 2016-01-18 09:41:22.366--ClientSession(208292869)--Connection(781524917)--Thread(Thread[Test worker,5,main])--SELECT algoId, algoDescription, algoHelp, algoIcon, algoName, algorithm, versionId, createdBy, createdDate, updatedBy, updatedDate, activeStatus, txnAccessCode FROM ast_PasswordAlgo_M WHERE (algoId = ?)
	bind => [DE4EC0B4-9106-4F13-A0AC-E7829349753C]
[EL Fine]: sql: 2016-01-18 09:41:22.368--ClientSession(208292869)--Connection(781524917)--Thread(Thread[Test worker,5,main])--UPDATE ast_PasswordAlgo_M SET algoDescription = ?, algoHelp = ?, algoIcon = ?, algoName = ?, algorithm = ?, updatedBy = ?, versionId = ? WHERE ((algoId = ?) AND (versionId = ?))
	bind => [l4qHDoAYQx9xcRoHnB3hvl6YM0g3sLwtsKbeiRnwsyXGWPkStF, Il6mHp6yMYu4rVd5fPvmjyk1MHreGzbuCFd7QETQVnOAvZDoDp, 49DAWPhVSzoUj4ypzQ5PAONeIhzyTXyndN0zy0smnuxIx10tIB, vjjfWWH6TsMhL3IZhqdRzyPIXY8egqYHP0ET8BXb5YsrRm95uZ, 6, AAAAA, 2, DE4EC0B4-9106-4F13-A0AC-E7829349753C, 1]
[EL Fine]: sql: 2016-01-18 09:41:22.442--ClientSession(1965460945)--Connection(781524917)--Thread(Thread[Test worker,5,main])--SELECT algoId, algoDescription, algoHelp, algoIcon, algoName, algorithm, versionId, createdBy, createdDate, updatedBy, updatedDate, activeStatus, txnAccessCode FROM ast_PasswordAlgo_M WHERE ((activeStatus = ?) AND (algoId = ?))
	bind => [1, DE4EC0B4-9106-4F13-A0AC-E7829349753C]
[EL Fine]: sql: 2016-01-18 09:41:22.447--ClientSession(928275642)--Connection(781524917)--Thread(Thread[Test worker,5,main])--SELECT algoId, algoDescription, algoHelp, algoIcon, algoName, algorithm, versionId, createdBy, createdDate, updatedBy, updatedDate, activeStatus, txnAccessCode FROM ast_PasswordAlgo_M WHERE (algoId = ?)
	bind => [DE4EC0B4-9106-4F13-A0AC-E7829349753C]
[EL Fine]: sql: 2016-01-18 09:41:22.449--ClientSession(928275642)--Connection(781524917)--Thread(Thread[Test worker,5,main])--DELETE FROM ast_PasswordAlgo_M WHERE ((algoId = ?) AND (versionId = ?))
	bind => [DE4EC0B4-9106-4F13-A0AC-E7829349753C, 2]
]]></system-out>
  <system-err><![CDATA[]]></system-err>
</testsuite>
