<?xml version="1.0" encoding="UTF-8"?>
<testsuite name="project3.app.server.service.AppCustomerCategoryTestCase" tests="4" skipped="0" failures="0" errors="0" timestamp="2016-01-18T09:41:18" hostname="999a71990197" time="0.169">
  <properties/>
  <testcase name="test1Save" classname="project3.app.server.service.AppCustomerCategoryTestCase" time="0.053"/>
  <testcase name="test2Update" classname="project3.app.server.service.AppCustomerCategoryTestCase" time="0.058"/>
  <testcase name="test3FindById" classname="project3.app.server.service.AppCustomerCategoryTestCase" time="0.005"/>
  <testcase name="test4Delete" classname="project3.app.server.service.AppCustomerCategoryTestCase" time="0.052"/>
  <system-out><![CDATA[Setting logged in user info for ADD
[EL Fine]: sql: 2016-01-18 09:41:18.953--ClientSession(823455003)--Connection(781524917)--Thread(Thread[Test worker,5,main])--INSERT INTO ast_AppCustomerCategory_M (appcustCategoryId, customerCategory, versionId, createdBy, createdDate, updatedBy, updatedDate, activeStatus, txnAccessCode) VALUES (?, ?, ?, ?, ?, ?, ?, ?, ?)
	bind => [8D11B0D9-B527-46A9-86C2-8C1CAFC4D48E, Y6IrmzKGRp6xY0k4I5guZSLp455UNBzuLBfKHuKgclBR5ZLldc, 1, AAAAA, 2016-01-18 09:41:18.947, null, 2016-01-18 09:41:18.947, 1, null]
[EL Fine]: sql: 2016-01-18 09:41:18.993--ClientSession(2039239664)--Connection(781524917)--Thread(Thread[Test worker,5,main])--SELECT appcustCategoryId, customerCategory, versionId, createdBy, createdDate, updatedBy, updatedDate, activeStatus, txnAccessCode FROM ast_AppCustomerCategory_M WHERE ((activeStatus = ?) AND (appcustCategoryId = ?))
	bind => [1, 8D11B0D9-B527-46A9-86C2-8C1CAFC4D48E]
Setting logged in user info for UPDATE
[EL Fine]: sql: 2016-01-18 09:41:18.997--ClientSession(132199707)--Connection(781524917)--Thread(Thread[Test worker,5,main])--SELECT appcustCategoryId, customerCategory, versionId, createdBy, createdDate, updatedBy, updatedDate, activeStatus, txnAccessCode FROM ast_AppCustomerCategory_M WHERE (appcustCategoryId = ?)
	bind => [8D11B0D9-B527-46A9-86C2-8C1CAFC4D48E]
[EL Fine]: sql: 2016-01-18 09:41:19.0--ClientSession(132199707)--Connection(781524917)--Thread(Thread[Test worker,5,main])--UPDATE ast_AppCustomerCategory_M SET customerCategory = ?, updatedBy = ?, versionId = ? WHERE ((appcustCategoryId = ?) AND (versionId = ?))
	bind => [Q7VhqKBGr2GoezhH5SvGUVSSXYZHbSVFmmKEu8XAqhofSwpHo3, AAAAA, 2, 8D11B0D9-B527-46A9-86C2-8C1CAFC4D48E, 1]
[EL Fine]: sql: 2016-01-18 09:41:19.051--ClientSession(766118751)--Connection(781524917)--Thread(Thread[Test worker,5,main])--SELECT appcustCategoryId, customerCategory, versionId, createdBy, createdDate, updatedBy, updatedDate, activeStatus, txnAccessCode FROM ast_AppCustomerCategory_M WHERE ((activeStatus = ?) AND (appcustCategoryId = ?))
	bind => [1, 8D11B0D9-B527-46A9-86C2-8C1CAFC4D48E]
[EL Fine]: sql: 2016-01-18 09:41:19.057--ClientSession(188738441)--Connection(781524917)--Thread(Thread[Test worker,5,main])--SELECT appcustCategoryId, customerCategory, versionId, createdBy, createdDate, updatedBy, updatedDate, activeStatus, txnAccessCode FROM ast_AppCustomerCategory_M WHERE (appcustCategoryId = ?)
	bind => [8D11B0D9-B527-46A9-86C2-8C1CAFC4D48E]
[EL Fine]: sql: 2016-01-18 09:41:19.058--ClientSession(188738441)--Connection(781524917)--Thread(Thread[Test worker,5,main])--DELETE FROM ast_AppCustomerCategory_M WHERE ((appcustCategoryId = ?) AND (versionId = ?))
	bind => [8D11B0D9-B527-46A9-86C2-8C1CAFC4D48E, 2]
]]></system-out>
  <system-err><![CDATA[]]></system-err>
</testsuite>
