<?xml version="1.0" encoding="UTF-8"?>
<testsuite name="com.app.server.service.aaaboundedcontext.authentication.UserAccessDomainTestCase" tests="4" skipped="0" failures="0" errors="0" timestamp="2016-03-14T07:42:11" hostname="3651effa586b" time="0.303">
  <properties/>
  <testcase name="test1Save" classname="com.app.server.service.aaaboundedcontext.authentication.UserAccessDomainTestCase" time="0.123"/>
  <testcase name="test2Update" classname="com.app.server.service.aaaboundedcontext.authentication.UserAccessDomainTestCase" time="0.08"/>
  <testcase name="test3FindById" classname="com.app.server.service.aaaboundedcontext.authentication.UserAccessDomainTestCase" time="0.022"/>
  <testcase name="test4Delete" classname="com.app.server.service.aaaboundedcontext.authentication.UserAccessDomainTestCase" time="0.076"/>
  <system-out><![CDATA[Setting logged in user info for ADD
[EL Fine]: sql: 2016-03-14 07:42:12.043--ClientSession(1945519693)--Connection(374635292)--Thread(Thread[Test worker,5,main])--INSERT INTO ast_UserAccessDomain_M (userAccessDomainId, domainDescription, domainHelp, domainIcon, domainName, userAccessDomain, versionId, createdBy, createdDate, updatedBy, updatedDate, activeStatus, txnAccessCode) VALUES (?, ?, ?, ?, ?, ?, ?, ?, ?, ?, ?, ?, ?)
	bind => [740C99CC-4A36-4BE9-B8D1-E680BFD38718, vQEO7coRd0Wvpdv6sxVKC9WX5d7w80HNtByfdjfR3XoiTCDx2e, ltmvuxRwpbnNfoGM96BDiqNfFF5AqaITDQb62Q7398dD8qOZ4T, 76NfcoZ333519DkpcJnZZ8qi5fJhnZcZBFSYXELM9AizfZte0P, dW8gtYCOmMQXNHlkpNTsg6d8pyNwJfBl1HeAzI8QvzaYNhlN3a, 52255, 1, AAAAA, 2016-03-14 07:42:11.971, null, 2016-03-14 07:42:11.971, 1, 51000]
[EL Config]: connection: 2016-03-14 07:42:12.075--ServerSession(739468037)--Connection(374635292)--Thread(Thread[Test worker,5,main])--disconnect
[EL Fine]: sql: 2016-03-14 07:42:12.095--ClientSession(894521933)--Connection(480134686)--Thread(Thread[Test worker,5,main])--SELECT userAccessDomainId, domainDescription, domainHelp, domainIcon, domainName, userAccessDomain, versionId, createdBy, createdDate, updatedBy, updatedDate, activeStatus, txnAccessCode FROM ast_UserAccessDomain_M WHERE ((activeStatus = ?) AND (userAccessDomainId = ?))
	bind => [1, 740C99CC-4A36-4BE9-B8D1-E680BFD38718]
[EL Config]: connection: 2016-03-14 07:42:12.097--ServerSession(739468037)--Connection(480134686)--Thread(Thread[Test worker,5,main])--disconnect
Setting logged in user info for UPDATE
[EL Fine]: sql: 2016-03-14 07:42:12.105--ClientSession(1368199529)--Connection(1963750640)--Thread(Thread[Test worker,5,main])--SELECT userAccessDomainId, domainDescription, domainHelp, domainIcon, domainName, userAccessDomain, versionId, createdBy, createdDate, updatedBy, updatedDate, activeStatus, txnAccessCode FROM ast_UserAccessDomain_M WHERE (userAccessDomainId = ?)
	bind => [740C99CC-4A36-4BE9-B8D1-E680BFD38718]
[EL Fine]: sql: 2016-03-14 07:42:12.107--ClientSession(1368199529)--Connection(1963750640)--Thread(Thread[Test worker,5,main])--UPDATE ast_UserAccessDomain_M SET domainDescription = ?, domainHelp = ?, domainIcon = ?, domainName = ?, userAccessDomain = ?, updatedBy = ?, versionId = ? WHERE ((userAccessDomainId = ?) AND (versionId = ?))
	bind => [asT16J74hm7oge6zOSzBXcLozEytX8TTs9zyWHukwCJmBCHnwC, K3viRpg3IyCR220qdqduKg1BsiPAbqQacHvEsg20f8MdHTDHRz, lADr4T2aPCq1dbuyiK8vEi2FbJIQ7QDOKwkd9sx53vUmYqFfOm, 3hQEhYQQWB98dOCOvMUFNl2cYU8tsGkLKdcJMNzO53eHM90dO5, 34913, AAAAA, 2, 740C99CC-4A36-4BE9-B8D1-E680BFD38718, 1]
[EL Fine]: sql: 2016-03-14 07:42:12.176--ClientSession(1662314896)--Connection(1963750640)--Thread(Thread[Test worker,5,main])--SELECT userAccessDomainId, domainDescription, domainHelp, domainIcon, domainName, userAccessDomain, versionId, createdBy, createdDate, updatedBy, updatedDate, activeStatus, txnAccessCode FROM ast_UserAccessDomain_M WHERE ((activeStatus = ?) AND (userAccessDomainId = ?))
	bind => [1, 740C99CC-4A36-4BE9-B8D1-E680BFD38718]
[EL Fine]: sql: 2016-03-14 07:42:12.203--ClientSession(1937848248)--Connection(1963750640)--Thread(Thread[Test worker,5,main])--SELECT userAccessDomainId, domainDescription, domainHelp, domainIcon, domainName, userAccessDomain, versionId, createdBy, createdDate, updatedBy, updatedDate, activeStatus, txnAccessCode FROM ast_UserAccessDomain_M WHERE (userAccessDomainId = ?)
	bind => [740C99CC-4A36-4BE9-B8D1-E680BFD38718]
[EL Fine]: sql: 2016-03-14 07:42:12.206--ClientSession(1937848248)--Connection(1963750640)--Thread(Thread[Test worker,5,main])--DELETE FROM ast_UserAccessDomain_M WHERE ((userAccessDomainId = ?) AND (versionId = ?))
	bind => [740C99CC-4A36-4BE9-B8D1-E680BFD38718, 2]
]]></system-out>
  <system-err><![CDATA[]]></system-err>
</testsuite>
