<?xml version="1.0" encoding="UTF-8"?>
<testsuite name="com.app.server.service.aaaboundedcontext.authentication.PasswordAlgoTestCase" tests="4" skipped="0" failures="0" errors="0" timestamp="2016-03-14T07:42:12" hostname="3651effa586b" time="0.601">
  <properties/>
  <testcase name="test1Save" classname="com.app.server.service.aaaboundedcontext.authentication.PasswordAlgoTestCase" time="0.389"/>
  <testcase name="test2Update" classname="com.app.server.service.aaaboundedcontext.authentication.PasswordAlgoTestCase" time="0.128"/>
  <testcase name="test3FindById" classname="com.app.server.service.aaaboundedcontext.authentication.PasswordAlgoTestCase" time="0.013"/>
  <testcase name="test4Delete" classname="com.app.server.service.aaaboundedcontext.authentication.PasswordAlgoTestCase" time="0.069"/>
  <system-out><![CDATA[Setting logged in user info for ADD
[EL Fine]: sql: 2016-03-14 07:42:12.487--ClientSession(241266533)--Connection(1963750640)--Thread(Thread[Test worker,5,main])--INSERT INTO ast_PasswordAlgo_M (algoId, algoDescription, algoHelp, algoIcon, algoName, algorithm, versionId, createdBy, createdDate, updatedBy, updatedDate, activeStatus, txnAccessCode) VALUES (?, ?, ?, ?, ?, ?, ?, ?, ?, ?, ?, ?, ?)
	bind => [220A1AE9-2617-480E-8084-743B8094A6AD, uy2WqjvAfZqP8327af22t9AGhPOqwnq3ADmrGezvrilzsLxMJ5, 0L0uHnznZOB5p96VwfUxubLDO0GAhocwuzkWJLvQrJEDn9P2kG, HKtWX7REdHV3STzn5HJwsIMaznxQ0grXZa3tT0LoFAREobSkf2, VhnEm5T5AJV28fpTlFni32xUPMu3zh3j0Q2NNj7uFficfyXAKW, 10, 1, AAAAA, 2016-03-14 07:42:12.295, null, 2016-03-14 07:42:12.295, 1, 51000]
[EL Fine]: sql: 2016-03-14 07:42:12.681--ClientSession(1497981399)--Connection(1963750640)--Thread(Thread[Test worker,5,main])--SELECT algoId, algoDescription, algoHelp, algoIcon, algoName, algorithm, versionId, createdBy, createdDate, updatedBy, updatedDate, activeStatus, txnAccessCode FROM ast_PasswordAlgo_M WHERE ((activeStatus = ?) AND (algoId = ?))
	bind => [1, 220A1AE9-2617-480E-8084-743B8094A6AD]
Setting logged in user info for UPDATE
[EL Fine]: sql: 2016-03-14 07:42:12.691--ClientSession(2097612394)--Connection(1963750640)--Thread(Thread[Test worker,5,main])--SELECT algoId, algoDescription, algoHelp, algoIcon, algoName, algorithm, versionId, createdBy, createdDate, updatedBy, updatedDate, activeStatus, txnAccessCode FROM ast_PasswordAlgo_M WHERE (algoId = ?)
	bind => [220A1AE9-2617-480E-8084-743B8094A6AD]
[EL Fine]: sql: 2016-03-14 07:42:12.693--ClientSession(2097612394)--Connection(1963750640)--Thread(Thread[Test worker,5,main])--UPDATE ast_PasswordAlgo_M SET algoDescription = ?, algoHelp = ?, algoIcon = ?, algoName = ?, algorithm = ?, updatedBy = ?, versionId = ? WHERE ((algoId = ?) AND (versionId = ?))
	bind => [CtRbTB0rui4VzaB8FXaei1QUYNAW2xiFiodUtrWYdyxh6o0lfF, RzRCaIBA4P18nU7VST5wU4ZOuwi5HVQkhnupKFFfwIsetn7wOF, EHB9Npdq4FbqFbUjONIQFsKrmxMBmo341qao17629Uy8L6D4mu, 4ezDgQYD8kSfX1CluBWWpGFfqLQdbPLKuGLPsUc5cknOMBY3F0, 1, AAAAA, 2, 220A1AE9-2617-480E-8084-743B8094A6AD, 1]
[EL Fine]: sql: 2016-03-14 07:42:12.788--ClientSession(165448573)--Connection(1963750640)--Thread(Thread[Test worker,5,main])--SELECT algoId, algoDescription, algoHelp, algoIcon, algoName, algorithm, versionId, createdBy, createdDate, updatedBy, updatedDate, activeStatus, txnAccessCode FROM ast_PasswordAlgo_M WHERE ((activeStatus = ?) AND (algoId = ?))
	bind => [1, 220A1AE9-2617-480E-8084-743B8094A6AD]
[EL Fine]: sql: 2016-03-14 07:42:12.81--ClientSession(490406854)--Connection(1963750640)--Thread(Thread[Test worker,5,main])--SELECT algoId, algoDescription, algoHelp, algoIcon, algoName, algorithm, versionId, createdBy, createdDate, updatedBy, updatedDate, activeStatus, txnAccessCode FROM ast_PasswordAlgo_M WHERE (algoId = ?)
	bind => [220A1AE9-2617-480E-8084-743B8094A6AD]
[EL Fine]: sql: 2016-03-14 07:42:12.813--ClientSession(490406854)--Connection(1963750640)--Thread(Thread[Test worker,5,main])--DELETE FROM ast_PasswordAlgo_M WHERE ((algoId = ?) AND (versionId = ?))
	bind => [220A1AE9-2617-480E-8084-743B8094A6AD, 2]
]]></system-out>
  <system-err><![CDATA[]]></system-err>
</testsuite>
