<?xml version="1.0" encoding="UTF-8"?>
<testsuite name="testone.app.server.service.QuestionTestCase" tests="4" skipped="0" failures="0" errors="0" timestamp="2016-01-18T06:26:35" hostname="a3ffefafd425" time="0.212">
  <properties/>
  <testcase name="test1Save" classname="testone.app.server.service.QuestionTestCase" time="0.091"/>
  <testcase name="test2Update" classname="testone.app.server.service.QuestionTestCase" time="0.069"/>
  <testcase name="test3FindById" classname="testone.app.server.service.QuestionTestCase" time="0.009"/>
  <testcase name="test4Delete" classname="testone.app.server.service.QuestionTestCase" time="0.042"/>
  <system-out><![CDATA[Setting logged in user info for ADD
[EL Fine]: sql: 2016-01-18 06:26:35.887--ClientSession(929708384)--Connection(1208013581)--Thread(Thread[Test worker,5,main])--INSERT INTO ast_Question_M (questionId, levelid, question, questionDetails, questionIcon, versionId, createdBy, createdDate, updatedBy, updatedDate, activeStatus, txnAccessCode) VALUES (?, ?, ?, ?, ?, ?, ?, ?, ?, ?, ?, ?)
	bind => [8E9C816A-B79D-435D-97F5-0422E5007832, 7, md8WoOWJtQR1sYH0PUdYzpAkoQ5Svma1xxvbYsZeGUom6fplPc, G, bsDiCbZ4SzoLvhnFI1kAW3X5USLgerQtoeuaxR2ou4dIAmNkId, 1, AAAAA, 2016-01-18 06:26:35.846, null, 2016-01-18 06:26:35.846, 1, null]
[EL Config]: connection: 2016-01-18 06:26:35.922--ServerSession(614245919)--Connection(1208013581)--Thread(Thread[Test worker,5,main])--disconnect
[EL Fine]: sql: 2016-01-18 06:26:35.929--ClientSession(1345024172)--Connection(628982012)--Thread(Thread[Test worker,5,main])--SELECT questionId, levelid, question, questionDetails, questionIcon, versionId, createdBy, createdDate, updatedBy, updatedDate, activeStatus, txnAccessCode FROM ast_Question_M WHERE ((activeStatus = ?) AND (questionId = ?))
	bind => [1, 8E9C816A-B79D-435D-97F5-0422E5007832]
[EL Config]: connection: 2016-01-18 06:26:35.933--ServerSession(614245919)--Connection(628982012)--Thread(Thread[Test worker,5,main])--disconnect
Setting logged in user info for UPDATE
[EL Fine]: sql: 2016-01-18 06:26:35.936--ClientSession(371579289)--Connection(1700625697)--Thread(Thread[Test worker,5,main])--SELECT questionId, levelid, question, questionDetails, questionIcon, versionId, createdBy, createdDate, updatedBy, updatedDate, activeStatus, txnAccessCode FROM ast_Question_M WHERE (questionId = ?)
	bind => [8E9C816A-B79D-435D-97F5-0422E5007832]
[EL Fine]: sql: 2016-01-18 06:26:35.938--ClientSession(371579289)--Connection(1700625697)--Thread(Thread[Test worker,5,main])--UPDATE ast_Question_M SET levelid = ?, question = ?, questionDetails = ?, questionIcon = ?, updatedBy = ?, versionId = ? WHERE ((questionId = ?) AND (versionId = ?))
	bind => [2, CuLNSwn0wgk3n5K7cg4gyZXl1tVw7U9Gr0i337kU053Utj8ssA, J, vp3wxMryjJ9CfRHjGOGKbcwIW7dhDByDolrhy5DUaTXJSkExtO, AAAAA, 2, 8E9C816A-B79D-435D-97F5-0422E5007832, 1]
[EL Fine]: sql: 2016-01-18 06:26:35.999--ClientSession(1930536602)--Connection(1700625697)--Thread(Thread[Test worker,5,main])--SELECT questionId, levelid, question, questionDetails, questionIcon, versionId, createdBy, createdDate, updatedBy, updatedDate, activeStatus, txnAccessCode FROM ast_Question_M WHERE ((activeStatus = ?) AND (questionId = ?))
	bind => [1, 8E9C816A-B79D-435D-97F5-0422E5007832]
[EL Fine]: sql: 2016-01-18 06:26:36.007--ClientSession(1424898479)--Connection(1700625697)--Thread(Thread[Test worker,5,main])--SELECT questionId, levelid, question, questionDetails, questionIcon, versionId, createdBy, createdDate, updatedBy, updatedDate, activeStatus, txnAccessCode FROM ast_Question_M WHERE (questionId = ?)
	bind => [8E9C816A-B79D-435D-97F5-0422E5007832]
[EL Fine]: sql: 2016-01-18 06:26:36.01--ClientSession(1424898479)--Connection(1700625697)--Thread(Thread[Test worker,5,main])--DELETE FROM ast_Question_M WHERE ((questionId = ?) AND (versionId = ?))
	bind => [8E9C816A-B79D-435D-97F5-0422E5007832, 2]
]]></system-out>
  <system-err><![CDATA[]]></system-err>
</testsuite>
