<?xml version="1.0" encoding="UTF-8"?>
<testsuite name="testone.app.server.service.AppCustomerTypeTestCase" tests="4" skipped="0" failures="0" errors="0" timestamp="2016-01-18T06:26:50" hostname="a3ffefafd425" time="0.333">
  <properties/>
  <testcase name="test1Save" classname="testone.app.server.service.AppCustomerTypeTestCase" time="0.14"/>
  <testcase name="test2Update" classname="testone.app.server.service.AppCustomerTypeTestCase" time="0.084"/>
  <testcase name="test3FindById" classname="testone.app.server.service.AppCustomerTypeTestCase" time="0.008"/>
  <testcase name="test4Delete" classname="testone.app.server.service.AppCustomerTypeTestCase" time="0.099"/>
  <system-out><![CDATA[Setting logged in user info for ADD
[EL Fine]: sql: 2016-01-18 06:26:50.335--ClientSession(1711508524)--Connection(1700625697)--Thread(Thread[Test worker,5,main])--INSERT INTO ast_AppCustomerType_M (appcustTypeId, customerType, defaults, sequenceId, versionId, createdBy, createdDate, updatedBy, updatedDate, activeStatus, txnAccessCode) VALUES (?, ?, ?, ?, ?, ?, ?, ?, ?, ?, ?)
	bind => [31740620-66AE-4232-9390-FE33338D6673, cZzZn9kXn2KBH86SWaODoPpLstI9XW8nFCg50uFZgQD7XZC346, 0, 2147483647, 1, AAAAA, 2016-01-18 06:26:50.329, null, 2016-01-18 06:26:50.329, 1, null]
[EL Fine]: sql: 2016-01-18 06:26:50.459--ClientSession(686589379)--Connection(1700625697)--Thread(Thread[Test worker,5,main])--SELECT appcustTypeId, customerType, defaults, sequenceId, versionId, createdBy, createdDate, updatedBy, updatedDate, activeStatus, txnAccessCode FROM ast_AppCustomerType_M WHERE ((activeStatus = ?) AND (appcustTypeId = ?))
	bind => [1, 31740620-66AE-4232-9390-FE33338D6673]
Setting logged in user info for UPDATE
[EL Fine]: sql: 2016-01-18 06:26:50.463--ClientSession(2103942253)--Connection(1700625697)--Thread(Thread[Test worker,5,main])--SELECT appcustTypeId, customerType, defaults, sequenceId, versionId, createdBy, createdDate, updatedBy, updatedDate, activeStatus, txnAccessCode FROM ast_AppCustomerType_M WHERE (appcustTypeId = ?)
	bind => [31740620-66AE-4232-9390-FE33338D6673]
[EL Fine]: sql: 2016-01-18 06:26:50.466--ClientSession(2103942253)--Connection(1700625697)--Thread(Thread[Test worker,5,main])--UPDATE ast_AppCustomerType_M SET customerType = ?, updatedBy = ?, versionId = ? WHERE ((appcustTypeId = ?) AND (versionId = ?))
	bind => [2VYuRBzzjMTwQllSs0H1hEMadgyGFWABWFUnXiLooAjE8ispvR, AAAAA, 2, 31740620-66AE-4232-9390-FE33338D6673, 1]
[EL Fine]: sql: 2016-01-18 06:26:50.543--ClientSession(386799413)--Connection(1700625697)--Thread(Thread[Test worker,5,main])--SELECT appcustTypeId, customerType, defaults, sequenceId, versionId, createdBy, createdDate, updatedBy, updatedDate, activeStatus, txnAccessCode FROM ast_AppCustomerType_M WHERE ((activeStatus = ?) AND (appcustTypeId = ?))
	bind => [1, 31740620-66AE-4232-9390-FE33338D6673]
[EL Fine]: sql: 2016-01-18 06:26:50.55--ClientSession(213899720)--Connection(1700625697)--Thread(Thread[Test worker,5,main])--SELECT appcustTypeId, customerType, defaults, sequenceId, versionId, createdBy, createdDate, updatedBy, updatedDate, activeStatus, txnAccessCode FROM ast_AppCustomerType_M WHERE (appcustTypeId = ?)
	bind => [31740620-66AE-4232-9390-FE33338D6673]
[EL Fine]: sql: 2016-01-18 06:26:50.552--ClientSession(213899720)--Connection(1700625697)--Thread(Thread[Test worker,5,main])--DELETE FROM ast_AppCustomerType_M WHERE ((appcustTypeId = ?) AND (versionId = ?))
	bind => [31740620-66AE-4232-9390-FE33338D6673, 2]
]]></system-out>
  <system-err><![CDATA[]]></system-err>
</testsuite>
