<?xml version="1.0" encoding="UTF-8"?>
<testsuite name="testone.app.server.service.PasswordAlgoTestCase" tests="4" skipped="0" failures="0" errors="0" timestamp="2016-01-18T06:26:45" hostname="a3ffefafd425" time="0.263">
  <properties/>
  <testcase name="test1Save" classname="testone.app.server.service.PasswordAlgoTestCase" time="0.126"/>
  <testcase name="test2Update" classname="testone.app.server.service.PasswordAlgoTestCase" time="0.053"/>
  <testcase name="test3FindById" classname="testone.app.server.service.PasswordAlgoTestCase" time="0.009"/>
  <testcase name="test4Delete" classname="testone.app.server.service.PasswordAlgoTestCase" time="0.075"/>
  <system-out><![CDATA[Setting logged in user info for ADD
[EL Fine]: sql: 2016-01-18 06:26:45.125--ClientSession(1888679943)--Connection(1700625697)--Thread(Thread[Test worker,5,main])--INSERT INTO ast_PasswordAlgo_M (algoId, algoDescription, algoHelp, algoIcon, algoName, algorithm, versionId, createdBy, createdDate, updatedBy, updatedDate, activeStatus, txnAccessCode) VALUES (?, ?, ?, ?, ?, ?, ?, ?, ?, ?, ?, ?, ?)
	bind => [AB774257-BCFB-4E8A-B53D-A1426C072DB6, zKj8lX69pYhlu2fhNshSWRHGq7xP7DsUILBIVDt09EJNtQp9k8, plnG8sjTW88RD7mYFnRppBhfB2PpCSxfs7cdorudzg7BPShB1v, YcTQBbg0zsSz2YigK0HobM7e0NZKFpKY1jZeDfUVxYhxZZLnet, am6NsleX9em3qiHIol1EZAePeXHv66EXrT3XOdGVbyNlvWnrbI, 4, 1, AAAAA, 2016-01-18 06:26:45.095, null, 2016-01-18 06:26:45.095, 1, null]
[EL Fine]: sql: 2016-01-18 06:26:45.214--ClientSession(1920866824)--Connection(1700625697)--Thread(Thread[Test worker,5,main])--SELECT algoId, algoDescription, algoHelp, algoIcon, algoName, algorithm, versionId, createdBy, createdDate, updatedBy, updatedDate, activeStatus, txnAccessCode FROM ast_PasswordAlgo_M WHERE ((activeStatus = ?) AND (algoId = ?))
	bind => [1, AB774257-BCFB-4E8A-B53D-A1426C072DB6]
Setting logged in user info for UPDATE
[EL Fine]: sql: 2016-01-18 06:26:45.223--ClientSession(244435681)--Connection(1700625697)--Thread(Thread[Test worker,5,main])--SELECT algoId, algoDescription, algoHelp, algoIcon, algoName, algorithm, versionId, createdBy, createdDate, updatedBy, updatedDate, activeStatus, txnAccessCode FROM ast_PasswordAlgo_M WHERE (algoId = ?)
	bind => [AB774257-BCFB-4E8A-B53D-A1426C072DB6]
[EL Fine]: sql: 2016-01-18 06:26:45.226--ClientSession(244435681)--Connection(1700625697)--Thread(Thread[Test worker,5,main])--UPDATE ast_PasswordAlgo_M SET algoDescription = ?, algoHelp = ?, algoIcon = ?, algoName = ?, updatedBy = ?, versionId = ? WHERE ((algoId = ?) AND (versionId = ?))
	bind => [L2dKZ8ZlGWHGXJmhLSqFc7QKIJNcTt0DepszLMpiwqFHKH5VAk, UPtMnTTKut8jaR2bPbrJOUz1wan00UaqyXCON8iCHbQhoVftbG, 6FbadlMb3zPVRhffgqxETPRr3qg6zwOVuv7xvFuxIKeWNb9wYH, DTxJ0VHHPROWMQ02Gep6qXYiZOos4oLtAEeCALcaQlbhteJHHq, AAAAA, 2, AB774257-BCFB-4E8A-B53D-A1426C072DB6, 1]
[EL Fine]: sql: 2016-01-18 06:26:45.266--ClientSession(1499654185)--Connection(1700625697)--Thread(Thread[Test worker,5,main])--SELECT algoId, algoDescription, algoHelp, algoIcon, algoName, algorithm, versionId, createdBy, createdDate, updatedBy, updatedDate, activeStatus, txnAccessCode FROM ast_PasswordAlgo_M WHERE ((activeStatus = ?) AND (algoId = ?))
	bind => [1, AB774257-BCFB-4E8A-B53D-A1426C072DB6]
[EL Fine]: sql: 2016-01-18 06:26:45.276--ClientSession(1905639294)--Connection(1700625697)--Thread(Thread[Test worker,5,main])--SELECT algoId, algoDescription, algoHelp, algoIcon, algoName, algorithm, versionId, createdBy, createdDate, updatedBy, updatedDate, activeStatus, txnAccessCode FROM ast_PasswordAlgo_M WHERE (algoId = ?)
	bind => [AB774257-BCFB-4E8A-B53D-A1426C072DB6]
[EL Fine]: sql: 2016-01-18 06:26:45.278--ClientSession(1905639294)--Connection(1700625697)--Thread(Thread[Test worker,5,main])--DELETE FROM ast_PasswordAlgo_M WHERE ((algoId = ?) AND (versionId = ?))
	bind => [AB774257-BCFB-4E8A-B53D-A1426C072DB6, 2]
]]></system-out>
  <system-err><![CDATA[]]></system-err>
</testsuite>
